<?xml version="1.0" encoding="UTF-8"?>
<robot generator="Robot 3.2.2 (Python 3.9.0 on win32)" generated="20201104 15:05:28.765" rpa="false">
<suite id="s1" name="Test" source="C:\Users\ASUS PC\PycharmProjects\robotframework\Launch\test.robot">
<test id="s1-t1" name="Launch Case">
<kw name="Open Browser Max Size" type="setup">
<kw name="Open Browser" library="SeleniumLibrary">
<doc>Opens a new browser instance to the optional ``url``.</doc>
<arguments>
<arg>https://rosreestr.ru</arg>
<arg>chrome</arg>
</arguments>
<msg timestamp="20201104 15:05:29.144" level="INFO">Opening browser 'chrome' to base url 'https://rosreestr.ru'.</msg>
<status status="PASS" starttime="20201104 15:05:29.144" endtime="20201104 15:05:36.481"></status>
</kw>
<status status="PASS" starttime="20201104 15:05:29.143" endtime="20201104 15:05:36.482"></status>
</kw>
<kw name="Wait And Click">
<arguments>
<arg>//*[@id="top_panel"]/a</arg>
</arguments>
<kw name="Wait Until Element Is Enabled" library="SeleniumLibrary">
<doc>Waits until the element ``locator`` is enabled.</doc>
<arguments>
<arg>${locator}</arg>
<arg>${timeout}</arg>
</arguments>
<status status="PASS" starttime="20201104 15:05:36.483" endtime="20201104 15:05:36.560"></status>
</kw>
<kw name="Click Element" library="SeleniumLibrary">
<doc>Click the element identified by ``locator``.</doc>
<arguments>
<arg>${locator}</arg>
</arguments>
<msg timestamp="20201104 15:05:36.561" level="INFO">Clicking element '//*[@id="top_panel"]/a'.</msg>
<status status="PASS" starttime="20201104 15:05:36.561" endtime="20201104 15:05:40.285"></status>
</kw>
<status status="PASS" starttime="20201104 15:05:36.483" endtime="20201104 15:05:40.285"></status>
</kw>
<kw name="Login By Credentials">
<kw name="Wait And Input">
<arguments>
<arg>//*[@id="mobileOrEmail"]</arg>
<arg>${login}</arg>
</arguments>
<kw name="Wait Until Element Is Enabled" library="SeleniumLibrary">
<doc>Waits until the element ``locator`` is enabled.</doc>
<arguments>
<arg>${locator}</arg>
<arg>${timeout}</arg>
</arguments>
<status status="PASS" starttime="20201104 15:05:40.287" endtime="20201104 15:05:40.329"></status>
</kw>
<kw name="Input Text" library="SeleniumLibrary">
<doc>Types the given ``text`` into the text field identified by ``locator``.</doc>
<arguments>
<arg>${locator}</arg>
<arg>${text}</arg>
</arguments>
<msg timestamp="20201104 15:05:40.330" level="INFO">Typing text '89856615000' into text field '//*[@id="mobileOrEmail"]'.</msg>
<status status="PASS" starttime="20201104 15:05:40.329" endtime="20201104 15:05:40.448"></status>
</kw>
<status status="PASS" starttime="20201104 15:05:40.286" endtime="20201104 15:05:40.448"></status>
</kw>
<kw name="Input Text" library="SeleniumLibrary">
<doc>Types the given ``text`` into the text field identified by ``locator``.</doc>
<arguments>
<arg>//*[@id="password"]</arg>
<arg>${password}</arg>
</arguments>
<msg timestamp="20201104 15:05:40.448" level="INFO">Typing text 'Pf,bzrf8504.' into text field '//*[@id="password"]'.</msg>
<status status="PASS" starttime="20201104 15:05:40.448" endtime="20201104 15:05:40.581"></status>
</kw>
<kw name="Click Element" library="SeleniumLibrary">
<doc>Click the element identified by ``locator``.</doc>
<arguments>
<arg>//*[@id="loginByPwdButton"]</arg>
</arguments>
<msg timestamp="20201104 15:05:40.582" level="INFO">Clicking element '//*[@id="loginByPwdButton"]'.</msg>
<status status="PASS" starttime="20201104 15:05:40.582" endtime="20201104 15:05:42.654"></status>
</kw>
<status status="PASS" starttime="20201104 15:05:40.285" endtime="20201104 15:05:42.654"></status>
</kw>
<kw name="Wait And Click">
<arguments>
<arg>//*[@id="wrapperId"]/div/nav/div[1]/ul[1]/li[4]/div</arg>
</arguments>
<kw name="Wait Until Element Is Enabled" library="SeleniumLibrary">
<doc>Waits until the element ``locator`` is enabled.</doc>
<arguments>
<arg>${locator}</arg>
<arg>${timeout}</arg>
</arguments>
<status status="PASS" starttime="20201104 15:05:42.656" endtime="20201104 15:05:43.396"></status>
</kw>
<kw name="Click Element" library="SeleniumLibrary">
<doc>Click the element identified by ``locator``.</doc>
<arguments>
<arg>${locator}</arg>
</arguments>
<msg timestamp="20201104 15:05:43.397" level="INFO">Clicking element '//*[@id="wrapperId"]/div/nav/div[1]/ul[1]/li[4]/div'.</msg>
<status status="PASS" starttime="20201104 15:05:43.397" endtime="20201104 15:05:43.553"></status>
</kw>
<status status="PASS" starttime="20201104 15:05:42.655" endtime="20201104 15:05:43.553"></status>
</kw>
<kw name="Wait And Get Text">
<arguments>
<arg>//*[@id="wrapperId"]/div/div[5]/div/div/ng-form/div/div[1]/div[2]/strong</arg>
</arguments>
<assign>
<var>${key}</var>
</assign>
<kw name="Wait Until Element Is Enabled" library="SeleniumLibrary">
<doc>Waits until the element ``locator`` is enabled.</doc>
<arguments>
<arg>${locator}</arg>
<arg>${timeout}</arg>
</arguments>
<status status="PASS" starttime="20201104 15:05:43.555" endtime="20201104 15:05:43.810"></status>
</kw>
<kw name="Get Text" library="SeleniumLibrary">
<doc>Returns the text value of the element identified by ``locator``.</doc>
<arguments>
<arg>${locator}</arg>
</arguments>
<assign>
<var>${result}</var>
</assign>
<msg timestamp="20201104 15:05:43.835" level="INFO">${result} = c99df24f-167e-493c-9877-ae2da802fd4b</msg>
<status status="PASS" starttime="20201104 15:05:43.810" endtime="20201104 15:05:43.835"></status>
</kw>
<msg timestamp="20201104 15:05:43.835" level="INFO">${key} = c99df24f-167e-493c-9877-ae2da802fd4b</msg>
<status status="PASS" starttime="20201104 15:05:43.554" endtime="20201104 15:05:43.835"></status>
</kw>
<kw name="Go To" library="SeleniumLibrary">
<doc>Navigates the current browser window to the provided ``url``.</doc>
<arguments>
<arg>https://rosreestr.ru/wps/portal/p/cc_present/ir_egrn</arg>
</arguments>
<msg timestamp="20201104 15:05:43.836" level="INFO">Opening url 'https://rosreestr.ru/wps/portal/p/cc_present/ir_egrn'</msg>
<status status="PASS" starttime="20201104 15:05:43.836" endtime="20201104 15:05:44.966"></status>
</kw>
<kw name="Wait And Input">
<arguments>
<arg>//*[@id="v-Z7_01HA1A42KODT90AR30VLN22003"]/div/div[2]/div/div[2]/div/div/div/div[1]/div/div/div/div[1]/div/div/div/div/div[2]/div/div/div/div[2]/div/div/div[1]/div/input</arg>
<arg>${key}</arg>
</arguments>
<kw name="Wait Until Element Is Enabled" library="SeleniumLibrary">
<doc>Waits until the element ``locator`` is enabled.</doc>
<arguments>
<arg>${locator}</arg>
<arg>${timeout}</arg>
</arguments>
<status status="PASS" starttime="20201104 15:05:44.967" endtime="20201104 15:05:45.233"></status>
</kw>
<kw name="Input Text" library="SeleniumLibrary">
<doc>Types the given ``text`` into the text field identified by ``locator``.</doc>
<arguments>
<arg>${locator}</arg>
<arg>${text}</arg>
</arguments>
<msg timestamp="20201104 15:05:45.233" level="INFO">Typing text 'c99df24f-167e-493c-9877-ae2da802fd4b' into text field '//*[@id="v-Z7_01HA1A42KODT90AR30VLN22003"]/div/div[2]/div/div[2]/div/div/div/div[1]/div/div/div/div[1]/div/div/div/div/div[2]/div/div/div/div[2]/div/div/div[1]/div/input'.</msg>
<status status="PASS" starttime="20201104 15:05:45.233" endtime="20201104 15:05:45.389"></status>
</kw>
<status status="PASS" starttime="20201104 15:05:44.966" endtime="20201104 15:05:45.390"></status>
</kw>
<kw name="Click Element" library="SeleniumLibrary">
<doc>Click the element identified by ``locator``.</doc>
<arguments>
<arg>//*[@id="v-Z7_01HA1A42KODT90AR30VLN22003"]/div/div[2]/div/div[2]/div/div/div/div[1]/div/div/div/div[2]/div/div/div/div[1]/div/div/div/div[1]/div/div</arg>
</arguments>
<msg timestamp="20201104 15:05:45.391" level="INFO">Clicking element '//*[@id="v-Z7_01HA1A42KODT90AR30VLN22003"]/div/div[2]/div/div[2]/div/div/div/div[1]/div/div/div/div[2]/div/div/div/div[1]/div/div/div/div[1]/div/div'.</msg>
<status status="PASS" starttime="20201104 15:05:45.390" endtime="20201104 15:05:45.471"></status>
</kw>
<kw name="Do Full Iteration">
<kw name="Wait And Click">
<arguments>
<arg>//*[@id="v-Z7_01HA1A42KODT90AR30VLN22003"]/div/div[2]/div/div[1]/div/div/div/div[1]/div/div/div/div[1]/div/div/div/div/div[1]/div/div/span/span</arg>
</arguments>
<kw name="Wait Until Element Is Enabled" library="SeleniumLibrary">
<doc>Waits until the element ``locator`` is enabled.</doc>
<arguments>
<arg>${locator}</arg>
<arg>${timeout}</arg>
</arguments>
<status status="PASS" starttime="20201104 15:05:45.473" endtime="20201104 15:05:45.718"></status>
</kw>
<kw name="Click Element" library="SeleniumLibrary">
<doc>Click the element identified by ``locator``.</doc>
<arguments>
<arg>${locator}</arg>
</arguments>
<msg timestamp="20201104 15:05:45.718" level="INFO">Clicking element '//*[@id="v-Z7_01HA1A42KODT90AR30VLN22003"]/div/div[2]/div/div[1]/div/div/div/div[1]/div/div/div/div[1]/div/div/div/div/div[1]/div/div/span/span'.</msg>
<status status="PASS" starttime="20201104 15:05:45.718" endtime="20201104 15:05:45.787"></status>
</kw>
<status status="PASS" starttime="20201104 15:05:45.472" endtime="20201104 15:05:45.787"></status>
</kw>
<kw name="Wait And Input">
<arguments>
<arg>//*[@id="v-Z7_01HA1A42KODT90AR30VLN22003"]/div/div[2]/div/div[2]/div/div/div/div[1]/div/div/div/div[2]/div/div/div[2]/div/div/div/div/div[2]/div/div/div/div[1]/div/div/div/div[1]/div/div/div/div[1]/div/div/div/div[1]/div/input</arg>
<arg>50:15:0000000:33365</arg>
</arguments>
<kw name="Wait Until Element Is Enabled" library="SeleniumLibrary">
<doc>Waits until the element ``locator`` is enabled.</doc>
<arguments>
<arg>${locator}</arg>
<arg>${timeout}</arg>
</arguments>
<status status="PASS" starttime="20201104 15:05:45.789" endtime="20201104 15:05:46.187"></status>
</kw>
<kw name="Input Text" library="SeleniumLibrary">
<doc>Types the given ``text`` into the text field identified by ``locator``.</doc>
<arguments>
<arg>${locator}</arg>
<arg>${text}</arg>
</arguments>
<msg timestamp="20201104 15:05:46.187" level="INFO">Typing text '50:15:0000000:33365' into text field '//*[@id="v-Z7_01HA1A42KODT90AR30VLN22003"]/div/div[2]/div/div[2]/div/div/div/div[1]/div/div/div/div[2]/div/div/div[2]/div/div/div/div/div[2]/div/div/div/div[1]/div/div/div/div[1]/div/div/div/div[1]/div/div/div/div[1]/div/input'.</msg>
<status status="PASS" starttime="20201104 15:05:46.187" endtime="20201104 15:05:46.366"></status>
</kw>
<status status="PASS" starttime="20201104 15:05:45.788" endtime="20201104 15:05:46.366"></status>
</kw>
<kw name="Input Text" library="SeleniumLibrary">
<doc>Types the given ``text`` into the text field identified by ``locator``.</doc>
<arguments>
<arg>//*[@id="v-Z7_01HA1A42KODT90AR30VLN22003"]/div/div[2]/div/div[2]/div/div/div/div[1]/div/div/div/div[2]/div/div/div[2]/div/div/div/div/div[2]/div/div/div/div[3]/div/div/div/div[1]/div/div/div/div[1]/div/div/div/div[1]/div/div/div/div[1]/div[1]/div/input</arg>
<arg>Московская область</arg>
</arguments>
<msg timestamp="20201104 15:05:46.366" level="INFO">Typing text 'Московская область' into text field '//*[@id="v-Z7_01HA1A42KODT90AR30VLN22003"]/div/div[2]/div/div[2]/div/div/div/div[1]/div/div/div/div[2]/div/div/div[2]/div/div/div/div/div[2]/div/div/div/div[3]/div/div/div/div[1]/div/div/div/div[1]/div/div/div/div[1]/div/div/div/div[1]/div[1]/div/input'.</msg>
<status status="PASS" starttime="20201104 15:05:46.366" endtime="20201104 15:05:46.538"></status>
</kw>
<kw name="Wait And Click">
<arguments>
<arg>//*[@id="VAADIN_COMBOBOX_OPTIONLIST"]/div/div[2]/table/tbody/tr/td/span</arg>
</arguments>
<kw name="Wait Until Element Is Enabled" library="SeleniumLibrary">
<doc>Waits until the element ``locator`` is enabled.</doc>
<arguments>
<arg>${locator}</arg>
<arg>${timeout}</arg>
</arguments>
<status status="PASS" starttime="20201104 15:05:46.538" endtime="20201104 15:05:47.419"></status>
</kw>
<kw name="Click Element" library="SeleniumLibrary">
<doc>Click the element identified by ``locator``.</doc>
<arguments>
<arg>${locator}</arg>
</arguments>
<msg timestamp="20201104 15:05:47.420" level="INFO">Clicking element '//*[@id="VAADIN_COMBOBOX_OPTIONLIST"]/div/div[2]/table/tbody/tr/td/span'.</msg>
<status status="PASS" starttime="20201104 15:05:47.419" endtime="20201104 15:05:47.493"></status>
</kw>
<status status="PASS" starttime="20201104 15:05:46.538" endtime="20201104 15:05:47.493"></status>
</kw>
<kw name="Click Element" library="SeleniumLibrary">
<doc>Click the element identified by ``locator``.</doc>
<arguments>
<arg>//*[@id="v-Z7_01HA1A42KODT90AR30VLN22003"]/div/div[2]/div/div[2]/div/div/div/div[1]/div/div/div/div[3]/div/div/div/div[1]/div/div/div/div[1]/div/div</arg>
</arguments>
<msg timestamp="20201104 15:05:47.494" level="INFO">Clicking element '//*[@id="v-Z7_01HA1A42KODT90AR30VLN22003"]/div/div[2]/div/div[2]/div/div/div/div[1]/div/div/div/div[3]/div/div/div/div[1]/div/div/div/div[1]/div/div'.</msg>
<status status="PASS" starttime="20201104 15:05:47.493" endtime="20201104 15:05:47.568"></status>
</kw>
<kw name="Wait And Click">
<arguments>
<arg>//*[@id="v-Z7_01HA1A42KODT90AR30VLN22003"]/div/div[2]/div/div[2]/div/div/div/div[1]/div/div/div/div[5]/div/div/div[2]/div[1]/table/tbody/tr</arg>
</arguments>
<kw name="Wait Until Element Is Enabled" library="SeleniumLibrary">
<doc>Waits until the element ``locator`` is enabled.</doc>
<arguments>
<arg>${locator}</arg>
<arg>${timeout}</arg>
</arguments>
<status status="PASS" starttime="20201104 15:05:47.568" endtime="20201104 15:05:49.278"></status>
</kw>
<kw name="Click Element" library="SeleniumLibrary">
<doc>Click the element identified by ``locator``.</doc>
<arguments>
<arg>${locator}</arg>
</arguments>
<msg timestamp="20201104 15:05:49.278" level="INFO">Clicking element '//*[@id="v-Z7_01HA1A42KODT90AR30VLN22003"]/div/div[2]/div/div[2]/div/div/div/div[1]/div/div/div/div[5]/div/div/div[2]/div[1]/table/tbody/tr'.</msg>
<status status="PASS" starttime="20201104 15:05:49.278" endtime="20201104 15:05:49.342"></status>
</kw>
<status status="PASS" starttime="20201104 15:05:47.568" endtime="20201104 15:05:49.342"></status>
</kw>
<kw name="Wait Until Element Is Enabled" library="SeleniumLibrary">
<doc>Waits until the element ``locator`` is enabled.</doc>
<arguments>
<arg>//*[@id="v-Z7_01HA1A42KODT90AR30VLN22003"]/div/div[2]/div/div[2]/div/div/div/div[1]/div/div/div/div[1]/div/div/div/div[3]/div/div/div/div[1]/div/div/div/div[2]/div/div/div/div[1]/div/div/img</arg>
<arg>15s</arg>
</arguments>
<status status="PASS" starttime="20201104 15:05:49.342" endtime="20201104 15:05:49.586"></status>
</kw>
<kw name="Sleep" library="BuiltIn">
<doc>Pauses the test executed for the given time.</doc>
<arguments>
<arg>1s</arg>
</arguments>
<msg timestamp="20201104 15:05:50.588" level="INFO">Slept 1 second</msg>
<status status="PASS" starttime="20201104 15:05:49.586" endtime="20201104 15:05:50.588"></status>
</kw>
<kw name="Capture Element Screenshot" library="SeleniumLibrary">
<doc>Captures a screenshot from the element identified by ``locator`` and embeds it into log file.</doc>
<arguments>
<arg>//*[@id="v-Z7_01HA1A42KODT90AR30VLN22003"]/div/div[2]/div/div[2]/div/div/div/div[1]/div/div/div/div[1]/div/div/div/div[3]/div/div/div/div[1]/div/div/div/div[2]/div/div/div/div[1]/div/div/img</arg>
<arg>${captcha_location}</arg>
</arguments>
<msg timestamp="20201104 15:05:50.939" level="INFO" html="yes">&lt;/td&gt;&lt;/tr&gt;&lt;tr&gt;&lt;td colspan="3"&gt;&lt;a href="Captchas/captcha.png"&gt;&lt;img src="Captchas/captcha.png" width="400px"&gt;&lt;/a&gt;</msg>
<status status="PASS" starttime="20201104 15:05:50.588" endtime="20201104 15:05:50.940"></status>
</kw>
<kw name="Solve Captcha">
<assign>
<var>${captcha_text}</var>
</assign>
<kw name="Get Binary File" library="OperatingSystem">
<doc>Returns the contents of a specified file.</doc>
<arguments>
<arg>${captcha_location}</arg>
</arguments>
<assign>
<var>${file}</var>
</assign>
<msg timestamp="20201104 15:05:50.940" level="INFO" html="yes">Getting file '&lt;a href="file://C:\Users\ASUS PC\PycharmProjects\robotframework\Captchas\captcha.png"&gt;C:\Users\ASUS PC\PycharmProjects\robotframework\Captchas\captcha.png&lt;/a&gt;'.</msg>
<msg timestamp="20201104 15:05:50.941" level="INFO">${file} = \x89PNG

IHDR\xb42\xf5$\xf1\xf7sRGB\xae\xce\xe9\xd7IDATx\x9c\xed\xdc\xcfnU\x86\xf1\xe7\xcc\x8c\xed8u\xec\xb8\x84\xe2\xd4\xa2\xad\x84H\x90\xd2E74\x9bJ\x94]\xaf\x80\x80XpH...</msg>
<status status="PASS" starttime="20201104 15:05:50.940" endtime="20201104 15:05:50.941"></status>
</kw>
<kw name="Create Session" library="RequestsLibrary">
<doc>Create Session: create a HTTP session to a server</doc>
<arguments>
<arg>xEvil</arg>
<arg>http://127.0.0.1:80</arg>
</arguments>
<msg timestamp="20201104 15:05:50.942" level="INFO">Creating Session using : alias=xEvil, url=http://127.0.0.1:80, headers={},                     cookies={}, auth=None, timeout=None, proxies=None, verify=False,                     debug=0 </msg>
<status status="PASS" starttime="20201104 15:05:50.942" endtime="20201104 15:05:50.942"></status>
</kw>
<kw name="Create Dictionary" library="BuiltIn">
<doc>Creates and returns a dictionary based on the given ``items``.</doc>
<arguments>
<arg>file=${file}</arg>
</arguments>
<assign>
<var>${files}</var>
</assign>
<msg timestamp="20201104 15:05:50.944" level="INFO">${files} = {'file': b'\x89PNG\r\n\x1a\n\x00\x00\x00\rIHDR\x00\x00\x00\xb4\x00\x00\x002\x08\x06\x00\x00\x00\xf5$\xf1\xf7\x00\x00\x00\x01sRGB\x00\xae\xce\x1c\xe9\x00\x00\x03\xd7IDATx\x9c\xed\xdc\xcfn\x1bU\x18\x86\...</msg>
<status status="PASS" starttime="20201104 15:05:50.943" endtime="20201104 15:05:50.944"></status>
</kw>
<kw name="Post Request" library="RequestsLibrary">
<doc>Send a POST request on the session object found using the
given `alias`</doc>
<arguments>
<arg>xEvil</arg>
<arg>/in.php</arg>
<arg>files=${files}</arg>
</arguments>
<assign>
<var>${response}</var>
</assign>
<msg timestamp="20201104 15:05:52.032" level="INFO">POST Request : url=http://127.0.0.1:80/in.php 
 path_url=/in.php 
 headers={'User-Agent': 'python-requests/2.24.0', 'Accept-Encoding': 'gzip, deflate', 'Accept': '*/*', 'Connection': 'keep-alive', 'Content-Length': '1193', 'Content-Type': 'multipart/form-data; boundary=a119de54181145b90033fb97e5918c01'} 
 body=b'--a119de54181145b90033fb97e5918c01\r\nContent-Disposition: form-data; name="file"; filename="file"\r\n\r\n\x89PNG\r\n\x1a\n\x00\x00\x00\rIHDR\x00\x00\x00\xb4\x00\x00\x002\x08\x06\x00\x00\x00\xf5$\xf1\xf7\x00\x00\x00\x01sRGB\x00\xae\xce\x1c\xe9\x00\x00\x03\xd7IDATx\x9c\xed\xdc\xcfn\x1bU\x18\x86\xf1\xe7\xcc\x8c\xed8u\xec\xb8\x84\xe2\xd4\xa2\xad\x84H\x90\xd2E74\x9bJ\x94]\xaf\x80\x15\x17\x80Xp\x05H\\\x08+Vt\x81\x84*\xbaa\xc5\x025*\x02\xa4&amp;)\xa2j+\xfe4iT\x95\xc6\x0en\x12{l\xcf\xf9X\xb8J2j\xa1\x02J\x1c\x8e\xde\xdf*Q\xc6\xd1\x19\xe9\xd1\xd17\xc7\x96\xdd\xca\xf2\xb2!\x12\x88\x04`\xba^\x1f\xf7:D\xfe\xb5^\xaf7\n\x1a\xc0g\xd9\xdfz\xf1\xe4\xe4$I\x92\xe0\x9c{\xe1\x0b\x13\xf9\'rA\x03\\[Z\xa2Z\x9b~\xee\x0b\xb7\xda-\xe6\xe7\xe6h6\x9b\x94\xcbeE-GF.\xe8bq\x82\x0b\x17/\xe1\r\x9e5X;\xc09\xe3\xea\xe7\x97Y[_\x07\xe7h\xbc\xd2\xa0R9\xa6\xa8\xe5H\xd8\x0b\xda\x80\xcc\x1b\x8f\xbbF\xb7o\x98A1\x818vd\xde\xe8\x0f\x00g\x14\x13\xf0\x1e\x16\x17\x17\xd9\xdc\xdcdm}\x8d\xe6\xc9\x93T\xabUE-c\x17\xed\xfdd\x867O\x9aA\xb7\xef\xc9\xcc8&gt;\x15qj&amp;\xe6\xa5JDfF75\xfa}\x8f7\xa3\xddn\xd3h403VVWi\xb5Zc\xbc\r\x91\x91\xdc\xc8a~\xb43O\x14\x1c\xaf\xce$L\x96F;nu2\xe2T\x04w6\x06d\xde8V\xa9rcy\x95\xd1\x86\xec\xf0&gt;ce\xf5&amp;o_|k\x0c\xb7 \xb2/\x1f\xb4\x8d&amp;\xe7\xd9z\x8ca\xec\xa4\xfb\x93t\xb7\xef\xc9\xbc\'\xed{\xce_\xb8\xc4D1"\x8a \x8e\x1c\x1bk?s\xe7\xd6\xea\xe1\xae\\\xe4\x19\xf6gh\x03\xff\xe4i\xf0\xf6FJfO?\x16\x8e6\xe4\x88\xad\xdd\x8c\xa8\x97\xe1\x80R!a\'5\xcc\xfb\xc3[\xb5\xc8\x9f8\xb0C\x1bf\x867#3\x1b\xc5\xfd\x0c\x19\xc6\xe0\xc0\x91uf\x1e\x17\x15\xa8LM\xfd\xc7K\x15y\xbe\xdc\xc8\xe1\xbd\xc7x2K\x1f\x08\xda\x9b\xc7\xdb\x10\xe7\x1c\xb1+\xe4\xfe\x813O\xf3\xe4\t\xe6O\xd5\x0ee\xc1"\x7f%?r\x98\x07\x1b\x1d\xcbe\x991\xb4\x94\xdda\x9b\xed\xe1Cz\xbeC\xec\x8a\xd4\x92Y*\x85\x97I\\\x89b\xe2\x98*\xf4\xa9$\x1a7\xe4hxj\xe40F;uw\xd8a\xa3{\x93\x1f\xb6\xae\xb2\xb6\xf3\x1d.vD\xc4\xd4\x92&amp;\xe7\xea\xef0W{\x93Fu\x8aZ\xd9H\xd3\x94^/\xa5V\xab\x8e\xedFD\xe0\xe094\xa3\x87B3H\xb3\x1dnw\xbe\xe2\xdb\xd6\'\xac\xf7\xbe\xc7\xc5\xa3\xe3;OF{x\x8f\xbb\xbbW\xa8\xd7\x1eP+\x1b\xde\x1c\xf7\xee?\xe0\xda\xd2\xd2Xn@\xe4\xa0\xdc;\x85f\x9e\xcc\x06\xfc\xb4\xfd57;W\xf8}p?wq\xec\x12\x9a\x953\xbcw\xf6C\xea\xa5\x19\xb6\xd26\xbb\xc32\x8f\xfb\xa5\xbd#?\x91q\xda\x1f9\x0c\x06\xd9\x80\x8d\xed[\xdc\xd8\xfa\x8c\xce\xe0A\xee\xc2R\\\xe6\xf5\xe9\x05\xde?\xfb\x11\xceE&lt;\xec\xde\xe7\xcb_\xbe\xa0\x105h\x0e\xde\xc0+h9\x02r3t7\xed\xb0t\xf72\x83\x9d\x1e\x13\xbe\xb2\xf7\x97\xd2\xc4\x04\x0b\'\xce\xf1\xee\xfc\x07\x00l\xb6Z|\xfa\xe3\xc7\xfc\xda\xb9\xcdL\xf9\x0c;\x83Mf\xec\xc4a\xaf]\xe4)\xfb\x9f\x87\xf6\x9e\xe9\xf24\xd5\x8d*M^\xcb]t\xfa\xf8i\x16\xe7\xcf\xef\xfd~\xfd\xfa7\xccn/0\xcb\x02&lt;\x86(\x8e\xf0:\xe9\x90#\xc0\xad,/\xdbt\xbd\xceT\xa5\xf2\xfc\xabE\x8e\xb0\xdf\x1e=\xca\x9fr\x88\xfc\xdf)h\t\x8a\x82\x96\xa0(h\t\x8a\x82\x96\xa0(h\t\x8a\x82\x96\xa0(h\t\x8a\x82\x96\xa0(h\t\x8a\x82\x96\xa0(h\t\x8a\x82\x96\xa0(h\t\x8a\x82\x96\xa0(h\t\x8a\x82\x96\xa0(h\t\x8a\x82\x96\xa0(h\t\x8a\x82\x96\xa0(h\t\x8a\x82\x96\xa0(h\t\x8a\x82\x96\xa0(h\t\x8a\x82\x96\xa0(h\t\x8a\x82\x96\xa0\xec}\x9d\xeep8\x1c\xe7:D^\x88?\x00 wvn\xb13\xb3k\x00\x00\x00\x00IEND\xaeB`\x82\r\n--a119de54181145b90033fb97e5918c01--\r\n' 
 </msg>
<msg timestamp="20201104 15:05:52.033" level="INFO">POST Response : url=http://127.0.0.1:80/in.php 
 status=200, reason=OK 
 body=OK|10 
 </msg>
<msg timestamp="20201104 15:05:52.033" level="INFO">${response} = &lt;Response [200]&gt;</msg>
<status status="PASS" starttime="20201104 15:05:50.944" endtime="20201104 15:05:52.033"></status>
</kw>
<kw name="Strip String" library="String">
<doc>Remove leading and/or trailing whitespaces from the given string.</doc>
<arguments>
<arg>${response.text}</arg>
<arg>characters=OK|*</arg>
</arguments>
<assign>
<var>${strip}</var>
</assign>
<msg timestamp="20201104 15:05:52.033" level="INFO">${strip} = 10</msg>
<status status="PASS" starttime="20201104 15:05:52.033" endtime="20201104 15:05:52.034"></status>
</kw>
<kw name="Get Request" library="RequestsLibrary">
<doc>Send a GET request on the session object found using the
given `alias`</doc>
<arguments>
<arg>xEvil</arg>
<arg>/res.php?id=${strip}&amp;action=get</arg>
</arguments>
<assign>
<var>${response}</var>
</assign>
<msg timestamp="20201104 15:05:52.036" level="INFO">GET Request : url=http://127.0.0.1:80/res.php?id=10&amp;action=get 
 path_url=/res.php?id=10&amp;action=get 
 headers={'User-Agent': 'python-requests/2.24.0', 'Accept-Encoding': 'gzip, deflate', 'Accept': '*/*', 'Connection': 'keep-alive'} 
 body=None 
 </msg>
<msg timestamp="20201104 15:05:52.036" level="INFO">GET Response : url=http://127.0.0.1:80/res.php?id=10&amp;action=get 
 status=200, reason=OK 
 body=OK|ann* 
 </msg>
<msg timestamp="20201104 15:05:52.037" level="INFO">${response} = &lt;Response [200]&gt;</msg>
<status status="PASS" starttime="20201104 15:05:52.034" endtime="20201104 15:05:52.037"></status>
</kw>
<kw name="Strip String" library="String">
<doc>Remove leading and/or trailing whitespaces from the given string.</doc>
<arguments>
<arg>${response.text}</arg>
<arg>characters=OK|*</arg>
</arguments>
<assign>
<var>${strip}</var>
</assign>
<msg timestamp="20201104 15:05:52.037" level="INFO">${strip} = ann</msg>
<status status="PASS" starttime="20201104 15:05:52.037" endtime="20201104 15:05:52.037"></status>
</kw>
<kw name="Log To Console" library="BuiltIn">
<doc>Logs the given message to the console.</doc>
<arguments>
<arg>${strip}</arg>
</arguments>
<status status="PASS" starttime="20201104 15:05:52.037" endtime="20201104 15:05:52.038"></status>
</kw>
<msg timestamp="20201104 15:05:52.038" level="INFO">${captcha_text} = ann</msg>
<status status="PASS" starttime="20201104 15:05:50.940" endtime="20201104 15:05:52.038"></status>
</kw>
<kw name="Wait And Click">
<arguments>
<arg>//*[@id="v-Z7_01HA1A42KODT90AR30VLN22003"]/div/div[2]/div/div[2]/div/div/div/div[1]/div/div/div/div[1]/div/div/div/div[3]/div/div/div/div[1]/div/div/div/div[3]/div/div/div/div[1]/div/div/div/div[1]/div/input</arg>
</arguments>
<kw name="Wait Until Element Is Enabled" library="SeleniumLibrary">
<doc>Waits until the element ``locator`` is enabled.</doc>
<arguments>
<arg>${locator}</arg>
<arg>${timeout}</arg>
</arguments>
<status status="PASS" starttime="20201104 15:05:52.039" endtime="20201104 15:05:52.073"></status>
</kw>
<kw name="Click Element" library="SeleniumLibrary">
<doc>Click the element identified by ``locator``.</doc>
<arguments>
<arg>${locator}</arg>
</arguments>
<msg timestamp="20201104 15:05:52.074" level="INFO">Clicking element '//*[@id="v-Z7_01HA1A42KODT90AR30VLN22003"]/div/div[2]/div/div[2]/div/div/div/div[1]/div/div/div/div[1]/div/div/div/div[3]/div/div/div/div[1]/div/div/div/div[3]/div/div/div/div[1]/div/div/div/div[1]/div/input'.</msg>
<status status="PASS" starttime="20201104 15:05:52.073" endtime="20201104 15:05:52.149"></status>
</kw>
<status status="PASS" starttime="20201104 15:05:52.038" endtime="20201104 15:05:52.150"></status>
</kw>
<kw name="Wait And Input">
<arguments>
<arg>//*[@id="v-Z7_01HA1A42KODT90AR30VLN22003"]/div/div[2]/div/div[2]/div/div/div/div[1]/div/div/div/div[1]/div/div/div/div[3]/div/div/div/div[1]/div/div/div/div[3]/div/div/div/div[1]/div/div/div/div[1]/div/input</arg>
<arg>${captcha_text}</arg>
</arguments>
<kw name="Wait Until Element Is Enabled" library="SeleniumLibrary">
<doc>Waits until the element ``locator`` is enabled.</doc>
<arguments>
<arg>${locator}</arg>
<arg>${timeout}</arg>
</arguments>
<status status="PASS" starttime="20201104 15:05:52.152" endtime="20201104 15:05:52.198"></status>
</kw>
<kw name="Input Text" library="SeleniumLibrary">
<doc>Types the given ``text`` into the text field identified by ``locator``.</doc>
<arguments>
<arg>${locator}</arg>
<arg>${text}</arg>
</arguments>
<msg timestamp="20201104 15:05:52.199" level="INFO">Typing text 'ann' into text field '//*[@id="v-Z7_01HA1A42KODT90AR30VLN22003"]/div/div[2]/div/div[2]/div/div/div/div[1]/div/div/div/div[1]/div/div/div/div[3]/div/div/div/div[1]/div/div/div/div[3]/div/div/div/div[1]/div/div/div/div[1]/div/input'.</msg>
<status status="PASS" starttime="20201104 15:05:52.198" endtime="20201104 15:05:52.277"></status>
</kw>
<status status="PASS" starttime="20201104 15:05:52.150" endtime="20201104 15:05:52.277"></status>
</kw>
<kw name="Wait And Click">
<arguments>
<arg>//*[@id="v-Z7_01HA1A42KODT90AR30VLN22003"]/div/div[2]/div/div[2]/div/div/div/div[1]/div/div/div/div[1]/div/div/div/div[4]/div/div/div/div[1]/div/div/div/div[1]</arg>
</arguments>
<kw name="Wait Until Element Is Enabled" library="SeleniumLibrary">
<doc>Waits until the element ``locator`` is enabled.</doc>
<arguments>
<arg>${locator}</arg>
<arg>${timeout}</arg>
</arguments>
<status status="PASS" starttime="20201104 15:05:52.277" endtime="20201104 15:05:52.313"></status>
</kw>
<kw name="Click Element" library="SeleniumLibrary">
<doc>Click the element identified by ``locator``.</doc>
<arguments>
<arg>${locator}</arg>
</arguments>
<msg timestamp="20201104 15:05:52.314" level="INFO">Clicking element '//*[@id="v-Z7_01HA1A42KODT90AR30VLN22003"]/div/div[2]/div/div[2]/div/div/div/div[1]/div/div/div/div[1]/div/div/div/div[4]/div/div/div/div[1]/div/div/div/div[1]'.</msg>
<status status="PASS" starttime="20201104 15:05:52.313" endtime="20201104 15:05:52.371"></status>
</kw>
<status status="PASS" starttime="20201104 15:05:52.277" endtime="20201104 15:05:52.371"></status>
</kw>
<kw name="Sleep" library="BuiltIn">
<doc>Pauses the test executed for the given time.</doc>
<arguments>
<arg>1s</arg>
</arguments>
<msg timestamp="20201104 15:05:53.373" level="INFO">Slept 1 second</msg>
<status status="PASS" starttime="20201104 15:05:52.371" endtime="20201104 15:05:53.373"></status>
</kw>
<status status="PASS" starttime="20201104 15:05:45.472" endtime="20201104 15:05:53.373"></status>
</kw>
<status status="PASS" starttime="20201104 15:05:29.143" endtime="20201104 15:05:53.374" critical="yes"></status>
</test>
<status status="PASS" starttime="20201104 15:05:28.766" endtime="20201104 15:05:53.377"></status>
</suite>
<statistics>
<total>
<stat pass="1" fail="0">Critical Tests</stat>
<stat pass="1" fail="0">All Tests</stat>
</total>
<tag>
</tag>
<suite>
<stat pass="1" fail="0" id="s1" name="Test">Test</stat>
</suite>
</statistics>
<errors>
</errors>
</robot>
