<?xml version="1.0" encoding="UTF-8"?>
<robot generator="Robot 3.2.2 (Python 3.9.0 on win32)" generated="20201104 03:17:29.254" rpa="false">
<suite id="s1" name="Test" source="C:\Users\ASUS PC\PycharmProjects\robotframework\Launch\test.robot">
<test id="s1-t1" name="Launch Case">
<kw name="Open Browser Max Size" type="setup">
<kw name="Open Browser" library="SeleniumLibrary">
<doc>Opens a new browser instance to the optional ``url``.</doc>
<arguments>
<arg>https://rosreestr.ru</arg>
<arg>chrome</arg>
</arguments>
<msg timestamp="20201104 03:17:29.627" level="INFO">Opening browser 'chrome' to base url 'https://rosreestr.ru'.</msg>
<status status="PASS" starttime="20201104 03:17:29.626" endtime="20201104 03:17:37.608"></status>
</kw>
<status status="PASS" starttime="20201104 03:17:29.626" endtime="20201104 03:17:37.610"></status>
</kw>
<kw name="Wait And Click">
<arguments>
<arg>//*[@id="top_panel"]/a</arg>
</arguments>
<kw name="Wait Until Element Is Enabled" library="SeleniumLibrary">
<doc>Waits until the element ``locator`` is enabled.</doc>
<arguments>
<arg>${locator}</arg>
<arg>${timeout}</arg>
</arguments>
<status status="PASS" starttime="20201104 03:17:37.611" endtime="20201104 03:17:37.686"></status>
</kw>
<kw name="Click Element" library="SeleniumLibrary">
<doc>Click the element identified by ``locator``.</doc>
<arguments>
<arg>${locator}</arg>
</arguments>
<msg timestamp="20201104 03:17:37.687" level="INFO">Clicking element '//*[@id="top_panel"]/a'.</msg>
<status status="PASS" starttime="20201104 03:17:37.686" endtime="20201104 03:17:39.797"></status>
</kw>
<status status="PASS" starttime="20201104 03:17:37.610" endtime="20201104 03:17:39.797"></status>
</kw>
<kw name="Login By Credentials">
<kw name="Wait And Input">
<arguments>
<arg>//*[@id="mobileOrEmail"]</arg>
<arg>${login}</arg>
</arguments>
<kw name="Wait Until Element Is Enabled" library="SeleniumLibrary">
<doc>Waits until the element ``locator`` is enabled.</doc>
<arguments>
<arg>${locator}</arg>
<arg>${timeout}</arg>
</arguments>
<status status="PASS" starttime="20201104 03:17:39.799" endtime="20201104 03:17:40.446"></status>
</kw>
<kw name="Input Text" library="SeleniumLibrary">
<doc>Types the given ``text`` into the text field identified by ``locator``.</doc>
<arguments>
<arg>${locator}</arg>
<arg>${text}</arg>
</arguments>
<msg timestamp="20201104 03:17:40.446" level="INFO">Typing text '89856615000' into text field '//*[@id="mobileOrEmail"]'.</msg>
<status status="PASS" starttime="20201104 03:17:40.446" endtime="20201104 03:17:40.746"></status>
</kw>
<status status="PASS" starttime="20201104 03:17:39.798" endtime="20201104 03:17:40.746"></status>
</kw>
<kw name="Input Text" library="SeleniumLibrary">
<doc>Types the given ``text`` into the text field identified by ``locator``.</doc>
<arguments>
<arg>//*[@id="password"]</arg>
<arg>${password}</arg>
</arguments>
<msg timestamp="20201104 03:17:40.747" level="INFO">Typing text 'Pf,bzrf8504.' into text field '//*[@id="password"]'.</msg>
<status status="PASS" starttime="20201104 03:17:40.746" endtime="20201104 03:17:40.862"></status>
</kw>
<kw name="Click Element" library="SeleniumLibrary">
<doc>Click the element identified by ``locator``.</doc>
<arguments>
<arg>//*[@id="loginByPwdButton"]</arg>
</arguments>
<msg timestamp="20201104 03:17:40.863" level="INFO">Clicking element '//*[@id="loginByPwdButton"]'.</msg>
<status status="PASS" starttime="20201104 03:17:40.863" endtime="20201104 03:17:43.319"></status>
</kw>
<status status="PASS" starttime="20201104 03:17:39.797" endtime="20201104 03:17:43.319"></status>
</kw>
<kw name="Wait And Click">
<arguments>
<arg>//*[@id="wrapperId"]/div/nav/div[1]/ul[1]/li[4]/div</arg>
</arguments>
<kw name="Wait Until Element Is Enabled" library="SeleniumLibrary">
<doc>Waits until the element ``locator`` is enabled.</doc>
<arguments>
<arg>${locator}</arg>
<arg>${timeout}</arg>
</arguments>
<status status="PASS" starttime="20201104 03:17:43.321" endtime="20201104 03:17:43.375"></status>
</kw>
<kw name="Click Element" library="SeleniumLibrary">
<doc>Click the element identified by ``locator``.</doc>
<arguments>
<arg>${locator}</arg>
</arguments>
<msg timestamp="20201104 03:17:43.377" level="INFO">Clicking element '//*[@id="wrapperId"]/div/nav/div[1]/ul[1]/li[4]/div'.</msg>
<status status="PASS" starttime="20201104 03:17:43.375" endtime="20201104 03:17:43.529"></status>
</kw>
<status status="PASS" starttime="20201104 03:17:43.320" endtime="20201104 03:17:43.530"></status>
</kw>
<kw name="Wait And Get Text">
<arguments>
<arg>//*[@id="wrapperId"]/div/div[5]/div/div/ng-form/div/div[1]/div[2]/strong</arg>
</arguments>
<assign>
<var>${key}</var>
</assign>
<kw name="Wait Until Element Is Enabled" library="SeleniumLibrary">
<doc>Waits until the element ``locator`` is enabled.</doc>
<arguments>
<arg>${locator}</arg>
<arg>${timeout}</arg>
</arguments>
<status status="PASS" starttime="20201104 03:17:43.532" endtime="20201104 03:17:43.785"></status>
</kw>
<kw name="Get Text" library="SeleniumLibrary">
<doc>Returns the text value of the element identified by ``locator``.</doc>
<arguments>
<arg>${locator}</arg>
</arguments>
<assign>
<var>${result}</var>
</assign>
<msg timestamp="20201104 03:17:43.822" level="INFO">${result} = c99df24f-167e-493c-9877-ae2da802fd4b</msg>
<status status="PASS" starttime="20201104 03:17:43.785" endtime="20201104 03:17:43.822"></status>
</kw>
<msg timestamp="20201104 03:17:43.822" level="INFO">${key} = c99df24f-167e-493c-9877-ae2da802fd4b</msg>
<status status="PASS" starttime="20201104 03:17:43.530" endtime="20201104 03:17:43.822"></status>
</kw>
<kw name="Go To" library="SeleniumLibrary">
<doc>Navigates the current browser window to the provided ``url``.</doc>
<arguments>
<arg>https://rosreestr.ru/wps/portal/p/cc_present/ir_egrn</arg>
</arguments>
<msg timestamp="20201104 03:17:43.823" level="INFO">Opening url 'https://rosreestr.ru/wps/portal/p/cc_present/ir_egrn'</msg>
<status status="PASS" starttime="20201104 03:17:43.823" endtime="20201104 03:17:44.973"></status>
</kw>
<kw name="Wait And Input">
<arguments>
<arg>//*[@id="v-Z7_01HA1A42KODT90AR30VLN22003"]/div/div[2]/div/div[2]/div/div/div/div[1]/div/div/div/div[1]/div/div/div/div/div[2]/div/div/div/div[2]/div/div/div[1]/div/input</arg>
<arg>${key}</arg>
</arguments>
<kw name="Wait Until Element Is Enabled" library="SeleniumLibrary">
<doc>Waits until the element ``locator`` is enabled.</doc>
<arguments>
<arg>${locator}</arg>
<arg>${timeout}</arg>
</arguments>
<status status="PASS" starttime="20201104 03:17:44.975" endtime="20201104 03:17:45.223"></status>
</kw>
<kw name="Input Text" library="SeleniumLibrary">
<doc>Types the given ``text`` into the text field identified by ``locator``.</doc>
<arguments>
<arg>${locator}</arg>
<arg>${text}</arg>
</arguments>
<msg timestamp="20201104 03:17:45.224" level="INFO">Typing text 'c99df24f-167e-493c-9877-ae2da802fd4b' into text field '//*[@id="v-Z7_01HA1A42KODT90AR30VLN22003"]/div/div[2]/div/div[2]/div/div/div/div[1]/div/div/div/div[1]/div/div/div/div/div[2]/div/div/div/div[2]/div/div/div[1]/div/input'.</msg>
<status status="PASS" starttime="20201104 03:17:45.223" endtime="20201104 03:17:45.453"></status>
</kw>
<status status="PASS" starttime="20201104 03:17:44.975" endtime="20201104 03:17:45.453"></status>
</kw>
<kw name="Click Element" library="SeleniumLibrary">
<doc>Click the element identified by ``locator``.</doc>
<arguments>
<arg>//*[@id="v-Z7_01HA1A42KODT90AR30VLN22003"]/div/div[2]/div/div[2]/div/div/div/div[1]/div/div/div/div[2]/div/div/div/div[1]/div/div/div/div[1]/div/div</arg>
</arguments>
<msg timestamp="20201104 03:17:45.454" level="INFO">Clicking element '//*[@id="v-Z7_01HA1A42KODT90AR30VLN22003"]/div/div[2]/div/div[2]/div/div/div/div[1]/div/div/div/div[2]/div/div/div/div[1]/div/div/div/div[1]/div/div'.</msg>
<status status="PASS" starttime="20201104 03:17:45.454" endtime="20201104 03:17:45.544"></status>
</kw>
<kw name="Do Full Iteration">
<kw name="Wait And Click">
<arguments>
<arg>//*[@id="v-Z7_01HA1A42KODT90AR30VLN22003"]/div/div[2]/div/div[1]/div/div/div/div[1]/div/div/div/div[1]/div/div/div/div/div[1]/div/div/span/span</arg>
</arguments>
<kw name="Wait Until Element Is Enabled" library="SeleniumLibrary">
<doc>Waits until the element ``locator`` is enabled.</doc>
<arguments>
<arg>${locator}</arg>
<arg>${timeout}</arg>
</arguments>
<status status="PASS" starttime="20201104 03:17:45.546" endtime="20201104 03:17:45.800"></status>
</kw>
<kw name="Click Element" library="SeleniumLibrary">
<doc>Click the element identified by ``locator``.</doc>
<arguments>
<arg>${locator}</arg>
</arguments>
<msg timestamp="20201104 03:17:45.800" level="INFO">Clicking element '//*[@id="v-Z7_01HA1A42KODT90AR30VLN22003"]/div/div[2]/div/div[1]/div/div/div/div[1]/div/div/div/div[1]/div/div/div/div/div[1]/div/div/span/span'.</msg>
<status status="PASS" starttime="20201104 03:17:45.800" endtime="20201104 03:17:45.883"></status>
</kw>
<status status="PASS" starttime="20201104 03:17:45.545" endtime="20201104 03:17:45.883"></status>
</kw>
<kw name="Wait And Input">
<arguments>
<arg>//*[@id="v-Z7_01HA1A42KODT90AR30VLN22003"]/div/div[2]/div/div[2]/div/div/div/div[1]/div/div/div/div[2]/div/div/div[2]/div/div/div/div/div[2]/div/div/div/div[1]/div/div/div/div[1]/div/div/div/div[1]/div/div/div/div[1]/div/input</arg>
<arg>50:15:0000000:33365</arg>
</arguments>
<kw name="Wait Until Element Is Enabled" library="SeleniumLibrary">
<doc>Waits until the element ``locator`` is enabled.</doc>
<arguments>
<arg>${locator}</arg>
<arg>${timeout}</arg>
</arguments>
<status status="PASS" starttime="20201104 03:17:45.885" endtime="20201104 03:17:46.357"></status>
</kw>
<kw name="Input Text" library="SeleniumLibrary">
<doc>Types the given ``text`` into the text field identified by ``locator``.</doc>
<arguments>
<arg>${locator}</arg>
<arg>${text}</arg>
</arguments>
<msg timestamp="20201104 03:17:46.358" level="INFO">Typing text '50:15:0000000:33365' into text field '//*[@id="v-Z7_01HA1A42KODT90AR30VLN22003"]/div/div[2]/div/div[2]/div/div/div/div[1]/div/div/div/div[2]/div/div/div[2]/div/div/div/div/div[2]/div/div/div/div[1]/div/div/div/div[1]/div/div/div/div[1]/div/div/div/div[1]/div/input'.</msg>
<status status="PASS" starttime="20201104 03:17:46.357" endtime="20201104 03:17:46.557"></status>
</kw>
<status status="PASS" starttime="20201104 03:17:45.883" endtime="20201104 03:17:46.558"></status>
</kw>
<kw name="Input Text" library="SeleniumLibrary">
<doc>Types the given ``text`` into the text field identified by ``locator``.</doc>
<arguments>
<arg>//*[@id="v-Z7_01HA1A42KODT90AR30VLN22003"]/div/div[2]/div/div[2]/div/div/div/div[1]/div/div/div/div[2]/div/div/div[2]/div/div/div/div/div[2]/div/div/div/div[3]/div/div/div/div[1]/div/div/div/div[1]/div/div/div/div[1]/div/div/div/div[1]/div[1]/div/input</arg>
<arg>Московская область</arg>
</arguments>
<msg timestamp="20201104 03:17:46.558" level="INFO">Typing text 'Московская область' into text field '//*[@id="v-Z7_01HA1A42KODT90AR30VLN22003"]/div/div[2]/div/div[2]/div/div/div/div[1]/div/div/div/div[2]/div/div/div[2]/div/div/div/div/div[2]/div/div/div/div[3]/div/div/div/div[1]/div/div/div/div[1]/div/div/div/div[1]/div/div/div/div[1]/div[1]/div/input'.</msg>
<status status="PASS" starttime="20201104 03:17:46.558" endtime="20201104 03:17:46.753"></status>
</kw>
<kw name="Wait And Click">
<arguments>
<arg>//*[@id="VAADIN_COMBOBOX_OPTIONLIST"]/div/div[2]/table/tbody/tr/td/span</arg>
</arguments>
<kw name="Wait Until Element Is Enabled" library="SeleniumLibrary">
<doc>Waits until the element ``locator`` is enabled.</doc>
<arguments>
<arg>${locator}</arg>
<arg>${timeout}</arg>
</arguments>
<status status="PASS" starttime="20201104 03:17:46.753" endtime="20201104 03:17:47.638"></status>
</kw>
<kw name="Click Element" library="SeleniumLibrary">
<doc>Click the element identified by ``locator``.</doc>
<arguments>
<arg>${locator}</arg>
</arguments>
<msg timestamp="20201104 03:17:47.638" level="INFO">Clicking element '//*[@id="VAADIN_COMBOBOX_OPTIONLIST"]/div/div[2]/table/tbody/tr/td/span'.</msg>
<status status="PASS" starttime="20201104 03:17:47.638" endtime="20201104 03:17:47.704"></status>
</kw>
<status status="PASS" starttime="20201104 03:17:46.753" endtime="20201104 03:17:47.705"></status>
</kw>
<kw name="Click Element" library="SeleniumLibrary">
<doc>Click the element identified by ``locator``.</doc>
<arguments>
<arg>//*[@id="v-Z7_01HA1A42KODT90AR30VLN22003"]/div/div[2]/div/div[2]/div/div/div/div[1]/div/div/div/div[3]/div/div/div/div[1]/div/div/div/div[1]/div/div</arg>
</arguments>
<msg timestamp="20201104 03:17:47.705" level="INFO">Clicking element '//*[@id="v-Z7_01HA1A42KODT90AR30VLN22003"]/div/div[2]/div/div[2]/div/div/div/div[1]/div/div/div/div[3]/div/div/div/div[1]/div/div/div/div[1]/div/div'.</msg>
<status status="PASS" starttime="20201104 03:17:47.705" endtime="20201104 03:17:47.763"></status>
</kw>
<kw name="Wait And Click">
<arguments>
<arg>//*[@id="v-Z7_01HA1A42KODT90AR30VLN22003"]/div/div[2]/div/div[2]/div/div/div/div[1]/div/div/div/div[5]/div/div/div[2]/div[1]/table/tbody/tr</arg>
</arguments>
<kw name="Wait Until Element Is Enabled" library="SeleniumLibrary">
<doc>Waits until the element ``locator`` is enabled.</doc>
<arguments>
<arg>${locator}</arg>
<arg>${timeout}</arg>
</arguments>
<status status="PASS" starttime="20201104 03:17:47.764" endtime="20201104 03:17:49.105"></status>
</kw>
<kw name="Click Element" library="SeleniumLibrary">
<doc>Click the element identified by ``locator``.</doc>
<arguments>
<arg>${locator}</arg>
</arguments>
<msg timestamp="20201104 03:17:49.105" level="INFO">Clicking element '//*[@id="v-Z7_01HA1A42KODT90AR30VLN22003"]/div/div[2]/div/div[2]/div/div/div/div[1]/div/div/div/div[5]/div/div/div[2]/div[1]/table/tbody/tr'.</msg>
<status status="PASS" starttime="20201104 03:17:49.105" endtime="20201104 03:17:49.163"></status>
</kw>
<status status="PASS" starttime="20201104 03:17:47.763" endtime="20201104 03:17:49.163"></status>
</kw>
<kw name="Wait Until Element Is Enabled" library="SeleniumLibrary">
<doc>Waits until the element ``locator`` is enabled.</doc>
<arguments>
<arg>//*[@id="v-Z7_01HA1A42KODT90AR30VLN22003"]/div/div[2]/div/div[2]/div/div/div/div[1]/div/div/div/div[1]/div/div/div/div[3]/div/div/div/div[1]/div/div/div/div[2]/div/div/div/div[1]/div/div/img</arg>
<arg>15s</arg>
</arguments>
<status status="PASS" starttime="20201104 03:17:49.163" endtime="20201104 03:17:49.409"></status>
</kw>
<kw name="Sleep" library="BuiltIn">
<doc>Pauses the test executed for the given time.</doc>
<arguments>
<arg>1s</arg>
</arguments>
<msg timestamp="20201104 03:17:50.409" level="INFO">Slept 1 second</msg>
<status status="PASS" starttime="20201104 03:17:49.409" endtime="20201104 03:17:50.409"></status>
</kw>
<kw name="Capture Element Screenshot" library="SeleniumLibrary">
<doc>Captures a screenshot from the element identified by ``locator`` and embeds it into log file.</doc>
<arguments>
<arg>//*[@id="v-Z7_01HA1A42KODT90AR30VLN22003"]/div/div[2]/div/div[2]/div/div/div/div[1]/div/div/div/div[1]/div/div/div/div[3]/div/div/div/div[1]/div/div/div/div[2]/div/div/div/div[1]/div/div/img</arg>
<arg>${captcha_location}</arg>
</arguments>
<msg timestamp="20201104 03:17:50.738" level="INFO" html="yes">&lt;/td&gt;&lt;/tr&gt;&lt;tr&gt;&lt;td colspan="3"&gt;&lt;a href="Captchas/captcha.png"&gt;&lt;img src="Captchas/captcha.png" width="400px"&gt;&lt;/a&gt;</msg>
<status status="PASS" starttime="20201104 03:17:50.409" endtime="20201104 03:17:50.738"></status>
</kw>
<kw name="Solve Captcha">
<assign>
<var>${captcha_text}</var>
</assign>
<kw name="Get Binary File" library="OperatingSystem">
<doc>Returns the contents of a specified file.</doc>
<arguments>
<arg>${captcha_location}</arg>
</arguments>
<assign>
<var>${file}</var>
</assign>
<msg timestamp="20201104 03:17:50.739" level="INFO" html="yes">Getting file '&lt;a href="file://C:\Users\ASUS PC\PycharmProjects\robotframework\Captchas\captcha.png"&gt;C:\Users\ASUS PC\PycharmProjects\robotframework\Captchas\captcha.png&lt;/a&gt;'.</msg>
<msg timestamp="20201104 03:17:50.740" level="INFO">${file} = \x89PNG

IHDR\xb42\xf5$\xf1\xf7sRGB\xae\xce\xe9IDATx\x9c\xed]go\xc9~\x96\xbd\x8a\x9d4\xc5b\x8a\x92\xac\xea")V|\xc6)98A\x8c\xe0\xbe.\xf2\xaf\xf2\x82\xfc\x80 _A\xf2\xe1`...</msg>
<status status="PASS" starttime="20201104 03:17:50.738" endtime="20201104 03:17:50.740"></status>
</kw>
<kw name="Create Session" library="RequestsLibrary">
<doc>Create Session: create a HTTP session to a server</doc>
<arguments>
<arg>xEvil</arg>
<arg>http://127.0.0.1:80</arg>
</arguments>
<msg timestamp="20201104 03:17:50.741" level="INFO">Creating Session using : alias=xEvil, url=http://127.0.0.1:80, headers={},                     cookies={}, auth=None, timeout=None, proxies=None, verify=False,                     debug=0 </msg>
<status status="PASS" starttime="20201104 03:17:50.740" endtime="20201104 03:17:50.741"></status>
</kw>
<kw name="Create Dictionary" library="BuiltIn">
<doc>Creates and returns a dictionary based on the given ``items``.</doc>
<arguments>
<arg>file=${file}</arg>
</arguments>
<assign>
<var>${files}</var>
</assign>
<msg timestamp="20201104 03:17:50.741" level="INFO">${files} = {'file': b'\x89PNG\r\n\x1a\n\x00\x00\x00\rIHDR\x00\x00\x00\xb4\x00\x00\x002\x08\x06\x00\x00\x00\xf5$\xf1\xf7\x00\x00\x00\x01sRGB\x00\xae\xce\x1c\xe9\x00\x00\x16\x1aIDATx\x9c\xed]go\x1b\xc9\x19~\x96\xb...</msg>
<status status="PASS" starttime="20201104 03:17:50.741" endtime="20201104 03:17:50.741"></status>
</kw>
<kw name="Post Request" library="RequestsLibrary">
<doc>Send a POST request on the session object found using the
given `alias`</doc>
<arguments>
<arg>xEvil</arg>
<arg>/in.php</arg>
<arg>files=${files}</arg>
</arguments>
<assign>
<var>${response}</var>
</assign>
<msg timestamp="20201104 03:17:51.707" level="INFO">POST Request : url=http://127.0.0.1:80/in.php 
 path_url=/in.php 
 headers={'User-Agent': 'python-requests/2.24.0', 'Accept-Encoding': 'gzip, deflate', 'Accept': '*/*', 'Connection': 'keep-alive', 'Content-Length': '5868', 'Content-Type': 'multipart/form-data; boundary=86a47614862dfd60b4b43370ce4cb508'} 
 body=b'--86a47614862dfd60b4b43370ce4cb508\r\nContent-Disposition: form-data; name="file"; filename="file"\r\n\r\n\x89PNG\r\n\x1a\n\x00\x00\x00\rIHDR\x00\x00\x00\xb4\x00\x00\x002\x08\x06\x00\x00\x00\xf5$\xf1\xf7\x00\x00\x00\x01sRGB\x00\xae\xce\x1c\xe9\x00\x00\x16\x1aIDATx\x9c\xed]go\x1b\xc9\x19~\x96\xbd\x8a\x9d4\xc5b\x8a\x92\xac\xea")V|\xc6)98A\x8c\xe0\xbe\x1c.\x08\xf2\xaf\xf2\x1b\x82\xfc\x80 _\x0eA\xf2\xe1`\xa4\xf8\xce\x8e\xe5S#-Y\xa2$R\xec],\xcb\xce\xcd\x07a\x07\\.{\x91\xed\xcb=\xc0\x82\xb3m\xda&gt;\xf3\xce;\xef\xbc3\xa4\x1e=|\xc8\xa43\x19\xc8\xe5r\x00\x00EQ\xbc\xdf\xdb\xb86\x8d8\x06}\xbf\xf5y\x81@0\xd4\xbb\xb7]\x07\xbd\xf2\xdf\xe9\xdda\x9f\x1f\xa6\xae&amp;\xc9\x83R\xa9\x04\x9a\xa6\xa1\xd5j!\x16\x8bG\x8a\xe3\x8f\x7f\xfc#D\x00`6\x9b133\xc3y\xe8S&lt;\x80\x1bB\xb6\x16\x92%\xe8\xb4\xc2\x1f\xba\x8c\xd3\x08\xdfV=\xd04\r\x9f\xcf\x07\xaf\xd7\x8b@ \x00\x95J\x85\xdf\xfe\xf6\xb7\xb8s\xe7\xceH\xf1\xfd\xf9\xcf\x7f\xbe!t+Z+\xae\xb55L+&lt;I\xb4\xa7q\x1b\xe5h%\xc1m\xd4\xc3m\x96i\x1ai\xe4\xf3y\xf8|&gt;\xbc{\xf7\x0e\xa7\xa7\xa7\xf0\xfb\xfd\xf0\xfb\xfd\x88F\xa3\xd0h4x\xfe\xfc9\xccf3\x84Ba\xe7\n\xe8\x03\x0e\xa1?$!\xc6\x8d\xab\x17n\xb3\x81~\xca\x02\xa1\x1d\x93\xcac.\x97\x83\xcf\xe7\xc3\xf1\xf11\xce\xce\xcepyy\x89@ \x80X,\x86z\xbdN\x9e\x97H$\xc8\xe7\xf3\xa8\xd7\xeb\x10\x89DC\xa5\xc1\x86E\xed7\xa6Y\xb0\x8f\x85\x04\x9f\n!\xbe\xf9\xe6\x1b\xa4\xd3i\xce\xbdN\xcfw\xba\xf7\xbb\xdf\xfd\x0eF\xa3q"\xf9\x18\x04\xed\xefd2\x19\xf8|&gt;\xbc\x7f\xff\x1eggg\xf0\xfb\xfd\x08\x04\x02H$\x12\x1c\x12\xdb\xedv,--aee\x05\x0b\x0b\x0b\x98\x9f\x9f\xe7H\xe7a\xf3\xd8Q\xe5\x18\xa7`\x83\xa0V\xab\xa1T*\xa1X,\xa2R\xa9\xa0R\xa9\xa0Z\xad\xa2\xd9l\x92g\xc4b1\x94J%\xb4Z-\x0c\x06\x03d2\x19\'/?\xfc\xf0\x03\n\x85\xc2@\r\xa3\xd33O\x9e&lt;\x81F\xa3!\xf7\x18\x86A2\x99D"\x91@6\x9bE\xb9\\F\xb3\xd9\x04EQ\x90\xcb\xe5\x98\x99\x99\x81\xd5j\xc5\x9d;w \x16\x8b{\xd6O:\x9dF(\x14B2\x99D\xb1X$\xf1(\x95J\x18\x0c\x06\xd8\xedvN&lt;\xdd\xe2z\xf9\xf2%...F\xaa\xe3_\xfd\xeaW0\x1a\x8dS\x11:\xed\xf5\xcc"\x95J\xe1\xfc\xfc\x1c\xa7\xa7\xa78??\xc7\xe5\xe5%\xfc~?R\xa9\x14\x1a\x8d\x06\x00@(\x14\xc2\xe9t\xe2\xde\xbd{X^^\xc6\xfc\xfc&lt;\xdcn7\xe6\xe6\xe6\xa0V\xab!\x14\n{6\xde^a\xa0\x8f\xca1l\xc1\x06\r\x9f\x9c\x9c \x9dN\x83\xa6iT\xabUT\xabU\xd4j54\x9bM0\x0cC\n.\x97\xcb\xa1V\xab\xa1\xd7\xeba\xb7\xdb\xe1t:!\x91H\x00\x00\'\'\'\x88\xc7\xe3\xbcJ\x1d\x14\xf7\xef\xdf\x87F\xa3\x01\x00\xc4b1\xf8|&gt;\x84B!\xa4R)\xe4\xf3y\x94\xcbe\x92\x17\xa9T\n\x95J\x05\xa3\xd1\x08\xbb\xdd\x8e\xf5\xf5uX\xadV\xce\xa0\x08\x00\x8a\xc5"&lt;\x1e\x0f\xce\xce\xce\x10\x0e\x87\x91\xcdfA\xd34i\xa8r\xb9\x1c\x1a\x8d\x06\x16\x8b\x05n\xb7\x1b\x9b\x9b\x9b\xb0X,\x9c\xeeu\x92\xb8\x8d\xde-\x99L\xe2\xfc\xfc\x1cggg\xb8\xb8\xb8 $\xced2\x1c\x12\xdf\xbd{\x17\xf7\xee\xdd\xc3\xd2\xd2\x12\xdcn7!\xb1J\xa5\x82@ \xe0Y\x97\xba\xa5\xd7\x0f\xa4&amp;oSe\x08\x04\x02H\xa5R=3V\xaf\xd7\x91\xcf\xe7\x91\xcf\xe7\x11\x8dF\x11\x8b\xc5\x90\xcb\xe5\xb0\xb2\xb2\x02\x85B1X\xe9\xfa\x80a\x18\x9c\x9e\x9e\xe2\xe0\xe0\x00\x17\x17\x17\xa0i\x9a\x90\xb8\x15\xa5R\t\xa5R\t\x89D\x02\x17\x17\x17\x08\x85B\xd8\xd9\xd9\xc1\xfc\xfc&lt;i`\x99L\x06\xdf}\xf7\x1d\xde\xbe}\x8bd2\xc9\xe9mX\x14\x8bE\x14\x8bE\x84\xc3a\x9c\x9e\x9e"\x18\x0c\xe2\xd9\xb3g\x98\x9f\x9f\xe7\x98\xaa\x80\xc9\xf5\x88\x93V\xaf\x18\x86A"\x91\xc0\xf9\xf99|&gt;\x1f.//\t\x89\xb3\xd9,)\xb7X,\x86\xd3\xe9\xc4\xe2\xe2"\xee\xdd\xbbGH\xecr\xb9\xa0P(F\x92\xc4#\xa9\x1c\xe3b\x1a*K\xb3\xd9D"\x91\x00M\xd3\xa0(\nkkkc\xe5\x91\xc5\xf9\xf99^\xbe|\x89`0H\xf4\xba~(\x97\xcb\xf0z\xbd\xa8\xd5jP*\x95\xb0\xd9l\xa8\xd5j\xf8\xcf\x7f\xfe\x83\xef\xbe\xfb\x0e\xf9|~\xa0x\n\x85\x02\xfe\xfb\xdf\xff\x82\xa6i|\xf5\xd5W\x98\x9b\x9b\xe3I\xfcq1\xa9q\n\xc30\x88\xc7\xe3\xb8\xb8\xb8 \xaa\x04K\xe2\\.GH,\x91H\xe0p8\xb0\xb0\xb0@\xf4\xe1\xb9\xb99\xdc\xbd{\x17\n\x85\x82\x98\x06\xa7%&lt;\x81\x11U\x8ea\xc2\x9d \x16\x8b\xa1\xd5j\xa1V\xab!\x95J\xa1P( \x12\x89\xc8\x07e\xa5r&gt;\x9f\xe7H\xbab\xb1\x88\xa3\xa3#\x98\xcdf\xd2\x9d\x8d\x8a\\.\x87\xbd\xbd=\x0e\x995\x1a\rl6\x1b\xccf3\x91\xbc4M#\x1c\x0e\xe3\xea\xea\n\xb5Z\x8d\xbc\xef\xf3\xf9pxx\x08\x83\xc1\x00\x8f\xc7\x837o\xde\xa0P(p\xd2\xd0j\xb5X\\\\$jE"\x91\x80\xd7\xeb\xc5\xf5\xf55\x9a\xcd&amp;\x9a\xcd&amp;&lt;\x1e\x0f\xd4j5~\xff\xfb\xdf\xc3`0p\xba\xdev&lt;\x7f\xfe\x1cz\xbd\xbe\xeb`\xb0\xf5\xd7`0\x90\xf7F!6\xc30\x08\x87\xc3\xb8\xbc\xbc\xe4\xa8\x12~\xbf\x1f\x85B\x81|\x17\xa9T\n\xa7\xd3\x89\xf9\xf9y\xa2\x0f\xbb\xddn8\x9dN\xc8\xe5r\x92\xde\xa4{\x8any\x9f\x98\xca\xd1-\xdc\xe9\xde\xd2\xd2\x12(\x8a\x82Z\xad\x86D"\x81R\xa9$\x84\xa6(\n\x85B\x01\xb1X\x0cGGG\xbc\xee\xfb\xfa\xfa\x1a\x17\x17\x17\xa8T*\x9c\xc2=z\xf4\x08J\xa5\xb2\xef\xc0\x90\xfd\x8d\xc7\xe3\x08\x87\xc3\x1c\xc9\xfc\xf8\xf1c,--\xc1d2A"\x91\x80\xa2(\x94\xcbeD"\x11\xbc~\xfd\x1a\xef\xde\xbd#\xe96\x9bM\x1c\x1d\x1daii\t\xbb\xbb\xbb\xb8\xbe\xbe\xe6\xa8+\n\x85\x02\xbf\xf8\xc5/\xb0\xb9\xb9\t\xb3\xd9\x0c\x91H\x84T*\x05\xa7\xd3\x89\x7f\xfc\xe3\x1fH\xa7\xd3`\x18\x06\xcdf\x13o\xdf\xbe\xc5\xda\xda\x1a\xb6\xb7\xb7\t\t:\x81UOZI\xd2\xeb\xe8\x87\xf6zj4\x1a\x88F\xa3\x84\xb8\xad$.\x16\x8b\xa4|r\xb9\x1c\x0e\x87\x03n\xb7\x9bCb\xbb\xdd\x0e\x99L\xc6\x9bp\xe9\xc5\x85I\x86\x81\x0ef\xbbi\x13\x9b\xa2(\xb8\\.r\xde&gt;C\xc5\x12}ff\x06\xf5z\x1do\xde\xbc\x01M\xd3\x9cL_]]\xf1\x08}\xff\xfe}X,\x16P\xd4`3X\x7f\xf9\xcb_P.\x979q(\x95J\x18\x8dFBf\x8a\xa2\xa0P(\xb0\xb0\xb0\x00\x99L\x86P(\x84D"A\x9eO&amp;\x93x\xff\xfe=\xe2\xf18\xaf\xc7\xb8w\xef\x1e\xb6\xb7\xb7a4\x1aI\x19M&amp;\x13&gt;\xff\xfcsD"\x11\xbcz\xf5\n\xa5R\t\xc0\x8d\x1a\xf3\xfd\xf7\xdf\xf7\x1d\x1fL\xe3\xdb\xd4\xebuD\xa3Q\x04\x02\x01\x0e\x89\xaf\xae\xae8c\n\x85BAH\xcc\x0e\xe8X\x12K\xa5R^C\x1aW\x17\x1e5\xdcWBO\x13\xfd\n=77\x87\xa3\xa3#\x1e\xa1s\xb9\\W\x9dw\xd0\xca\xbb\xbe\xbe\xe6\xc5\xf1\xf6\xed[X,\x168\x1c\x0e\x88D"\xce\xf36\x9b\x8d\xa8!\xad\xb8\xbc\xbc\xe45\x0c\xe0\xa6\x81\xa9\xd5j^]\xcad2lmm\xc1\xe3\xf1\x10B\x03\xc0\xd9\xd9\x19\xe2\xf18\x0c\x06\x03o\x80\xd8\xaf\x8c\xc3\x86k\xb5\x1a\x87\xc4\xecquu\xc5\xb1\xee\xa8T*8\x1c\x0e\xcc\xcd\xcd\xc1\xe5r\x11\x89l\xb5Z9\x8d~TL\x83\xd8}\xed\xd0\xb7!\xbd\xbbA.\x97w\x9c\x02\xeddA\xe8\x97F\xfby\']5\x18\x0c\xe2\xfb\xef\xbf\x87D"\xe1\x99\xe5\xe2\xf18G\x87\x06\x00\x83\xc1\x80t:\x8dj\xb5\xca\x8b\xcbb\xb1\x90\x06\xd0\x9e\xb6\xcb\xe5\xe2\xd8\xd5\x81\x1bK\x8a\xdf\xef\'\x16\x8fn\x18\xb5~i\x9aF0\x18D,\x16C0\x18$\xd28\x14\n\xa1R\xa9\x10\x12\xab\xd5j8\x1c\x0e\xb8\\.\x0e\x89\xd9\xf2\x0c"\x81G\rO\x02\x03\x0f\noS-a\xcf+\x95JG\xf2\xaa\xd5j\x14\n\x85\x81-\x13\xad`\xd3\xb0X,\x88F\xa3\x1c\xd5\x85a\x18x\xbd^\x08\x04\x02&lt;}\xfa\x146\x9b\rb\xb1\x18\xa5R\t\xaf_\xbf\xe6X0(\x8a\xc2\xfa\xfa:\xf6\xf6\xf6:\xe6Q"\x91p\xd4\xa9\xd6\xb4\x95Je\xc7\x06\xc5\xaaRJ\xa5r\xa02\xb4\x87[\xcbA\xd34\xd2\xe94b\xb1\x18"\x91\x08\xd2\xe94\xfc~?\xc2\xe10\xaf\xdc\x1a\x8d\x06v\xbb\x1dw\xef\xde%$v\xbb\xdd0\x9b\xcd\xa4\xb7\xb8\ra\xd6h4\x88M~,\x95c\x98Vr\x9b\xc4\xcef\xb3\x1dI\xebt:\xe1\xf3\xf98\xf7&lt;\x1e\x0f\xc2\xe10\x94J%d2\x19\xd4j5t:]W)\xb9\xb2\xb2\x02\xbf\xdf\x8fx&lt;\xce\x19\xcc\xd5\xebu\x1c\x1e\x1e\xa2V\xabakk\x0bV\xab\x15^\xaf\x17\x07\x07\x07\x1c\xd5\xc2\xe1p\xe0\xfe\xfd\xfb899\xe9XO\xec$Q\'\x89V\xaf\xd7;\xda\xbbc\xb1\x18\x91\xf6\x9d\xbe\xc9\x8b\x17/\xe0\xf1x \x95J133\x03\xbd^\x8f;w\xee\x90\x06\x9eN\xa7\x91N\xa7\x91J\xa5\x90J\xa5\x90H$\x10\x0e\x87\x11\x0c\x06Q*\x958ij\xb5Z2Y\xd5Jb\xa3\xd1\xc8\x99\tm\xcdG\xa3\xd1 G\xbd^\xef\x18n=o\xfd\xed\x15f\x0f\x00\xf8\xc3\x1f\xfe\x00\x8b\xc5\xc2\xf9V\xc3\x84G\x9a\xfa\xbe-\x1d;\x14\n\xf1\xbas\x95J\x05\xb7\xdb\x8dP(\x84b\xb1H\xae\xef\xed\xedA$\x12A\xa5RA&amp;\x93A\xa3\xd1\xc0`0\xc0`0`vv\x16:\x9d\x8ec\xccw:\x9d\xd8\xd8\xd8\xc0\xabW\xaf\x90\xcdf9\x1f\xbb\xd1h\xc0\xe3\xf1 \x9f\xcf\xc3l6\xe3\xec\xec\x8cc\xc5\xb0\xd9l\xf8\xe2\x8b/0;;K\xa4m\xfb\xa00\x9dN\x93\x01\x13\x0b6\xedH$\xd2QMI\xa5R\xa8\xd5j]\xeb\xf7o\x7f\xfb\x1b\x84B!\xa7|6\x9b\r333\xc8\xe5rH$\x12\xe4h\'0p3\x00g\xeb\x84\x1d+8\x9dN2\x00\xf7z\xbd]I\xcb\x9e\xd7j54\x1a\r\xd4j5B\xc4N\xe1Z\xad6p\x98=\x84B!\xbe\xf8\xe2\x0bB\xe8Q\xb88\xb6\x1d\xbaU\x02MRJ\xe7\xf3y\x9e5C$\x12ayy\x19\x16\x8b\x85\xa7[7\x9bMT\xabU\xe2\xcc\x13\x0e\x87AQ\x14\xb4Z-\x19\xd8\xcc\xcf\xcfC\xa5R\x81\xa2(\x88D"lnn\x82\xa2n\xfcB\x12\x89\x04\x8f\x94\x81@\x00\x81@\x80\x9cK$\x12\xb8\xddnloocmm\rR\xa9\x14F\xa3\x11\x97\x97\x97\xbcw=\x1e\x0f\x16\x16\x16\x08\xa1\x19\x86A\xb9\\F\xa3\xd1\xe0\xa9/,\xf2\xf9&lt;\x82\xc1 q\x03h\xb7\xe40\x0c\x83z\xbd\x8eB\xa1\x80B\xa1\x80P(\x84\x83\x83\x03^&lt;\xbd \x14\n!\x91H\xc84\xfd\xfe\xfe&gt;\x8f\x88\x9d\xc8\xd9\xadW\x994\xda\xebqXA:\x15;\xf4\xb8\xef7\x1a\r\x9c\x9e\x9e"\x93\xc9\x10\xfdT \x10`nn\x0e\xab\xab\xab=m\xb5\xad`\x18\x06\x99L\x06\x99L\x06\xc1`\x10\xc9d\x12\x0f\x1f&gt;\x84\xc1`\x80H$\x82L&amp;\xc3\xe3\xc7\x8f133\x83\x83\x83\x03\xf8|\xbe\x8e\x92\x93\x85\xd3\xe9\xc4\xb3g\xcf\xe0v\xbbI\xb7&lt;??\x8f\xa3\xa3#\x9e\xa5\xc3\xe3\xf1\xc0`0@\xaf\xd7\xa3R\xa9\xa0^\xafs\x08\xddn\xb9\x01nT\x91o\xbf\xfd\x16R\xa9\x14\x8dF\x03\x99L\xa6o\x19\x87A\xb3\xd9D4\x1aE4\x1a\x1d\xe9}\xa1P\x08\x91H\x04\x91H\x04\xa1P\x08\xb1XL\xce[\x8f\xf6\xeb\xecy\xaf_\xf60\x99L$\xbdQ86\x1d\xaf\x98\x012\xd4+\x1c\n\x85pzzJH"\x10\x08\xe0r\xb9\xb0\xb9\xb9I&lt;\xe4\x96\x97\x97a\xb7\xdb\xc10\x0c\x1a\x8d\x06\xca\xe52*\x95\n\xf2\xf9|G\x93\\:\x9d&amp;Dz\xfa\xf4)\x8cF#\xa9\xcc\xd9\xd9Y\xf8\xfd\xfe\x9e\xb3t,\xa2\xd1(\x91T\x95J\x05\xa9T\xaa\xe3\xa00\x9b\xcd\xe2\xef\x7f\xff;\xa4R)\x8a\xc5\xe2@3\x9b\x0c\xc3\xc0\xe3\xf1\xf4}\xae\x1fD"\x11\xa4R)!L;\x11\xdb\t\xd8\xe9Z7\x82J$\x12\xf2+\x91H\x08\x11\xd90{\xbd\xd3y\xb7\x83\xcd+\xab\x12\x0e#\x14;\xaa\x1c\xd34\xc5\x0c\xabo\xc7\xe3q\x1c\x1c\x1c\x10\x9dU$\x12\x112\x9bL&amp;\xa2jlmm\x91\xb8\x1b\x8d\x06\x8a\xc5"J\xa5\x12\xae\xaf\xaf\xc9\xc8&gt;\x1a\x8drLm\xb5Z\r\x87\x87\x87\x90\xc9d\xd8\xd9\xd9\x81R\xa9D \x10\xc0\xe1\xe1!\xbc^/\xaf\x8bo\xc7\xd9\xd9\x19"\x91\x08\xf13f\xd7\xc1u\x92\xb6\x00\x88kl;(\x8a\x1a\xb8\xfb\xa6(\n2\x99\x0c*\x95\nj\xb5\x1a\x1a\x8d\x06\n\x85\x02\xf5z\x1d&gt;\x9f\x0f\xe9t\x9a\xd7\xa0(\x8a\xc2\xce\xce\x0e\xecv;\x8fx\xedG+\xf1:\x11\xb3\xf5Z\xabW\x1cEM~\x99\xd68`\xe3\x98\xfa\xd4w{\x82\xbd\x9eK&amp;\x93\xd8\xdb\xdbC4\x1aE\xa3\xd1\x80L&amp;\x83\xcb\xe5\xc2\xc6\xc6\x06\x99q\xebT\x10\xb1X\x0c\x9dNG\xdcL\x97\x97\x97\x11\n\x85pxx\x88\xf7\xef\xdfsHU\xaf\xd7\xb1\xbf\xbf\x0f\x85B\x01\x99L\x06\xaf\xd7\x8b\xab\xab\xab\x81M\x80\xac\xc7\\;\x84B!\x99\xca\x1e\x07\xac\x8b\xa9F\xa3\x81N\xa7#&gt;/l\xf9\x0c\x06\x03\xd4j5\x1a\x8d\x06vww\xf1\xcd7\xdf \x91Hp\xd2\xad\xd7\xebp\xbb\xdd\xf8\xcdo~\xc3q\x07\x98\xc4\xc1\xe2C\xa8\xa2\xfd\xc2\xc0\x04\xac\x1c\x93*X2\x99\xc4\xc1\xc1\x01q\x02R(\x14X\\\\\xc4\x83\x07\x0f\xa0\xd1hx\x9eh\xec\xc8\x18\x00\x19u\xb7\x8e\xa0\xab\xd5*d2Y\xc7\x89\x19\x9a\xa6\xf1\xef\x7f\xff\x9b\x8c\xe2\'\x81a$L7\xe9\xac\xd3\xe9\xf0\xe4\xc9\x138\x9dN\x98\xcdfX,\x162s\xd8i\x11\xab\xc5bA"\x91\xc0\xb7\xdf~\xcbid\x0c\xc3`oo\x0fO\x9f&gt;%6\xedI\xf6\xa6\x93\xfa\xfe\xd3 \xf9G1\xf5\x9dH$\xb0\xbf\xbfO\xc8\xacR\xa9\xb0\xbc\xbc\x8c\xf5\xf5u\xe2\x00\x0e\xdc|\xa8l6\x8bh4\x8aB\xa1@\xa6\x8e\xab\xd5**\x95\n\xca\xe52\xe7\xa8V\xab]\xc93\xae*\xd0\x8eA$&lt;E\xddx\xc1I\xa5\xd2\x8e3\x8f\x0b\x0b\x0b\xf8\xf2\xcb/a2\x99zJF\xf6\\"\x91`gg\x07\xbb\xbb\xbb\xbc^\xa3uJ~\x92\xa4\x9b\x16&amp;E\xec\xbe\xceI\xd3lM\xac\xb3\xf8\xfe\xfe&gt;q\xe3T\xab\xd5X]]\xc5\xfa\xfa:\xd9+\x84\xa6i\xe4r9d2\x19D"\x11\xf8|&gt;\x8e\x1f\xc4$1,\xa9)\xeaF\xc7\xed5\x18\x02n|8\xa4R)\xecv;\xe2\xf18^\xbe|\xc9#\xb4\xd3\xe9\xe4M\x89\xf7K\xdb\xedvw|\'\x99L\xf2l\xda\x1f\xbb\xca0\x89\x863\xd6\x12\xacQ2\xdaJfv\x00\xc8\xbaq*\x14\nBf\x81@\x80D"\x81\xeb\xebk$\x93I\xc4b1\xc4\xe3\xf1\xbe\x03\xb7q\xc0\x12\xb9\xdd\x94$\x16\x8bQ\xa9T\x90\xcb\xe5:\xdaI\xb7\xb6\xb6`6\x9b!\x97\xcb\xc9\xa1P(\xc8/\xc30P\xab\xd5\x90\xcb\xe5`\x18\x06\x7f\xfa\xd3\x9fxd\x96H$\x98\x9f\x9f\xe7\xad\x9d\xec\x17nu\xd7l\xc5\xb8\xba|7\xdc\x16\xb1\xc7V9F\xc18d\x8e\xc5b\x9c\x01\xa0H$\x82\xc9d\x82R\xa9$\xfe\xb7\xec\xd2\xabN\xb3^\xd3\xc0\xe2\xe2"4\x1a\r\xa4R)\xe4r9\xf9\x95\xcb\xe5\xc8\xe5rx\xf1\xe2\x05\xae\xaf\xaf9\xefP\xd4\x8dE\xc1\xe9t\xf2\xd4\x84NG0\x18\xc4\xf9\xf99\xafa:\x1c\x0eX\xad\xd6\xbe\x0bp\xdb\xc34Mw\x1c\x07L\xc3\x91\xa8\x1d\x1f#\xb1\'\xea\x0f\xdd\x0e\xd6IF,\x16\x83a\x182`+\x14\n8&gt;&gt;F,\x16#\x1fC \x10\xa0\\.\x13}pP\xab\x03\xdb\xc5w3\xd8\'\x93I\xceZ\xb7^\xd8\xd8\xd8\xc0\xfa\xfa:\xcfI] \x10\xa0Z\xad\xe2\xcd\x9b7&lt;B\xcb\xe5\xf2\xaeNH\xed\xe1B\xa1\x80\x17/^\x10\xe7~\x16B\xa1\x10O\x9e&lt;\xe1\xec^\xd5/.6|zz\xdaQ\xfdbW\xdd|\nj\xc2 \x184\xfd\x89.\xc1j=o6\x9b\xc4\x16,\x93\xc9\xc8LY\xb9\\F*\x95\xe2I\xddj\xb5\x8aX,\xc6+\x08;I\xd0\xaa\x93\xb2\xd7D"\x11\xe9\xda\xa5R)\xd1S\xd9\xdf|&gt;\x8f\xd7\xaf_s\xd6\xbd\xb1y\xed$\xf1ONN8\xae\x9d\xadej\xdff\x81\x85\xd5j\xed\xe8\xaf\xd1\x1e.\x14\nx\xf5\xea\x15vwwyvk\x97\xcb\x85\x87\x0f\x1f\x0e\xbd\xf8\xf7\xfa\xfa\x1a\xff\xfa\xd7\xbf\x90\xcb\xe5x\xf7VWW9^{\xb7)M?\xa4\xbe=\xb5\xa9\xefl6\x8b\x1f~\xf8\x81\xb74i\x18P\x14E\x9cq\x94J%\x14\n\x05\x14\n\x05\xa4R)fgg\xa1\xd7\xeb\t\x99\xd9Y\xa6z\xbd\x0e\x9a\xa6\x91\xc9dptt\xc4[f\x05\xdc\xb8Kvr?=&gt;&gt;\x86\xd9l\xc6\xfa\xfa:Y\x86\xc50\x0cr\xb9\x1c\x0e\x0f\x0fy\x96\x04\xa1P\x88\xd5\xd5UD"\x11\xd04\x8d\x99\x99\x19\xe2\x1c%\x10\x08\xd0l6Q,\x16\x91L&amp;\xf1\xee\xdd\xbb\x8e*\x8bV\xab\xc5\xaf\x7f\xfdk\x98L&amp;\x8e.\xcc\xba\xb1\xeat:(\x95J\xa8T*\xa2\x8e\xd04\x8dD"\x81\xdd\xdd]\xbcz\xf5\x8a\xd7@T*\x15~\xf6\xb3\x9f\xf1\x16\x18\x8c+MoS\x17\x1e5\x8d\xa9L}\x97\xcbe\\^^\x12)\xdc\xaa;\x0f\x03\x86a\xc8l[\xfb\xb6\x07\xb3\xb3\xb3d\x93I\x95JE\xfch\xd9\x1e\xa0}o\x08\x16:\x9d\x0e[[[x\xf7\xee\x1d\xd1\xdfYT*\x15\xfc\xf3\x9f\xffD,\x16\x83\xdb\xed&amp;\x03\xbap8\x8c\x83\x83\x03\xde"X\x97\xcb\x85\xf5\xf5u\xfc\xf5\xaf\x7fE\xa3\xd1\x80\xd5j\x85\xd9l&amp;\xa6\xc6f\xb3\x89x&lt;N6^i\xf7\x13Q*\x95\xf8\xfc\xf3\xcf\xb1\xb1\xb1\xc1\xd9\xfd\x95\xa2n\x96\x88\xd14\r\xa7\xd3\t\xbd^\x0f\x93\xc9\x04\x99L\x06\x8a\xba\xd9\x95\xe8\xe4\xe4\x04{{{\xbcF&amp;\x12\x89\xf0\xf3\x9f\xff\x1c+++={\x8ea\xa5\xe9\xb8\xb8-\x89\xcd\x91\xd0\x93\x88\xb0^\xaf\xc3\xef\xf7\xf3\x06&gt;\xa3\x92\xba\x1b\xc2\xe10\xc2\xe1\xf0\xc0\xcfS\x14\x05\xa3\xd1\x88\xad\xad-lnnB\xadV\xe3\xe5\xcb\x97\xbcY\xb6J\xa5\x82\x83\x83\x83\x9e^l\x14E\xc1f\xb3\x11\xc9\x9a\xcf\xe7\x11\x08\x04p||&lt;p~\xb4Z-\x1e?~\x8c\xe7\xcf\x9f\x13\xdd\xb9\x15\xf9|\x9e\xecB4($\x12\t\x1e&lt;x\x80\xaf\xbf\xfe\x1az\xbd\x9e\x93\xdfA\xc2?\x06}{\xa2\xbb\x8f6\x9bM\x84\xc3a\x9c\x9c\x9cp\xbc\xcf\x18\x86\xe1H\xea\xdb\x86R\xa9\x84\xc5b\xc1\xa3G\x8f\xb0\xb2\xb2\x02\xb9\\\x8e\x8d\x8d\r0\x0c\x83\xfd\xfd}\x84\xc3\xe1\x81\xcd\x81J\xa5\x12</msg>
<msg timestamp="20201104 03:17:50.852" level="INFO">POST Response : url=http://127.0.0.1:80/in.php 
 status=200, reason=OK 
 body=OK|4 
 </msg>
<msg timestamp="20201104 03:17:50.852" level="INFO">${response} = &lt;Response [200]&gt;</msg>
<status status="PASS" starttime="20201104 03:17:49.781" endtime="20201104 03:17:50.852"></status>
</kw>
<kw name="Strip String" library="String">
<doc>Remove leading and/or trailing whitespaces from the given string.</doc>
<arguments>
<arg>${response.text}</arg>
<arg>characters=OK|*</arg>
</arguments>
<assign>
<var>${strip}</var>
</assign>
<msg timestamp="20201104 03:17:50.853" level="INFO">${strip} = 4</msg>
<status status="PASS" starttime="20201104 03:17:50.852" endtime="20201104 03:17:50.853"></status>
</kw>
<kw name="Get Request" library="RequestsLibrary">
<doc>Send a GET request on the session object found using the
given `alias`</doc>
<arguments>
<arg>xEvil</arg>
<arg>/res.php?id=${strip}&amp;action=get</arg>
</arguments>
<assign>
<var>${response}</var>
</assign>
<msg timestamp="20201104 03:17:50.856" level="INFO">GET Request : url=http://127.0.0.1:80/res.php?id=4&amp;action=get 
 path_url=/res.php?id=4&amp;action=get 
 headers={'User-Agent': 'python-requests/2.24.0', 'Accept-Encoding': 'gzip, deflate', 'Accept': '*/*', 'Connection': 'keep-alive'} 
 body=None 
 </msg>
<msg timestamp="20201104 03:17:50.856" level="INFO">GET Response : url=http://127.0.0.1:80/res.php?id=4&amp;action=get 
 status=200, reason=OK 
 body=OK|*5352 
 </msg>
<msg timestamp="20201104 03:17:50.856" level="INFO">${response} = &lt;Response [200]&gt;</msg>
<status status="PASS" starttime="20201104 03:17:50.853" endtime="20201104 03:17:50.856"></status>
</kw>
<kw name="Strip String" library="String">
<doc>Remove leading and/or trailing whitespaces from the given string.</doc>
<arguments>
<arg>${response.text}</arg>
<arg>characters=OK|*</arg>
</arguments>
<assign>
<var>${strip}</var>
</assign>
<msg timestamp="20201104 03:17:50.857" level="INFO">${strip} = 5352</msg>
<status status="PASS" starttime="20201104 03:17:50.856" endtime="20201104 03:17:50.857"></status>
</kw>
<kw name="Log To Console" library="BuiltIn">
<doc>Logs the given message to the console.</doc>
<arguments>
<arg>${strip}</arg>
</arguments>
<status status="PASS" starttime="20201104 03:17:50.857" endtime="20201104 03:17:50.857"></status>
</kw>
<msg timestamp="20201104 03:17:50.858" level="INFO">${captcha_text} = 5352</msg>
<status status="PASS" starttime="20201104 03:17:49.776" endtime="20201104 03:17:50.858"></status>
</kw>
<kw name="Wait And Click">
<arguments>
<arg>//*[@id="v-Z7_01HA1A42KODT90AR30VLN22003"]/div/div[2]/div/div[2]/div/div/</msg>
<msg timestamp="20201104 03:17:51.707" level="INFO">POST Response : url=http://127.0.0.1:80/in.php 
 status=200, reason=OK 
 body=OK|5 
 </msg>
<msg timestamp="20201104 03:17:51.707" level="INFO">${response} = &lt;Response [200]&gt;</msg>
<status status="PASS" starttime="20201104 03:17:50.742" endtime="20201104 03:17:51.708"></status>
</kw>
<kw name="Strip String" library="String">
<doc>Remove leading and/or trailing whitespaces from the given string.</doc>
<arguments>
<arg>${response.text}</arg>
<arg>characters=OK|*</arg>
</arguments>
<assign>
<var>${strip}</var>
</assign>
<msg timestamp="20201104 03:17:51.708" level="INFO">${strip} = 5</msg>
<status status="PASS" starttime="20201104 03:17:51.708" endtime="20201104 03:17:51.708"></status>
</kw>
<kw name="Get Request" library="RequestsLibrary">
<doc>Send a GET request on the session object found using the
given `alias`</doc>
<arguments>
<arg>xEvil</arg>
<arg>/res.php?id=${strip}&amp;action=get</arg>
</arguments>
<assign>
<var>${response}</var>
</assign>
<msg timestamp="20201104 03:17:51.711" level="INFO">GET Request : url=http://127.0.0.1:80/res.php?id=5&amp;action=get 
 path_url=/res.php?id=5&amp;action=get 
 headers={'User-Agent': 'python-requests/2.24.0', 'Accept-Encoding': 'gzip, deflate', 'Accept': '*/*', 'Connection': 'keep-alive'} 
 body=None 
 </msg>
<msg timestamp="20201104 03:17:51.711" level="INFO">GET Response : url=http://127.0.0.1:80/res.php?id=5&amp;action=get 
 status=200, reason=OK 
 body=OK|25895 
 </msg>
<msg timestamp="20201104 03:17:51.711" level="INFO">${response} = &lt;Response [200]&gt;</msg>
<status status="PASS" starttime="20201104 03:17:51.708" endtime="20201104 03:17:51.711"></status>
</kw>
<kw name="Strip String" library="String">
<doc>Remove leading and/or trailing whitespaces from the given string.</doc>
<arguments>
<arg>${response.text}</arg>
<arg>characters=OK|*</arg>
</arguments>
<assign>
<var>${strip}</var>
</assign>
<msg timestamp="20201104 03:17:51.712" level="INFO">${strip} = 25895</msg>
<status status="PASS" starttime="20201104 03:17:51.711" endtime="20201104 03:17:51.712"></status>
</kw>
<kw name="Log To Console" library="BuiltIn">
<doc>Logs the given message to the console.</doc>
<arguments>
<arg>${strip}</arg>
</arguments>
<status status="PASS" starttime="20201104 03:17:51.712" endtime="20201104 03:17:51.712"></status>
</kw>
<msg timestamp="20201104 03:17:51.713" level="INFO">${captcha_text} = 25895</msg>
<status status="PASS" starttime="20201104 03:17:50.738" endtime="20201104 03:17:51.713"></status>
</kw>
<kw name="Wait And Click">
<arguments>
<arg>//*[@id="v-Z7_01HA1A42KODT90AR30VLN22003"]/div/div[2]/div/div[2]/div/div/div/div[1]/div/div/div/div[1]/div/div/div/div[3]/div/div/div/div[1]/div/div/div/div[3]/div/div/div/div[1]/div/div/div/div[1]/div/input</arg>
</arguments>
<kw name="Wait Until Element Is Enabled" library="SeleniumLibrary">
<doc>Waits until the element ``locator`` is enabled.</doc>
<arguments>
<arg>${locator}</arg>
<arg>${timeout}</arg>
</arguments>
<status status="PASS" starttime="20201104 03:17:51.713" endtime="20201104 03:17:51.746"></status>
</kw>
<kw name="Click Element" library="SeleniumLibrary">
<doc>Click the element identified by ``locator``.</doc>
<arguments>
<arg>${locator}</arg>
</arguments>
<msg timestamp="20201104 03:17:51.746" level="INFO">Clicking element '//*[@id="v-Z7_01HA1A42KODT90AR30VLN22003"]/div/div[2]/div/div[2]/div/div/div/div[1]/div/div/div/div[1]/div/div/div/div[3]/div/div/div/div[1]/div/div/div/div[3]/div/div/div/div[1]/div/div/div/div[1]/div/input'.</msg>
<status status="PASS" starttime="20201104 03:17:51.746" endtime="20201104 03:17:51.813"></status>
</kw>
<status status="PASS" starttime="20201104 03:17:51.713" endtime="20201104 03:17:51.813"></status>
</kw>
<kw name="Wait And Input">
<arguments>
<arg>//*[@id="v-Z7_01HA1A42KODT90AR30VLN22003"]/div/div[2]/div/div[2]/div/div/div/div[1]/div/div/div/div[1]/div/div/div/div[3]/div/div/div/div[1]/div/div/div/div[3]/div/div/div/div[1]/div/div/div/div[1]/div/input</arg>
<arg>${captcha_text}</arg>
</arguments>
<kw name="Wait Until Element Is Enabled" library="SeleniumLibrary">
<doc>Waits until the element ``locator`` is enabled.</doc>
<arguments>
<arg>${locator}</arg>
<arg>${timeout}</arg>
</arguments>
<status status="PASS" starttime="20201104 03:17:51.814" endtime="20201104 03:17:51.839"></status>
</kw>
<kw name="Input Text" library="SeleniumLibrary">
<doc>Types the given ``text`` into the text field identified by ``locator``.</doc>
<arguments>
<arg>${locator}</arg>
<arg>${text}</arg>
</arguments>
<msg timestamp="20201104 03:17:51.840" level="INFO">Typing text '25895' into text field '//*[@id="v-Z7_01HA1A42KODT90AR30VLN22003"]/div/div[2]/div/div[2]/div/div/div/div[1]/div/div/div/div[1]/div/div/div/div[3]/div/div/div/div[1]/div/div/div/div[3]/div/div/div/div[1]/div/div/div/div[1]/div/input'.</msg>
<status status="PASS" starttime="20201104 03:17:51.840" endtime="20201104 03:17:51.912"></status>
</kw>
<status status="PASS" starttime="20201104 03:17:51.813" endtime="20201104 03:17:51.912"></status>
</kw>
<kw name="Wait And Click">
<arguments>
<arg>//*[@id="v-Z7_01HA1A42KODT90AR30VLN22003"]/div/div[2]/div/div[2]/div/div/div/div[1]/div/div/div/div[1]/div/div/div/div[4]/div/div/div/div[1]/div/div/div/div[1]</arg>
</arguments>
<kw name="Wait Until Element Is Enabled" library="SeleniumLibrary">
<doc>Waits until the element ``locator`` is enabled</msg>
<status status="PASS" starttime="20201104 03:17:52.229" endtime="20201104 03:17:52.296"></status>
</kw>
<status status="PASS" starttime="20201104 03:17:52.190" endtime="20201104 03:17:52.296"></status>
</kw>
<kw name="Wait And Input">
<arguments>
<arg>//*[@id="v-Z7_01HA1A42KODT90AR30VLN22003"]/div/div[2]/div/div[2]/div/div/div/div[1]/div/div/div/div[2]/div/div/div[2]/div/div/div/div/div[2]/div/div/div/div[1]/div/div/div/div[1]/div/div/div/div[1]/div/div/div/div[1]/div/input</arg>
<arg>50:15:0000000:33365</arg>
</arguments>
<kw name="Wait Until Element Is Enabled" library="SeleniumLibrary">
<doc>Waits until the element ``locator`` is enabled.</doc>
<arguments>
<arg>${locator}</arg>
<arg>${timeout}</arg>
</arguments>
<status status="PASS" starttime="20201104 03:17:52.297" endtime="20201104 03:17:52.654"></status>
</kw>
<kw name="Input Text" library="SeleniumLibrary">
<doc>Types the given ``text`` into the text field identified by ``locator``.</doc>
<arguments>
<arg>${locator}</arg>
<arg>${text}</arg>
</arguments>
<msg timestamp="20201104 03:17:52.655" level="INFO">Typing text '50:15:0000000:33365' into text field '//*[@id="v-Z7_01HA1A42KODT90AR30VLN22003"]/div/div[2]/div/div[2]/div/div/div/div[1]/div/div/div/div[2]/div/div/div[2]/div/div/div/div/div[2]/div/div/div/div[1]/div/div/div/div[1]/div/div/div/div[1]/div/div/div/div[1]/div/input'.</msg>
<status status="PASS" starttime="20201104 03:17:52.654" endtime="20201104 03:17:52.818"></status>
</kw>
<status status="PASS" starttime="20201104 03:17:52.296" endtime="20201104 03:17:52.819"></status>
</kw>
<kw name="Input Text" library="SeleniumLibrary">
<doc>Types the given ``text`` into the text field identified by ``locator``.</doc>
<arguments>
<arg>//*[@id="v-Z7_01HA1A42KODT90AR30VLN22003"]/div/div[2]/div/div[2]/div/div/div/div[1]/div/div/div/div[2]/div/div/div[2]/div/div/div/div/div[2]/div/div/div/div[3]/div/div/div/div[1]/div/div/div/div[1]/div/div/div/div[1]/div/div/div/div[1]/div[1]/div/input</arg>
<arg>Московская область</arg>
</arguments>
<msg timestamp="20201104 03:17:52.819" level="INFO">Typing text 'Московская область' into text field '//*[@id="v-Z7_01HA1A42KODT90AR30VLN22003"]/div/div[2]/div/div[2]/div/div/div/div[1]/div/div/div/div[2]/div/div/div[2]/div/div/div/div/div[2]/div/div/div/div[3]/div/div/div/div[1]/div/div/div/div[1]/div/div/div/div[1]/div/div/div/div[1]/div[1]/div/input'.</msg>
<status status="PASS" starttime="20201104 03:17:52.819" endtime="20201104 03:17:52.979"></status>
</kw>
<kw name="Wait And Click">
<arguments>
<arg>//*[@id="VAADIN_COMBOBOX_OPTIONLIST"]/div/div[2]/table/tbody/tr/td/span</arg>
</arguments>
<kw name="Wait Until Eleme</msg>
<status status="PASS" starttime="20201104 03:17:53.065" endtime="20201104 03:17:53.127"></status>
</kw>
<status status="PASS" starttime="20201104 03:17:53.031" endtime="20201104 03:17:53.128"></status>
</kw>
<kw name="Wait And Input">
<arguments>
<arg>//*[@id="v-Z7_01HA1A42KODT90AR30VLN22003"]/div/div[2]/div/div[2]/div/div/div/div[1]/div/div/div/div[2]/div/div/div[2]/div/div/div/div/div[2]/div/div/div/div[1]/div/div/div/div[1]/div/div/div/div[1]/div/div/div/div[1]/div/input</arg>
<arg>50:15:0000000:33365</arg>
</arguments>
<kw name="Wait Until Element Is Enabled" library="SeleniumLibrary">
<doc>Waits until the element ``locator`` is enabled.</doc>
<arguments>
<arg>${locator}</arg>
<arg>${timeout}</arg>
</arguments>
<status status="PASS" starttime="20201104 03:17:53.128" endtime="20201104 03:17:53.401"></status>
</kw>
<kw name="Input Text" library="SeleniumLibrary">
<doc>Types the given ``text`` into the text field identified by ``locator``.</doc>
<arguments>
<arg>${locator}</arg>
<arg>${text}</arg>
</arguments>
<msg timestamp="20201104 03:17:53.402" level="INFO">Typing text '50:15:0000000:33365' into text field '//*[@id="v-Z7_01HA1A42KODT90AR30VLN22003"]/div/div[2]/div/div[2]/div/div/div/div[1]/div/div/div/div[2]/div/div/div[2]/div/div/div/div/div[2]/div/div/div/div[1]/div/div/div/div[1]/div/div/div/div[1]/div/div/div/div[1]/div/input'.</msg>
<status status="PASS" starttime="20201104 03:17:53.402" endtime="20201104 03:17:53.557"></status>
</kw>
<status status="PASS" starttime="20201104 03:17:53.128" endtime="20201104 03:17:53.557"></status>
</kw>
<kw name="Input Text" library="SeleniumLibrary">
<doc>Types the given ``text`` into the text field identified by ``locator``.</doc>
<arguments>
<arg>//*[@id="v-Z7_01HA1A42KODT90AR30VLN22003"]/div/div[2]/div/div[2]/div/div/div/div[1]/div/div/div/div[2]/div/div/div[2]/div/div/div/div/div[2]/div/div/div/div[3]/div/div/div/div[1]/div/div/div/div[1]/div/div/div/div[1]/div/div/div/div[1]/div[1]/div/input</arg>
<arg>Московская область</arg>
</arguments>
<msg timestamp="20201104 03:17:53.557" level="INFO">Typing text 'Московская область' into text field '//*[@id="v-Z7_01HA1A42KODT90AR30VLN22003"]/div/div[2]/div/div[2]/div/div/div/div[1]/div/div/div/div[2]/div/div/div[2]/div/div/div/div/div[2]/div/div/div/div[3]/div/div/div/div[1]/div/div/div/div[1]/div/div/div/div[1]/div/div/div/div[1]/div[1]/div/input'.</msg>
<status status="PASS" starttime="20201104 03:17:53.557" endtime="20201104 03:17:53.724"></status>
</kw>
<kw name="Wait And Click">
<arguments>
<arg>//*[@id="VAADIN_COMBOBOX_OPTIONLIST"]/div/div[2]/table/tbody/tr/td/span</arg>
</arguments>
<kw name="Wait Until Element Is Enabled" library="SeleniumLibrary">
<doc>Waits until the element ``locator`` is enabled.</doc>
<arguments>
<arg>${locator}</arg>
<arg>${timeout}</arg>
</arguments>
<status status="PASS" starttime="20201104 03:17:53.724" endtime="20201104 03:17:55.231"></status>
</kw>
<kw name="Click Element" library="SeleniumLibrary">
<doc>Click the element identified by ``locator``.</doc>
<arguments>
<arg>${locator}</arg>
</arguments>
<msg timestamp="20201104 03:17:55.232" level="INFO">Clicking element '//*[@id="VAADIN_COMBOBOX_OPTIONLIST"]/div/div[2]/table/tbody/tr/td/span'.</msg>
<status status="PASS" starttime="20201104 03:17:55.231" endtime="20201104 03:17:55.284"></status>
</kw>
<status status="PASS" starttime="20201104 03:17:53.724" endtime="20201104 03:17:55.285"></status>
</kw>
<kw name="Click Element" library="SeleniumLibrary">
<doc>Click the element identified by ``locator``.</doc>
<arguments>
<arg>//*[@id="v-Z7_01HA1A42KODT90AR30VLN22003"]/div/div[2]/div/div[2]/div/div/div/div[1]/div/div/div/div[3]/div/div/div/div[1]/div/div/div/div[1]/div/div</arg>
</arguments>
<msg timestamp="20201104 03:17:55.285" level="INFO">Clicking element '//*[@id="v-Z7_01HA1A42KODT90AR30VLN22003"]/div/div[2]/div/div[2]/div/div/div/div[1]/div/div/div/div[3]/div/div/div/div[1]/div/div/div/div[1]/div/div'.</msg>
<status status="PASS" starttime="20201104 03:17:55.285" endtime="20201104 03:17:55.347"></status>
</kw>
<kw name="Wait And Click">
<arguments>
<arg>//*[@id="v-Z7_01HA1A42KODT90AR30VLN22003"]/div/div[2]/div/div[2]/div/div/div/div[1]/div/div/div/div[5]/div/div/div[2]/div[1]/table/tbody/tr</arg>
</arguments>
<kw name="Wait Until Element Is Enabled" library="SeleniumLibrary">
<doc>Waits until the element ``locator`` is enabled.</doc>
<arguments>
<arg>${locator}</arg>
<arg>${timeout}</arg>
</arguments>
<status status="PASS" starttime="20201104 03:17:55.348" endtime="20201104 03:17:56.515"></status>
</kw>
<kw name="Click Element" library="SeleniumLibrary">
<doc>Click the element identified by ``locator``.</doc>
<arguments>
<arg>${locator}</arg>
</arguments>
<msg timestamp="20201104 03:17:56.515" level="INFO">Clicking element '//*[@id="v-Z7_01HA1A42KODT90AR30VLN22003"]/div/div[2]/div/div[2]/div/div/div/div[1]/div/div/div/div[5]/div/div/div[2]/div[1]/table/tbody/tr'.</msg>
<status status="PASS" starttime="20201104 03:17:56.515" endtime="20201104 03:17:56.574"></status>
</kw>
<status status="PASS" starttime="20201104 03:17:55.347" endtime="20201104 03:17:56.574"></status>
</kw>
<kw name="Wait Until Element Is Enabled" library="SeleniumLibrary">
<doc>Waits until the element ``locator`` is enabled.</doc>
<arguments>
<arg>//*[@id="v-Z7_01HA1A42KODT90AR30VLN22003"]/div/div[2]/div/div[2]/div/div/div/div[1]/div/div/div/di</status>
</kw>
<kw name="Create Dictionary" library="BuiltIn">
<doc>Creates and returns a dictionary based on the given ``items``.</doc>
<arguments>
<arg>file=${file}</arg>
</arguments>
<assign>
<var>${files}</var>
</assign>
<msg timestamp="20201104 03:17:57.516" level="INFO">${files} = {'file': b'\x89PNG\r\n\x1a\n\x00\x00\x00\rIHDR\x00\x00\x00\xb4\x00\x00\x002\x08\x06\x00\x00\x00\xf5$\xf1\xf7\x00\x00\x00\x01sRGB\x00\xae\xce\x1c\xe9\x00\x00\x18\xb3IDATx\x9c\xed]Io\x1b\xc9\xf5\xff5\x9...</msg>
<status status="PASS" starttime="20201104 03:17:57.516" endtime="20201104 03:17:57.516"></status>
</kw>
<kw name="Post Request" library="RequestsLibrary">
<doc>Send a POST request on the session object found using the
given `alias`</doc>
<arguments>
<arg>xEvil</arg>
<arg>/in.php</arg>
<arg>files=${files}</arg>
</arguments>
<assign>
<var>${response}</var>
</assign>
<msg timestamp="20201104 03:17:58.550" level="INFO">POST Request : url=http://127.0.0.1:80/in.php 
 path_url=/in.php 
 headers={'User-Agent': 'python-requests/2.24.0', 'Accept-Encoding': 'gzip, deflate', 'Accept': '*/*', 'Connection': 'keep-alive', 'Content-Length': '6533', 'Content-Type': 'multipart/form-data; boundary=88942cdf12c6b5095cb06f4d06bf2560'} 
 body=b'--88942cdf12c6b5095cb06f4d06bf2560\r\nContent-Disposition: form-data; name="file"; filename="file"\r\n\r\n\x89PNG\r\n\x1a\n\x00\x00\x00\rIHDR\x00\x00\x00\xb4\x00\x00\x002\x08\x06\x00\x00\x00\xf5$\xf1\xf7\x00\x00\x00\x01sRGB\x00\xae\xce\x1c\xe9\x00\x00\x18\xb3IDATx\x9c\xed]Io\x1b\xc9\xf5\xff5\x9b\xfb\xbeK\x1a\xed\x8ed[\x96%\xd9ck\xbc$\x1e\xc0\x83\x04\x13;\xc8%\x97\x04\xc8!\x9f \x1f!_!\xf7\\sH\x80\xb9$\x01\x12\xc4\x8e\x03\x8c1\x83L2\xb6\xe4\xc42\xb5Z\x14\xb5s\x13\x9b;\xd9\\\xfb\x7fP\xaa\xd2\xcdn\x92M\x8a\xe4h\x80\xff\x03\n\xac&amp;\xbbky\xfd\xabW\xaf\xde{Udn--\t\\2\t\x93\xc9\x04\x00`\x18F\xf69\x88\xef\xfaQ\x86\xda\xe7\xc5\xf7k4\x9a\x8e\x9e\x1d4\x0fZ\xb5_\xe9\xd9N\xef\xef\x84W\x97\r\x07\xbf\xfe\xf5\xaf\xa1\x05\x00\xbf\xdf\x0f\xbb\xdd.\xb9\xe9\xdb\x98\x80s@\x8a;I\x00\xda\xaf\xfc7\xdd\xc7~\xe4\xbf\r|PJ\xbf\xfd\xedo\xf1?q\xf4_\x123N&lt;\x1a\xfa\x95\xef%5\xd61\x88~\x88A0\x08&gt;\x0c\xb2O\x83\xa8\xaf\xd7$\x01\xf47\t\x88\x8b\x96\xd5\x8a\x06\xf9\x82\xbe\xed\x80\x10\xd3\xb7\x91W\xda\xc6\x1f\x94\xa8\xdf\x1d\xab\xd7\xebH\xa5RH\xa7\xd3\xc8d2\xa8\xd5j\x00\xce\xa7A\xab\xd5\n\x87\xc3\x01\xaf\xd7\x0b\xb3\xd9\xdc\xf3\xba\xfbIJu\x96J%\xc4b1\xc4b1\xa4R)\xe4r9T\xabU\x00\x80V\xab\x85\xd3\xe9\x84\xcb\xe5\xc2\xd8\xd8\x18\x86\x87\x87\xa1\xd3\xe9\xbe\x15\x83\xe7\xb2\xcct\xdan\x1a\xd6K\x8a\xc7\xe38&gt;&gt;F"\x91@.\x97C&gt;\x9f\xa7/\x98a\x18\x98\xcdfX,\x168\x9dN\x8c\x8f\x8fcjj\nF\xa3\xb1\xa3\xf6\x16\x8bE\xac\xad\xad!\x9f\xcf\xcb\x18\xf6\xf0\xe1C\xc9\xfaAM\xb9\xf9|\x1e\xaf_\xbfF.\x97\x</status>
</kw>
<kw name="Create Dictionary" library="BuiltIn">
<doc>Creates and returns a dictionary based on the given ``items``.</doc>
<arguments>
<arg>file=${file}</arg>
</arguments>
<assign>
<var>${files}</var>
</assign>
<msg timestamp="20201104 03:17:58.113" level="INFO">${files} = {'file': b'\x89PNG\r\n\x1a\n\x00\x00\x00\rIHDR\x00\x00\x00\xb4\x00\x00\x002\x08\x06\x00\x00\x00\xf5$\xf1\xf7\x00\x00\x00\x01sRGB\x00\xae\xce\x1c\xe9\x00\x00\x14=IDATx\x9c\xed]ko\x1bE\x17~v}]{\xbd\xb6\...</msg>
<status status="PASS" starttime="20201104 03:17:58.112" endtime="20201104 03:17:58.113"></status>
</kw>
<kw name="Post Request" library="RequestsLibrary">
<doc>Send a POST request on the session object found using the
given `alias`</doc>
<arguments>
<arg>xEvil</arg>
<arg>/in.php</arg>
<arg>files=${files}</arg>
</arguments>
<assign>
<var>${response}</var>
</assign>
<msg timestamp="20201104 03:17:59.445" level="INFO">POST Request : url=http://127.0.0.1:80/in.php 
 path_url=/in.php 
 headers={'User-Agent': 'python-requests/2.24.0', 'Accept-Encoding': 'gzip, deflate', 'Accept': '*/*', 'Connection': 'keep-alive', 'Content-Length': '5391', 'Content-Type': 'multipart/form-data; boundary=1fb174e66a05c574bb8f69b801a89ed8'} 
 body=b'--1fb174e66a05c574bb8f69b801a89ed8\r\nContent-Disposition: form-data; name="file"; filename="file"\r\n\r\n\x89PNG\r\n\x1a\n\x00\x00\x00\rIHDR\x00\x00\x00\xb4\x00\x00\x002\x08\x06\x00\x00\x00\xf5$\xf1\xf7\x00\x00\x00\x01sRGB\x00\xae\xce\x1c\xe9\x00\x00\x14=IDATx\x9c\xed]ko\x1bE\x17~v}]{\xbd\xb6\xd7N|m\x926U\xd2\x94\x96\xd0\x0bRSZ\t\x10B\x08\t\xf1\x01!&gt;\xf2;\xf8\x13\xfc\x08$&gt;#\x10\x12 !hE\xa1j\t\x97Bh\x9a6\xd4M\xd38v\x1c\xc7^_\xd6w\xef\xfb\xa1\xef\x0c\xbb\xeb\xf5\xfd\x92\xa6\xf0H+\x1f\xafwggf\x9f9s\xe6\xcc\x991\xf3\xd2\xf2\xb2r\x90\xc9\x80\xe38\x00\x00\xc30-\x9f\x9387\x8e4z\xbd_}=\xcb\xb2}\xdd;\xe9:\xe8\x94\x7f\xa3{\xfb\xbd\xbe\x9f\xba2\xba_\x96e$\x12\t\xc4\xe3q\xec\xee\xee"\x1e\x8f\xa3X,BQ\x14t\x02\xc30\x10E\x11\xef\xbc\xf3\x0eN\x9c8\x01\x8b\xc5\xd2w=~\xfc\xf1\xc70\x03\xc0\xf4\xf44\x04A\xd0\\t\x14\x0f\xe0)!\xd5\x85$\x04\x1d\x97|\xd8e\x1c\x87\xdck\xd9k\xb5\x1a\xf6\xf6\xf6\x90H$\xb0\xbb\xbb\x8b\xdd\xdd]\xa4R)\xa4\xd3i\x1c\x1c\x1c\xa0P(\xa0\xd1h\x18\x12X\x10\x04\x84B!D"\x11D\xa3QD"\x11LOO\xe3\xd2\xa5K\x08\x06\x830\x9b\xcd}\xd7\xcd\'\x9f|\xf2\x94\xd0\xfa\x96\xa2o\x85\xe3\x94G\t\xfd3&amp;Q\x0e5\t&amp;Q\x0f\x93,\x93\xfa\xb7z\xbd\x8e\x83\x83\x03$\x93I$\x12\t$\x12\t\xec\xed\xed\xe1\xe0\xe0@s\xc8\xb2\x8cf\xb3\xa9\xc93\xc7q\x08\x04\x02\x08\x87\xc3\x88D"\x88D"\x08\x04\x02\x98\x9a\x9a\x82\xdf\xef\x87\xdf\xef\x87\xcf\xe7\x83\xddn\xd74\xacA\xa0!\xf4a\x12b\xd8\xb4:a\x92\r\xf4(+\x04\x82f\xb3\tI\x92\xb0\xb7\xb7\x87d2\x89d2\x89\xbd\xbd=\xaay\xc9\x91\xcf\xe7[\xc8k\xb1X\x10\x0c\x06\x11\x0e\x87\x11\x0e\x87\x11\n\x85\x10\x0c\x06)q\t\x89\x1d\x0e\x07L&amp;\x93a\xaf\xd0k\xd9\x8dd\xb3\xfe\x07#\x8c\xeb\xa5\xfc\xf5\xd7_\x90e\xd9\xf07\xa3\xfb\xd4\xe7\xce\x9f?\x0fA\x10\xf0\xeb\xaf\xbf\xa2P(t\xbcO\x9f\x06\x91WVV\xe0v\xbb\xa1(\n2\x99\x0c\xd2\xe94\x8a\xc5"$IB\xadV\x83\xa2(`Y\x16\x1c\xc7A\x10\x04LOO#\x1c\x0e\xc3f\xb3u\xac\xafq\xd4U;y\x14i\xe5\xf3y\xec\xef\xefS\xe2\x12\xf2f2\x19J^I\x92P\xaf\xd75\xe53\x99L\x98\x9a\x9aB0\x18\xa4$\xd6k^\xbf\xdf\x0fA\x10(y\xd5\x87Q9\x86-\x93\xa1\xc9\xd1M\x1e\x15b\xb1\x18\xd2\xe9\xf4@\xf7.--A\x10\x04lll`ooo\xa04N\x9e&lt;\x89\xbd\xbd=\xec\xec\xec`\x7f\x7f\x1f\x92$\xa1T*\xa1P(PB3\x0c\x03\x9b\xcd\x06\xa7\xd3\t\xaf\xd7\x8bP(\x84S\xa7N\xe1\xf8\xf1\xe3\xb0\xdb\xed4\xadk\xd7\xae!\x9b\xcd\x020n&lt;\x04\xfa\xc6i\xd4X\xbb]\xd3\xee\xdaw\xdf}\x17~\xbf\xbf\xe3;\x94e\x19\xe9t\x1a\xa9T\n\xa9T\xca\xd0l\xc8f\xb3\xa8V\xab-\xf9\xf6x&lt;\x08\x04\x02\x94\xc0\x84\xbc&gt;\x9f\x8fj_\x8f\xc7ch\xff\x0e\x82Az\xab\x8e&amp;G;yT\xadi\x18\x8c"\x9d\xdb\xb7oC\x96e\xa4R\xa9\x96\x17H\xa0(\nJ\xa5\x12J\xa5\x12\xf6\xf7\xf7\x11\x8b\xc5\xb0\xbd\xbd\x8ds\xe7\xce\xe1\xc2\x85\x0bp8\x1c`\x18\x06\xab\xab\xab\xd8\xde\xde\x1e:O\xc3\xe0\xd5W_\xc5\xd4\xd4\x14\xfd^\xab\xd5\x90\xc9d\xb0\xbf\xbf\x8f\xfd\xfd}\xa4R\xa9\x16\xf2\x1e\x1c\x1c\xa0R\xa9\xb4x!\x9cN\'\xa6\xa6\xa6\x10\x08\x04\xe8\xa1\xd6\xbcSSS\x10E\x11\x16\x8b\x85\xf2`\x14&amp;C\'\xb9\x17PB\x1ff\xd7wXx\xf0\xe0A\xdf\xf7\xd4\xebu\xc4b1\xe4r9\xb0,KI\xfd, \x9dN\xa3\xd1h \x9dNc\x7f\x7f\xbf\xc5l888@\xa9Tj\xb1{\xedv;|&gt;\x1f\xa6\xa7\xa7\xe9\xa1\xb6w\x8d\x06mF\x07\xc1a\x9aW-&amp;\xc7\xb08*dV\xc3j\xb5\xc2\xef\xf7C\x14Ex\xbd^\xfa\xe2\xc8\xc8~kk\x0b\xd9lVC\x84t:\x8d\x1f~\xf8\x01\xe1p\x18sss\x87\x98\xfb\x7f\xf0\xd5W_\xd1\xf1@\xa7A\x1b!\xab\xfa\xf0\xf9|\x94\xc0&gt;\x9f\x0fN\xa7\x13&amp;\x93\t@\xe7\x01\x9b\x1e\x83\x92VQ\x144\x1a\r\x8d\xc6ow\xfd\xc8M\x8e~\xe4~p\xfa\xf4i8\x9dN\xc3\xcc\xeb?\x9dN\xa7\xe1s\xce\x9d;\x07\x9e\xe7{\xb2C\xef\xdd\xbb\x07\x8f\xc7C}\xa0^\xaf\x17\x1e\x8f\x07\x1c\xc7\x81a\x184\x1a\rH\x92\x84\xad\xad-\xfc\xf8\xe3\x8fH&amp;\x93\x1a\xbfj2\x99\xc4\xdd\xbbw\x11\x0c\x06\x07*\xef\xa8\xf1\xcb/\xbfh\xbe\xb3,\x0b\xaf\xd7\xdb\xe2aPk]2hcY\xb6\xc5/M\xd0\xe9=+\x8a\x82z\xbd\x8eZ\xad\xa69\xaa\xd5j\xdbO\xbdL\x0e\x00\xf8\xf0\xc3\x0f{\xaeO\xa3|\x8d\xcc\xe4h\'\xf7C\xfa\x85\x85\x05LOO\xd3\xdf\xbb9\xf7\x8dp\xf6\xecY\x04\x83\xc1\xb6\xdd\xa2\xfa\x08\x06\x83p\xbb\xdd\x98\x9a\x9a\xd2h\x06rX,\x16\xaa\xbddY\xc6\xf5\xeb\xd7\xa9G\x85`cc\x03\x97.]\xc2\x95+W\x90\xcf\xe75e\xeb\xf6\xb9\xb1\xb1\x81\xcd\xcd\xcd\xb6\xf6\xbb(\x8a\x90e\xd9\xd0\xc6\xd5\x83a\x18\xf0&lt;\x0f\x9f\xcfG\x89JH\xab\xfeN\x06m\x00\xd0h4P\xaf\xd7\x91\xcb\xe54\xa4\xac\xd7\xeb\xa8V\xab\x86DU\x93S/\xab\xcf\xb5#r\'B\x9b\xcdf\xbc\xfd\xf6\xdb\x94\xd0\x03\x0f\n\'i\xff\xe8I\xae\x7f)\x83\xa6\xdb.\x9dNXXX\xe8\x98\x1f\x02\x93\xc9\x84\xb3g\xcfbuu\xb5\x85\xd0\xa9T\n\xb5Z\r\x97/_\xee\xa9\x11\x91#\x93\xc9h\x06\x91\x16\x8b\x05\xf5z]C\xdcN$\xb6\xdb\xed\x10\x04\x01\x82 \xc0\xe9t\x82\xe38\xf0&lt;O\xcf\t\x82\x00\x97\xcb\x05\x00\xd4\x15y\xef\xde=J\xd8n\xe4mGZ#\xa2vkl\xfd\x80\xd4\xc1\xa0\x03\xcc\xae\x1a\xfa00*\xb3\xa6\xd7\x1e\xa2\x17\x99\x8c\xe8\xf5 \xee\xbdn(\x97\xcbH\xa5R(\x97\xcb\xc8\xe5rx\xf0\xe0\x01\xee\xdd\xbb\xd7V;\x03@&amp;\x93\xa1\xf9 /XQ\x14\xc3\xe7)\x8a\x82|&gt;\x8fL&amp;\xa3!k;\x92\xf6\x9a\xef^`6\x9ba\xb5Z;\x1e6\x9bM\xf3Id\xfd\xf9@ 0\xd4{\xea\xea\x87\x1e\xb7\xf6\x1e\x17F]\x8ev\x04\xb0Z\xad\xf4\xf7J\xa5\x82r\xb9\x8cr\xb9L\xfd\xd9\x85B\x01\xd5j\x15\xe5r\x19\xc9d\x12\xa5R\t\x92$a\x7f\x7f\x1f\xb5Z\x8d\xa6\xa3\x96;\x95\x89\xe4\x81&lt;gP\x1f&lt;\xf0\x94\x88\x16\x8b\x05V\xab\x15\x16\x8b\x85\xca\xe4\xbb\xfaS}^MJ=i\xd5\x04\xd5\xcb6\x9b\rv\xbb\x9d\x9e\xb7\xdb\xed\xf4\xbb\xcdf\xd3xP\x06.\x93\xbe\xc2\xda\xc9\x93 \xf3(\x1aC?\xbf\xf7*\xd7\xebuloo\xa3R\xa9\xb4\xa4\xc7\xb2,n\xdf\xbe\r\xab\xd5\x8aR\xa9D\xc9,\xcb2r\xb9\x1c\n\x85\x02\xca\xe5\xf2P\xdaP\xaf\x95\xcdf3%\xa3\xfe \xdaR}NOX=I\x8d4\xa9\x91VU\x13S}\x8exCF\x15\x1c\xd5\xcf\xbb\xd1\xcb=M}\xab1Nb\xdf\xbf\x7f\x1f\xf1x\x1c\x16\x8b\x05\x1c\xc7\xc1\xe1p\xc0\xedv\xc3\xe9tv,\xb0\x1akkkx\xfc\xf81,\x16\x0b\x9cN\'\x9cN\'DQ\x84\xcb\xe5j\x19\x94\x01O\xe3\x16\xd4\x03\x93J\xa5B?\xd5\xc7\xce\xce\x0e\x1d\xf4\xa9Q.\x97q\xfd\xfa\xf5\x16\xf7X/`Y\x16\xa2(\x82\xe38X,\x16\xec\xec\xech\x1a\r\xcb\xb20\x99L\x10\x04\x01\x0e\x87\x03&gt;\x9f\x0f\xe1p\x18&lt;\xcf\xb7hM#b\xea\xb5\xa9\x9a\x88V\xab\xd5\xd0-\xd7\xab\xac&gt;\xf4u:\xaa\xf1\xd6 \xf7\x0f4\xf5mD&amp;\xe2G$\xd3\x9e\x83\xe0\xaf\xbf\xfe\x02\xc30\x94\xd0&lt;\xcf\xc3\xe3\xf1\xc0\xef\xf7#\x14\nA\x14\xc5\xae\xe9\xff\xfa\xeb\xaf`\x18\x06V\xab\x15N\xa7\x13.\x97\x8b\x8e\xf4\xddn7\xacVk\xcb\x08\x9bt\xdfj\x93\x81h\xdar\xb9\x8cF\xa3\xd1V\xc3\xb6\x0b\x8f\x04\xfe\x19\xb8\xf1&lt;\x8fP(\x84t:\x8dX,FI\xbb\xbc\xbc\x8c\x17_|\x11.\x97\x0bV\xab\x15\x9f~\xfa)\x92\xc9\xa4&amp;\rB$\xa2y\x1d\x0e\x07\xa2\xd1(N\x9e&lt;\x89@ `\xe8\x9dQ\x93\xa2\x93FT?cPy\x9c\x18$/C\xfb\xa1\x1b\x8d\x06\x12\x89\x04J\xa5\x12\x00`nn\x8e\xfaq{\xc9\x80\x1a\xa4k%Z1\x9b\xcd\xe2\xc9\x93\'\xe08\x0e\x91H\x04\xf3\xf3\xf34\xfdF\xa3A\xc9f\x94\x06!e:\x9d\xc6\xa3G\x8f`\xb3\xd9 \x08\x02\xacV\xab\x86\xc4z\xcf\xc2\xa0`\x18\x06N\xa7\x13\x1e\x8f\x07^\xaf\x17\xa2(R\xd9\xedv\xc3\xe7\xf3\xe1\xeb\xaf\xbf\xc6\xa3G\x8f\x00\x00\x81@\x00o\xbe\xf9&amp;\x16\x17\x17))?\xfb\xec3M\x9a\xa4\xf7 q\x17\xb1X\x0c?\xff\xfc3\x82\xc1 \x96\x96\x96\xb0\xbc\xbc\x8c\x97^z\t\x1e\x8f\x87j[}\x9e\xc6-\xab5\xf4$\x9e\xd7\rC\xfb\xa1\x15E\xc1\xdf\x7f\xff\x8dt:\r\x93\xc9\x84`0\xa8\x99\n\xee\xb5k\xe9\x84R\xa9\x84\xcd\xcdM\xa4\xd3iH\x92\x04\x9b\xcd\x86z\xbd\x0eY\x96Q,\x16{J\xa3R\xa9 \x95J\xb5\x9cgY\x96v\xc3,\xcb\xa2\xd9l\xd2\x01^\'3\x82a\x188\x1c\x0ex&lt;\x1ex&lt;\x1e\x88\xa2H\xa7\x8f\xc9\xec\x1b\xc7qT+\xde\xbcy\x13\xeb\xeb\xeb(\x97\xcb0\x99Lx\xe5\x95W0;;k\xe89\xe9\x04EQh0\xfd\xfa\xfa:\x1e?~\x8c\xd7_\x7f\x1d\xd1h\x94\xfa\x97\'\xa1Y\xc7e2\x0ck\x96\x0c=\xf5M*QQ\x14\x8d_\xb2\x97\x82\xcd\xcf\xcfkf\x85\x88\xed*I\x12\xf2\xf9|\x8b\xf6\xcdd2\xf8\xe5\x97_\xd0h4\x06\xb2Y\xd5 $l4\x1a\xa8T*44\xb2\xd1ht4#\xccf3\x8e\x1d;\x86P(D\xa7\x8bI\xec\x83\x9a\xc0\xea\xf2\'\x12\t\xdc\xb8q\x03\xb9\\\x0e\x00033\x83\xf3\xe7\xcf\xd3\x86O\xae}\xe5\x95W\xb0\xb4\xb4Dg\xdf\xf2\xf9\xbc&amp;:N\xef\xe2\xdb\xdd\xdd\xc5\x97_~\x89\\.\x87\xf7\xde{\x0f\x91H\x84\xbe\x0f\x92n;y\x12f\xc6\xa4\x89\r\xe8\x06\x85\x83&amp;N^d\xa3\xd1\xa0+\x16\xd4\x03\x88v8s\xe6\x0c\n\x85\x02\x18\x86A\xb5ZE6\x9bE:\x9dF\xa9Tj{\x9f\xda\xbdEle\xb5+H}(\x8a\x82\'O\x9e@\x92\xa4\x96\x06`6\x9b\xe1p8P.\x97Q(\x14\x0c\xe3}\xf5\xe0y\x1eKKK\xb8x\xf1"fggi\xb9\xf5\x83%u\xfej\xb5\x1a~\xfa\xe9\'&lt;y\xf2\x84\xc6*\\\xb9r\x05~\xbf\xbfe\xc6\xf3\xed\xb7\xdf\xa6\xf7\xd7j5d\xb3Y\xe4\xf3y$\x93I\xc4b1lnn\xe2\xe1\xc3\x87\x9a\x81c\xa5R\xc1\xb5k\xd7\xc0\xf3&lt;\xde\x7f\xff}x\xbd\xde\x96z?lm:\t\x90\xb2\x8cd\xea\x9b\xe38\x98L&amp;4\x1a\r\x94J%\xc3\xc1\xa1\xbe\xf2j\xb5\x1avvv\xb0\xbb\xbb\x0b\xe0\xe9\x8b\xc9\xe7\xf3=\xbb\xb9DQD$\x12\xd1\xcc\x94q\x1c\x07\xbb\xdd\x0e\x8e\xe3`\xb5ZQ(\x14\xc0\xb2,666P.\x975\xf7\x93\x90Ju\xfe\x1c\x0e\x07l6\x1b\x8d\x87V\xc3\xef\xf7\xe3\xdc\xb9sXYY\x81\xd7\xeb\xd5\x04\xacw\xaa\x9f\x87\x0f\x1f\xe2\xb7\xdf~\xa3\x0b\x19fggq\xfa\xf4\xe9\x8e\xe3\x0cb\x06\x91\xa0\xf9\xc5\xc5E\xac\xac\xac`cc\x03\xd7\xaf_\xc7\xad[\xb7hz\xa4.\xbf\xfd\xf6[\xbc\xf8\xe2\x8b\xb8p\xe1\x02\xacVk\xc7\xba3\xc2a\x9a\t\xa3l0C{9\x08\x11\x88\xb6!\x1a\xba\xd3\xf5\xb5Z\r[[[\xb8s\xe7\x0e\xf2\xf9|\x0byY\x96\x85\xddn\xa7]\xb2\x91\xf6\xf4z\xbdXYY\x81 \x08`\x18\x86\xc6-\x17\n\x05\xec\xed\xed\xd1Y3\xa3\xf4\xd5\xcf\xf1\xf9|\xf0x&lt;\x10\x04\x01\xcdf\x13\xe9tZC\x16\x96eq\xec\xd81\\\xbcx\x11\xe7\xcf\x9fo\x1b\x14eT^Y\x96q\xe3\xc6\r\x1c\x1c\x1cP3\xec\xe5\x97_\x86\xc7\xe3\xe9\xbb\x9em6\x1b\x96\x97\x971==\x8db\xb1\x88\xdf\x7f\xff]c\x82\xe4\xf3y\xac\xae\xaebqq\x11\xa2(\xf6\x9c\xee \xdatT\xc4\x1e\x07\xc9G2\xf5\xad\x0e5,\x16\x8b\x1dm\xd0B\xa1\x80\xed\xedm\xdc\xbf\x7f\x1f\x85B\x81\xce\xdb\x13\x9f\xb1\xc3\xe1\x80\xc3\xe1\x80\xcb\xe5\x82 \x08h4\x1a\xb8u\xebV\x8b\x0f8\x9dNS\xf2\xc9\xb2\x8c|&gt;\x8fl6KC\'%I\xea\x98\x0f\xe0\xa9\xd9q\xf1\xe2E\x9c8q\x02\x95J\x05\x7f\xfe\xf9\'R\xa9\x14\xed\xd2\xcdf3\xe6\xe7\xe7q\xe5\xca\x15,,,P\xcd\xd7+!\xee\xde\xbd\x8b\xfb\xf7\xef\xd3\xf4DQ\xc4\xe2\xe2"\xdd2\xa2\xd7\xb4\xd4r8\x1c\xc6k\xaf\xbd\x86X,\xd62\xc8][[C\xb1X\x84(\x8ac#\xdd\xb80*bw\rN\xea\xa55\xa954\x99\xea\xd5\x07\x98(\x8aB\xfd\xb0\x0f\x1f&gt;\xa4v\xb2:\xac\xd1\xe3\xf1\xc0\xedv\x83\xe7y\x98L&amp;(\x8a\x02Y\x96\xf1\xdbo\xbf\xb5T@.\x97\xc3\x9d;w\xd0l6\x91\xcdf\r\tl\xb7\xdb\xc1\xf3&lt;\\.\x17\xe2\xf1x\xcbL_\xb3\xd9\xc4\xfc\xfc&lt;\xccf3~\xfc\xf1G\xac\xaf\xafk\xc8|\xea\xd4)\xbc\xfa\xea\xab\x98\x99\x99i\xd9\'\xa2\x9b\\(\x14p\xf3\xe6MMC|\xe1\x85\x17\xe0v\xbb\x87&amp;\xc8\xe9\xd3\xa7\r\x17\x15\xc4\xe3qT\xab\xd5#k2\x8c\xa2\xe1\x0c\xb5\x04\x8b|W\xaf\xde-\x16\x8b\xd8\xda\xda\x82\xa2(t"\xa4^\xaf#\x99L\xe2\xc1\x83\x07\x88\xc7\xe3\xa8\xd7\xeb\xb0X,\x08\x85B\x1aO\x07\x19\xd9\x93\x00\x1b\xf5D\x87\x1e\xcdf\x13\x9b\x9b\x9b\x9asv\xbb\x1dN\xa7\x93\x92\xd8\xeb\xf5\xd2I\x95/\xbe\xf8\xa2E\xa3)\x8a\x02I\x92h\xa0\x10!3\xcb\xb2X\\\\\xc4\x1bo\xbc\x81p8\xdc\x97;\x8c\xc8kkk\xd8\xde\xde\xa6\xb68\xc30XZZ\xa2\xf1\xde\xc3\xbclu\x08\xa8\xbeNF\x19\xf9f\x84I\x11{h\x93c\x10\x18%\xd8l6\xb1\xb1\xb1\x01I\x92033\x03\x9e\xe7!I\x12\xfe\xfe\xfbo\xba\xea\xc3d2\x81\xe38x&lt;\x1e\xc8\xb2\x8c{\xf7\xee\xb5\xcc\xce\x95J\xa5\xae\xa1\x89\x0c\xc3@\x10\x04\xaa\xd5=\x1e\x0f%\xb0\xcf\xe7\xa3\x03\xafJ\xa5b\x18Cm2\x99\xf0\xc7\x1f\x7f`ssS\xd3hfgg\xf1\xdak\xaf!\x14\n\x19NXtC\xa9T\xc2\xea\xea\xaaF;;\x9dN\x84\xc3a\x1a\xcc\xd4\xa9\x0e\xbb\xc9\xed6p!=\xdb\xb8H\xa7\xc7\xb3H\xec\x91\xc4C;\x1c\x0eD"\x118\x9dNd\xb3Y\x94J%\xc4\xe3q\xa4\xd3ip\x1c\x87b\xb1\xa8\xf1\x1a\xb0,\x8bZ\xad\x86\xbbw\xefvt\x95\x11\xedo\xa4yx\x9eG4\x1a\xc5\xb1c\xc7\x10\x0c\x06iL\x04!\xaez\x9awww\xd70L\xd3d2a}}]\x937\xb7\xdb\x8d\xabW\xaf"\x1c\x0ekb\x1d\xfa\xa9\x93G\x8f\x1e\xd1\x9e\x88 \x1c\x0e\xf7&lt;\x83\xdaM\xfe\xe3\x8f?\x0c\'\x94\xc8,\xaa\xfa\xfa\xa3`&amp;\xf4\x82^\x9f?\x92%Xf\xb3\x19\xa7O\x9fF\xb9\\\xa6\xae\xb8\xfd\xfd}:\x85\xad\x07\x89\xc7\x05\x9e\x12O\x1f\x05F&gt;\x9b\xcd&amp;\r\xb9\xd4\xe3\xf8\xf1\xe3\xb8r\xe5\n\r:\xd2\xdb\xfb\x04\xb2,k\xf6\xff\xd0\xe7C\x1f\xa7q\xe6\xcc\x19\xcc\xcd\xcdQM:\xc8K\xbds\xe7N\x0b\xe1B\xa1P\xd7Ae7(\x8a\x82\xc7\x8f\x1f\xe3\xbb\xef\xbe\x83$I\x9a\xdfX\x96\xc5\xf9\xf3\xe7\xc1\xf3\xbc\xe1\xbd\x93\xd4\xa6\x87\xd9\x90F\xb6\x04\x8b\x90P\x10\x04\x88\xa2\x88\xd5\xd5U\xe4r9J\x162\xf1A\xc2\x18%I\x82\xd9l\xa6\xab+\xbc^/x\x9e\x87\xc3\xe1\xa0\xab7\xc8\xae=z\xedl\xb3\xd9p\xfc\xf8q\xa4R)H\x92\x04\x9e\xe7a\xb3\xd9\xc0q\x1c\xb5-+\x95\n\r\xa4W{\x1a\xd40\xea\x1d\x18\xe6\xe9ZC\xbd\xdd\xdc\xee\x851\x0c\x833g\xce\xd0u\x8c\xb2,#\x16\x8b\xb5\xd8\xfd\xd3\xd3\xd3\x1d\xcd\r\xf2L\x8f\xc7C=&gt;\xa4\x87 \xb3\xa7\xbb\xbb\xbb\xf8\xfe\xfb\xef\xb1\xb6\xb6\xd6\xd2\xe3\x1c?~\xdc\xd0\xad8Jm:I[x\xd0g\x8ce\xd5\xb7\x9a\x80,\xcb\xd2\xa5\xf1&lt;\xcf\xd3\xb0\xd0[\xb7nAQ\x14:1b\xb3\xd9\xa8WC\x96e$\x93I\xc3\x18d\x93\xc9\x84\xf9\xf9y\x84B!|\xf3\xcd7\xa8V\xab\xf0\xfb\xfdp\xb9\\p\xbb\xdd\xd4\x1bQ,\x16\xb1\xb3\xb3\xd32\xb3F\xd2h7\x80\xbaq\xe3F\xdfe\xfe\xe8\xa3\x8f\xa8f|\xfc\xf81uG\xaa\xe1r\xb94\xf6\xb8\xfe\xa5|\xfe\xf9\xe7\xa8V\xab\x88D"\x98\x9a\x9a\x82\xd7\xeb\xa5\x93S\x85B\x01O\x9e&lt;\xc1\xda\xda\x1a\x12\x89DKC\x0c\x04\x02x\xf7\xddw\x11\x8dF;&gt;C-\xf7\xabM\x87\xc5\xa44\xb6FC\x8f"\xc1|&gt;\x8f\x8d\x8d\r\xfaR\x03\x81\x00.\\\xb8\x00\xbf\xdf\xaf\xd1z\xcdf\x93n~\xd2+\xccf3\xa2\xd1(.\\\xb8\x00\x9e\xe7Q*\x95\x90L&amp;\x11\x8f\xc7\xfbJcnn\x0e;;;\x86\xa6\xcc P\xd7\x83&gt;\xa6\x99\xa0\xdd\x12.\x02I\x92\x10\x8b\xc5p\xf7\xee\xdd\xbe\x9e\x1b\x8dF\xf1\xd6[oaee\xa5\xe7\xa0\xb0v\xf2\xf3`o\x8ft\xf7\xd1Z\xad\x86\xcd\xcdM\xa4R)4\x1a\r\x08\x82\x80\xb3g\xcfB\x14\xc5\xb6\x9a\xa3\x170\x0c\x03\x97\xcb\x85p8L\x1bG\xa7\x95\xdf\xed\xd2p\xbb\xdd\x98\x99\x99\xc1\xe5\xcb\x97\xf1\xd9g\x9f\x8d\x8c\xd0$}\x86a\x90H$\x0c\x07\xa0\xfa\xcd\t\xc9=\x83\xc2\xedvcnn\x0eo\xbc\xf1\x06._\xbe\xac\xd9\xfeaXL\xdaL\x18e#\xe9hr\xf4\x93`\xa3\xd1\xc0\xce\xce\x0e\xb6\xb6\xb6P\xadVa\xb5Z\xb1\xb0\xb0\x80\xa9\xa9)\xc3\x080\xb2\x07p\xb9\\\xa6&gt;g\xb5+\x8a\xd8\xe4\x1c\xc7\xc1\xe5ravv\x16\x0b\x0b\x0b\x9a=7H\xc8d\xa9TB\xadV\xa3q$\x04$H\x89\xc4)\xcf\xcf\xcf\xe3\x85\x17^h\xe9\xfeG\x89t:m\xb8&gt;\xb0\xdb\x12\xa3S\xa7N\xc1j\xb5"\x9f\xcf\xa3\\.S\xcf\x10\t\xf42\x9b\xcdt\xc1\x82(\x8aXZZ\xc2\xd5\xabW\x11\x8dF5\xb1\x1b\xe3"\xcaQ!6u\xdb\r\xdbM\xc4\xe3q\xac\xaf\xaf\xd3\x19\xc0h4J\xbd\x05F\xb8x\xf1"r\xb9\x1c\xb2\xd9,dY\xa6;~\x02O_\xbe\xc3\xe1\x00\xcf\xf3\xf0\xfb\xfd\x08\x06\x83\xb0\xdb\xed-\xdb\xaf^\xbdzU\xb3kh&amp;\x93\xd1L\x8e\x90e\xfd\xd3\xd3\xd3\x88F\xa3t\xc0\xc4\xb2,\xe6\xe7\xe7\xfb\x8eLk\'\xab\xff\xfd`ffF\xb3\x89#\x81~\x03\x1d\xbd\xfc\xc1\x07\x1f \x91H`gg\x07\xd9l\x16{{{\xd4\xdfl6\x9b\xc1q\x1c-\x87ZQ&lt;\x0ff\xc2\xb0\xf9\xd2\xc8/-/+\xce\xffOJ\x00\x83\xed\xf6^\xadVq\xed\xda5\x1c\x1c\x1c\x00xj/^\xbat\x89\x9a\x06\x84D\xe4\xfagq\x97\xfcA\xca\xde\xab&lt;\xc9rL\xban\x86}\xb7\xa3|\xff+++\xd0\x18\xa2\x83\xb4\x0c\x86a4\xe1\x96\x0c\xc3`qq\x11\x1e\x8f\xc70&amp;z\x18y\x9c\x18U\x1e\xbb\xd5\xd5$\x9f7*\x1cv\x99\xfa\xb9\xae\xbf\x91U\x1b\x90=\x15\x80\x7f6\x03\xec7\x98\xa7\xd7\x0c\x8f*\xadn\xf2(\xd1\xae\x1c\xcf\x1a!\x8c\xe4^\xf1\xac\x94\x83\x1d\xc5\x83\xd4\x0bM\xd5\x91w\xa3\xc2aj\x85\x7f\x1b!\x9eE\x85\xa0G\xa7g\x0emr\x00\xd0,(\xd5\x0f\xde\x86I\xb7\x1b&amp;\xdd\x85?\xef\x848\xaau\xd5\xa2\xa1\x87MDO\xe8Nk\xec&amp;%\x8f\x13\xcf\x1b!:\xe1Y\xe9\xe9z-\xc7Hl\x035\xa1\xd5\xf6\xb4\x1a\xffVmz\x14\xca\xd1\x8et\xe3\xc28\xcb\xa4\xd1\xd0\x83\xb6&amp;\xf5\xfe\xc5\xc4\xe4\xe8\'3\x9dp\x94\x08\xa1\xffm\x94\xf8\xb7*\x84~\xd1uP\xd8K\x86:\x99\x1c\xdd\xee}\x9e\x081\xc9\xeeuR\x9a\xf4(5\x1e\xa0\x0f\x93\xa3S\x82zB\x0f\x9a\xc9\xe7\x81\x04j\x1c5Bt\xaa\x9f\xa3R\x8e\x81\x07\x85j\x94\xcb\xe5\xae6t?x\x1e\xb4\xe9a\x96i\x12\xcf\x1b\'\x86\xc9\xd7\xc0~h\xf2\xbd\xd9l\xd2\x80 \x96e\xe9\x1eq\xc3fl\xd8\xfb\xff#\xc4x\xe5q+\x84A\xebm$\xbb\x8f\x8a\xa2H\xf72\xeeg\xef\x8a\xff\x081\x99\xe7\r\x82g\xb5L\xdd\xae3\x03\xa0\xbb\x0b\x91\x1b\x8cZ\xa0\xd1wrn~~\x1e\x00\xe8\x16\xb7do\x88A\xd2\xea\xf4{\xb7k\x80\xd6`\xa0~\xaeQ\x9bJ\xdd\xd2\xe9\xf5\xdc \xf7\xe9e}0P?\xf5c\x14\xe4\xd3\xad~\xc6Q\xa6q\xa5\xa5\xae\x1fY\x96\x9f\x12Zi6\x91\xff\xff\xce\x98\xff\xe1?\x1cU\xd8m6\xfc\x0f\r\x85\x14n\x98\x90y\xca\x00\x00\x00\x00IEND\xaeB`\x82\r\n--1fb174e66a05c574bb8f69b801a89ed8--\r\n' 
 </msg>
<msg timestamp="20201104 03:17:59.445" level="INFO">POST Response : url=http://127.0.0.1:80/in.php 
 status=200, reason=OK 
 body=OK|7 
 </msg>
<msg timestamp="20201104 03:17:59.445" level="INFO">${response} = &lt;Response [200]&gt;</msg>
<status status="PASS" starttime="20201104 03:17:58.113" endtime="20201104 03:17:59.445"></status>
</kw>
<kw name="Strip String" library="String">
<doc>Remove leading and/or trailing whitespaces from the given string.</doc>
<arguments>
<arg>${response.text}</arg>
<arg>characters=OK|*</arg>
</arguments>
<assign>
<var>${strip}</var>
</assign>
<msg timestamp="20201104 03:17:59.446" level="INFO">${strip} = 7</msg>
<status status="PASS" starttime="20201104 03:17:59.445" endtime="20201104 03:17:59.446"></status>
</kw>
<kw name="Get Request" library="RequestsLibrary">
<doc>Send a GET request on the session object found using the
given `alias`</doc>
<arguments>
<arg>xEvil</arg>
<arg>/res.php?id=${strip}&amp;action=get</arg>
</arguments>
<assign>
<var>${response}</var>
</assign>
<msg timestamp="20201104 03:17:59.448" level="INFO">GET Request : url=http://127.0.0.1:80/res.php?id=7&amp;action=get 
 path_url=/res.php?id=7&amp;action=get 
 headers={'User-Agent': 'python-requests/2.24.0', 'Accept-Encoding': 'gzip, deflate', 'Accept': '*/*', 'Connection': 'keep-alive'} 
 body=None 
 </msg>
<msg timestamp="20201104 03:17:59.448" level="INFO">GET Response : url=http://127.0.0.1:80/res.php?id=7&amp;action=get 
 status=200, reason=OK 
 body=OK|55273 
 </msg>
<msg timestamp="20201104 03:17:59.449" level="INFO">${response} = &lt;Response [200]&gt;</msg>
<status status="PASS" starttime="20201104 03:17:59.446" endtime="20201104 03:17:59.449"></status>
</kw>
<kw name="Strip String" library="String">
<doc>Remove leading and/or trailing whitespaces from the given string.</doc>
<arguments>
<arg>${response.text}</arg>
<arg>characters=OK|*</arg>
</arguments>
<assign>
<var>${strip}</var>
</assign>
<msg timestamp="20201104 03:17:59.449" level="INFO">${strip} = 55273</msg>
<status status="PASS" starttime="20201104 03:17:59.449" endtime="20201104 03:17:59.449"></status>
</kw>
<kw name="Log To Console" library="BuiltIn">
<doc>Logs the given message to the console.</doc>
<arguments>
<arg>${strip}</arg>
</arguments>
<status status="PASS" starttime="20201104 03:17:59.449" endtime="20201104 03:17:59.450"></status>
</kw>
<msg timestamp="20201104 03:17:59.450" level="INFO">${captcha_text} = 55273</msg>
<status status="PASS" starttime="20201104 03:17:58.109" endtime="20201104 03:17:59.450"></status>
</kw>
<kw name="Wait And Click">
<arguments>
<arg>//*[@id="v-Z7_01HA1A42KODT90AR30VLN22003"]/div/div[2]/div/div[2]/div/div/div/div[1]/div/div/div/div[1]/div/div/div/div[3]/div/div/div/div[1]/div/div/div/div[3]/div/div/div/div[1]/div/div/div/div[1]/div/input</arg>
</arguments>
<kw name="Wait Until Element Is Enabled" library="SeleniumLibrary">
<doc>Waits until the element ``locator`` is enabled.</doc>
<arguments>
<arg>${locator}</arg>
<arg>${timeout}</arg>
</arguments>
<status status="PASS" starttime="20201104 03:17:59.451" endtime="20201104 03:17:59.480"></status>
</kw>
<kw name="Click Element" library="SeleniumLibrary">
<doc>Click the element identified by ``locator``.</doc>
<arguments>
<arg>${locator}</arg>
</arguments>
<msg timestamp="20201104 03:17:59.480" level="INFO">Clicking element '//*[@id="v-Z7_01HA1A42KODT90AR30VLN22003"]/div/div[2]/div/div[2]/div/div/div/div[1]/div/div/div/div[1]/div/div/div/div[3]/div/div/div/div[1]/div/div/div/div[3]/div/div/div/div[1]/div/div/div/div[1]/div/input'.</msg>
<status status="PASS" starttime="20201104 03:17:59.480" endtime="20201104 03:17:59.551"></status>
</kw>
<status status="PASS" starttime="20201104 03:17:59.450" endtime="20201104 03:17:59.551"></status>
</kw>
<kw name="Wait And Input">
<arguments>
<arg>//*[@id="v-Z7_01HA1A42KODT90AR30VLN22003"]/div/div[2]/div/div[2]/div/div/div/div[1]/div/div/div/div[1]/div/div/div/div[3]/div/div/div/div[1]/div/div/div/div[3]/div/div/div/div[1]/div/div/div/div[1]/div/input</arg>
<arg>${captcha_text}</arg>
</arguments>
<kw name="Wait Until Element Is Enabled" library="SeleniumLibrary">
<doc>Waits until the element ``locator`` is enabled.</doc>
<arguments>
<arg>${locator}</arg>
<arg>${timeout}</arg>
</arguments>
<status status="PASS" starttime="20201104 03:17:59.552" endtime="20201104 03:17:59.584"></status>
</kw>
<kw name="Input Text" library="SeleniumLibrary">
<doc>Types the given ``text`` into the text field identified by ``locator``.</doc>
<arguments>
<arg>${locator}</arg>
<arg>${text}</arg>
</arguments>
<msg timestamp="20201104 03:17:59.584" level="INFO">Typing text '55273' into text field '//*[@id="v-Z7_01HA1A42KODT90AR30VLN22003"]/div/div[2]/div/div[2]/div/div/div/div[1]/div/div/div/div[1]/div/div/div/div[3]/div/div/div/div[1]/div/div/div/div[3]/div/div/div/div[1]/div/div/div/div[1]/div/input'.</msg>
<status status="PASS" starttime="20201104 03:17:59.584" endtime="20201104 03:17:59.659"></status>
</kw>
<status status="PASS" starttime="20201104 03:17:59.551" endtime="20201104 03:17:59.659"></status>
</kw>
<kw name="Wait And Click">
<arguments>
<arg>//*[@id="v-Z7_01HA1A42KODT90AR30VLN22003"]/div/div[2]/div/div[2]/div/div/div/div[1]/div/div/div/div[1]/div/div/div/div[4]/div/div/div/div[1]/div/div/div/div[1]</arg>
</arguments>
<kw name="Wait Until Element Is Enabled" library="SeleniumLibrary">
<doc>Waits until the element ``locator`` is enabled.</doc>
<arguments>
<arg>${locator}</arg>
<arg>${timeout}</arg>
</arguments>
<status status="PASS" starttime="20201104 03:17:59.659" endtime="20201104 03:17:59.687"></status>
</kw>
<kw name="Click Element" library="SeleniumLibrary">
<doc>Click the element identified by ``locator``.</doc>
<arguments>
<arg>${locator}</arg>
</arguments>
<msg timestamp="20201104 03:17:59.688" level="INFO">Clicking element '//*[@id="v-Z7_01HA1A42KODT90AR30VLN22003"]/div/div[2]/div/div[2]/div/div/div/div[1]/div/div/div/div[1]/div/div/div/div[4]/div/div/div/div[1]/div/div/div/div[1]'.</msg>
<status status="PASS" starttime="20201104 03:17:59.687" endtime="20201104 03:17:59.749"></status>
</kw>
<status status="PASS" starttime="20201104 03:17:59.659" endtime="20201104 03:17:59.749"></status>
</kw>
<kw name="Sleep" library="BuiltIn">
<doc>Pauses the test executed for the given time.</doc>
<arguments>
<arg>1s</arg>
</arguments>
<msg timestamp="20201104 03:18:00.751" level="INFO">Slept 1 second</msg>
<status status="PASS" starttime="20201104 03:17:59.749" endtime="20201104 03:18:00.751"></status>
</kw>
<kw name="Press Keys" library="SeleniumLibrary">
<doc>Simulates the user pressing key(s) to an element or on the active browser.</doc>
<arguments>
<arg>None</arg>
<arg>ESCAPE</arg>
</arguments>
<msg timestamp="20201104 03:18:00.752" level="INFO">Sending key(s) ('ESCAPE',) to page.</msg>
<msg timestamp="20201104 03:18:00.752" level="INFO">Pressing special key ESCAPE to browser.</msg>
<msg timestamp="20201104 03:18:00.752" level="INFO">Releasing special key ESCAPE.</msg>
<status status="PASS" starttime="20201104 03:18:00.751" endtime="20201104 03:18:00.762"></status>
</kw>
<status status="PASS" starttime="20201104 03:17:53.031" endtime="20201104 03:18:00.762"></status>
</kw>
<kw name="Do Full Iteration">
<kw name="Wait And Click">
<arguments>
<arg>//*[@id="v-Z7_01HA1A42KODT90AR30VLN22003"]/div/div[2]/div/div[1]/div/div/div/div[1]/div/div/div/div[1]/div/div/div/div/div[1]/div/div/span/span</arg>
</arguments>
<kw name="Wait Until Element Is Enabled" library="SeleniumLibrary">
<doc>Waits until the element ``locator`` is enabled.</doc>
<arguments>
<arg>${locator}</arg>
<arg>${timeout}</arg>
</arguments>
<status status="PASS" starttime="20201104 03:18:00.763" endtime="20201104 03:18:00.793"></status>
</kw>
<kw name="Click Element" library="SeleniumLibrary">
<doc>Click the element identified by ``locator``.</doc>
<arguments>
<arg>${locator}</arg>
</arguments>
<msg timestamp="20201104 03:18:00.793" level="INFO">Clicking element '//*[@id="v-Z7_01HA1A42KODT90AR30VLN22003"]/div/div[2]/div/div[1]/div/div/div/div[1]/div/div/div/div[1]/div/div/div/div/div[1]/div/div/span/span'.</msg>
<status status="PASS" starttime="20201104 03:18:00.793" endtime="20201104 03:18:00.865"></status>
</kw>
<status status="PASS" starttime="20201104 03:18:00.763" endtime="20201104 03:18:00.866"></status>
</kw>
<kw name="Wait And Input">
<arguments>
<arg>//*[@id="v-Z7_01HA1A42KODT90AR30VLN22003"]/div/div[2]/div/div[2]/div/div/div/div[1]/div/div/div/div[2]/div/div/div[2]/div/div/div/div/div[2]/div/div/div/div[1]/div/div/div/div[1]/div/div/div/div[1]/div/div/div/div[1]/div/input</arg>
<arg>50:15:0000000:33365</arg>
</arguments>
<kw name="Wait Until Element Is Enabled" library="SeleniumLibrary">
<doc>Waits until the element ``locator`` is enabled.</doc>
<arguments>
<arg>${locator}</arg>
<arg>${timeout}</arg>
</arguments>
<status status="PASS" starttime="20201104 03:18:00.867" endtime="20201104 03:18:01.168"></status>
</kw>
<kw name="Input Text" library="SeleniumLibrary">
<doc>Types the given ``text`` into the text field identified by ``locator``.</doc>
<arguments>
<arg>${locator}</arg>
<arg>${text}</arg>
</arguments>
<msg timestamp="20201104 03:18:01.168" level="INFO">Typing text '50:15:0000000:33365' into text field '//*[@id="v-Z7_01HA1A42KODT90AR30VLN22003"]/div/div[2]/div/div[2]/div/div/div/div[1]/div/div/div/div[2]/div/div/div[2]/div/div/div/div/div[2]/div/div/div/div[1]/div/div/div/div[1]/div/div/div/div[1]/div/div/div/div[1]/div/input'.</msg>
<status status="PASS" starttime="20201104 03:18:01.168" endtime="20201104 03:18:01.345"></status>
</kw>
<status status="PASS" starttime="20201104 03:18:00.867" endtime="20201104 03:18:01.346"></status>
</kw>
<kw name="Input Text" library="SeleniumLibrary">
<doc>Types the given ``text`` into the text field identified by ``locator``.</doc>
<arguments>
<arg>//*[@id="v-Z7_01HA1A42KODT90AR30VLN22003"]/div/div[2]/div/div[2]/div/div/div/div[1]/div/div/div/div[2]/div/div/div[2]/div/div/div/div/div[2]/div/div/div/div[3]/div/div/div/div[1]/div/div/div/div[1]/div/div/div/div[1]/div/div/div/div[1]/div[1]/div/input</arg>
<arg>Московская область</arg>
</arguments>
<msg timestamp="20201104 03:18:01.346" level="INFO">Typing text 'Московская область' into text field '//*[@id="v-Z7_01HA1A42KODT90AR30VLN22003"]/div/div[2]/div/div[2]/div/div/div/div[1]/div/div/div/div[2]/div/div/div[2]/div/div/div/div/div[2]/div/div/div/div[3]/div/div/div/div[1]/div/div/div/div[1]/div/div/div/div[1]/div/div/div/div[1]/div[1]/div/input'.</msg>
<status status="PASS" starttime="20201104 03:18:01.346" endtime="20201104 03:18:01.529"></status>
</kw>
<kw name="Wait And Click">
<arguments>
<arg>//*[@id="VAADIN_COMBOBOX_OPTIONLIST"]/div/div[2]/table/tbody/tr/td/span</arg>
</arguments>
<kw name="Wait Until Element Is Enabled" library="SeleniumLibrary">
<doc>Waits until the element ``locator`` is enabled.</doc>
<arguments>
<arg>${locator}</arg>
<arg>${timeout}</arg>
</arguments>
<status status="PASS" starttime="20201104 03:18:01.529" endtime="20201104 03:18:02.419"></status>
</kw>
<kw name="Click Element" library="SeleniumLibrary">
<doc>Click the element identified by ``locator``.</doc>
<arguments>
<arg>${locator}</arg>
</arguments>
<msg timestamp="20201104 03:18:02.420" level="INFO">Clicking element '//*[@id="VAADIN_COMBOBOX_OPTIONLIST"]/div/div[2]/table/tbody/tr/td/span'.</msg>
<status status="PASS" starttime="20201104 03:18:02.419" endtime="20201104 03:18:02.479"></status>
</kw>
[...]
\x9b\xcd\xd4V,%ik\xeaG\rh}\x06\xd9l\xb6m\xa2\x01\xc0\xcc\xcc\x0ct:\xdd\x07\'M[\xf3\x83@\xcf\x9b\xc2~\x1a\xe7\xf5zq||L\xa5\xf4\xfe\xfe&gt;L&amp;\x13]\x16[q\x19}\x8deY:I:\xa5H$\xa2\xa8#\x8f\x8f\x8f\xe3\xf0\xf0P\x91\xd0###\x08\x04\x02\x17\x96\xfb\xf5\xd7_\xb7\x11Z\xba\x8cK\x11\n\x85\xf0\xbb\xdf\xfd\x8e\xaaT\xd2\xcd+\xe9O\xab\xad\xb5\xd71h\xcd\xbf|\xf9\xb2M\xdd\xd0j\xb5X^^\xa6\xceg\x97\xc5u\x10{`*G?\xb3\xa4W)\xedt:\x91L&amp;\xd1h4ptt\x04\xa3\xd1H%E+vww\xe9I\xa2F\xa3\x81\xd1h\x84\xd9l\x96I\xdf~:F\xf4\xe0\xb5\xb5\xb56k\x8a\xc5b\xc1\xdc\xdc\x1c\x92\xc9$\xf2\xf9|[[r\xb9\x1c\xea\xf5\xbaL\x95\x91\xa2\x93\xfd6\x93\xc9(JG\x9f\xcf\x07\xa3\xd1\x08\x95J\x85B\xa1\x80w\xef\xde!\x91H\xd0C\x0b\x8e\xe3`\xb5Z\xe1\xf1x\xa8\x99\xb0\x9f\xbe\x02\xe7:\xf2\xee\xee.\xbe\xfa\xea+\x99\xb5\x84\xe7y&lt;x\xf0\x00w\xee\xdcis\x0f\xbej~\x90e\r\x92\xd8\x97:\xfa\xeee\x02x&lt;\x1e\x1c\x1f\x1fS]wkk\x0b\xcdf\x13333mz\xeb\xc6\xc6\x06T*\x15%\xb4\xc9d\x82\xcdf\x83\xcdf\x83\xc7\xe3\x91\xe9\x80\x9d\xda\xd2h4P.\x97\xa9\x8e\xbd\xbb\xbb\x8b\xe3\xe3c\x99\x84\xb6\xdb\xedXZZB0\x18\xc4\xdb\xb7o\x91H$\xda$\xf8\xd1\xd1\x11\xc6\xc7\xc7\xc1\xf3\xbcb}d\x7f\xd0\x8aN\xa7j\xc4l\xb9\xb9\xb9\x89\x8d\x8d\r\xea\x06P(\x14(\xa1m6\x1bFFF0;;\x8b\xc5\xc5E\x8c\x8e\x8e^\xe8\xcb\xd0l6Q\xaf\xd7\x91\xcb\xe5\x90N\xa7q||\x8c\xa7O\x9fbcc\x83\xda\xc9m6\x1b~\xfd\xeb_\xe3\xf3\xcf?\x87\xd3\xe9\x1c\x9a\xfa0L\\\xa6-W\xb6CK\xf59\xe9o\x0e\x87\x03\x93\x93\x93899A*\x95B\xb9\\\xc6\xe6\xe6&amp;\xea\xf5z\x9b\x85A\x14E\x88\xa2\x88l6\x0b\x00\x88\xc7\xe3`\x18\x06f\xb3\x19&gt;\x9f\x0f~\xbf\x1f\xc1`P\xe6;A\xea\xdc\xd8\xd8@\xa9TB\xbd^G\xb1XD6\x9bE,\x16C\xb9\\\xa6\x13\xc7`0P\xc2\xdc\xbcy\x13z\xbd\x1e\xa3\xa3\xa3\xd8\xdf\xdfo#\xf4\xf6\xf66\xbdFz\xa4\r\x9c\x9f\xbe\xfd\xf0\xc3\x0fm\xcb:\x80\x8eV\x16\xa3\xd1\x88W\xaf^\xe1?\xff\xf9\x0f\xf6\xf7\xf7)\xe1\x08\xaa\xd5*\xa2\xd1(\xa2\xd1(\xf5\xd7\xf8\xedo\x7f\x8b\x1b7n\xb4m\xf0VVV\xe8\x18\x91S\xd0D"\x81\x83\x83\x03d2\x19\x88\xa2\x08\x9b\xcd\x86\xe9\xe9i\xdc\xbau\x0b\x8f\x1e=\x82\xc7\xe3i\xeb\xc70\xa4\xe9\xb0&amp;L\xbf\x13i\xa0vh\x92\'irr\x12\x16\x8b\x05\x87\x87\x87\x08\x87\xc3\xa8V\xab\xd8\xde\xdeV\\\x9a[\xd1l6\x91\xcdf\x91\xcdf\x11\x89D\x90N\xa7177\x07\x9b\xcdF\x8f\xad\x01\xe0\x87\x1f~@,\x16S,C\xaf\xd7#\x10\x08\xc0\xef\xf7crr\x12n\xb7\x9b\xde;11\x81\xb5\xb55\x14\x8bE\xd9\x8a\x11\x8b\xc5\xf0\xec\xd934\x1a\r\x04\x02\x01\xe8t:\xd4\xebu$\x93I\xbc~\xfd\x1a\x1b\x1b\x1b\x8a\x12\xba\x13666\xf0\xfa\xf5k\x9c\x9e\x9ev5-\x96\xcbe&lt;{\xf6\x0c\xc5b\x11\x1a\x8d\x06\xd3\xd3\xd32\xb5\xeb\x1f\xff\xf8\x07\xf6\xf7\xf7/,\xc3h4\xe2\xe6\xcd\x9bx\xf0\xe0\x01\xdcnw\xc7\x95\xed\xaa\x18\xb6.|\xd9:\x06v\xf4\xad\x04\x9e\xe7122\x02\xa3\xd1\x08\x9e\xe7qxxH\xa53\xc3\x9c;\xe2X\xadV\x08\x82\x80Z\xadFm\xcd\xad\x84\xcff\xb3X[[C\xb9\\\xc6\xc7\x1f\x7f\x0c\x9b\xcd\xd6\xe69\xa7\x04\x96e\xa1\xd7\xeba6\x9b\xc1\xf3\xbcl \xdcn7n\xdc\xb8A\xbd\x04\xa5x\xfd\xfa5\n\x85\x02\xc6\xc6\xc6`0\x18 \x08\x02\xde\xbd{\x87\xdd\xdd]0\x0c\x03\x95J\xd5\xb3\xdd\xfb\xc9\x93\'(\x14\n\xd4A\xcan\xb7\xd3\x13\xc0H$";N\'X__\x87\xd5j\x85\xd3\xe9\x84\xcb\xe5\xea\xa9\x1e\x82\xb3\xb33&lt;}\xfa\x14\xe9t\x1a\xb7o\xdf\xc6\xad[\xb7\xa8\x85\x85\xe0\xaa\xa4\xeb\x15\xd7Ml\x00Py\xbd\xde\xff\xe18\xae\xed\xf0c\x90y\xadV\x0b\x9b\xcd\x06\x86ad\x84\xb5\xd9l\x08\x06\x83\x98\x9c\x9c\x84\xcf\xe7\x83\xc3\xe1\xa0n\x9e\xad\x9b/Q\x14qvv\x06\x96e\xe1\xf1x(A_\xbdz\x85b\xb1\xa88\xa0\xb5Z\r\xd1h\x14\xb1X\x0c\xd9l\x16\x82 \xc0`0\x80\xe7y\xa8T*\xd8l6\xe4\xf3y\xa4\xd3i\x19A\x9b\xcd&amp;\xce\xce\xceppp\x80\xed\xedm\xbaie\x18\x06w\xef\xdeE:\x9d\xeeYJW*\x15\x04\x83A|\xf2\xc9\'x\xf4\xe8\x11\xee\xdf\xbf\x8f\xdb\xb7o#\x14\nadd\x84J\xff\xd6I\x1c\x8f\xc7155\x05\xaf\xd7KMy\x8f\x1f?F:\x9d\xbe\xb0&gt;A\x10\x90J\xa5\xb0\xb5\xb5E\'\x8b\xcf\xe7\x83^\xafosA\x90&amp;\xa0w\x0f\xcbN\xcf\xb9[~\xd8\xe9\xaf\x7f\xfd\xeb9\xa1\xd5\x1c\'\xb3\x13\x0f#N\x8d\xd8\x90U*\x15\x8a\xc5"j\xb5\x1a\xb2\xd9,\x8a\xc5"\xd4j\xb5L_&amp;~\x13\xf9|\xbe\x8dh\xe9t\x1a^\xaf\x97n\x14k\xb5\x1a\x1c\x0e\x07\xbc^/\x1c\x0e\x07u\xbe\xaf\xd5jtBT*\x15\xc4b1\xea\xf0c\xb5Z\xe9\x01\x86\xcdfC\xadVC&gt;\x9f\xbf\xd05\xd3`0`qq\x11\x8f\x1e=\xc2\xe6\xe6\xa6\xa2\x85D\t.\x97\x0b\x9f}\xf6\x19u5%*\x8fF\xa3\x81\xc7\xe3\xc1\xc8\xc8\x08\xc2\xe10\xd2\xe9\xb4l\x02\xd7\xebu\xe8t:\xcc\xce\xceR\x1br\xb9\\\x86\xdf\xefG(\x14B(\x14\xc2\xd8\xd8\x18\\.\x17\xf57i\x9d\x14\x99L\x06;;;\xe08\x0e\x93\x93\x93]\xcd\x9c\xbd\xa6\xabra\xd0\x02\x93\xe4\x15\t=\xcc\xc4q\x1c\xecv;8\x8e\xa3\xfe\x19\xc5b\x11\xf1x\x9c:\x94\x0b\x82\x00\x8b\xc5\x02\xaf\xd7K\xc3wZ\x1f\xb4F\xa3\x81\xcf\xe7\x83F\xa3\xc1\xe8\xe8(&amp;\'\'199\t\xbf\xdf\x8f\x91\x91\x118\x9dN\xe8\xf5z\xeaB*=h\x89D"\x10E\x91\xdeo6\x9b\xe1\xf1x\xe8\n\xc50\x0cuo%\x07!~\xbf\x1f\xb7o\xdf\xc6\xc3\x87\x0f\xc1q\x1c\xbe\xff\xfe\xfb\xb6\x8da\xa7\x08\x96\x87\x0f\x1fbyy\x19\x06\x83A\x91\x10f\xb3\x19\xd5j\x15\xfb\xfb\xfbm\x9b\xe5z\xbd\x8e{\xf7\xeeQ\x95ann\x0eKKK\xb8s\xe7\x0e\xee\xdc\xb9\x83\x85\x85\x05\xcc\xce\xce"\x18\x0c\xc2\xe5rQ\xcb\x87T\x08\x08\x82\x80\x93\x93\x13\x84B!x&lt;\x1e\xd9)\xe3\xfb\x94\xa6\xadI\x14ET\xabU\x99Ot\xbf\x13\xe6/\x7f\xf9\xcb\xe0\x8f\xbe\xbb\x81\xe38\x84B!4\x9bM\xac\xaf\xaf\xa3P(@\x10\x04\x1c\x1f\x1f\xe3\xe4\xe4\x04V\xab\x15n\xb7\x9bF\xa2\x13\x17K)NOOez\'\x19\x14\xe2\xf6\xe8\xf3\xf9033\x83\x9d\x9d\x1d&lt;\x7f\xfe\\\xe6\x93,\x08\x02^\xbe|\x89\xd1\xd1Q\xcc\xcf\xcfS\x9b\xf9\xc3\x87\x0f133\x83h4J\xc3\xaf\x18\x86\x81\xddnG \x10\xc0\xd8\xd8\x18x\x9e\xc7\xc1\xc1\x81\xa2$\xd7\xe9t(\x97\xcbm\xbaukd\x0bi\xaf4\xff\xd1G\x1f\xe1\xf1\xe3\xc7m^u\xb1X\x0c\xb5Z\xad\xedz\x92\x88\xbd~||\x1c\xf7\xee\xdd\xc3\xcd\x9b7\xf1\xc5\x17_`kkK\xd6\xc6t:\x8dg\xcf\x9eavv\x96:\x8a)\xb5\xa3\xb5\x8e\xd6\xfc @L\xab\xad\x01\xb3\xb9\\\x0e\xa2(\xe2\xf7\xbf\xff\xbdl\xdfpQ\x1b\x95\xf2]\x9d\x93:u\xec*y\x95J\x85\x89\x89\t\x88\xa2H\xc9I"(\xd2\xe94\xd2\xe94\xf6\xf6\xf6`6\x9b\x15-"\xd2C\x8cNuh\xb5Z,,,\xa0V\xab\xe1\x9bo\xbe\x91I\xd4j\xb5\x8a7o\xde`bb\x82&gt;`\x95JE\x89\x0bt\x96\x04J\xb6k\xe0\xdc\xc6\x1d\x8f\xc7\xdb\x08m2\x99dV\x19%\x90p\xabV(\xf9\x9aH!\xed/\xc7qT\xbf\x8fD"H\xa5R\xb2k_\xbf~\x8db\xb1\x08\xa7\xd3\xd9vo\xaf\xf9^\xaf\x93\xfa\xdd\x90`YB\xdet:\x8dT*\x85d2)K\xe9t\x1a\x06\x83\x01\xf7\xee\xdd\xeb{#,\xc5\xa5\xec\xd0\x83 \xb6N\xa7\xc3\xad[\xb7\xe0\xf3\xf9P\xab\xd5hG\x89\xa9\xaeZ\xad\xb6\x1d/\x13\x88\xa2HC\xae.\x92\x1e\x0c\xc3`nnN\xd1v\xfc\xee\xdd\xbb6)\xdf-\x0f@Q5P\xab\xd5\x18\x1f\x1fG6\x9bm\xfb\x8d8,]d\x0b\xeed\xb1\xe18\xae\xef`\xd1\xbbw\xef\xe2\xcb/\xbfl#\xf4\xe9\xe9i_\xe6\xc6N\x90\xaa\x08$\x82\xbb5x6\x9b\xcd\xe2\xec\xec\x8c\x127\x95J!\x91H \x95J\xa1R\xa9(NR\xe9D\x10EQ&amp;\x04\xfa\xe1\xd5\x95\xccv\x83 6\xf1\xa6\x1b\x1b\x1bC\xa5RA*\x95B,\x16\xa3\x03\xd2\xaa\x13\x12lmm!\x9dN\xd3\x985\xa9s\x8f\xb4\x0e\xb2\xbbo\x05\x19\xb8~\x96\xd3d2\x89\x93\x93\x9363\x9b\xd7\xeb\xc5\xc2\xc2\x02\xf6\xf7\xf7\x91\xcb\xe5\xda\xec\xda\xc1`P\xe6\xed\xd6:\x0e\xa5RI\xb1\x8fd\xbf\xd1\xcfx\xdal\xb6\x8e\xd2\xbe\x97\xfb[\xf3\xd2\xd09\x92\x88\xc4\xcdd24B\x9eH\xdaT*\x85|&gt;\xdf\xd1\xeb\x90\xe7y\x18\x0c\x06Y\xbc\xa1\xc9d\x82\xc5b\x81\xddn\x87\xddn\x97\xb5c\xe0*G?\xf9\xabB\xa7\xd3\xd1e\x9f\x9c\xcamoo\xb7=\xecf\xb3\x89\xd5\xd5U\xb0,\x0b\xbb\xdd\x0e\xa7\xd3\t\x9b\xcd\x06\x8b\xc5B#-\x88\x9f01\xd7\xb5Bj\xa6$\xfd\xb8H\xbd\x12\x04\x01/^\xbc@6\x9b\x95\x11\x96a\x18,..bbb\x02~\xbf\x1f\xf1x\\F\xf87o\xde`~~^\xa6\xbbJ\xef\x05\x80\x83\x83\x03E\xfflb\x99h\xbd\xfe\xa2\xbc\xd4W\\\n\x83\xc1\xd0\xf1\x90\xa5\xd1hP\x9f\xf3\xd6@\xdal6\x8bT*\x85\xb3\xb33J\xd8T*\xa5\xe8BK\xa0R\xa9\xda\xe2\x0e\x89\xbeO\xec\xebd\x9fD\x12\xb1\xd6tZ\xadz\xe5\xdf\xc0B\xb0\x06\xa9c\x03\xa0\xa6\xb4V2K\x97&lt;Q\x14\xa9d\x00\xce\x97n\x93\xc9\x04\xab\xd5J}AR\xa9\x94\xa2\x9d\xda\xeb\xf5\x82\xe7y\x84\xc3aX,\x16j\xeeS\xeaS\xbd^\xc7\xf6\xf6\xb6\xa2\xb3\x93\xdb\xed\xc6\xfc\xfc&lt;\xf4z=\x96\x96\x96\xb0\xbb\xbbK\xdb\x03\x00o\xdf\xbe\xc5\xe6\xe6&amp;&gt;\xfe\xf8c\xc5\x97\xed\x14\n\x05&lt;\x7f\xfe\xbcM%R\xab\xd5\x98\x9f\x9f\x87\xc1`\xc0\xd6\xd6\x16}\x85B\'\xa7)\xe0\xdc\x8a\xf3\xf5\xd7_+\x86l\x05\x02\x01\xd4\xebu$\x12\x89\xb6W\x11Hu[\xb22\x92\xd4)R\x88a\xfe?\xda[\x9a\x88\xd4u8\x1cp\xb9\\p\xb9\\\xf0x&lt;p\xb9\\p\xbb\xdd\xb2\xa8{%\x0bK\xeb\xf8\xf4+H\x87v\xf4\xdd\x9a\'\x7fG\xa3Qz\x82\xa7\xd5je\xef\xe8 ~\x1e\xd9l\x16o\xdf\xbe\xc5\xbbw\xef\xda\xa4\x80\xd3\xe9D\xa5R\x01\xc3\x9c\x9f\xd8\xb1,K\xef#\xb6\xedl6\x8b\xa3\xa3#\xc5\x0e\x93v\x98\xcdf\xe4r9&lt;y\xf2\x04N\xa7\x13\xc1`\x10N\xa7\x93\xaa/*\x95\n\x82  \x9f\xcf#\x1c\x0ecee\x05\xc9dR\xf6p5\x1a\r~\xf3\x9b\xdf\xc0\xedv\x83eY\xcc\xce\xcebjj\n\xf9|\x9e\xea\xab\xf9|\x1e\x8f\x1f?\x06\x00\x1a\xd7G\x82\x86\xcf\xce\xce\xb0\xb6\xb6\x86\xff\xfe\xf7\xbfm\x13ebb\x02sss\xd0j\xb5\xf8\xfb\xdf\xff\x0e\xa3\xd1\x88\xf9\xf9yx\xbd^\x1a\xf7G\xfaN,\x07\xe1p\x18\xff\xfa\xd7\xbf\xda\xe2\x13\tVVV \x8ab\x1by[M\xa3Rp\x1cGW\xbc\xd6`Z\x9b\xcdFIK\xa4,\t\x96&amp;\xaa\x92\x94\x03\xbdFw\xf7\x9boS9\xae\x03\xa4\xd2\xb5\xb554\x1a\r\xd8l6\xaa\x1e\x90\xa5\xb0Z\xad"\x93\xc9\xc8\xa2\x9f\xa50\x9b\xcdXZZ\xc2\xfa\xfa:\x1a\x8d\x064\x1a\x8d\xec\x10\x85l\x14{\xc1\xbbw\xef\xf0\xed\xb7\xdf\xe2\xe0\xe0\x00\x1b\x1b\x1b\xf4h\xda\xe3\xf1\xc0n\xb7C\xadV\xa3Z\xad"\x12\x89`cc\xa3\xad=,\xcb\xc2\xef\xf7\xc3\xef\xf7\xa3\\.\xa3V\xabA\xa5R\xe1W\xbf\xfa\x15"\x91\x88\xccw\xe3\xe8\xe8\x08_~\xf9%UMx\x9eG\xb9\\\xc6\xfe\xfe&gt;VWW\xdb\xa43\x89:?99A4\x1a\xc5\xc1\xc1\x01\xa2\xd1(\x9e&lt;yB\xdb\xe8p8\xe8\x98\xa5\xd3iD\xa3QD"\x91\x8e\x12u}}\x1d\xeb\xeb\xeb\x8ac\xc1\xb2,\r:h\r\x9a\xb5X,\xf4\x08\x9e|\x92\xbcTEhM\x9d\x9e\xff\xb0\xf32\t}\x1d\x95V*\x15$\x93ID"\x11\xf4\n\x869\x7f\xc3\xe9\xc2\xc2\x02\xa6\xa7\xa7\xf1\xf2\xe5\xcb\x8e\x0eI\x17\x81\xac\x04\xe4\xd5\\\xf1x\x9c\xfeF\xcc\x85\xfd\x94E\x0eY\xc8\xeb\xd0\xd4j58\x8e\xa3\xab\x8eT]J\xa5R\xf8\xea\xab\xafz*\x9b\xe38\xbcy\xf3\x06\xaf^\xbd\xa2A\x12\xc0\xf9Fvkk\x0b[[[=\xb7S\n\x86a\xa8N+\r\xef2\x99Lt/"%-y\xe3\x94tC;\x0c5a\x90\xb8\xf2\xdbG/\x93\xef\x07:\x9d\x0eN\xa7\x137o\xde\xc4\xf4\xf4\xb4\xe2\xe6\xaa\x1b\x88\xcf1Q\rH\xb4u\xa9T\xea\x18\xb6\xd4\r\xe4\x95\x08\xc3\x00\xd1m\xaf\x02r\x8a\xeap8\xc00\xe7\xb1\x86j\xb5\x1a~\xbf\x1f&gt;\x9fOF^\xab\xd5\xda\xa6"(I\xdba\xa9\t\x83\xe4\xd5\x85*\xc70*%\xfe\xb9\xd5j\x15\x82 \xa0Z\xad\xd2\xf7g\x10\xbd\x98\xe7y\xba\xe1\xf0\xf9|\x08\x85B\xd4\x0f\x84a\x18\x8c\x8c\x8c\x80eY\xba\xd4W\xabUz\x08A\xca\xd0h44\x10\xd5\xe9tbff\x06\xa1P\x08&lt;\xcf\xa3P(P=\x92\xbc\xfeK\x1ae.5\xa3\x91\xf6\x90hl\x86ah\xc0lkR\xfa^\xe9\xfd \x04,\xcbB\xadV\xd3\x17\xbep\x1cG%=I*\x95\x8a\xe6\x05A\xa0{\x04\xf2\x12D\xa2\x06\x91\xf7\xef\x19\x0c\x06\xd8\xedv\x8c\x8d\x8d\xe1\xfe\xfd\xfb\x08\x85BP\xa9T0\x9b\xcd\xd4\xb2\xd3\xaf\x94\x1d\x16\x17\x86Al\xe6\xf6\xe2b\xd3`4\xc2j\xb5\xb6u\xb25?\x88D6Z\x99L\x86\xbe3\x98\x10\x92\x90\x87D\xacx\xbd^\xd9\x9b&gt;\x89\xbeV.\x97e\x1b\x1a\xf2\x16NBh\x9e\xe7a\xb5Z\xe91\xba\xd4;OZ\x0e\xe9\x17\xd9(%\x12\t\x9a\xc8\x913i\x0f\xb1\x9c\xa8T*\x88\xa2\x88z\xbdN\xc9Z\xaf\xd7\xe9\xdf$/M\xd2`\x03i\xdd\xdc\xff\xf9\xd0\x90\xc8\x1c\x12\xd5\xad\xd5je\x89|W.\x97qxx\x88\xe3\xe3cD\xa3Qj\x92$\x13\xc3\xe7\xf3\xc1\xeb\xf5bzz\x1a\xe3\xe3\xe34@\xe0\xaa\x0ef\x83|\xfe\xc3L\xcb\xcb\xcb\xed\x84\xfeP&lt;\xa7\xae{ \x07\xf1\xe0;\xe5\x05A\xa0\x07&gt;\xc42\xf3\xbe\x1f\xfe\xa0\xc6\xe6Cz\xfe\xcb\xcb\xcb\x83\x0b\xc1\xba\xec\xfd\xfd\xe4\x87\x89a\xb6\x9d\x1ca_\xe7X\rr\xdc\xde\xf7\xf3\xef\xe7:\xe5\xd8\xfbK\xe0C\xea\xd8 \xf2\x83D\xa7~|h\x84P\xca\xf7\x8a\x0f\xa5\x1f\xec\xb0\x1a0H\xbcO\xa9\xf0s#\xc4\x87\xf8\xfc[qQ\x9dl/\x17\xbe\xcf\xc1\xbb\x08\xd7\xf9\x80~\x0e\x84\xf8\xb1\x8eU\x9b\x84\xfe)vl\x98\xf8\xa9\x11\xe2"|(+]\xaf\xfd\x18\x98\x0e\xdd\r?Wi\xfac\xe8G\'\xd2\r\x0b\xc3\xec\x93LB_\xe7l\xfa)\x12\xa2\xf5\xb7A\xe2\xe7*\x10\xfaE\xd7M\xe1/\x84\xf80\x97\xd7\xeb\x92\xa4?\xa6\xc9\x03\xf4\xa1r\xfc\x98:\xf6&gt;I \xc5\x8f\x8d\x10\x17\x8d\xcf\x8f\xa5\x1f\x97\xde\x14\x0e\x13?\x05i\xfa&gt;\xfbt\x1d\xf5\r\x13Wi\xd7\xa5\xed\xd0\xd71`\xd7\xf9\x80~!D\x7f\xf9a\x0b\x84\xcb\x8e\xdb\x95\xed\xd0\x1fj\xc7\xae\x82_&amp;\xcf\x87\xdb\xa7n\xd7\xa9\x01\xd0\xff\xf6JnP"\xaa\xd2\xdfW\xf9\xae\xdb5J\xbfw\xbb\x06h\xf7\x0e\xeb\xe7\x1a\xa9+e\xb7r\x06\xd5\xcfn\xfd"m\xb9\xec\xf8(9\xf9t\x1b\x9f\x0f\x89\x07\xdd\xbe\x93\x8eO\xa9T:\'tS\x14\x91\xef\x10\x87\xf6\x0b~\xc1\x8f\x05Z\x8d\x06\xff\x0b+\x87\x8e\x1c\xc3\xea\x85\xf9\x00\x00\x00\x00IEND\xaeB`\x82\r\n--8d6678460f0124c0e79e287872e00e37--\r\n' 
 </msg>
<msg timestamp="20201104 03:18:06.342" level="INFO">POST Response : url=http://127.0.0.1:80/in.php 
 status=200, reason=OK 
 body=OK|9 
 </msg>
<msg timestamp="20201104 03:18:06.342" level="INFO">${response} = &lt;Response [200]&gt;</msg>
<status status="PASS" starttime="20201104 03:18:05.289" endtime="20201104 03:18:06.342"></status>
</kw>
<kw name="Strip String" library="String">
<doc>Remove leading and/or trailing whitespaces from the given string.</doc>
<arguments>
<arg>${response.text}</arg>
<arg>characters=OK|*</arg>
</arguments>
<assign>
<var>${strip}</var>
</assign>
<msg timestamp="20201104 03:18:06.343" level="INFO">${strip} = 9</msg>
<status status="PASS" starttime="20201104 03:18:06.342" endtime="20201104 03:18:06.343"></status>
</kw>
<kw name="Get Request" library="RequestsLibrary">
<doc>Send a GET request on the session object found using the
given `alias`</doc>
<arguments>
<arg>xEvil</arg>
<arg>/res.php?id=${strip}&amp;action=get</arg>
</arguments>
<assign>
<var>${response}</var>
</assign>
<msg timestamp="20201104 03:18:06.345" level="INFO">GET Request : url=http://127.0.0.1:80/res.php?id=9&amp;action=get 
 path_url=/res.php?id=9&amp;action=get 
 headers={'User-Agent': 'python-requests/2.24.0', 'Accept-Encoding': 'gzip, deflate', 'Accept': '*/*', 'Connection': 'keep-alive'} 
 body=None 
 </msg>
<msg timestamp="20201104 03:18:06.345" level="INFO">GET Response : url=http://127.0.0.1:80/res.php?id=9&amp;action=get 
 status=200, reason=OK 
 body=OK|*3963 
 </msg>
<msg timestamp="20201104 03:18:06.345" level="INFO">${response} = &lt;Response [200]&gt;</msg>
<status status="PASS" starttime="20201104 03:18:06.343" endtime="20201104 03:18:06.345"></status>
</kw>
<kw name="Strip String" library="String">
<doc>Remove leading and/or trailing whitespaces from the given string.</doc>
<arguments>
<arg>${response.text}</arg>
<arg>characters=OK|*</arg>
</arguments>
<assign>
<var>${strip}</var>
</assign>
<msg timestamp="20201104 03:18:06.346" level="INFO">${strip} = 3963</msg>
<status status="PASS" starttime="20201104 03:18:06.346" endtime="20201104 03:18:06.346"></status>
</kw>
<kw name="Log To Console" library="BuiltIn">
<doc>Logs the given message to the console.</doc>
<arguments>
<arg>${strip}</arg>
</arguments>
<status status="PASS" starttime="20201104 03:18:06.346" endtime="20201104 03:18:06.347"></status>
</kw>
<msg timestamp="20201104 03:18:06.347" level="INFO">${captcha_text} = 3963</msg>
<status status="PASS" starttime="20201104 03:18:05.283" endtime="20201104 03:18:06.347"></status>
</kw>
<kw name="Wait And Click">
<arguments>
<arg>//*[@id="v-Z7_01HA1A42KODT90AR30VLN22003"]/div/div[2]/div/div[2]/div/div/div/div[1]/div/div/div/div[1]/div/div/div/div[3]/div/div/div/div[1]/div/div/div/div[3]/div/div/div/div[1]/div/div/div/div[1]/div/input</arg>
</arguments>
<kw name="Wait Until Element Is Enabled" library="SeleniumLibrary">
<doc>Waits until the element ``locator`` is enabled.</doc>
<arguments>
<arg>${locator}</arg>
<arg>${timeout}</arg>
</arguments>
<status status="PASS" starttime="20201104 03:18:06.347" endtime="20201104 03:18:06.378"></status>
</kw>
<kw name="Click Element" library="SeleniumLibrary">
<doc>Click the element identified by ``locator``.</doc>
<arguments>
<arg>${locator}</arg>
</arguments>
<msg timestamp="20201104 03:18:06.379" level="INFO">Clicking element '//*[@id="v-Z7_01HA1A42KODT90AR30VLN22003"]/div/div[2]/div/div[2]/div/div/div/div[1]/div/div/div/div[1]/div/div/div/div[3]/div/div/div/div[1]/div/div/div/div[3]/div/div/div/div[1]/div/div/div/div[1]/div/input'.</msg>
<status status="PASS" starttime="20201104 03:18:06.378" endtime="20201104 03:18:06.448"></status>
</kw>
<status status="PASS" starttime="20201104 03:18:06.347" endtime="20201104 03:18:06.448"></status>
</kw>
<kw name="Wait And Input">
<arguments>
<arg>//*[@id="v-Z7_01HA1A42KODT90AR30VLN22003"]/div/div[2]/div/div[2]/div/div/div/div[1]/div/div/div/div[1]/div/div/div/div[3]/div/div/div/div[1]/div/div/div/div[3]/div/div/div/div[1]/div/div/div/div[1]/div/input</arg>
<arg>${captcha_text}</arg>
</arguments>
<kw name="Wait Until Element Is Enabled" library="SeleniumLibrary">
<doc>Waits until the element ``locator`` is enabled.</doc>
<arguments>
<arg>${locator}</arg>
<arg>${timeout}</arg>
</arguments>
<status status="PASS" starttime="20201104 03:18:06.449" endtime="20201104 03:18:06.477"></status>
</kw>
<kw name="Input Text" library="SeleniumLibrary">
<doc>Types the given ``text`` into the text field identified by ``locator``.</doc>
<arguments>
<arg>${locator}</arg>
<arg>${text}</arg>
</arguments>
<msg timestamp="20201104 03:18:06.477" level="INFO">Typing text '3963' into text field '//*[@id="v-Z7_01HA1A42KODT90AR30VLN22003"]/div/div[2]/div/div[2]/div/div/div/div[1]/div/div/div/div[1]/div/div/div/div[3]/div/div/div/div[1]/div/div/div/div[3]/div/div/div/div[1]/div/div/div/div[1]/div/input'.</msg>
<status status="PASS" starttime="20201104 03:18:06.477" endtime="20201104 03:18:06.550"></status>
</kw>
<status status="PASS" starttime="20201104 03:18:06.448" endtime="20201104 03:18:06.550"></status>
</kw>
<kw name="Wait And Click">
<arguments>
<arg>//*[@id="v-Z7_01HA1A42KODT90AR30VLN22003"]/div/div[2]/div/div[2]/div/div/div/div[1]/div/div/div/div[1]/div/div/div/div[4]/div/div/div/div[1]/div/div/div/div[1]</arg>
</arguments>
<kw name="Wait Until Element Is Enabled" library="SeleniumLibrary">
<doc>Waits until the element ``locator`` is enabled.</doc>
<arguments>
<arg>${locator}</arg>
<arg>${timeout}</arg>
</arguments>
<status status="PASS" starttime="20201104 03:18:06.551" endtime="20201104 03:18:06.582"></status>
</kw>
<kw name="Click Element" library="SeleniumLibrary">
<doc>Click the element identified by ``locator``.</doc>
<arguments>
<arg>${locator}</arg>
</arguments>
<msg timestamp="20201104 03:18:06.582" level="INFO">Clicking element '//*[@id="v-Z7_01HA1A42KODT90AR30VLN22003"]/div/div[2]/div/div[2]/div/div/div/div[1]/div/div/div/div[1]/div/div/div/div[4]/div/div/div/div[1]/div/div/div/div[1]'.</msg>
<status status="PASS" starttime="20201104 03:18:06.582" endtime="20201104 03:18:06.656"></status>
</kw>
<status status="PASS" starttime="20201104 03:18:06.550" endtime="20201104 03:18:06.656"></status>
</kw>
<kw name="Sleep" library="BuiltIn">
<doc>Pauses the test executed for the given time.</doc>
<arguments>
<arg>1s</arg>
</arguments>
<msg timestamp="20201104 03:18:07.658" level="INFO">Slept 1 second</msg>
<status status="PASS" starttime="20201104 03:18:06.657" endtime="20201104 03:18:07.658"></status>
</kw>
<kw name="Press Keys" library="SeleniumLibrary">
<doc>Simulates the user pressing key(s) to an element or on the active browser.</doc>
<arguments>
<arg>None</arg>
<arg>ESCAPE</arg>
</arguments>
<msg timestamp="20201104 03:18:07.658" level="INFO">Sending key(s) ('ESCAPE',) to page.</msg>
<msg timestamp="20201104 03:18:07.658" level="INFO">Pressing special key ESCAPE to browser.</msg>
<msg timestamp="20201104 03:18:07.658" level="INFO">Releasing special key ESCAPE.</msg>
<status status="PASS" starttime="20201104 03:18:07.658" endtime="20201104 03:18:07.668"></status>
</kw>
<status status="PASS" starttime="20201104 03:18:00.763" endtime="20201104 03:18:07.669"></status>
</kw>
<status status="PASS" starttime="20201104 03:17:29.625" endtime="20201104 03:18:07.669" critical="yes"></status>
</test>
<status status="PASS" starttime="20201104 03:17:29.256" endtime="20201104 03:18:07.672"></status>
</suite>
<statistics>
<total>
<stat pass="1" fail="0">Critical Tests</stat>
<stat pass="1" fail="0">All Tests</stat>
</total>
<tag>
</tag>
<suite>
<stat pass="1" fail="0" id="s1" name="Test">Test</stat>
</suite>
</statistics>
<errors>
</errors>
</robot>
1104 03:18:06.594"></status>
</suite>
<statistics>
<total>
<stat pass="1" fail="0">Critical Tests</stat>
<stat pass="1" fail="0">All Tests</stat>
</total>
<tag>
</tag>
<suite>
<stat pass="1" fail="0" id="s1" name="Test">Test</stat>
</suite>
</statistics>
<errors>
</errors>
</robot>
