<?xml version="1.0" encoding="UTF-8"?>
<robot generator="Robot 3.2.2 (Python 3.9.0 on win32)" generated="20201114 19:14:29.035" rpa="false">
<suite id="s1" name="Test" source="C:\Users\ASUS PC\PycharmProjects\robotframework\Launch\test.robot">
<test id="s1-t1" name="Launch Case">
<kw name="Open Browser Max Size" type="setup">
<kw name="Open Browser" library="SeleniumLibrary">
<doc>Opens a new browser instance to the optional ``url``.</doc>
<arguments>
<arg>https://rosreestr.ru</arg>
<arg>chrome</arg>
</arguments>
<msg timestamp="20201114 19:14:29.395" level="INFO">Opening browser 'chrome' to base url 'https://rosreestr.ru'.</msg>
<status status="PASS" starttime="20201114 19:14:29.395" endtime="20201114 19:14:36.765"></status>
</kw>
<kw name="Create Session" library="RequestsLibrary">
<doc>Create Session: create a HTTP session to a server</doc>
<arguments>
<arg>xEvil</arg>
<arg>http://127.0.0.1:80</arg>
</arguments>
<msg timestamp="20201114 19:14:36.767" level="INFO">Creating Session using : alias=xEvil, url=http://127.0.0.1:80, headers={},                     cookies={}, auth=None, timeout=None, proxies=None, verify=False,                     debug=0 </msg>
<status status="PASS" starttime="20201114 19:14:36.766" endtime="20201114 19:14:36.767"></status>
</kw>
<status status="PASS" starttime="20201114 19:14:29.394" endtime="20201114 19:14:36.767"></status>
</kw>
<kw name="Go To" library="SeleniumLibrary">
<doc>Navigates the current browser window to the provided ``url``.</doc>
<arguments>
<arg>https://rosreestr.ru/wps/portal/p/cc_present/ir_egrn</arg>
</arguments>
<msg timestamp="20201114 19:14:36.768" level="INFO">Opening url 'https://rosreestr.ru/wps/portal/p/cc_present/ir_egrn'</msg>
<status status="PASS" starttime="20201114 19:14:36.768" endtime="20201114 19:14:37.929"></status>
</kw>
<kw name="Wait And Input">
<arguments>
<arg>//*[@id="v-Z7_01HA1A42KODT90AR30VLN22003"]/div/div[2]/div/div[2]/div/div/div/div[1]/div/div/div/div[1]/div/div/div/div/div[2]/div/div/div/div[2]/div/div/div[1]/div/input</arg>
<arg>${egrn_access_key}</arg>
</arguments>
<kw name="Wait Until Element Is Enabled" library="SeleniumLibrary">
<doc>Waits until the element ``locator`` is enabled.</doc>
<arguments>
<arg>${locator}</arg>
<arg>${timeout}</arg>
</arguments>
<status status="PASS" starttime="20201114 19:14:37.931" endtime="20201114 19:14:38.194"></status>
</kw>
<kw name="Input Text" library="SeleniumLibrary">
<doc>Types the given ``text`` into the text field identified by ``locator``.</doc>
<arguments>
<arg>${locator}</arg>
<arg>${text}</arg>
</arguments>
<msg timestamp="20201114 19:14:38.195" level="INFO">Typing text 'a2e63193-4ba0-40b7-8b95-9e0492dbf62c' into text field '//*[@id="v-Z7_01HA1A42KODT90AR30VLN22003"]/div/div[2]/div/div[2]/div/div/div/div[1]/div/div/div/div[1]/div/div/div/div/div[2]/div/div/div/div[2]/div/div/div[1]/div/input'.</msg>
<status status="PASS" starttime="20201114 19:14:38.195" endtime="20201114 19:14:38.378"></status>
</kw>
<status status="PASS" starttime="20201114 19:14:37.930" endtime="20201114 19:14:38.379"></status>
</kw>
<kw name="Click Element" library="SeleniumLibrary">
<doc>Click the element identified by ``locator``.</doc>
<arguments>
<arg>//*[@id="v-Z7_01HA1A42KODT90AR30VLN22003"]/div/div[2]/div/div[2]/div/div/div/div[1]/div/div/div/div[2]/div/div/div/div[1]/div/div/div/div[1]/div/div</arg>
</arguments>
<msg timestamp="20201114 19:14:38.380" level="INFO">Clicking element '//*[@id="v-Z7_01HA1A42KODT90AR30VLN22003"]/div/div[2]/div/div[2]/div/div/div/div[1]/div/div/div/div[2]/div/div/div/div[1]/div/div/div/div[1]/div/div'.</msg>
<status status="PASS" starttime="20201114 19:14:38.380" endtime="20201114 19:14:38.495"></status>
</kw>
<kw name="Do Full Iteration">
<kw name="Wait And Click">
<arguments>
<arg>//*[@id="v-Z7_01HA1A42KODT90AR30VLN22003"]/div/div[2]/div/div[1]/div/div/div/div[1]/div/div/div/div[1]/div/div/div/div/div[1]/div/div/span/span</arg>
</arguments>
<kw name="Wait Until Element Is Enabled" library="SeleniumLibrary">
<doc>Waits until the element ``locator`` is enabled.</doc>
<arguments>
<arg>${locator}</arg>
<arg>${timeout}</arg>
</arguments>
<status status="PASS" starttime="20201114 19:14:38.497" endtime="20201114 19:14:38.761"></status>
</kw>
<kw name="Click Element" library="SeleniumLibrary">
<doc>Click the element identified by ``locator``.</doc>
<arguments>
<arg>${locator}</arg>
</arguments>
<msg timestamp="20201114 19:14:38.762" level="INFO">Clicking element '//*[@id="v-Z7_01HA1A42KODT90AR30VLN22003"]/div/div[2]/div/div[1]/div/div/div/div[1]/div/div/div/div[1]/div/div/div/div/div[1]/div/div/span/span'.</msg>
<status status="PASS" starttime="20201114 19:14:38.762" endtime="20201114 19:14:38.850"></status>
</kw>
<status status="PASS" starttime="20201114 19:14:38.496" endtime="20201114 19:14:38.851"></status>
</kw>
<kw name="Wait And Input">
<arguments>
<arg>//*[@id="v-Z7_01HA1A42KODT90AR30VLN22003"]/div/div[2]/div/div[2]/div/div/div/div[1]/div/div/div/div[2]/div/div/div[2]/div/div/div/div/div[2]/div/div/div/div[1]/div/div/div/div[1]/div/div/div/div[1]/div/div/div/div[1]/div/input</arg>
<arg>50:15:0000000:33365</arg>
</arguments>
<kw name="Wait Until Element Is Enabled" library="SeleniumLibrary">
<doc>Waits until the element ``locator`` is enabled.</doc>
<arguments>
<arg>${locator}</arg>
<arg>${timeout}</arg>
</arguments>
<status status="PASS" starttime="20201114 19:14:38.851" endtime="20201114 19:14:39.181"></status>
</kw>
<kw name="Input Text" library="SeleniumLibrary">
<doc>Types the given ``text`` into the text field identified by ``locator``.</doc>
<arguments>
<arg>${locator}</arg>
<arg>${text}</arg>
</arguments>
<msg timestamp="20201114 19:14:39.182" level="INFO">Typing text '50:15:0000000:33365' into text field '//*[@id="v-Z7_01HA1A42KODT90AR30VLN22003"]/div/div[2]/div/div[2]/div/div/div/div[1]/div/div/div/div[2]/div/div/div[2]/div/div/div/div/div[2]/div/div/div/div[1]/div/div/div/div[1]/div/div/div/div[1]/div/div/div/div[1]/div/input'.</msg>
<status status="PASS" starttime="20201114 19:14:39.181" endtime="20201114 19:14:39.367"></status>
</kw>
<status status="PASS" starttime="20201114 19:14:38.851" endtime="20201114 19:14:39.367"></status>
</kw>
<kw name="Input Text" library="SeleniumLibrary">
<doc>Types the given ``text`` into the text field identified by ``locator``.</doc>
<arguments>
<arg>//*[@id="v-Z7_01HA1A42KODT90AR30VLN22003"]/div/div[2]/div/div[2]/div/div/div/div[1]/div/div/div/div[2]/div/div/div[2]/div/div/div/div/div[2]/div/div/div/div[3]/div/div/div/div[1]/div/div/div/div[1]/div/div/div/div[1]/div/div/div/div[1]/div[1]/div/input</arg>
<arg>Московская область</arg>
</arguments>
<msg timestamp="20201114 19:14:39.367" level="INFO">Typing text 'Московская область' into text field '//*[@id="v-Z7_01HA1A42KODT90AR30VLN22003"]/div/div[2]/div/div[2]/div/div/div/div[1]/div/div/div/div[2]/div/div/div[2]/div/div/div/div/div[2]/div/div/div/div[3]/div/div/div/div[1]/div/div/div/div[1]/div/div/div/div[1]/div/div/div/div[1]/div[1]/div/input'.</msg>
<status status="PASS" starttime="20201114 19:14:39.367" endtime="20201114 19:14:39.595"></status>
</kw>
<kw name="Wait And Click">
<arguments>
<arg>//*[@id="VAADIN_COMBOBOX_OPTIONLIST"]/div/div[2]/table/tbody/tr/td/span</arg>
</arguments>
<kw name="Wait Until Element Is Enabled" library="SeleniumLibrary">
<doc>Waits until the element ``locator`` is enabled.</doc>
<arguments>
<arg>${locator}</arg>
<arg>${timeout}</arg>
</arguments>
<status status="PASS" starttime="20201114 19:14:39.596" endtime="20201114 19:14:40.275"></status>
</kw>
<kw name="Click Element" library="SeleniumLibrary">
<doc>Click the element identified by ``locator``.</doc>
<arguments>
<arg>${locator}</arg>
</arguments>
<msg timestamp="20201114 19:14:40.275" level="INFO">Clicking element '//*[@id="VAADIN_COMBOBOX_OPTIONLIST"]/div/div[2]/table/tbody/tr/td/span'.</msg>
<status status="PASS" starttime="20201114 19:14:40.275" endtime="20201114 19:14:40.348"></status>
</kw>
<status status="PASS" starttime="20201114 19:14:39.595" endtime="20201114 19:14:40.348"></status>
</kw>
<kw name="Click Element" library="SeleniumLibrary">
<doc>Click the element identified by ``locator``.</doc>
<arguments>
<arg>//*[@id="v-Z7_01HA1A42KODT90AR30VLN22003"]/div/div[2]/div/div[2]/div/div/div/div[1]/div/div/div/div[3]/div/div/div/div[1]/div/div/div/div[1]/div/div</arg>
</arguments>
<msg timestamp="20201114 19:14:40.349" level="INFO">Clicking element '//*[@id="v-Z7_01HA1A42KODT90AR30VLN22003"]/div/div[2]/div/div[2]/div/div/div/div[1]/div/div/div/div[3]/div/div/div/div[1]/div/div/div/div[1]/div/div'.</msg>
<status status="PASS" starttime="20201114 19:14:40.349" endtime="20201114 19:14:40.436"></status>
</kw>
<kw name="Wait And Click">
<arguments>
<arg>//*[@id="v-Z7_01HA1A42KODT90AR30VLN22003"]/div/div[2]/div/div[2]/div/div/div/div[1]/div/div/div/div[5]/div/div/div[2]/div[1]/table/tbody/tr</arg>
</arguments>
<kw name="Wait Until Element Is Enabled" library="SeleniumLibrary">
<doc>Waits until the element ``locator`` is enabled.</doc>
<arguments>
<arg>${locator}</arg>
<arg>${timeout}</arg>
</arguments>
<status status="PASS" starttime="20201114 19:14:40.437" endtime="20201114 19:14:41.584"></status>
</kw>
<kw name="Click Element" library="SeleniumLibrary">
<doc>Click the element identified by ``locator``.</doc>
<arguments>
<arg>${locator}</arg>
</arguments>
<msg timestamp="20201114 19:14:41.584" level="INFO">Clicking element '//*[@id="v-Z7_01HA1A42KODT90AR30VLN22003"]/div/div[2]/div/div[2]/div/div/div/div[1]/div/div/div/div[5]/div/div/div[2]/div[1]/table/tbody/tr'.</msg>
<status status="PASS" starttime="20201114 19:14:41.584" endtime="20201114 19:14:41.665"></status>
</kw>
<status status="PASS" starttime="20201114 19:14:40.436" endtime="20201114 19:14:41.665"></status>
</kw>
<kw name="Wait Until Element Is Enabled" library="SeleniumLibrary">
<doc>Waits until the element ``locator`` is enabled.</doc>
<arguments>
<arg>//*[@id="v-Z7_01HA1A42KODT90AR30VLN22003"]/div/div[2]/div/div[2]/div/div/div/div[1]/div/div/div/div[1]/div/div/div/div[3]/div/div/div/div[1]/div/div/div/div[2]/div/div/div/div[1]/div/div/img</arg>
<arg>15s</arg>
</arguments>
<status status="PASS" starttime="20201114 19:14:41.666" endtime="20201114 19:14:41.920"></status>
</kw>
<kw name="Sleep" library="BuiltIn">
<doc>Pauses the test executed for the given time.</doc>
<arguments>
<arg>1s</arg>
</arguments>
<msg timestamp="20201114 19:14:42.922" level="INFO">Slept 1 second</msg>
<status status="PASS" starttime="20201114 19:14:41.920" endtime="20201114 19:14:42.922"></status>
</kw>
<kw name="Capture Element Screenshot" library="SeleniumLibrary">
<doc>Captures a screenshot from the element identified by ``locator`` and embeds it into log file.</doc>
<arguments>
<arg>//*[@id="v-Z7_01HA1A42KODT90AR30VLN22003"]/div/div[2]/div/div[2]/div/div/div/div[1]/div/div/div/div[1]/div/div/div/div[3]/div/div/div/div[1]/div/div/div/div[2]/div/div/div/div[1]/div/div/img</arg>
<arg>${captcha_location}</arg>
</arguments>
<msg timestamp="20201114 19:14:43.287" level="INFO" html="yes">&lt;/td&gt;&lt;/tr&gt;&lt;tr&gt;&lt;td colspan="3"&gt;&lt;a href="Captchas/captcha.png"&gt;&lt;img src="Captchas/captcha.png" width="400px"&gt;&lt;/a&gt;</msg>
<status status="PASS" starttime="20201114 19:14:42.922" endtime="20201114 19:14:43.287"></status>
</kw>
<kw name="Solve Captcha">
<assign>
<var>${captcha_text}</var>
</assign>
<kw name="Get Binary File" library="OperatingSystem">
<doc>Returns the contents of a specified file.</doc>
<arguments>
<arg>${captcha_location}</arg>
</arguments>
<assign>
<var>${file}</var>
</assign>
<msg timestamp="20201114 19:14:43.288" level="INFO" html="yes">Getting file '&lt;a href="file://C:\Users\ASUS PC\PycharmProjects\robotframework\Captchas\captcha.png"&gt;C:\Users\ASUS PC\PycharmProjects\robotframework\Captchas\captcha.png&lt;/a&gt;'.</msg>
<msg timestamp="20201114 19:14:43.290" level="INFO">${file} = \x89PNG

IHDR\xb42\xf5$\xf1\xf7sRGB\xae\xce\xe92IDATx\x9c\xed]\xe9o\xc7\xf9~\x96\xc7\x92\xcbK$%\x8b\xba\xcb\xb2,Yl\xc9G\xe2\xc4\x81\x80\xf4\x9a&amp;H\xda\xa0_Z\xe4S\xff\xa6\x...</msg>
<status status="PASS" starttime="20201114 19:14:43.287" endtime="20201114 19:14:43.290"></status>
</kw>
<kw name="Create Dictionary" library="BuiltIn">
<doc>Creates and returns a dictionary based on the given ``items``.</doc>
<arguments>
<arg>file=${file}</arg>
</arguments>
<assign>
<var>${files}</var>
</assign>
<msg timestamp="20201114 19:14:43.292" level="INFO">${files} = {'file': b'\x89PNG\r\n\x1a\n\x00\x00\x00\rIHDR\x00\x00\x00\xb4\x00\x00\x002\x08\x06\x00\x00\x00\xf5$\xf1\xf7\x00\x00\x00\x01sRGB\x00\xae\xce\x1c\xe9\x00\x00\x182IDATx\x9c\xed]\xe9o\x1b\xc7\xf9~\x96\xc...</msg>
<status status="PASS" starttime="20201114 19:14:43.290" endtime="20201114 19:14:43.292"></status>
</kw>
<kw name="Post Request" library="RequestsLibrary">
<doc>Send a POST request on the session object found using the
given `alias`</doc>
<arguments>
<arg>xEvil</arg>
<arg>/in.php</arg>
<arg>files=${files}</arg>
</arguments>
<assign>
<var>${response}</var>
</assign>
<msg timestamp="20201114 19:14:44.388" level="INFO">POST Request : url=http://127.0.0.1:80/in.php 
 path_url=/in.php 
 headers={'User-Agent': 'python-requests/2.24.0', 'Accept-Encoding': 'gzip, deflate', 'Accept': '*/*', 'Connection': 'keep-alive', 'Content-Length': '6404', 'Content-Type': 'multipart/form-data; boundary=9f3c2d778f7a9d125af1901f5f352663'} 
 body=b'--9f3c2d778f7a9d125af1901f5f352663\r\nContent-Disposition: form-data; name="file"; filename="file"\r\n\r\n\x89PNG\r\n\x1a\n\x00\x00\x00\rIHDR\x00\x00\x00\xb4\x00\x00\x002\x08\x06\x00\x00\x00\xf5$\xf1\xf7\x00\x00\x00\x01sRGB\x00\xae\xce\x1c\xe9\x00\x00\x182IDATx\x9c\xed]\xe9o\x1b\xc7\xf9~\x96\xc7\x92\xcbK$%\x8b\xba\x0f\xcb\xb2,Y\x17l\xc9G\xe2\xc4\x81\x80\xf4\x00\x9a&amp;H\xda\xa0_Z\xe4S\xff\xa6\xa2\x9f\xfa\xa5@\x0b\x14\x05\x1a h\x8dZQ\xd3FulY\x96d\xcb\xba,K\x16%\x91"%\x9e\xcbc\x97\xd7\xf6\x83~3\xe1\x1e\xa4H\x89\x94\x9d\xfc\xf2\x00\x0b\xbd\xdc\x9d\x9d\x9d\x99}\xe6\x9dw\xe6}g\xc5\xcc\xcc\xccH\x7f\xf8\xc3\x1f\xf0\x03~\xc0\xf7\x01\x06\x00\xf8\xf3\x9f\xff\x8c\xae\xae.0\x0c\x03\x00\xb2\xbf\xaf\xeb\xdci\xf3\xd0JS\xeeZ\xb9\xf4Z\xf7\xbeimpR\xf9\xb5\xd2\xebt\xba\x8a\xdb\xaa\xda\xf6y\x9d&lt;\xd8\xdf\xdf?&amp;\xb4\xd1hD{{;\xbd\xa0\xd3\xe9d\x89I\x03\xd4K&gt;\x8fCY\xafz\xcboj;\xd4\xb3\xdd^w\xbd\x97\x96\x96\xf0mW\xfd?\x90\x02*{\x81\xd6\xb5Z\xc9\xb5\xca\xab\x1c\xce\xa3\x1e\xc5\xf2y&gt;\xaf\x9e\xf8\xae\xb5\x95\x8a\xd0\xa5\xf0]\xabX5r=\xf1}k\xb7r\xa8U=\xceR\'\xc3i\x0bPO0\x0c\x03I\x92 \x08\x02x\x9eG4\x1a\x05\x00\x0c\r\rUU\xc6\xb3\x10B\x92$\xa4R)\xf8\xfd~D"\x11\xc4\xe3q\xe4r9\x00\x80\xc1`\x80\xcdf\x83\xcb\xe5Bkk+&lt;\x1eO\xc5\xcf\x13\x04\x01&gt;\x9f\x0f\x81@\x00\xf1x\x1c\xa9T\n\x92$\xd1&lt;/\\\xb8\x80\xf6\xf6v\xb4\xb4\xb4\xc8\x86\xe5r\xf9\xa6\xd3ix\xbd^\xf8|&gt;D\xa3Q$\x12\t\x9a\xa7\xc3\xe1@KK\x0b\xba\xba\xba\xd0\xde\xde\x0e\x96ek\xd2V\xcav\xab\x17\xaa-#%t\xb5\x19\xd4\xa27\x15\xcb\x92$A\x14E\xf0&lt;\x8fx&lt;\x0e\x9e\xe7\x91H$\x90J\xa5\xc0\xf3&lt;\xacV\xab\x8c\xd0Jd2\x19\x1c\x1d\x1d\xd1\x17\x9a\xcdf\x01\x00z\xbd\x1e\x16\x8b\x05N\xa7\x13\x1e\x8f\x07.\x97\xeb\xc4:\xa5R)lnnbkk\x0b\x87\x87\x87\xb4,\xf9|\x1e\xc0\xb1\xbd\xc8q\x1c\xecv;\x9a\x9b\x9bq\xf1\xe2E\\\xbdz\x15\x17.\\(Y\xbft:\x8d\x8d\x8d\rlll\xc0\xe7\xf3!\x1c\x0e#\x91H@\x10\x04H\x92\x04\x9dNG\xcb\xd9\xdc\xdc\x8c\xb6\xb66\xf4\xf7\xf7\xa3\xbf\xbf\x1f\r\r\r\x9auN\xa5RX^^\xc6\xca\xca\n\xbc^/-+\xe9$z\xbd\x1eV\xab\x15n\xb7\x9b\x92zhh\x08\x83\x83\x83e\xdb\xa1Z\xf9M\x19!\x00\x05\xa1\xcf\xb3b\x92$!\x93\xc9 \x91H \x1e\x8f#\x91H \x99L"\x99LR"\x13R\x02\x00\xcb\xb2\x9a\xcf\xc8f\xb3\xf0\xf9|\xf0z\xbd8::\xa2Z/\x97\xcbQ\xa2p\x1cG\xb5_WW\x17.]\xba\x04\x87\xc3\xa1j\x0cI\x92\x10\x8dF1??\x8f\xd5\xd5U\x1c\x1e\x1eB\x92$U\xbaB\xa1\x00\x9e\xe7\xc1\xf3&lt;\xfc~?\xb6\xb7\xb7\x11\x08\x04p\xe7\xce\x1dttt\xc8\xcaW(\x14\x10\x0e\x87\xf1\xe0\xc1\x03,//\xc3\xe7\xf3QM\xaf\xcc3\x1e\x8f#\x1e\x8f\xc3\xeb\xf5\xc2d2ayy\x19\xe3\xe3\xe3\xf8\xe5/\x7f)\xab\xb7$I\x08\x06\x83\x98\x99\x99\xc1\x93\'O\xe0\xf5zK\xe6\x19\x8dF\x11\x8dF\xb1\xb5\xb5\x85\'O\x9e`aa\x01\x93\x93\x93\xf8\xec\xb3\xcfT\xe9\xcf\x82\xf3"v\xc5&amp;G-QI\xe1\xd2\xe94\x9e&gt;}J5p:\x9d\x96\x11\xf8\xa4\xfc\x19\x86A:\x9d\xc6\xda\xda\x1a^\xbcx\x81`0H5h1\xf2\xf9&lt;\x12\x89\x04\x12\x89\x04\x82\xc1 vwwqtt\x84\x89\x89\t466\xca\xca\x94J\xa5077\x87\xc7\x8f\x1f#\x9dNWT\x16I\x92\x10\x8b\xc50??\x8fB\xa1\x80\x9f\xff\xfc\xe7\xb0\xdb\xed\x00\x8e\tuxx\x88\xfb\xf7\xefcaa\x01\xa9T\xaa\xa2&lt;\x01@\x14ElmmA\x92$|\xfa\xe9\xa7\xb2\xe7\x1d\x1c\x1c\xe0\xf3\xcf?\xc7\xc3\x87\x0f\x91H$*\xceS\x10\x04\xac\xaf\xaf\xa3P(\xe0\xb3\xcf&gt;\xab\x9b\xd6|\x9d\xc4&gt;\xb5\xc9Q\x8d\xac\x05A\x10\xf0\xe2\xc5\x8b\xb2iN\xba\x7fuu\x15\x8b\x8b\x8b\xe0y\xbe\xa2{\x88\xc6ZZZ\x02\x00\xdc\xbd{\x17\x16\x8b\x05\x00\x90\xcb\xe5\xb0\xb3\xb3\x83\x85\x85\x05\x19\x99M&amp;\x13z{{\xd1\xd2\xd2\x02\x8e\xe3\x90\xcf\xe7\x11\n\x85\xb0\xb3\xb3\x83\xa3\xa3#Yy\xd6\xd6\xd6000\x80\xc9\xc9I\x00@,\x16\xc3\x97_~\x89G\x8f\x1e\xc9:+\xc30\xb0Z\xad\xe8\xeb\xebC[[\x1b\xacV+\x80c\x12\x1f\x1e\x1e\xe2\xf0\xf0\x10&gt;\x9fO\xb3S\x85\xc3a|\xf1\xc5\x17\xf8\xcf\x7f\xfe\x83L&amp;#\xcb\xd3f\xb3app\x10\x1d\x1d\x1d\xb4S\t\x82\x80@ \x00\xbf\xdf\x8f\xbd\xbd=$\x93\xc97\xceL \xc8\xe7\xf3\xc8\xe7\xf30\x9b\xcd\x15\xdf\xa3|fMM\x8eRr%\x15e\x18\x06,\xcb\xc2d2!\x1e\x8f\x97-|&gt;\x9fG0\x18\xc4\xd3\xa7O)\x99\xf5z=\x1a\x1b\x1b\xe1\xf1x\xe0p8\xa0\xd3\xe9\xe80\xee\xf7\xfbU\xe4[__Gww7\x86\x86\x86\xa8\xb6_]]\x95i&lt;\xb3\xd9\x8c\x91\x91\x11\xdc\xbcy\x13\x1e\x8f\x07f\xb3\x19\x85B\x01\x91H\x04/^\xbc\xc0\xec\xec,\x0e\x0e\x0eh\xfad2\x89\xe7\xcf\x9fcrr\x12\xe9t\x1aKKKx\xfc\xf8\xb1\x8c\xcc:\x9d\x0e\xcd\xcd\xcdx\xe7\x9dwp\xe5\xca\x15\xb4\xb6\xb6\xd2N\x95\xc9d\x10\x0e\x87\x11\n\x85\xb0\xbf\xbf\x8f\xad\xad-\xd9\xbd\xe9t\x1asss\xf8\xfa\xeb\xafed\xd6\xe9thmm\xc5\xfb\xef\xbf\x8f\xd1\xd1Q\xb4\xb7\xb7\xc3f\xb3\x018\xee$GGG\x08\x06\x83\xf0z\xbd\xd8\xd8\xd8\x80(\x8aU\xbf\xc3\xd3\xc8\xf9|\x1e\xa2(B\x10\x04\xa4\xd3iz(\x7f\x93C\x14E\xb4\xb5\xb5\xe17\xbf\xf9\xcd\xa9\x9f}\xeaU\x8e\xb3\x10\x9ba\x18\x99mk\xb7\xdba\xb5Za\xb7\xdb\x91\xcb\xe5\xf0\xe8\xd1#(Q\x9c\x17\x19\x8ec\xb1\x18=g\xb3\xd9p\xfb\xf6mJh\xbd^Om]\xaf\xd7\x8b\x85\x85\x05\xf8\xfd~\x9a&gt;\x99Lbcc\x83N4\x05A\x80\xd7\xeb\x95=\xd3n\xb7\xe3\xed\xb7\xdfFkk+}\xbe^\xaf\xc7\x85\x0b\x17`\xb3\xd9 \x08\x02\xbe\xf8\xe2\x0b\x9a&gt;\x9b\xcd"\x14\n\xa1P( \x18\x0cbvvV\xa6e\x19\x86\x81\xcb\xe5\xc2\x8f~\xf4#\xdc\xbe}\x1bf\xb3\x99\xe6K\xda\xa3\xbd\xbd\x1d\x9d\x9d\x9d\x18\x19\x19\xc1\xc1\xc1\x01B\xa1\x10\xb5\xc5}&gt;\x1f\xa6\xa7\xa7e\xa6\x0b\xc30hjj\xc2G\x1f}\x84\xbbw\xef\x82\xe38\xd9\xea\x88\xc5bAWW\x17\xba\xbb\xbbq\xed\xda5\xec\xef\xef#\x18\x0c\x9eJ\x9b\x16\n\x05\x08\x82@IJ\x88I\xe4\xe2\xdf\xe5\xce\x139\x95J\xc9\xcee\xb3Y\\\xbf~\x1d\xbf\xfe\xf5\xafO5\x8a\x00\x15N\nO\x82$I(\x14\n0\x18*7\xc9-\x16\x0b\xc6\xc7\xc7e\x846\x99L\x08\x85Be\xefc\x18\x06\xa2(\xaa\xc8\xa7\xd3\xe9\xe0p8\xa8v&amp;\xe7\\.\x17\xacV+\n\x85\x82\x8c\xd0\xb9\\\x0e\xe1p\x98\xfe\xce\xe7\xf3*\xd3\x85eY\xba$G\x9eM\xc0q\x1c.^\xbc\xa8*\x9b^\xaf\xa7\xda\xde\xe7\xf3\xc9\xae\x9b\xcdf\x8c\x8d\x8d\xe1\xd6\xad[0\x99L\x9a\xf9\xd2\xc9\x8d\xc1\x80\xce\xceNtuu\x018\xb6\xef\x97\x96\x96T\xf5\xe68\x0e\x93\x93\x93x\xf7\xddwe\x1dD+_\xa3\xd1\x88\x9e\x9e\x1eZ\xeeB\xa1\x80L&amp;C\t\xaa\xfcK\x0e\xe5o-\xa2j\x91\xb6x\x14\xa9\x04z\xbd\x9e\xaevq\x1cW\xb6}\xb4d\x99\xc9q\x96\x99\xa5(\x8ax\xf5\xea\x15m4r\xb0,+\xfbk2\x99`4\x1a\xc10\x0c8\x8e\xc3\xc0\xc0\x00\xd5\xd6\xd5@\x8b|\xc9d\x12KKK\xb8s\xe7\x0e\x1dnI\xf9X\x96EKKK\xc9\xfcH\x1d\x95\x9d8\x9b\xcd"\x1c\x0e\xa3\xa9\xa9IUo\xd2\x89\x8bA\x9e\x93H$\xb0\xb8\xb8\xa8Z!q:\x9dx\xfb\xed\xb7\xab\xb2\x11\tx\x9e\xc7\xa3G\x8fdy2\x0c\x83\xc6\xc6FLMM\x81\xe38\x14\n\x05\x88\xa2H\x0fBV\xad\x83\x10\xb5\x14YEQTi\xdbj\t\xaa\xd3\xe9`6\x9b\xc1q\x1c=,\x16\x8b\xec/\xc7q\xb0Z\xad\xf4\\{{{\xd5|(\x86\x814Lq#\x95\x92K]\x13E\x11\x1b\x1b\x1b\xc8\xe7\xf30\x18\x0c2R\x97"w\xf1_Bt\x96ee\xf6])\x90NP\xbc\xaa\x91\xc9d\xb0\xb9\xb9\x89\x86\x86\x06\x8c\x8d\x8d\xd1\x89\x16p\xac\x8d\x95\x9a\xdf`0\xc0\xe5r\xd1z\x18\x8dF\xb8\xddn\x04\x02\x01\x9a&amp;\x91H`~~\x1e\xef\xbe\xfb.\xcd\x8f\xa4\x17\x04\x01\xaf^\xbd\x92\xe5i\xb7\xdb144\x84\xc3\xc3C\xd9h\x00\x1c\x93\xbd\xa3\xa3\x83j\\\xad\xf6U\xca\x85B\x01\xd9l\x16\xa9T\n/^\xbc\xc0\xee\xee\xae\xaa\x1d$I\xc2\xda\xda\x1a\x9e={\x86L&amp;\xa3"j)\xad{Z\x82\x9aL&amp;p\x1cG\x89\xaa$\xac\xf2 \xc4\xb5Z\xad*\xd9b\xb1\xc8d\xb3\xd9\x0c\xbd^_q\xfb(e\xe0\x94\xcbv\xcaL\x08\xb1$IB6\x9b-\xbb\xfcF\x86eB\xe0bb\xb3,\xab\xb9\xf4\x06\x1ck\xcb\xc3\xc3C\x98L&amp;d\xb3Y\xb8\\.\x04\x83AY\x1a2\x11c\x18\x06###\xb0\xdb\xed\x90$\t\xa1P\x08\xcf\x9e=\x93\xa5\xb5Z\xad\x18\x18\x18\xa0e\xe28\x0e\x97/_\x96\x11:\x9dNcaa\x01F\xa3\x11###T\xcb\xe7r9\xec\xed\xedaqq\x91\xa6\xe58\x0eW\xaf^E{{;\x1e&gt;|\xa8Z\x17\xe68\x0e\x97.]B&amp;\x93A6\x9b\xa5\x7fEQ\xa4mF\xb4j\xb1\x9c\xc9d\x90L&amp;\xb1\xbb\xbb\xab\xca\x93\xd4\xedO\x7f\xfa\x13M_\r\x08AM&amp;\x13%f\xb1l6\x9be\x845\x9b\xcd\x94x\x84\x84\x84\xb4Z\x87\xd9l\xa6\x01L\x95\x1e\xe4}\x9cv\x8eV\x93I\xa1\xd9l\xc6\xc0\xc0\x00r\xb9\x9c\xe6A^\x98\xf2|\xa5k\xbd\xc0\xb1I177G\x1d,Z\xc4\x97$\t&lt;\xcf\xe3\xc9\x93\'\xe0y\x1e\x0e\x87\x83\xbet\xa5v#\xa4\x0c\x87\xc34?\xe2b/\xce/\x1a\x8d\xe2\xeb\xaf\xbfF \x10@[[\x9b\xec\xde\xfd\xfd}U\x19ggg\xb1\xbe\xbe\xae*[6\x9b\xc5\xf6\xf66b\xb1\x98\xca\x14\xd02\r\x04A8q]^\x92$\xd5\xa4S\xa7\xd3Qs\x88a\x18\x18\x0c\x06\xd8\xedv\xba\x02DHZL\xd6b\x82\x12YIT\x92\xaex~B\x9ey\x12A\xcf\x82\xaay933#}\xf8\xe1\x87\xb8y\xf3&amp;-h\xf1\xcc\xbb\x1a\x19\x80&amp;\x99\x8bI]\xfc[\xeb:\xd1J?\xe0\xb8m\x8dF#\x0c\x06\x03\x04APub\x9b\xcd\x86\xf1\xf1q\xe4r9lnn"\x14\nQB\x13[\xdbh4\xd2x\x8e\xd1\xd1Q\xdc\xbe}\x1b\x1d\x1d\x1dT\x1bW\xabA\x95d\xade\xf8\xecY\xc3N\x97\x96\x96j\xef\xfa&amp;CV\xa9J\x13m\x98\xc9dTD\xcff\xb3\x88F\xa3*\xf3\x008\xb6y\x9dN\'\x1d\x8e\x05AP\xa5\xf9\xbe\x81\xe38\\\xbbv\r\x0e\x87\x03\xff\xfc\xe7?U\x84v\xb9\\\xf8\xe9O\x7f\x8a\x07\x0f\x1e`{{\x1b\x92$\xa9\xd2\x90\x18\x97H$B\x97\x00\x7f\xfc\xe3\x1f\xc3\xe9t\x9eY\x83\x9ee!\xa1\x16\xb2\xd6\xb5\xba\xb8\xbe\x8b\xa1U\x08b3k\xf5\xb2\xa3\xa3#MB[\xadV\xdc\xb8q\x83\x0e\xcf\xa9T\n\x85B\x81j#\xbf\xdf\xaf\xb2\xa9\x8b\xc1\xb2,\xba\xba\xbaT\x01D\xca\xf2\x91a|gg\xa7\xa2%D\xb3\xd9\x8c\xde\xde^\xb4\xb6\xb6\x028^\x8d\x98\x9b\x9bS\xadp\x90 \xa9J\xbd\x9a\x04v\xbb\x1d###\xb8w\xef\x9e\xea\x9a \x08X^^\xc6W_}ub\xbe\xf9|\x1e~\xbf\x1f\x9f\x7f\xfe9DQ\xc4\xaf~\xf5+\xda\x16\xa4.\xd5\xc8\x95\xe2\xbc\x89}.\xae\xefZ\xd8R&amp;\x93\t\x97.]\x92\x91\x9fLB\x0f\x0e\x0e\x10\x89D\xca\xde\xaf\xd3\xe9`\xb7\xdb\xd1\xdf\xdf\x8f\xae\xae.\x18\x0c\x06\xd5pIb/H\x10\x119o6\x9b\x91N\xa75\x03\x95\xf4z=\x1c\x0e\x07\x86\x86\x86\xd0\xdf\xdf\x0f\x9f\xcf\x87\xb9\xb99U:\x86\xf9v2\xdc\xd6\xd6\x86\xf6\xf6v\xd8\xedv\xea\xcd\xdc\xdd\xddU\xad[\x13\x9b\x9c\xe7y\xcd9C$\x12\xc1\xbd{\xf7 \x8a"\xfa\xfa\xfa\xd0\xdd\xdd\r\x87\xc3A]\xfc\xdb\xdb\xdb\xaa\xb9\x03\xcf\xf3\x98\x9e\x9e\x86\xc7\xe3\xc1/~\xf1\x0b\xe8\xf5\xfas!]%\xc8\xe7\xf3\xc8\xe5r\xb25\xe8j!\x9b\x14\xbe\xaeaB)\x97\x822M&amp;\x93\xc1\xd6\xd6\x16\xd6\xd6\xd6T\x134%\x04A\xc0\xb3g\xcf\x10\x0e\x87111\x81\x81\x81\x01\xba\x1e\xcc0\x0cr\xb9\x1c\xf6\xf7\xf7\xf1\xcd7\xdf`uu\x15\xd9l\x16,\xcb\xa2\xb7\xb7\x17\xbd\xbd\xbd\x08\x04\x02\xd8\xd9\xd9\x919c$IB"\x91\xc0\xe3\xc7\x8fqtt\x04Q\x14\xe1t:5\x9f\x9f\xcb\xe5 \x08\x02\xc6\xc7\xc7q\xeb\xd6-\xf4\xf5\xf5\xc1\xe5r\xd1I\xeb\xca\xca\n\xbe\xfa\xea+lnn\xca\xee+\xa5\xf1I\x9e\xe9t\x1a7n\xdc\xc0{\xef\xbd\x87\x81\x81\x01466\xd2\x8e\xb9\xb4\xb4\x84{\xf7\xeeauuUv_,\x16\xc3\xf4\xf44n\xdf\xbe]\xd52\xe2Y\xe4|&gt;O\xbd\x83\xc9d\x12\xa9T\n\xe9t\x9a\xca\xc9d\x12\x82 \xa0\xa9\xa9\t\x9f|\xf2\xc9\xa9\x9f\xa7ir\xbc\xe9\xc4\x06@#\xed\x96\x96\x96\xa8vf\x98\xe3\xe5\xb7\xb6\xb66D\xa3QY\xfc\x06pL\x80\xdd\xdd]\x1a^:22\x02\x93\xc9\x84|&gt;\x0f\x9f\xcf\x87\x7f\xff\xfb\xdfX[[\x03pl\xa2\xf4\xf7\xf7\xe3\xbd\xf7\xdeCww7b\xb1\x18VWW\xb1\xbe\xbe\x8e\x9d\x9d\x1dY\xccG.\x97\xc3\xf6\xf66\xee\xdf\xbf\x8fk\xd7\xae\xa9\xd6\xc8\x81\xe3\xc9Y\x7f\x7f?&gt;\xf8\xe0\x03J"2\xc9inn\x86\xcb\xe5\x82\xc5b\xc1\x1f\xff\xf8GY\xa7!\xeef2"\x15\x83eY\x0c\r\r\xe1\xd3O?E__\x1f=o0\x18\xd0\xda\xda\n\xb7\xdb\r\xab\xd5\x8a\xdf\xff\xfe\xf78&lt;&lt;\x94\xe5\x19\x0c\x061??/\xdb\x1c]M\xfb\x17\xa7+\x14\nH\xa7\xd3\x94\xa4D&amp;\xbf\taI\xac{&lt;\x1eG,\x16\x03\xcf\xf3\x88\xc5b\xf4\x9c(\x8a\x98\x9c\x9c\xc4\xc7\x1f\x7f|j\x05[\x13\xd7\xf7Yp\x1a-\x9d\xcdf\xb1\xb5\xb5\x85\xf9\xf9y\x99\xedh6\x9b1&lt;&lt;\x8c\xd1\xd1Q\x1c\x1c\x1c\xe0\xe9\xd3\xa7\xd8\xdb\xdb\x93y\xf4\n\x85\x02\x8e\x8e\x8e0;;\x0b\x96e1&lt;&lt;L\xbdp\x84\xccz\xbd\x1e---\xb8{\xf7.z{{\x01\x00n\xb7\x1bo\xbd\xf5\x16.]\xba\x84\xa7O\x9fbmm\r^\xaf\x97\xe6\x9d\xcf\xe7\xb1\xb7\xb7\x87t:\r\xa3\xd1\xa8"4\x89\x0b\xe9\xec\xec\xd4\xac\xb7\xc9d\xc2\x95+W0::\x8a\x7f\xfd\xeb_\x15\xb5\x9d\xc3\xe1\xc0\xd4\xd4\x94\xcc\x05_\x9c/\xc7q\x18\x19\x19\xc1\xf5\xeb\xd7\xf1\x8f\x7f\xfcCvo*\x95\xc2\xca\xca\n&gt;\xfe\xf8c\xcd{\x89L\xdc\xe3Z\xc1D\xe4 1\xec\xc5\x84-&amp;+\xcf\xf3H&amp;\x93\x9a\xa3L1\xf4z=\xb2\xd9,\x04A\xa0\x01[\xa5\xcaUJ\xae\xca\xf5}^fI9\x14\n\x05\x84B!,,,\xc8\xc8Lb\x1f&amp;&amp;&amp;\xd0\xd0\xd0\x00\xb7\xdb\x8d\x86\x86\x06&lt;|\xf8\x10\xdb\xdb\xdb2\x82I\x92\x84p8\x8co\xbe\xf9\x06n\xb7\x1b\xe1p\x18+++\xf4:\xc7q\x18\x1b\x1b\xa3d&amp;\xe5"QmMMM\xe8\xee\xee\xc6\xec\xec,\xd6\xd6\xd6\xa8\xc3#\x93\xc9 \x18\x0c\xc2j\xb5\xaaVa,\x16\x0b\xae\\\xb9R\xb6nV\xab\x15\xc3\xc3\xc3\x15\x13\xdaf\xb3allLVF\xa5l\xb3\xd9p\xed\xda5\x15\xa13\x99\x0c\xed\x80\xe5\x82\x8bR\xa9\x94\x8c\xacdc\x03\x91\xe3\xf1xEd%;r\x94\x1eB\xab\xd5*;.^\xbcxb^\xe5p\xe6-X\xd5\xdcS\x8d\\\n\xa2(b{{[6\x84\x02\xc7\x84\xb9z\xf5*\xdd\x89B\x08n4\x1a!I\x12^\xbe|)KO:\xc6\xe3\xc7\x8f\xe9\xca\t\x01!V\xa92\x12mj\xb3\xd9 \x8a\xa2*\xae[k\xf7\x88\xc1`@CCC\xd9\xba\x9f\x14sRM\x9e$\xc8G\x14E\xcd\xd8\x112R\xfd\xf5\xaf\x7f\xa5[\xcc\x08A\xc9."\xb2\xfbG\x19\xb3\xa2\x04\x998+\x1d1J\x17wCC\x03\x1a\x1a\x1a\xe0t:\xe1t:e\xb2\xd3\xe9\x84\xddn\xa7\xae\xef\x9a\x98\x1c\xa7\xc1y\xcf\x84\x05A\xc0\xf6\xf6\xb6\xea\xbc\xc9dR\r\xe7z\xbd\x1e\xad\xad\xad\xb8u\xeb\x16b\xb1\x98\xca\xa6\x16E\x11/_\xbeT=\x9b\xacy\x97\x83^\xafG[[\x1bn\xde\xbc)#4\t\x10R\x82\x0c\xdd&amp;\x93\xa9\xec\xcb\xd2\n\xcca\x98c\x8f\x9f\xd2s\x98\xc9d\xb0\xbf\xbf/\x0b\xeb$G\xb1)\xa0\x8c+!\x08\x04\x02\xf8\xdd\xef~W\xb6\x9e\x0c\xc3\xc8\xdc\xdf\xca\xe0"BX\x87\xc3A\tK\x0e\x97\xcbEIK\xc8J\xea^\xeaP\xb6G\xb5\xc4\xaey&lt;t=\xc10\xc7N\x99\xe2I\x13\x01\xd1\x12\xaa\x1ek0\xa0\xad\xad\rccc\x98\x9e\x9e\x96\xddS(\x14\xe8\x0ei\xe5yA\x10d\x01NZ\xf5eY\x96\xba\xc3\x95\xd0\xeb\xf5\xaa\xe0\xa9@  [UP\xe6[(\x144\xb7i\x91\xba\x91}\x92\x04\xd1h\x14\x7f\xf9\xcb_\x90\xcdf\xe963\xa2m\x93\xc9d\xc9\xb8\x98\xe2g\xb3,[6\xc0\xc8b\xb1\xc0f\xb3\xc9\x88\xeap8\xa8\x86%\xbf+%\xebYP\t\xffj\xbe\x0e]\xef\x8e\xa1\x15\xb6\t|\x1bRJ4kq^f\xb3YE$\xe0[\xa2\x88\xa2({\xf9\x82 `kk\x0b###e\xeb\x94\xcf\xe7U\xbbkH\x0c6\xcb\xb2\xb2ue\xb2C\xbb\xb5\xb5U\xe6\xe2\'\xe6\x0e\tB"\x13S%\xb4\xea\x1c\x8f\xc7q\xff\xfe}\xcd\xf4\x84\xac,\xcbR\xefj18\x8e\xc3\xd0\xd0\x10.^\xbcH\xb5\xabR\xcb\x92\xf8r\x83\xc1 k\x87r\xee\xee\xe2\xe7\x97z\x9f\xf5&lt;_\xb7-Xg\x99H\x96\x03\xd9\x9a\xaf\xf4\x8c\xa5R)\xac\xae\xae\xe2\xc6\x8d\x1b\xaa\x8d\x06\xa5\xcc\x00\xf2\t\xb4P($3G\xc8\xda\xb2\xc7\xe3)\x19\xe0O\xd6\x8f\x17\x16\x16dy\xb2,\x8b\x9e\x9e\x1ep\x1c\x07\xbf\xdfO5j2\x99\xc4\xa3G\x8f`2\x99dk\xaf\xc5\xbb\xdd\x89vU"\x9f\xcf#\x99Lj\xb6\x07q\x18555i\x06\x1d\xc5b1,..\xaa\xb6]\xb5\xb4\xb4\xe0\xb7\xbf\xfd-\xae^\xbdZ\x95f=\xe9\xfdi\xbd\xefJ\xcc\x89\xb3\x9e\'\xa8\xbb\xeb\xbb\x18g!3\xa9\x8c\xc9dB{{\xbbJ\x93\xa5\xd3i,//\xc3\xe9t\xa2\xa3\xa3\x03\x0e\x87\x03\x0c\xc3\xd0\xb0Sez\x869\xdeT:22Bw\x82\x13d\xb3Y\xbc|\xf9\x12333\x98\x98\x98@ss3,\x16\x0b\xb5\x83\x93\xc9$\xa2\xd1(677e!\xa4\xc0\xb7\x11p\xcaU\x8e|&gt;\x8fW\xaf^\xa9b\xa8O\x82\xc1`@cc#\\.\x17t:\x1dB\xa1\x90,\xc4\x95a\x18\xd8\xedv\x8c\x8f\x8fcxx\x98z u:\x1d\xf6\xf7\xf71==\xad\xea$d\x15\xa78|\xf6&lt;PK\x85\xa9\x94U6\xb42a\xbd!\x8a"\xf5\xee\x15\xf7\xbcR1\tdWu.\x97\xd3,\'\xd1\x98333\x18\x18\x18\x80\xc7\xe3\x81^\xaf\x87 \x08\xd8\xd9\xd9Q\xadr\x10W\xfa\xe0\xe0 \xacV+VWWe\xe6\x83 \x08XXX\xc0\xfe\xfe&gt;._\xbe\x0c\xb7\xdb\x8d\\.G?\x87\xe0\xf7\xfb\x11\x0e\x87U\xf6\xb7 \x08x\xfe\xfc\xf9\x99\xda\x86\xc0`0\xa0\xa7\xa7\x07SSS\xe8\xee\xee\x86\xd1h\xc4\xf3\xe7\xcf\xf1\xb7\xbf\xfd\x8d\x86\xba\xe6\xf3y\x04\x02\x01,//\xd3\xe5BI\x92\xa8\xa7piiIVF\xa3\xd1\x88\xcb\x97/\xe3g?\xfb\x195%\x00\xb9&amp;-\xa5m\xdft0\x8cF&lt;\xf4I\x15\xab\x95\xcc\xf3&lt;\xbe\xfc\xf2\xcb\x8a\x0b\x1b\x8b\xc5\xf0\xf7\xbf\xff\xbdl\x1a\xf2\x8d\x0c\xadM\xb6\xc5 \xc3\xb4\xdb\xed\xc6\xcb\x97/\x11\x8b\xc5`\xb7\xdbU\xf6p.\x97\x83\xcf\xe7S\xc5X\x94\xcb\xb7x\x07\x0eY\xd1\x08\x87\xc3U}\x93\x038&amp;soo/&gt;\xf8\xe0\x03\xdc\xb9s\x87\xb6\x9d\xc7\xe3\x01\xcf\xf3\x98\x99\x99\xa1\x1e\xd2l6\x8b\xf5\xf5u\xcd8\xecb\x10o\xe5G\x1f}D\xb5s)TbB\x9eU\xae\x07T[\xb0\x94\xa8\xd70Q\xcb\n1\x8c\xda-\\\x0ed\x05\x82\xec\xca&gt;K\xfc\xb5^\xaf\x87\xdb\xed\x86\xc7\xe3\x81\xcdfS\x1dz\xbd\x1e\x1b\x1b\x1bXYYA \x10\xd0\\\xa3V\xd6\xc5f\xb3Q\xb7;!3\xb9\xe6r\xb9\xf0\xe1\x87\x1f\x82eY\xfc\xf7\xbf\xff-\xf9%&amp;e\x9ed{\xd8O~\xf2\x13LMM\x9d\xaa\xae\xf50\x13j\xa9&lt;\x81s\xb6\xa1\xeb\x01\x86Q\xef/&lt;\td\xf3+\x81N\xa7\x83\xc1`\xa0\xdb\xc1\x0c\x06\x03\xb5\x97s\xb9\x1cDQ\xa4\x1d\x86ha\x8e\xe3\xe0p8\xd0\xd4\xd4\x84\x81\x81\x01\x8c\x8d\x8dQ\'\x87\xf2\x18\x1e\x1eF\x7f\x7f?\x9e&lt;y\x02\xbf\xdfO\x1d\x16\x99L\x86~\x83\xcel6\xc3f\xb3\xa1\xa9\xa9\t\x97/_\xc6[o\xbdU\xd2\xa5\xedv\xbb\xf1\xc9\'\x9f\xa0\xa7\xa7\x07\x0f\x1e&lt;\xc0\xde\xde\x1e\xa2\xd1(\x92\xc9$-\xab\xc1`\x80\xd9l\x86\xc3\xe1\x80\xc7\xe3\xc1\xe0\xe0 \xa6\xa6\xa6\xd0\xdf\xdf\x7f*\xa2\x9c\x07j\xa1$5\xa3\xed*\x19&amp;\xceZY\xf2E"\xad|I\x8cs\xf1\xc6N\xe5\xd2\x1a\x81VP{1\x18\x86)\xb9q\x97\x1c&amp;\x93I\xe6\x86\xe58\x8enNM\xa7\xd3\xe0y\x9e.\x9b\x91-MMMM\xf4\x1b\x1a$\xee\xa0T\xbb\x99\xcdf\xdc\xb8q\x03\xa3\xa3\xa3\xd8\xdc\xdc\xa4\x93\xd0d2\x89B\xa1\x00\x96e\xe9\x97L\xfb\xfb\xfb\xd1\xd3\xd3sb\xfbr\x1c\x87w\xdey\x07\x13\x13\x13X[[\xc3\xd6\xd6\x16\x02\x81\x00x\x9e\x87$I0\x99Lp\xbb\xdd\xe8\xec\xec\xc4\xe0\xe0 \xfa\xfa\xfaT\xbb\x8b\xaa\x1dMk\xf9\xfe\xeb\x85\xaa\xd7\xa1\xb5^\xdai\x86\t\x87\xc3\x81\xf7\xdf\x7f\x9fz\xc6\xc8.\x96\xe2/\xed\xc4b1D"\x11\x84\xc3a\xe4r9M\xe2\x12\x8dI\xc8I\xc8K\xfe\xb2,+s\xbf\x12w\xac\xcdf\xa3\xe78\x8e\xd3\xd4\xac\x95\x1e\'\xb5\x1b\xf9m\xb1X0::\x8a\xb1\xb1\xb1\x13\xf3\xab\x14\x16\x8b\x05\xd7\xaf_\xc7\xc4\xc4DE\xe5&lt;-j\xfd\xfe\xab\x95+EMM\x8eJ{&lt;\xf9\xf2(\xd9\xf1,\x08\x02]\n\x8bD"\x88D"H$\x12*g\x82\xc1`\xa0[\xbc\xc8vz\xb2g\xcef\xb3\xc9\x02^\x8ac\n\xea\xf9\xa2+\x85\xf2\xe5\x94\xeb\x18\xb5\x96\xcf\x0b\xa7\xd1\xfe\x95\xca\x95\xb4\x15p\x0e64!/\xd9\x8d@\xbe\x1dA&gt;d\x1e\x89D\x10\x8b\xc5T\xeb\xb6\x0c\xf3\xad[\x96\x1c6\x9b\r\x8d\x8d\x8dp\xbb\xddp:\x9dhjj\xd2\xdcy\xa2%\xbfI$(\xf5\x8cz\x11\xe2\xbb\xd0\x19\xaaE\xa9\xfa\x96\\\xb6;\xabL\xbe\x80\x1f\x89D\x10\x8dFi\xa07\x89\x91U\x9a\x0f\xc5\xdf\x88 \xda\xb7\xa1\xa1\x01\x8d\x8d\x8d\x94\xc46\x9b\xad\xac\x86\xad\x07\t\xbeO\x848m;\x9cF~]\xa8\xb9\xeb\x9bh\xe4X,\x86W\xaf^assSE^\x86a\xa8\xf9@\x0e\x8b\xc5\x02\x97\xcb\x05\xb7\xdbM=c\xe4\xb3aoBC\x91rW+\x7f\xd7\x08\xa1\x85\xf3\x1e\x15\xce"\xd7\xcc\xe4 D\xe6y^s\xff\x1dY\x9a*6\x1f\xdcn7%q\xb9\xf0\xc2\xd3T\xecM\xc2\x9bN\x88z\xa2^#h)\xb9&amp;\x84.&amp;\xb2\xd7\xeb\xa5Df\x18F\xf6\xc9\xdc\xe6\xe6f\\\xb8p\x01.\x97K\xf6\xed\x8e\x93\x1a\xf7\x07B\xd4W.\xa5D\xbe\x8bP\xadCW\xab\x1d\xc9\xce\x8f\xc5\xc5E\xea\x8a%a\x99\r\r\r\xe8\xe8\xe8@oo/\r\x98\xf9&gt;\x13\xa2\xf8\xf7w\x1d\xdfU\x85p\xa2\x86&gt;\xe9\xa52\xcc\xf12\\2\x99\x94\x11\xb9\xb3\xb3\x13===\xb2\x89\\\xa9|\xbe/\x84\xd0\xaa\xd7y\xc8\xe7Y\xa7z\xc8\xb5l\x873\x9b\x1c$\xa0\xbd\xbb\xbb\x1b&lt;\xcfS"[\xad\xd6\xaa\x1b\xfc&lt;\tq^\xf8.\x11\xe2u+\x93Z\xb4C\xd5\xaeo\xad\n\x93\xffE\xc20\xcc\xa9\x88\\\x0e\xf5&amp;\xc1\x0f\x84\xd0\x96\xdf\xc4\xfaU\x823\xed\xfa&amp;\xe7\xc8.\x92\xe2kg\x95_\x07~ \x84\x1c\xafS!\x9c\xb6\xddN\xff\xed\xff\x12\x15\xad\x95\xfc\xff\x85\x10\xc5\xbf\xeb%\x9f\x17\xea\xc5\x85b\xf9\xa4\xfa\x1a\x00\xd0\x8f}+/j\xddP\xcd\xb9\xb3\xe6\x05\x94v_\x17o\xf7g\x18\xf5w\x83\xb5\xcarR\x9a\x93\x1a\xab^\xf5,%k}\x0bYY\xf7\x93\xda\xa7\xd2z)\xefy\x93xP\xe9\xef\xf5\xf5u\xfc\x0f\x1c\xcd\xb0~b\'\x9f\xff\x00\x00\x00\x00IEND\xaeB`\x82\r\n--9f3c2d778f7a9d125af1901f5f352663--\r\n' 
 </msg>
<msg timestamp="20201114 19:14:44.388" level="INFO">POST Response : url=http://127.0.0.1:80/in.php 
 status=200, reason=OK 
 body=OK|6 
 </msg>
<msg timestamp="20201114 19:14:44.389" level="INFO">${response} = &lt;Response [200]&gt;</msg>
<status status="PASS" starttime="20201114 19:14:43.292" endtime="20201114 19:14:44.389"></status>
</kw>
<kw name="Strip String" library="String">
<doc>Remove leading and/or trailing whitespaces from the given string.</doc>
<arguments>
<arg>${response.text}</arg>
<arg>characters=OK|*</arg>
</arguments>
<assign>
<var>${strip}</var>
</assign>
<msg timestamp="20201114 19:14:44.390" level="INFO">${strip} = 6</msg>
<status status="PASS" starttime="20201114 19:14:44.389" endtime="20201114 19:14:44.390"></status>
</kw>
<kw name="Get Request" library="RequestsLibrary">
<doc>Send a GET request on the session object found using the
given `alias`</doc>
<arguments>
<arg>xEvil</arg>
<arg>/res.php?id=${strip}&amp;action=get</arg>
</arguments>
<assign>
<var>${response}</var>
</assign>
<msg timestamp="20201114 19:14:44.395" level="INFO">GET Request : url=http://127.0.0.1:80/res.php?id=6&amp;action=get 
 path_url=/res.php?id=6&amp;action=get 
 headers={'User-Agent': 'python-requests/2.24.0', 'Accept-Encoding': 'gzip, deflate', 'Accept': '*/*', 'Connection': 'keep-alive'} 
 body=None 
 </msg>
<msg timestamp="20201114 19:14:44.395" level="INFO">GET Response : url=http://127.0.0.1:80/res.php?id=6&amp;action=get 
 status=200, reason=OK 
 body=OK|18866 
 </msg>
<msg timestamp="20201114 19:14:44.395" level="INFO">${response} = &lt;Response [200]&gt;</msg>
<status status="PASS" starttime="20201114 19:14:44.390" endtime="20201114 19:14:44.395"></status>
</kw>
<kw name="Strip String" library="String">
<doc>Remove leading and/or trailing whitespaces from the given string.</doc>
<arguments>
<arg>${response.text}</arg>
<arg>characters=OK|*</arg>
</arguments>
<assign>
<var>${strip}</var>
</assign>
<msg timestamp="20201114 19:14:44.396" level="INFO">${strip} = 18866</msg>
<status status="PASS" starttime="20201114 19:14:44.395" endtime="20201114 19:14:44.396"></status>
</kw>
<kw name="Log To Console" library="BuiltIn">
<doc>Logs the given message to the console.</doc>
<arguments>
<arg>${strip}</arg>
</arguments>
<status status="PASS" starttime="20201114 19:14:44.397" endtime="20201114 19:14:44.397"></status>
</kw>
<msg timestamp="20201114 19:14:44.397" level="INFO">${captcha_text} = 18866</msg>
<status status="PASS" starttime="20201114 19:14:43.287" endtime="20201114 19:14:44.397"></status>
</kw>
<kw name="Wait And Click">
<arguments>
<arg>//*[@id="v-Z7_01HA1A42KODT90AR30VLN22003"]/div/div[2]/div/div[2]/div/div/div/div[1]/div/div/div/div[1]/div/div/div/div[3]/div/div/div/div[1]/div/div/div/div[3]/div/div/div/div[1]/div/div/div/div[1]/div/input</arg>
</arguments>
<kw name="Wait Until Element Is Enabled" library="SeleniumLibrary">
<doc>Waits until the element ``locator`` is enabled.</doc>
<arguments>
<arg>${locator}</arg>
<arg>${timeout}</arg>
</arguments>
<status status="PASS" starttime="20201114 19:14:44.397" endtime="20201114 19:14:44.441"></status>
</kw>
<kw name="Click Element" library="SeleniumLibrary">
<doc>Click the element identified by ``locator``.</doc>
<arguments>
<arg>${locator}</arg>
</arguments>
<msg timestamp="20201114 19:14:44.442" level="INFO">Clicking element '//*[@id="v-Z7_01HA1A42KODT90AR30VLN22003"]/div/div[2]/div/div[2]/div/div/div/div[1]/div/div/div/div[1]/div/div/div/div[3]/div/div/div/div[1]/div/div/div/div[3]/div/div/div/div[1]/div/div/div/div[1]/div/input'.</msg>
<status status="PASS" starttime="20201114 19:14:44.441" endtime="20201114 19:14:44.560"></status>
</kw>
<status status="PASS" starttime="20201114 19:14:44.397" endtime="20201114 19:14:44.562"></status>
</kw>
<kw name="Wait And Input">
<arguments>
<arg>//*[@id="v-Z7_01HA1A42KODT90AR30VLN22003"]/div/div[2]/div/div[2]/div/div/div/div[1]/div/div/div/div[1]/div/div/div/div[3]/div/div/div/div[1]/div/div/div/div[3]/div/div/div/div[1]/div/div/div/div[1]/div/input</arg>
<arg>${captcha_text}</arg>
</arguments>
<kw name="Wait Until Element Is Enabled" library="SeleniumLibrary">
<doc>Waits until the element ``locator`` is enabled.</doc>
<arguments>
<arg>${locator}</arg>
<arg>${timeout}</arg>
</arguments>
<status status="PASS" starttime="20201114 19:14:44.562" endtime="20201114 19:14:44.594"></status>
</kw>
<kw name="Input Text" library="SeleniumLibrary">
<doc>Types the given ``text`` into the text field identified by ``locator``.</doc>
<arguments>
<arg>${locator}</arg>
<arg>${text}</arg>
</arguments>
<msg timestamp="20201114 19:14:44.595" level="INFO">Typing text '18866' into text field '//*[@id="v-Z7_01HA1A42KODT90AR30VLN22003"]/div/div[2]/div/div[2]/div/div/div/div[1]/div/div/div/div[1]/div/div/div/div[3]/div/div/div/div[1]/div/div/div/div[3]/div/div/div/div[1]/div/div/div/div[1]/div/input'.</msg>
<status status="PASS" starttime="20201114 19:14:44.594" endtime="20201114 19:14:44.698"></status>
</kw>
<status status="PASS" starttime="20201114 19:14:44.562" endtime="20201114 19:14:44.700"></status>
</kw>
<kw name="Sleep" library="BuiltIn">
<doc>Pauses the test executed for the given time.</doc>
<arguments>
<arg>1s</arg>
</arguments>
<msg timestamp="20201114 19:14:45.701" level="INFO">Slept 1 second</msg>
<status status="PASS" starttime="20201114 19:14:44.700" endtime="20201114 19:14:45.701"></status>
</kw>
<status status="PASS" starttime="20201114 19:14:38.496" endtime="20201114 19:14:45.701"></status>
</kw>
<status status="PASS" starttime="20201114 19:14:29.394" endtime="20201114 19:14:45.702" critical="yes"></status>
</test>
<status status="PASS" starttime="20201114 19:14:29.037" endtime="20201114 19:14:45.704"></status>
</suite>
<statistics>
<total>
<stat pass="1" fail="0">Critical Tests</stat>
<stat pass="1" fail="0">All Tests</stat>
</total>
<tag>
</tag>
<suite>
<stat pass="1" fail="0" id="s1" name="Test">Test</stat>
</suite>
</statistics>
<errors>
</errors>
</robot>
