<?xml version="1.0" encoding="UTF-8"?>
<robot generator="Robot 3.2.2 (Python 3.9.0 on win32)" generated="20201104 00:00:22.415" rpa="false">
<suite id="s1" name="Test" source="C:\Users\Daniel\PycharmProjects\Rosreestr\Launch\test.robot">
<test id="s1-t1" name="Launch Case">
<kw name="Open Browser Max Size" type="setup">
<kw name="Open Browser" library="SeleniumLibrary">
<doc>Opens a new browser instance to the optional ``url``.</doc>
<arguments>
<arg>https://rosreestr.ru</arg>
<arg>chrome</arg>
</arguments>
<msg timestamp="20201104 00:00:25.042" level="INFO">Opening browser 'chrome' to base url 'https://rosreestr.ru'.</msg>
<status status="PASS" starttime="20201104 00:00:25.042" endtime="20201104 00:01:28.673"></status>
</kw>
<status status="PASS" starttime="20201104 00:00:25.042" endtime="20201104 00:01:28.685"></status>
</kw>
<kw name="Wait And Click">
<arguments>
<arg>//*[@id="top_panel"]/a</arg>
</arguments>
<kw name="Wait Until Element Is Enabled" library="SeleniumLibrary">
<doc>Waits until the element ``locator`` is enabled.</doc>
<arguments>
<arg>${locator}</arg>
<arg>${timeout}</arg>
</arguments>
<status status="PASS" starttime="20201104 00:01:29.037" endtime="20201104 00:01:29.401"></status>
</kw>
<kw name="Click Element" library="SeleniumLibrary">
<doc>Click the element identified by ``locator``.</doc>
<arguments>
<arg>${locator}</arg>
</arguments>
<msg timestamp="20201104 00:01:29.401" level="INFO">Clicking element '//*[@id="top_panel"]/a'.</msg>
<status status="PASS" starttime="20201104 00:01:29.401" endtime="20201104 00:02:41.435"></status>
</kw>
<status status="PASS" starttime="20201104 00:01:29.037" endtime="20201104 00:02:41.435"></status>
</kw>
<kw name="Login By Credentials">
<kw name="Wait And Input">
<arguments>
<arg>//*[@id="mobileOrEmail"]</arg>
<arg>${login}</arg>
</arguments>
<kw name="Wait Until Element Is Enabled" library="SeleniumLibrary">
<doc>Waits until the element ``locator`` is enabled.</doc>
<arguments>
<arg>${locator}</arg>
<arg>${timeout}</arg>
</arguments>
<status status="PASS" starttime="20201104 00:02:41.674" endtime="20201104 00:02:43.362"></status>
</kw>
<kw name="Input Text" library="SeleniumLibrary">
<doc>Types the given ``text`` into the text field identified by ``locator``.</doc>
<arguments>
<arg>${locator}</arg>
<arg>${text}</arg>
</arguments>
<msg timestamp="20201104 00:02:43.362" level="INFO">Typing text '89856615000' into text field '//*[@id="mobileOrEmail"]'.</msg>
<status status="PASS" starttime="20201104 00:02:43.362" endtime="20201104 00:02:45.356"></status>
</kw>
<status status="PASS" starttime="20201104 00:02:41.674" endtime="20201104 00:02:45.356"></status>
</kw>
<kw name="Input Text" library="SeleniumLibrary">
<doc>Types the given ``text`` into the text field identified by ``locator``.</doc>
<arguments>
<arg>//*[@id="password"]</arg>
<arg>${password}</arg>
</arguments>
<msg timestamp="20201104 00:02:45.356" level="INFO">Typing text 'Pf,bzrf8504.' into text field '//*[@id="password"]'.</msg>
<status status="PASS" starttime="20201104 00:02:45.356" endtime="20201104 00:02:50.371"></status>
</kw>
<kw name="Click Element" library="SeleniumLibrary">
<doc>Click the element identified by ``locator``.</doc>
<arguments>
<arg>//*[@id="loginByPwdButton"]</arg>
</arguments>
<msg timestamp="20201104 00:02:50.371" level="INFO">Clicking element '//*[@id="loginByPwdButton"]'.</msg>
<status status="PASS" starttime="20201104 00:02:50.371" endtime="20201104 00:03:10.792"></status>
</kw>
<status status="PASS" starttime="20201104 00:02:41.674" endtime="20201104 00:03:10.792"></status>
</kw>
<kw name="Wait And Click">
<arguments>
<arg>//*[@id="wrapperId"]/div/nav/div[1]/ul[1]/li[4]/div</arg>
</arguments>
<kw name="Wait Until Element Is Enabled" library="SeleniumLibrary">
<doc>Waits until the element ``locator`` is enabled.</doc>
<arguments>
<arg>${locator}</arg>
<arg>${timeout}</arg>
</arguments>
<status status="PASS" starttime="20201104 00:03:10.968" endtime="20201104 00:03:13.678"></status>
</kw>
<kw name="Click Element" library="SeleniumLibrary">
<doc>Click the element identified by ``locator``.</doc>
<arguments>
<arg>${locator}</arg>
</arguments>
<msg timestamp="20201104 00:03:13.678" level="INFO">Clicking element '//*[@id="wrapperId"]/div/nav/div[1]/ul[1]/li[4]/div'.</msg>
<status status="PASS" starttime="20201104 00:03:13.678" endtime="20201104 00:03:14.855"></status>
</kw>
<status status="PASS" starttime="20201104 00:03:10.968" endtime="20201104 00:03:14.855"></status>
</kw>
<kw name="Wait And Get Text">
<arguments>
<arg>//*[@id="wrapperId"]/div/div[5]/div/div/ng-form/div/div[1]/div[2]/strong</arg>
</arguments>
<assign>
<var>${key}</var>
</assign>
<kw name="Wait Until Element Is Enabled" library="SeleniumLibrary">
<doc>Waits until the element ``locator`` is enabled.</doc>
<arguments>
<arg>${locator}</arg>
<arg>${timeout}</arg>
</arguments>
<status status="PASS" starttime="20201104 00:03:15.205" endtime="20201104 00:03:15.685"></status>
</kw>
<kw name="Get Text" library="SeleniumLibrary">
<doc>Returns the text value of the element identified by ``locator``.</doc>
<arguments>
<arg>${locator}</arg>
</arguments>
<assign>
<var>${result}</var>
</assign>
<msg timestamp="20201104 00:03:15.849" level="INFO">${result} = c99df24f-167e-493c-9877-ae2da802fd4b</msg>
<status status="PASS" starttime="20201104 00:03:15.685" endtime="20201104 00:03:15.849"></status>
</kw>
<msg timestamp="20201104 00:03:15.849" level="INFO">${key} = c99df24f-167e-493c-9877-ae2da802fd4b</msg>
<status status="PASS" starttime="20201104 00:03:15.205" endtime="20201104 00:03:15.849"></status>
</kw>
<kw name="Go To" library="SeleniumLibrary">
<doc>Navigates the current browser window to the provided ``url``.</doc>
<arguments>
<arg>https://rosreestr.ru/wps/portal/p/cc_present/ir_egrn</arg>
</arguments>
<msg timestamp="20201104 00:03:15.849" level="INFO">Opening url 'https://rosreestr.ru/wps/portal/p/cc_present/ir_egrn'</msg>
<status status="PASS" starttime="20201104 00:03:15.849" endtime="20201104 00:03:46.508"></status>
</kw>
<kw name="Wait And Input">
<arguments>
<arg>//*[@id="v-Z7_01HA1A42KODT90AR30VLN22003"]/div/div[2]/div/div[2]/div/div/div/div[1]/div/div/div/div[1]/div/div/div/div/div[2]/div/div/div/div[2]/div/div/div[1]/div/input</arg>
<arg>${key}</arg>
</arguments>
<kw name="Wait Until Element Is Enabled" library="SeleniumLibrary">
<doc>Waits until the element ``locator`` is enabled.</doc>
<arguments>
<arg>${locator}</arg>
<arg>${timeout}</arg>
</arguments>
<status status="PASS" starttime="20201104 00:03:46.727" endtime="20201104 00:03:47.465"></status>
</kw>
<kw name="Input Text" library="SeleniumLibrary">
<doc>Types the given ``text`` into the text field identified by ``locator``.</doc>
<arguments>
<arg>${locator}</arg>
<arg>${text}</arg>
</arguments>
<msg timestamp="20201104 00:03:47.465" level="INFO">Typing text 'c99df24f-167e-493c-9877-ae2da802fd4b' into text field '//*[@id="v-Z7_01HA1A42KODT90AR30VLN22003"]/div/div[2]/div/div[2]/div/div/div/div[1]/div/div/div/div[1]/div/div/div/div/div[2]/div/div/div/div[2]/div/div/div[1]/div/input'.</msg>
<status status="PASS" starttime="20201104 00:03:47.465" endtime="20201104 00:03:49.106"></status>
</kw>
<status status="PASS" starttime="20201104 00:03:46.727" endtime="20201104 00:03:49.106"></status>
</kw>
<kw name="Click Element" library="SeleniumLibrary">
<doc>Click the element identified by ``locator``.</doc>
<arguments>
<arg>//*[@id="v-Z7_01HA1A42KODT90AR30VLN22003"]/div/div[2]/div/div[2]/div/div/div/div[1]/div/div/div/div[2]/div/div/div/div[1]/div/div/div/div[1]/div/div</arg>
</arguments>
<msg timestamp="20201104 00:03:49.118" level="INFO">Clicking element '//*[@id="v-Z7_01HA1A42KODT90AR30VLN22003"]/div/div[2]/div/div[2]/div/div/div/div[1]/div/div/div/div[2]/div/div/div/div[1]/div/div/div/div[1]/div/div'.</msg>
<status status="PASS" starttime="20201104 00:03:49.118" endtime="20201104 00:03:50.125"></status>
</kw>
<kw name="Do Full Iteration">
<kw name="Wait And Click">
<arguments>
<arg>//*[@id="v-Z7_01HA1A42KODT90AR30VLN22003"]/div/div[2]/div/div[1]/div/div/div/div[1]/div/div/div/div[1]/div/div/div/div/div[1]/div/div/span/span</arg>
</arguments>
<kw name="Wait Until Element Is Enabled" library="SeleniumLibrary">
<doc>Waits until the element ``locator`` is enabled.</doc>
<arguments>
<arg>${locator}</arg>
<arg>${timeout}</arg>
</arguments>
<status status="PASS" starttime="20201104 00:03:50.147" endtime="20201104 00:03:52.362"></status>
</kw>
<kw name="Click Element" library="SeleniumLibrary">
<doc>Click the element identified by ``locator``.</doc>
<arguments>
<arg>${locator}</arg>
</arguments>
<msg timestamp="20201104 00:03:52.372" level="INFO">Clicking element '//*[@id="v-Z7_01HA1A42KODT90AR30VLN22003"]/div/div[2]/div/div[1]/div/div/div/div[1]/div/div/div/div[1]/div/div/div/div/div[1]/div/div/span/span'.</msg>
<status status="PASS" starttime="20201104 00:03:52.362" endtime="20201104 00:03:53.102"></status>
</kw>
<status status="PASS" starttime="20201104 00:03:50.147" endtime="20201104 00:03:53.102"></status>
</kw>
<kw name="Wait And Input">
<arguments>
<arg>//*[@id="v-Z7_01HA1A42KODT90AR30VLN22003"]/div/div[2]/div/div[2]/div/div/div/div[1]/div/div/div/div[2]/div/div/div[2]/div/div/div/div/div[2]/div/div/div/div[1]/div/div/div/div[1]/div/div/div/div[1]/div/div/div/div[1]/div/input</arg>
<arg>50:15:0000000:33365</arg>
</arguments>
<kw name="Wait Until Element Is Enabled" library="SeleniumLibrary">
<doc>Waits until the element ``locator`` is enabled.</doc>
<arguments>
<arg>${locator}</arg>
<arg>${timeout}</arg>
</arguments>
<status status="PASS" starttime="20201104 00:03:53.102" endtime="20201104 00:03:57.594"></status>
</kw>
<kw name="Input Text" library="SeleniumLibrary">
<doc>Types the given ``text`` into the text field identified by ``locator``.</doc>
<arguments>
<arg>${locator}</arg>
<arg>${text}</arg>
</arguments>
<msg timestamp="20201104 00:03:57.594" level="INFO">Typing text '50:15:0000000:33365' into text field '//*[@id="v-Z7_01HA1A42KODT90AR30VLN22003"]/div/div[2]/div/div[2]/div/div/div/div[1]/div/div/div/div[2]/div/div/div[2]/div/div/div/div/div[2]/div/div/div/div[1]/div/div/div/div[1]/div/div/div/div[1]/div/div/div/div[1]/div/input'.</msg>
<status status="PASS" starttime="20201104 00:03:57.594" endtime="20201104 00:03:59.996"></status>
</kw>
<status status="PASS" starttime="20201104 00:03:53.102" endtime="20201104 00:03:59.996"></status>
</kw>
<kw name="Input Text" library="SeleniumLibrary">
<doc>Types the given ``text`` into the text field identified by ``locator``.</doc>
<arguments>
<arg>//*[@id="v-Z7_01HA1A42KODT90AR30VLN22003"]/div/div[2]/div/div[2]/div/div/div/div[1]/div/div/div/div[2]/div/div/div[2]/div/div/div/div/div[2]/div/div/div/div[3]/div/div/div/div[1]/div/div/div/div[1]/div/div/div/div[1]/div/div/div/div[1]/div[1]/div/input</arg>
<arg>Московская область</arg>
</arguments>
<msg timestamp="20201104 00:03:59.996" level="INFO">Typing text 'Московская область' into text field '//*[@id="v-Z7_01HA1A42KODT90AR30VLN22003"]/div/div[2]/div/div[2]/div/div/div/div[1]/div/div/div/div[2]/div/div/div[2]/div/div/div/div/div[2]/div/div/div/div[3]/div/div/div/div[1]/div/div/div/div[1]/div/div/div/div[1]/div/div/div/div[1]/div[1]/div/input'.</msg>
<status status="PASS" starttime="20201104 00:03:59.996" endtime="20201104 00:04:03.016"></status>
</kw>
<kw name="Wait And Click">
<arguments>
<arg>//*[@id="VAADIN_COMBOBOX_OPTIONLIST"]/div/div[2]/table/tbody/tr/td/span</arg>
</arguments>
<kw name="Wait Until Element Is Enabled" library="SeleniumLibrary">
<doc>Waits until the element ``locator`` is enabled.</doc>
<arguments>
<arg>${locator}</arg>
<arg>${timeout}</arg>
</arguments>
<status status="PASS" starttime="20201104 00:04:03.016" endtime="20201104 00:04:09.586"></status>
</kw>
<kw name="Click Element" library="SeleniumLibrary">
<doc>Click the element identified by ``locator``.</doc>
<arguments>
<arg>${locator}</arg>
</arguments>
<msg timestamp="20201104 00:04:09.586" level="INFO">Clicking element '//*[@id="VAADIN_COMBOBOX_OPTIONLIST"]/div/div[2]/table/tbody/tr/td/span'.</msg>
<status status="PASS" starttime="20201104 00:04:09.586" endtime="20201104 00:04:09.840"></status>
</kw>
<status status="PASS" starttime="20201104 00:04:03.016" endtime="20201104 00:04:10.127"></status>
</kw>
<kw name="Click Element" library="SeleniumLibrary">
<doc>Click the element identified by ``locator``.</doc>
<arguments>
<arg>//*[@id="v-Z7_01HA1A42KODT90AR30VLN22003"]/div/div[2]/div/div[2]/div/div/div/div[1]/div/div/div/div[3]/div/div/div/div[1]/div/div/div/div[1]/div/div</arg>
</arguments>
<msg timestamp="20201104 00:04:10.127" level="INFO">Clicking element '//*[@id="v-Z7_01HA1A42KODT90AR30VLN22003"]/div/div[2]/div/div[2]/div/div/div/div[1]/div/div/div/div[3]/div/div/div/div[1]/div/div/div/div[1]/div/div'.</msg>
<status status="PASS" starttime="20201104 00:04:10.127" endtime="20201104 00:04:11.167"></status>
</kw>
<kw name="Wait And Click">
<arguments>
<arg>//*[@id="v-Z7_01HA1A42KODT90AR30VLN22003"]/div/div[2]/div/div[2]/div/div/div/div[1]/div/div/div/div[5]/div/div/div[2]/div[1]/table/tbody/tr</arg>
</arguments>
<kw name="Wait Until Element Is Enabled" library="SeleniumLibrary">
<doc>Waits until the element ``locator`` is enabled.</doc>
<arguments>
<arg>${locator}</arg>
<arg>${timeout}</arg>
</arguments>
<status status="PASS" starttime="20201104 00:04:11.180" endtime="20201104 00:04:18.389"></status>
</kw>
<kw name="Click Element" library="SeleniumLibrary">
<doc>Click the element identified by ``locator``.</doc>
<arguments>
<arg>${locator}</arg>
</arguments>
<msg timestamp="20201104 00:04:18.389" level="INFO">Clicking element '//*[@id="v-Z7_01HA1A42KODT90AR30VLN22003"]/div/div[2]/div/div[2]/div/div/div/div[1]/div/div/div/div[5]/div/div/div[2]/div[1]/table/tbody/tr'.</msg>
<status status="PASS" starttime="20201104 00:04:18.389" endtime="20201104 00:04:20.711"></status>
</kw>
<status status="PASS" starttime="20201104 00:04:11.167" endtime="20201104 00:04:20.711"></status>
</kw>
<kw name="Wait Until Element Is Enabled" library="SeleniumLibrary">
<doc>Waits until the element ``locator`` is enabled.</doc>
<arguments>
<arg>//*[@id="v-Z7_01HA1A42KODT90AR30VLN22003"]/div/div[2]/div/div[2]/div/div/div/div[1]/div/div/div/div[1]/div/div/div/div[3]/div/div/div/div[1]/div/div/div/div[2]/div/div/div/div[1]/div/div/img</arg>
<arg>15s</arg>
</arguments>
<status status="PASS" starttime="20201104 00:04:20.711" endtime="20201104 00:04:21.603"></status>
</kw>
<kw name="Sleep" library="BuiltIn">
<doc>Pauses the test executed for the given time.</doc>
<arguments>
<arg>1s</arg>
</arguments>
<msg timestamp="20201104 00:04:22.610" level="INFO">Slept 1 second</msg>
<status status="PASS" starttime="20201104 00:04:21.603" endtime="20201104 00:04:22.610"></status>
</kw>
<kw name="Capture Element Screenshot" library="SeleniumLibrary">
<doc>Captures a screenshot from the element identified by ``locator`` and embeds it into log file.</doc>
<arguments>
<arg>//*[@id="v-Z7_01HA1A42KODT90AR30VLN22003"]/div/div[2]/div/div[2]/div/div/div/div[1]/div/div/div/div[1]/div/div/div/div[3]/div/div/div/div[1]/div/div/div/div[2]/div/div/div/div[1]/div/div/img</arg>
<arg>${captcha_location}</arg>
</arguments>
<msg timestamp="20201104 00:04:24.641" level="INFO" html="yes">&lt;/td&gt;&lt;/tr&gt;&lt;tr&gt;&lt;td colspan="3"&gt;&lt;a href="Captchas/captcha.png"&gt;&lt;img src="Captchas/captcha.png" width="400px"&gt;&lt;/a&gt;</msg>
<status status="PASS" starttime="20201104 00:04:22.610" endtime="20201104 00:04:24.641"></status>
</kw>
<kw name="Solve Captcha">
<assign>
<var>${captcha_text}</var>
</assign>
<kw name="Get Binary File" library="OperatingSystem">
<doc>Returns the contents of a specified file.</doc>
<arguments>
<arg>${captcha_location}</arg>
</arguments>
<assign>
<var>${file}</var>
</assign>
<msg timestamp="20201104 00:04:24.641" level="INFO" html="yes">Getting file '&lt;a href="file://C:\Users\Daniel\PycharmProjects\Rosreestr\Captchas\captcha.png"&gt;C:\Users\Daniel\PycharmProjects\Rosreestr\Captchas\captcha.png&lt;/a&gt;'.</msg>
<msg timestamp="20201104 00:04:24.672" level="INFO">${file} = \x89PNG

IHDR\xb42\xf5$\xf1\xf7sRGB\xae\xce\xe9XIDATx\x9c\xed]kLS\xe7\xff\x9d\x96\x96r\x87\xd2ri)\xe5"8QD	\xca&amp;\xde\x88\x99\xb8\xb99\xa7\x89n\xfb\xe0\x96\xe8\xb7\xe9\xb2-...</msg>
<status status="PASS" starttime="20201104 00:04:24.641" endtime="20201104 00:04:24.672"></status>
</kw>
<kw name="Create Session" library="RequestsLibrary">
<doc>Create Session: create a HTTP session to a server</doc>
<arguments>
<arg>xEvil</arg>
<arg>http://127.0.0.1:80</arg>
</arguments>
<msg timestamp="20201104 00:04:24.679" level="INFO">Creating Session using : alias=xEvil, url=http://127.0.0.1:80, headers={},                     cookies={}, auth=None, timeout=None, proxies=None, verify=False,                     debug=0 </msg>
<status status="PASS" starttime="20201104 00:04:24.679" endtime="20201104 00:04:24.679"></status>
</kw>
<kw name="Create Dictionary" library="BuiltIn">
<doc>Creates and returns a dictionary based on the given ``items``.</doc>
<arguments>
<arg>file=${file}</arg>
</arguments>
<assign>
<var>${files}</var>
</assign>
<msg timestamp="20201104 00:04:24.680" level="INFO">${files} = {'file': b'\x89PNG\r\n\x1a\n\x00\x00\x00\rIHDR\x00\x00\x00\xb4\x00\x00\x002\x08\x06\x00\x00\x00\xf5$\xf1\xf7\x00\x00\x00\x01sRGB\x00\xae\xce\x1c\xe9\x00\x00\x12XIDATx\x9c\xed]kLS\xe7\x1b\xff\x9d\x96\x...</msg>
<status status="PASS" starttime="20201104 00:04:24.679" endtime="20201104 00:04:24.680"></status>
</kw>
<kw name="Post Request" library="RequestsLibrary">
<doc>Send a POST request on the session object found using the
given `alias`</doc>
<arguments>
<arg>xEvil</arg>
<arg>/in.php</arg>
<arg>files=${files}</arg>
</arguments>
<assign>
<var>${response}</var>
</assign>
<msg timestamp="20201104 00:04:31.599" level="INFO">POST Request : url=http://127.0.0.1:80/in.php 
 path_url=/in.php 
 headers={'User-Agent': 'python-requests/2.24.0', 'Accept-Encoding': 'gzip, deflate', 'Accept': '*/*', 'Connection': 'keep-alive', 'Content-Length': '4906', 'Content-Type': 'multipart/form-data; boundary=75a388a78c375e48e193b4e712a574fa'} 
 body=b'--75a388a78c375e48e193b4e712a574fa\r\nContent-Disposition: form-data; name="file"; filename="file"\r\n\r\n\x89PNG\r\n\x1a\n\x00\x00\x00\rIHDR\x00\x00\x00\xb4\x00\x00\x002\x08\x06\x00\x00\x00\xf5$\xf1\xf7\x00\x00\x00\x01sRGB\x00\xae\xce\x1c\xe9\x00\x00\x12XIDATx\x9c\xed]kLS\xe7\x1b\xff\x9d\x96\x96r\x87\xd2r\x07i)\xe5"8QD\t\xca&amp;\x1b\xde\x88\x99\xb8\xb99\xa7\x89n\xfb\xe0\x96\xe8\x12\xb7\xe9\xb2-\x8b\x1a\x17\xc2\xfc\xa2\xdb\\\x16\x93}pK4sf:\xa3\x06\xbcN\xdd\xa8\xba\x81\n*\x97B)\xad\x14,\xad\x15\x01\xb9\xf4\xf6\xff`z\xfe-\xe7\x94\xdeN\x0b\xa8\xbf\xe4\rO\xcfy\xcf\xf3&gt;\xcf\xf3&gt;\xe7}\x9f\xf7v \x00X\xf1\x02/\xf0\x8c \x08\x00^y\xe5\x15\xb0X,\x00\x00A\x10\xd36\x01\x00\x8b\xc5"i\x82 \x1c\xf4\xf2\x07=\xd9:\xfa\x83\x9e\x0ev\xa0K111`\xd9\x04\xb2\xc1\xdept\xf7\x98\xa6\x99\xc4d\xe8a\xef\x04\x81\xb0C u\nDyL\x83e\xffc2\x1d\xc2W^\x13!\x90\x154\xdd\x1d\xc2\x1e\xd3\xd1V\x0e\x0e\xed\x0c\xd3Q1wi\x7f\xe2Y\xb3\xdbD\x98*=]\x907\x0f\xf9\x13\xde*c\xb1X\xa0T*\xa1V\xaba0\x18\xd0\xd3\xd3\x03\xa3\xd1\x08\xab\xd5\n\x16\x8b\x05&gt;\x9f\x8f\xb8\xb88H\xa5Rdgg\x83\xcdf{e\xbc\xc7\x8f\x1f\xa3\xb3\xb3\x13---\xe8\xec\xec\xc4W_}E\x9b\x7f``\x00\x8d\x8d\x8dhoo\x87F\xa3A__\x1fL&amp;\x13\x08\x82\x00\x87\xc3\x81H$BJJ\n\xe6\xce\x9d\x8b\xac\xac\xaci\xe1\xd8\xce\x9c\xce_\xf0\xc6/\x83\xbca\xc0\xd4\xdbD\x10\x04\xccf3\x94J%4\x1a\r\xb4Z-\x86\x87\x87a\xb1X\xc0b\xb1\x10\x19\x19\t\xa1P\x88\x8c\x8c\x0c\xa4\xa7\xa7\xd3*\xad\xd5jq\xfb\xf6m\xb4\xb4\xb4\xc0l6\xd3\xe6\xb1X,\xd0j\xb5\xd0j\xb5\xb8s\xe7\x0e\xc2\xc2\xc2PVV\x869s\xe6\xb8\xd4c``\x00J\xa5\x12\xad\xad\xadP*\x95\xd0\xeb\xf5\x14\xfe\xf6\xf9\x95J%\xce\x9c9\x83\xd6\xd6VX,\x16ZyL&amp;\x13\xee\xdd\xbb\x87{\xf7\xee\xe1\xec\xd9\xb3HII\xc1\x07\x1f|\x00\xb1XL\x9b\xdfh4B&amp;\x93\xa1\xb1\xb1\x11r\xb9\x1c\x06\x83\x01f\xb3\x19l6\x1b\x89\x89\x89\x10\x8b\xc5())AQQQ\xc0{\xba\xa9\xd2C\x90\xf9\x01X\xcb\xca\xcaH\xe1|M\x80\xfb\xa3\xea\xd6\xd6V\xdc\xbau\x0b###.\x05\x8d\x8e\x8eFYY\x19\x92\x92\x92@\x10\xff\x1fa\xef\xdf\xbf\xdf#\x85\xed\x91\x9f\x9f\x8f7\xdex\xc3A\xfe\x81\x81\x01\xa8T*\xb4\xb6\xb6\xa2\xab\xab\x0b\x0f\x1f&gt;\x9c\x90\xc7\xbe}\xfb\x1c\x9e\xdf\xb2e\x8bW\xb2\xb0\xd9ll\xdd\xba\x15s\xe6\xccq\xd0\xef\xfc\xf9\xf3\xf8\xfd\xf7\xdf100\xe0\x92Grr2\xb6l\xd9\x82\xfc\xfc|\x00p\xe0c\xb1X044\x84\xe8\xe8h\xc6\xea\xda\xd7\xfa\xf7\x96\xb6\xd7\xcb\x9e\x8e\x8e\x8evl\xa1\x99\x80;o\x9a\xd5j\xc5\xc5\x8b\x17\xa1V\xab\xdd\xe6\xfb\xe8\xd1#\xfc\xf1\xc7\x1fX\xb6l\x19\xa4R)#\xb2655!$$\x04\x15\x15\x15\xa4|\xdf~\xfb-#\xbc=\x85\xd9l\xc6\x81\x03\x07PUU\x85\x84\x84\x04\x98L&amp;\xec\xdf\xbf\x1f\xf5\xf5\xf5n\xf3\xe8\xee\xee\xc6\xe7\x9f\x7f\x8e\xf9\xf3\xe7#&lt;&lt;\x1c\x06\x83\x01\x06\x83\x01\x9d\x9d\x9d~\x94\x9cY\xd8|\xc2\x9b^\x01\xf02\xe4\xf0\x84\xa6\xc3?\xff\xfc\xe3\x913\xdb\xe3\xdc\xb9s\x10\x08\x04\x88\x8d\x8du(\'""\x02\x99\x99\x99HMMEjj*\xc2\xc2\xc2\x00\x00###P(\x14\xa8\xab\xab\xa3\r\x17n\xdc\xb8\x81\xc2\xc2B$&amp;&amp;z%\x0f@\xaf\xafX,Faa!$\x12\tRSS\x11\x14\x14\x04\x93\xc9\x04\xb9\\\x8e\xb3g\xcf\xe2\xce\x9d;\x94g\xc6\xc6\xc6PSS\x83u\xeb\xd6\xe1\x87\x1f~\xf0\xc8\x99\xedq\xfd\xfau\xaf\x9e\x9bn\xa0\xf3\xb9\xa0\x89n2A\x8f\xff\xad\xd1h(-FJJ\nrrr\x90\x92\x92\x02\x0e\x87\x03\xab\xd5\n\x83\xc1\x80;w\xee\xa0\xa5\xa5\xc5!\xaf\xd9lFCC\x03\xca\xcb\xcb\x01&lt;\xedf\xe7\xcf\x9f\x0f\x91HD\xe9\xfa\x08\x82@hh(\xf2\xf3\xf3\x91\x9d\x9d\x8dC\x87\x0eA\xab\xd5R\x0cs\xed\xda5TVV\xd2:fxx8\xc4b1\x1a\x1b\x1b)\xf7\xe8\xf4\xcd\xcb\xcb\xc3\xca\x95+\x91\x96\x96\xe6\xd0]\x0e\x0e\x0e\xa2\xa7\xa7\x07\x11\x11\x11(//\xc7\xd0\xd0\x10m\xcby\xfe\xfcy\x9c;w\x8e\xb6\xac\xe7\x01\xbe6\x9e^\xcdr\xf8\xe2\xd8r\xb9\x9c\xa2Dyy9X,\x96C\\$\x10\x08\xb0x\xf1bDDD\xe0\xdf\x7f\xffu\xc8\xdf\xd1\xd1\x81\xf2\xf2r\x10\x04\x81\xb7\xdez\xcbe7\x04\x00\\.\x17\xa5\xa5\xa58v\xec\x18\xe5^GG\x07I\xf3\xf9|\xa4\xa5\xa5A*\x95"--\rB\xa1\x10\x04A`\xfb\xf6\xed\x94\xe7\xeca+\xf3\xc3\x0f?\x04A\x10\x18\x1e\x1eFGG\x07\xee\xde\xbd\x8b+W\xae8\x1d \x8e\x87\xd5\xea\xd9N\x84\xd0\xd0P\xb0\xd9lJ\x8c\xcd\xe3\xf1\xf0\xe5\x97_\x82\xcf\xe7\x93\xc9\x16\x87N\x95\xd5&gt;\x80\x1a\'\x8f\xb7\xa7\xa7\xb4\xcb\x16\x9ai\xf4\xf4\xf4P\xae555a\xf6\xec\xd9\xb4\xe5\xcf\x993\x87\xe2\xd0F\xa3\xd1\xab\x1e\xc2Y\xec=88H\xd2\x9f~\xfa)\xf9\xac\xbd\x81\x9d\xc1\xc6\x7fxx\x18\n\x85\x02r\xb9\x1cr\xb9\x1c\xf7\xef\xdfw\xdb\x89\xddA^^\x1e\x8a\x8b\x8b\x11\x1d\x1d\r&gt;\x9f\x8f\x98\x98\x18\xc4\xc4\xc4\x80\xc7\xe3\xc1h4\xe2\xcd7\xdft\xc8o2\x990o\xde&lt;\x00\xd4\x01\xd5x\xd9m\xb4}\x1eo\xc3IO\xe0\x8f\xc6\xd3e\x0b\xcdt\xa1&amp;\x93\x89\xa2X}}=\x12\x13\x13\x91\x90\x90@\xb9Gg@\x0e\x87\xe3q\xd9\x139\xa8;\x95\xed\x0c\'N\x9c\x80\\.Gww\xb7K\x07f\xb1X\x88\x8b\x8bCll,\xa2\xa2\xa2PWWG\xc9\x93\x9e\x9e\x0e\x95JE\xe1u\xef\xde=\xac]\xbb\x16999\x94V\x8e\xcdfS\xf8\x04\x07\x07\xbb\xadS \xeb\x7f"\x9a\t\xb8=(dJ\xe8\x90\x90\x10&lt;y\xf2\xc4A\x08\xab\xd5\x8a\xb3g\xcfb\xc5\x8a\x15\x10\n\x85\x0e\xcf\xdc\xbd{\x97"\xb4\xb3\xf9ZW\xb0o\x89\xed\x11\x11\x11\xe1\xb5\xc1/^\xbcH{\x9d\xc5b!55\x15YYY\x981c\x06\xf2\xf2\xf2\x10\x1e\x1eN\xf2\xb3\rT\xc7\xa3\xb8\xb8\x18\xfd\xfd\xfd0\x18\x0c\x0e\xd7-\x16\x0b\xaa\xaa\xaa\xf0\xf5\xd7_;\xf44\x04A\xa0\xa6\xa6\x86\xc2g\xc1\x82\x05\x13\xca\xed)\x02\xe1\xd8L\xf0\xf2x\xda\xce\xd7B\xc5b1\xed\x08\x7ftt\x14\xa7N\x9d\xc2\x92%K\x90\x9a\x9a\n\x00x\xf8\xf0!e\xc4N\x10\x04\xe6\xce\x9d\xebU\xd9mmm\xb4:\xd1\xbd ###P*\x95P(\x14P(\x14\xb4\xcf\xd9\x83\xc5b!%%\x05R\xa9\x14YYY\xc8\xcc\xccDHH\x08\xa55\xb5\xc9r\xe6\xcc\x19\n\x0f&gt;\x9f\x8f\xf2\xf2r\x0c\x0c\x0c\xe0\xd4\xa9S\x94\xfbCCC\xd8\xb9s\'\xb6o\xdf\x8e\xd9\xb3g\x83 \x08tuu\xe1\xd7_\x7f\xa5\xc8\xb2f\xcd\x1a\xa7v`\x82\xf6\x17__\x1d\xdb\xe7A\xa1\xa7\xc8\xcf\xcfGgg\'\x86\x86\x86(\xf7\x8cF#N\x9f&gt;\x8d\xc2\xc2B$\'\'\xa3\xb6\xb6\x16ccc\x0ey\x16.\\\x08\x81@\xe0\xb1\xbcV\xab\xd5\xe9tVQQ\x11FGG\xd1\xd5\xd5\x05\x85B\x81\xce\xceN\xf4\xf4\xf4\xb8\x15\x03\x97\x95\x95A*\x95"33\x13&lt;\x1e\x8f\x12\xda\x8c\x97\xc3h4\xe2\xe8\xd1\xa3hhhp\xe0\x13\x19\x19\x89\x1d;v\x80\xc7\xe3a\xd5\xaaU\xa8\xab\xab\xa3]\xd4\x19\x1e\x1e\xc6\xae]\xbb\xb0v\xedZ\xe4\xe7\xe7\xa3\xba\xba\x9a\xd2\xe3\xbd\xf7\xde{\xe4\xca\xeat\x08\x13\x9c\xc1\xab\x97\x0c\x80\xd56\x05\x16\xa8\xfd\xb4\x8f\x1f?FMM\r\xa5"\\\xa1\xb8\xb8\x98\\\xde\xf54\xc9d2\\\xb8p\x81\xc2S(\x14\x82\xc3\xe1\xa0\xb7\xb7\xd7\xabA\xdcw\xdf}7\xa1M\x00\x90\xab\x8f\n\x85\x02\x7f\xff\xfd7%\x9c\xc8\xc9\xc9\xc1\xe6\xcd\x9b!\x10\x08Hy{{{\xb1{\xf7nJ^W\xd8\xb0a\x03\xd6\xad[\xe7\x95\x8d&lt;It\xba\xba[\xffL\xd0t)""\xc2?\xf3\xd0\xae\xf2EFF\xe2\xf5\xd7_\xc7_\x7f\xfdE;\xeb1\x1e\xe1\xe1\xe1x\xed\xb5\xd70c\xc6\x0c\nOw\xa0V\xabq\xe9\xd2%\xda{}}}\xb4\xd7Y,\x16\x92\x92\x92\x90\x91\x91\x01\x89D\x82\x9f\x7f\xfe\x996\x9f3]7o\xde\xecR\xae\xdc\xdc\\TTT`\xd6\xacY\x14\xbb%%%\xa1\xba\xba\x1a\xfb\xf7\xef\xa7\x1dG\x8c\x87@ \xc0\xc7\x1f\x7f\xecv8\xe6+\xfc\x152\xf8\xeac\x8c/}\xdbc"\x81BBB\xb0b\xc5\n466R\xa6\xe5\xc6\xa3\xa0\xa0\x00iii\xb4|\x9c\x95166\x06\xb5Z\x8d\xb6\xb66466\xba5\x03a\xdb\xe8#\x91H\x90\x9e\x9e\x8e\x90\x90\x10\xb7\xa6\xee\xbc\x85N\xa7CSS\x13\x84B!\x92\x93\x93I\x1dlzDEEa\xe7\xce\x9d8~\xfc8\x0e\x1f&gt;&lt;!\xaf\xd5\xabW\x93\xfb@l\xf0\x97\xd3\xb9\x8b@;6\x10\x80\xa5\xef\x89\x0c\xd1\xdc\xdc\x8c\xdb\xb7o;\xbdo\xc3\xd5\xabW\xa1V\xab\xb1t\xe9R\x84\x84\x84\xd0\x96166\x86\xee\xeen\xa8T*\xa8T*&lt;x\xf0`\xc2E\n\x9b\x03\x8bD"\x88\xc5b\x88D"\x04\x07\x07;\x9d\xb3\x9d\x08\xdeV\xbcV\xabEMM\rjjj\xf0\xf2\xcb/c\xfd\xfa\xf5\x08\x0f\x0fw\xe0U[[\x8b\x13\'N\xb8\xe4u\xf0\xe0A\xdc\xbau\x0b\x9f|\xf2\t\xa2\xa2\xa2\x02\xe2\xd8\xfez\x11\xbc\x81\xad\x1crP\x18\xc8\xb7\xc9d2\xe1\xca\x95+\xe8\xea\xear[`\xa5R\x89#G\x8e`\xf5\xea\xd5\x88\x89\x89\x81J\xa5\xc2\xc0\xc0\x00\xf4z=\xd4j5\xb4Z\xad[\xabl\x91\x91\x91(//Gvv69\x883\x9b\xcd\x18\x1a\x1a\x02\x8f\xc7s\xa9\xc7x0Uy\x97/_Fss3v\xed\xda\x05&gt;\x9f\x8f\xd1\xd1Q|\xff\xfd\xf7.{/{\xdc\xb8q\x03[\xb7nEUU\x15\xd9\xe2\xbb\x8b\xc9\x0c\x13\x98|a\x08\x00\xd6%K\x968\r\xb4\x99NV\xab\x15\xb5\xb5\xb5\xe8\xed\xedu\x10\x84\xcb\xe5b\xd9\xb2e\xd0h4\xf8\xef\xbf\xff\xe0\x0c\xb6\x05\x83\xd1\xd1Q\xa7y\x9c\xa1\xa0\xa0\x00\x05\x05\x05\xd0\xeb\xf5\xd0\xe9t\xd0\xe9thmm\xf5\x98\x8f/\x88\x8a\x8a\xc2\xd0\xd0\x10\xed\x02\x13\xf0ta\xe5\x9bo\xbe\xc1\x9e={\xd0\xdc\xdc\xecp/44\x14_|\xf1\x05\x9a\x9a\x9a\xf0\xdbo\xbf9-#::\x1a\xfb\xf6\xeds\x08c\xa6\xfa\xa1W\xc0\xf7I\x89\xb0\xb0\xb0\xff;t\xa0\x14\x93\xc9d\x14\'"\x08\x02+W\xae$\xf7:\xab\xd5j\xd4\xd6\xd6\xc2h4:\xf7\x8cq \x08\x02\xf1\xf1\xf1\xe0r\xb9P\xa9T\x94{\\.\xd7\xab\x97`2\x10\x15\x15\x85\xfe\xfe~\x87k,\x16\x0b\xbbw\xefF^^\x1e\x08\x82\xc0\xcd\x9b7Q]]\x8d\xe1\xe1aZ\x1e\xc9\xc9\xc98x\xf0 \xb8\\.\xa3\xb3WS9\x91\x0e\xbdt\xe9R\x8f\x15\xf3f\xca\xa5\xaf\xaf\x0f\xa7O\x9f\xa6\x18?//\x0f%%%\x0e\xf9\xfb\xfa\xfap\xf2\xe4\xc9\t\x9d\x90\xc3\xe1 ))\taaa0\x9b\xcdP\xa9TN+x\xba\x83 \x08\xf2\x18Y||&lt;\xe2\xe3\xe3\x01\x00\'O\x9et\xaa\xf3\xa6M\x9b\xf0\xee\xbb\xef2\xde\x92z[\xff\x9e\xd0\xde:\xb4OG\xb0&lt;y\x06\x00\xa5\x0b\xb5\xc1\xb6?\xc1&gt;\x7f\\\\\x1cf\xce\x9cIY\x80\xb0\x87\xd1h\xf4(\x0e\xe7p8\x10\x08\x04\x10\x08\x04\x88\x8b\x8b\x83P(D\\\\\x1c\x04\x02\x018\x1c\xce\x84\xc6\xda\xb6m\x1b-\xcf\x03\x07\x0e\xb8el\x8b\xc5\x02\x83\xc1@\x86:z\xbd\x1e\x9d\x9d\x9dn\r\x8a\x81\xa7\xdb\x03\xf4z=\xf4z\xbdS;\x8e\xc7\xc9\x93\'\x91\x9b\x9b\x0b6\x9b\r\xa9TJ\xee\x11\xf7\x05\xbe\xd4\xbf\'\xb4\xb7\xcf\xfb4m\xe7i\xa1\xf7\xef\xdf\xa7\xe5\xc3\xe7\xf3\x1d\xf2+\x95J\xc8d2\x97\xc7\x9f\\\xc9f\xdbc-\x14\n!\x14\n\x11\x15\x15E\xd9\xa6\xea\xcfi9{\xb0\xd9l\xf2\x05\xb2\xaf\xb0\r\x1b6\xb8\xf5&lt;A\x10\x1eo-\xd5\xeb\xf5\xf8\xec\xb3\xcf\x1cd(**Bvv6222\x90\x91\x91\x81\xe4\xe4d\xf2\xc0\xb0}Yt4\x9dL\xfe\xa6=}\x86\xd1\xfd\xd0\xae\xe0,&amp;\xb6X,`\xb3\xd9\xd0j\xb5\x90\xc9d\xd0h4n\xf1\xb3\xb5\xb8Z\xad\x96r@v\xcd\x9a5\xc8\xca\xca\x02\xc0\xec\xf6Ig\xf0\xc6&gt;\x9e\xacL\x1e&gt;|\x18\x8f\x1f?\x86V\xabE__\x1fy\xe8\xf7\xc1\x83\x07\xe8\xed\xed\xa5=\x8d3\x1ef\xb3\x192\x99\x0c2\x99\x8c\xbc\x16\x1c\x1c\x0c\x91HD:\xb8D"\x81D"!W-}\xd1\x8fI\xb8[&gt;\xa3\xf3\xd0.\xbb\x83\xa0 Z\xa7nll\x84N\xa7s\xd8h\xef\n\x02\x81\x00\x1b7n\xc4\xa1C\x87(\xce\x9c\x9b\x9bK\xeeHcR\'g\xf0\xb6\x8ck\xd7\xae\xb9\xe4m\x83L&amp;CYY\x19\x12\x12\x12(\xe1\x0c\x00TTTP\x9e\x89\x8c\x8cDbb"\xda\xdb\xdb\x9d\x9e\x88\x1f\x1d\x1dEKK\x0b\xe5dPTT\x14$\x12\t233\xc9\xbf\x19\x19\x19\x88\x88\x88p\xaa\x93;\r\x82?h{\xf8u\xe9{\xbcb\x89\x89\x89\x94\x19\x08\xc0\xbb3pR\xa9\x14uuu\xb4K\xd7\xa5\xa5\xa5\x1e\xf3\xf3\x16\xe3u\xdf\xbbw/\x96/_\x8eY\xb3f9\xcd\x03\x00\xbd\xbd\xbd8r\xe4\x88\xdb\xe5\xfc\xf2\xcb/(((@ll,\x85\x97\xb3q\xc6\xaaU\xab\xb0q\xe3F\x00O75577C\xaf\xd7\x93\x1b\xb0\x14\n\x05t:\x1d\xed\xb3\xfd\xfd\xfd\xa8\xaf\xafw8\xd7H\x10\x04\x12\x13\x13\x91\x99\x99\x89\xcc\xccLH\xa5RH\xa5R\x88\xc5b\x870\xce&gt;\x7f\xa0\xc3\x12\xbf.}\xdb\x83 \x08H$\x12Z\x87v\x86\xa0\xa0\xa7\xe2\x8d\x9f\xb3\xe5\xf1x(((\xc0\x8f?\xfeH\xfb\xdcO?\xfd\xe4\xb1|\xd5\xd5\xd5\x0e\xb2\xd2\xd1\xee\xc0vb\x85\xcf\xe7\xa3\xa8\xa8\x08YYY\xc8\xcb\xcb#\x0f%(\x95J\xd4\xd7\xd7\xa3\xa6\xa6\x86v\x06\x87\xcdf\xd3\xb6\xa6\x8f\x1e=\xc2\xb6m\xdb\xb0~\xfdz,Z\xb4\x08\xa1\xa1\xa1\x18\x1e\x1e\xc6\xd5\xabWq\xe8\xd0!J\xfe\xf0\xf0pTVV\x92\xbf\xc3\xc2\xc2hO\xb0\x0c\x0e\x0eB\xa1P\xa0\xa3\xa3\x83\xfc\xdb\xd1\xd1A\xbb\x1b\xd2j\xb5B\xa3\xd1@\xa3\xd1\xe0\xf2\xe5\xcb\xe4\xf5\xa0\xa0 \x88\xc5bdff"++\x8bL)))d\x9e@\xb5\xd8\x04\x00\xeb\xb2e\xcb\x02\xb2[\x8a \x08\x1c?~\xdc\xe3\x1dd\xe3QYY\t\x89D\x82\xbd{\xf7\xfa\xc4\xc7\x1e6\x87\xde\xb1c\x07c&lt;\xbd\xc1\xa6M\x9bp\xeb\xd6-\xdc\xbcy\xd3\'&gt;{\xf6\xecAqq1%&lt;q\'\x01\xc0\x83\x07\x0fH\xe7nooG{{;:;;\x9d.\x08\xd1!&lt;&lt;\x9c\xdc\x1f\x9e\x9d\x9dM\xa6\x98\x98\x18\xaf\xe4r\x95BBB\xe8\x07\x85\xfex\x83T*\x15d2\x99\xc7[F\xed\x11\x14\x14\x84\xe5\xcb\x97###\xc3k\x1e\x13\xc1\xd3\xd6\x98i\xbc\xf3\xce;X\xbe|9^}\xf5UTUU\xb9\xb5\xcbn&lt;\x82\x83\x83\xb1}\xfbv\x9fN\xac\xd8B\x8b\xa4\xa4$\x94\x96\x96\x92v\xb1X,\xe8\xea\xeaB{{;\xd9\x13\xc9\xe5rh4\x1a\xda\x19\x98\xc1\xc1A444PB\xa2\xb8\xb88\xe4\xe4\xe4 ;;\x1b999\xc8\xcd\xcdu8\x10a/\x87\'4\xe0"\xe4\xf0\xd5\x99\x9f&lt;y\x82\x1b7n@\xa7\xd3\xd1va\x9e`\xc6\x8c\x19X\xbcx\xb1\xc3\xe6\xfeg\x05\xe9\xe9\xe9x\xff\xfd\xf7!\x95JA\x10\x04x&lt;\x1ev\xed\xda\x85?\xff\xfc\x13\xc7\x8e\x1ds{\xb1\xa8\xb0\xb0\x10\x1f}\xf4\x11y\xe2\x87\xc9A\x17A\x10\x08\n\n"\x07\x88+V\xac \x1b\xbf\'O\x9e\xa0\xa3\xa3\x03mmm\x0e\xc9YOl\x9b\xa1\xb1\x0f[X,\x16D"\x11\x8e\x1e=\x8a\xd4\xd4T\xaf\xe5\xf5hP\xe8\t4\x1a\r.\\\xb8@\xfb\xe6\x12\x04\x81\xf4\xf4t\xe4\xe4\xe4`dd\x84\xfc\xc0\xe2\xa3G\x8f`6\x9bI\xe3%\'\'#&gt;&gt;\x1eR\xa9\x14\xb1\xb1\xb1NO\x82LE\xec\xdd\xbb\x177o\xde\x84\\.\x87J\xa5\x82\xc1`\x80\xc9d\x02\x8b\xc5\x02\x97\xcb%c\xccy\xf3\xe6\x91\x8e&lt;\xde\xee\x95\x95\x95\xa8\xa8\xa8\xc0\xb5k\xd7\xd0\xd0\xd0\x00\xb5Z\x8d\xee\xeen\x92Opp0f\xce\x9c\t\xa9T\x8a\xd2\xd2R\xa4\xa7\xa7;\x84\x8d\xf6\xbc\x98\xa0\x9d!,,\x0c/\xbd\xf4\x12y,\xcc\x96t:\x1d\xda\xda\xda\xd0\xda\xdaJ&amp;\xb9\\N\xfb\xe97\xdb\xc76m\xf3\xf4^\xcb\x0b\xc0j{\xdb\x00\xe6N\xa7\\\xbat\x89\xb2\x90\xc2\xe1p0s\xe6L\xe4\xe5\xe5!44\xd4\xa3\xd8\xdb\xdf\xc9\x1b\xdd\xdd\xa5\x03\xa9G\xa0m\xe3n\x1d\xdah\xab\xd5\n\xb5ZMN\x15\xda\x92R\xa9\x84H$B]]\x9d\xd7\xf5\xcf\xe3\xf1|\x9f\x87\xa6\xbb\xa7\xd3\xe9\x1c\x9c\x99 \x08\x94\x94\x94@*\x95:\xacJyZ\x9e?\xe1S\xab\xe0\x83\xad\x02A\xfb\n&amp;ub\xb3\xd9\x10\x89D\x10\x89D\x0e\xdf\x144\x1a\x8d\xe4\x14\xac/e06mgch2\x99\x1c\xce\xee\x11\x04\x81\xb7\xdf~\xfb\xe9N\xa8i\xe4\x10L\xc2\x99\x1e\x81\xd2)\x10v\xf0U\xc6\xe0\xe0`\x97\xb1\xb3;\xbch\xff\xc7\x8a/\xf4\xa5K\x97\x1cNj/X\xb0\x00\xa1\xa1\xa1\xf0\x05\x93\xe1\xd8L9\x9d\xbb\x98\xea\x8e=\x1dzS\xc0\xc5\xffX\xf1\x94nmmu\xd8\xb8\x1f\x17\x17\x87\xec\xecl\xbf\x19&amp;\xd0]\xf8\xb3\xee\x10\xd3\xd5V\x94\x16\x9a\t\x86\xfd\xfd\xfd\x0e\xc7\x85\xd8l6\xf9A\xc5\xc9P\xcc\x9fx\xd6\x1cb"L\x95\x9e\xce]=\x18\xd9;i\x8b\x9b\xed\xa7\xe8\x16-Z\x04.\x97\xcb\xb8\xd0\xcf\xabC\xf8S\x0fgN\xe7/\xf8S\'\x87\x16\xda\xdb\xb7\xe9\xfa\xf5\xeb\x0e+\x80\xa9\xa9\xa9\x1e}\xb9g"L\'\x87\x18\x7f\x8fI&lt;\xaf\r\x82\xa7p9(t%\x90J\xa5\x82R\xa9$\xafs\xb9\\,Z\xb4\xc8i~O\xca`\x12\x93\xd9\xd2M\'\x87\xb0\xc7d7\x08\xde\xd8\xc1\xed\x90\xc3]\x86\x0b\x17.\x04\x97\xcb}\xaeZ\x05g\x98n\x0e1\x91}\xa6\x8b\x1e^\x0f\nmHHH \xbf\xde)\x12\x89\xc8}\x04\xbe\xe0YhM\'S\xa7@\x94\xe7O\xf8"\x97\xd7G\xb0l\xbf\xb9\\.JJJ\x90\x9e\x9e\xee\xfb:\xfc8\x83\x05\xb2\x82^8\x84g\xb4\xbf\x1b\x04o\xed\xc6\xd8\xd2wJJ\xca\x94R\xcc\x17\xbcxy\xa6\xaeN\xae\xf2\xf9\xe5\xc8\xf3TP\x8cI\xda\x1bL%=&lt;mM}\xc5\xa4\xd6?\x00\xcf\xce\xc6\xbf\xc0\x0bLa\xfc\x0f\x08\xf9R\xe0Ez\x97\x0c\x00\x00\x00\x00IEND\xaeB`\x82\r\n--75a388a78c375e48e193b4e712a574fa--\r\n' 
 </msg>
<msg timestamp="20201104 00:04:31.599" level="INFO">POST Response : url=http://127.0.0.1:80/in.php 
 status=200, reason=OK 
 body=OK|1 
 </msg>
<msg timestamp="20201104 00:04:31.599" level="INFO">${response} = &lt;Response [200]&gt;</msg>
<status status="PASS" starttime="20201104 00:04:24.680" endtime="20201104 00:04:31.599"></status>
</kw>
<kw name="Strip String" library="String">
<doc>Remove leading and/or trailing whitespaces from the given string.</doc>
<arguments>
<arg>${response.text}</arg>
<arg>characters=OK|*</arg>
</arguments>
<assign>
<var>${strip}</var>
</assign>
<msg timestamp="20201104 00:04:31.599" level="INFO">${strip} = 1</msg>
<status status="PASS" starttime="20201104 00:04:31.599" endtime="20201104 00:04:31.599"></status>
</kw>
<kw name="Get Request" library="RequestsLibrary">
<doc>Send a GET request on the session object found using the
given `alias`</doc>
<arguments>
<arg>xEvil</arg>
<arg>/res.php?id=${strip}&amp;action=get</arg>
</arguments>
<assign>
<var>${response}</var>
</assign>
<msg timestamp="20201104 00:04:31.599" level="INFO">GET Request : url=http://127.0.0.1:80/res.php?id=1&amp;action=get 
 path_url=/res.php?id=1&amp;action=get 
 headers={'User-Agent': 'python-requests/2.24.0', 'Accept-Encoding': 'gzip, deflate', 'Accept': '*/*', 'Connection': 'keep-alive'} 
 body=None 
 </msg>
<msg timestamp="20201104 00:04:31.599" level="INFO">GET Response : url=http://127.0.0.1:80/res.php?id=1&amp;action=get 
 status=200, reason=OK 
 body=OK|XEvil 4.0.0 
 </msg>
<msg timestamp="20201104 00:04:31.599" level="INFO">${response} = &lt;Response [200]&gt;</msg>
<status status="PASS" starttime="20201104 00:04:31.599" endtime="20201104 00:04:31.599"></status>
</kw>
<kw name="Strip String" library="String">
<doc>Remove leading and/or trailing whitespaces from the given string.</doc>
<arguments>
<arg>${response.text}</arg>
<arg>characters=OK|*</arg>
</arguments>
<assign>
<var>${strip}</var>
</assign>
<msg timestamp="20201104 00:04:31.599" level="INFO">${strip} = XEvil 4.0.0</msg>
<status status="PASS" starttime="20201104 00:04:31.599" endtime="20201104 00:04:31.599"></status>
</kw>
<kw name="Log To Console" library="BuiltIn">
<doc>Logs the given message to the console.</doc>
<arguments>
<arg>${strip}</arg>
</arguments>
<status status="PASS" starttime="20201104 00:04:31.599" endtime="20201104 00:04:31.599"></status>
</kw>
<msg timestamp="20201104 00:04:31.599" level="INFO">${captcha_text} = XEvil 4.0.0</msg>
<status status="PASS" starttime="20201104 00:04:24.641" endtime="20201104 00:04:31.599"></status>
</kw>
<kw name="Input Text" library="SeleniumLibrary">
<doc>Types the given ``text`` into the text field identified by ``locator``.</doc>
<arguments>
<arg>//*[@id="v-Z7_01HA1A42KODT90AR30VLN22003"]/div/div[2]/div/div[2]/div/div/div/div[1]/div/div/div/div[1]/div/div/div/div[3]/div/div/div/div[1]/div/div/div/div[3]/div/div/div/div[1]/div/div/div/div[1]/div/input</arg>
<arg>${captcha_text}</arg>
</arguments>
<msg timestamp="20201104 00:04:31.599" level="INFO">Typing text 'XEvil 4.0.0' into text field '//*[@id="v-Z7_01HA1A42KODT90AR30VLN22003"]/div/div[2]/div/div[2]/div/div/div/div[1]/div/div/div/div[1]/div/div/div/div[3]/div/div/div/div[1]/div/div/div/div[3]/div/div/div/div[1]/div/div/div/div[1]/div/input'.</msg>
<status status="PASS" starttime="20201104 00:04:31.599" endtime="20201104 00:04:35.130"></status>
</kw>
<kw name="Input Text" library="SeleniumLibrary">
<doc>Types the given ``text`` into the text field identified by ``locator``.</doc>
<arguments>
<arg>//*[@id="v-Z7_01HA1A42KODT90AR30VLN22003"]/div/div[2]/div/div[2]/div/div/div/div[1]/div/div/div/div[1]/div/div/div/div[3]/div/div/div/div[1]/div/div/div/div[3]/div/div/div/div[1]/div/div/div/div[1]/div/input</arg>
<arg>${captcha_text}</arg>
</arguments>
<msg timestamp="20201104 00:04:35.130" level="INFO">Typing text 'XEvil 4.0.0' into text field '//*[@id="v-Z7_01HA1A42KODT90AR30VLN22003"]/div/div[2]/div/div[2]/div/div/div/div[1]/div/div/div/div[1]/div/div/div/div[3]/div/div/div/div[1]/div/div/div/div[3]/div/div/div/div[1]/div/div/div/div[1]/div/input'.</msg>
<status status="PASS" starttime="20201104 00:04:35.130" endtime="20201104 00:04:36.648"></status>
</kw>
<kw name="Click Element" library="SeleniumLibrary">
<doc>Click the element identified by ``locator``.</doc>
<arguments>
<arg>//*[@id="v-Z7_01HA1A42KODT90AR30VLN22003"]/div/div[2]/div/div[2]/div/div/div/div[1]/div/div/div/div[1]/div/div/div/div[4]/div/div/div/div[1]/div/div/div/div[1]</arg>
</arguments>
<msg timestamp="20201104 00:04:36.648" level="INFO">Clicking element '//*[@id="v-Z7_01HA1A42KODT90AR30VLN22003"]/div/div[2]/div/div[2]/div/div/div/div[1]/div/div/div/div[1]/div/div/div/div[4]/div/div/div/div[1]/div/div/div/div[1]'.</msg>
<status status="PASS" starttime="20201104 00:04:36.648" endtime="20201104 00:04:37.980"></status>
</kw>
<kw name="Sleep" library="BuiltIn">
<doc>Pauses the test executed for the given time.</doc>
<arguments>
<arg>5s</arg>
</arguments>
<msg timestamp="20201104 00:04:43.527" level="INFO">Slept 5 seconds</msg>
<status status="PASS" starttime="20201104 00:04:38.003" endtime="20201104 00:04:43.527"></status>
</kw>
<kw name="Press Keys" library="SeleniumLibrary">
<doc>Simulates the user pressing key(s) to an element or on the active browser.</doc>
<arguments>
<arg>None</arg>
<arg>ESCAPE</arg>
</arguments>
<msg timestamp="20201104 00:04:43.527" level="INFO">Sending key(s) ('ESCAPE',) to page.</msg>
<msg timestamp="20201104 00:04:43.527" level="INFO">Pressing special key ESCAPE to browser.</msg>
<msg timestamp="20201104 00:04:43.527" level="INFO">Releasing special key ESCAPE.</msg>
<status status="PASS" starttime="20201104 00:04:43.527" endtime="20201104 00:04:43.994"></status>
</kw>
<status status="PASS" starttime="20201104 00:03:50.147" endtime="20201104 00:04:43.994"></status>
</kw>
<kw name="Do Full Iteration">
<kw name="Wait And Click">
<arguments>
<arg>//*[@id="v-Z7_01HA1A42KODT90AR30VLN22003"]/div/div[2]/div/div[1]/div/div/div/div[1]/div/div/div/div[1]/div/div/div/div/div[1]/div/div/span/span</arg>
</arguments>
<kw name="Wait Until Element Is Enabled" library="SeleniumLibrary">
<doc>Waits until the element ``locator`` is enabled.</doc>
<arguments>
<arg>${locator}</arg>
<arg>${timeout}</arg>
</arguments>
<status status="PASS" starttime="20201104 00:04:43.994" endtime="20201104 00:04:44.784"></status>
</kw>
<kw name="Click Element" library="SeleniumLibrary">
<doc>Click the element identified by ``locator``.</doc>
<arguments>
<arg>${locator}</arg>
</arguments>
<msg timestamp="20201104 00:04:44.784" level="INFO">Clicking element '//*[@id="v-Z7_01HA1A42KODT90AR30VLN22003"]/div/div[2]/div/div[1]/div/div/div/div[1]/div/div/div/div[1]/div/div/div/div/div[1]/div/div/span/span'.</msg>
<status status="PASS" starttime="20201104 00:04:44.784" endtime="20201104 00:04:46.759"></status>
</kw>
<status status="PASS" starttime="20201104 00:04:43.994" endtime="20201104 00:04:46.759"></status>
</kw>
<kw name="Wait And Input">
<arguments>
<arg>//*[@id="v-Z7_01HA1A42KODT90AR30VLN22003"]/div/div[2]/div/div[2]/div/div/div/div[1]/div/div/div/div[2]/div/div/div[2]/div/div/div/div/div[2]/div/div/div/div[1]/div/div/div/div[1]/div/div/div/div[1]/div/div/div/div[1]/div/input</arg>
<arg>50:15:0000000:33365</arg>
</arguments>
<kw name="Wait Until Element Is Enabled" library="SeleniumLibrary">
<doc>Waits until the element ``locator`` is enabled.</doc>
<arguments>
<arg>${locator}</arg>
<arg>${timeout}</arg>
</arguments>
<status status="PASS" starttime="20201104 00:04:46.759" endtime="20201104 00:04:50.448"></status>
</kw>
<kw name="Input Text" library="SeleniumLibrary">
<doc>Types the given ``text`` into the text field identified by ``locator``.</doc>
<arguments>
<arg>${locator}</arg>
<arg>${text}</arg>
</arguments>
<msg timestamp="20201104 00:04:50.448" level="INFO">Typing text '50:15:0000000:33365' into text field '//*[@id="v-Z7_01HA1A42KODT90AR30VLN22003"]/div/div[2]/div/div[2]/div/div/div/div[1]/div/div/div/div[2]/div/div/div[2]/div/div/div/div/div[2]/div/div/div/div[1]/div/div/div/div[1]/div/div/div/div[1]/div/div/div/div[1]/div/input'.</msg>
<status status="PASS" starttime="20201104 00:04:50.448" endtime="20201104 00:04:53.933"></status>
</kw>
<status status="PASS" starttime="20201104 00:04:46.759" endtime="20201104 00:04:53.933"></status>
</kw>
<kw name="Input Text" library="SeleniumLibrary">
<doc>Types the given ``text`` into the text field identified by ``locator``.</doc>
<arguments>
<arg>//*[@id="v-Z7_01HA1A42KODT90AR30VLN22003"]/div/div[2]/div/div[2]/div/div/div/div[1]/div/div/div/div[2]/div/div/div[2]/div/div/div/div/div[2]/div/div/div/div[3]/div/div/div/div[1]/div/div/div/div[1]/div/div/div/div[1]/div/div/div/div[1]/div[1]/div/input</arg>
<arg>Московская область</arg>
</arguments>
<msg timestamp="20201104 00:04:53.941" level="INFO">Typing text 'Московская область' into text field '//*[@id="v-Z7_01HA1A42KODT90AR30VLN22003"]/div/div[2]/div/div[2]/div/div/div/div[1]/div/div/div/div[2]/div/div/div[2]/div/div/div/div/div[2]/div/div/div/div[3]/div/div/div/div[1]/div/div/div/div[1]/div/div/div/div[1]/div/div/div/div[1]/div[1]/div/input'.</msg>
<status status="PASS" starttime="20201104 00:04:53.941" endtime="20201104 00:04:57.895"></status>
</kw>
<kw name="Wait And Click">
<arguments>
<arg>//*[@id="VAADIN_COMBOBOX_OPTIONLIST"]/div/div[2]/table/tbody/tr/td/span</arg>
</arguments>
<kw name="Wait Until Element Is Enabled" library="SeleniumLibrary">
<doc>Waits until the element ``locator`` is enabled.</doc>
<arguments>
<arg>${locator}</arg>
<arg>${timeout}</arg>
</arguments>
<status status="PASS" starttime="20201104 00:04:57.916" endtime="20201104 00:05:03.438"></status>
</kw>
<kw name="Click Element" library="SeleniumLibrary">
<doc>Click the element identified by ``locator``.</doc>
<arguments>
<arg>${locator}</arg>
</arguments>
<msg timestamp="20201104 00:05:03.438" level="INFO">Clicking element '//*[@id="VAADIN_COMBOBOX_OPTIONLIST"]/div/div[2]/table/tbody/tr/td/span'.</msg>
<status status="PASS" starttime="20201104 00:05:03.438" endtime="20201104 00:05:04.401"></status>
</kw>
<status status="PASS" starttime="20201104 00:04:57.912" endtime="20201104 00:05:04.401"></status>
</kw>
<kw name="Click Element" library="SeleniumLibrary">
<doc>Click the element identified by ``locator``.</doc>
<arguments>
<arg>//*[@id="v-Z7_01HA1A42KODT90AR30VLN22003"]/div/div[2]/div/div[2]/div/div/div/div[1]/div/div/div/div[3]/div/div/div/div[1]/div/div/div/div[1]/div/div</arg>
</arguments>
<msg timestamp="20201104 00:05:04.401" level="INFO">Clicking element '//*[@id="v-Z7_01HA1A42KODT90AR30VLN22003"]/div/div[2]/div/div[2]/div/div/div/div[1]/div/div/div/div[3]/div/div/div/div[1]/div/div/div/div[1]/div/div'.</msg>
<status status="PASS" starttime="20201104 00:05:04.401" endtime="20201104 00:05:05.701"></status>
</kw>
<kw name="Wait And Click">
<arguments>
<arg>//*[@id="v-Z7_01HA1A42KODT90AR30VLN22003"]/div/div[2]/div/div[2]/div/div/div/div[1]/div/div/div/div[5]/div/div/div[2]/div[1]/table/tbody/tr</arg>
</arguments>
<kw name="Wait Until Element Is Enabled" library="SeleniumLibrary">
<doc>Waits until the element ``locator`` is enabled.</doc>
<arguments>
<arg>${locator}</arg>
<arg>${timeout}</arg>
</arguments>
<status status="PASS" starttime="20201104 00:05:05.701" endtime="20201104 00:05:14.096"></status>
</kw>
<kw name="Click Element" library="SeleniumLibrary">
<doc>Click the element identified by ``locator``.</doc>
<arguments>
<arg>${locator}</arg>
</arguments>
<msg timestamp="20201104 00:05:14.096" level="INFO">Clicking element '//*[@id="v-Z7_01HA1A42KODT90AR30VLN22003"]/div/div[2]/div/div[2]/div/div/div/div[1]/div/div/div/div[5]/div/div/div[2]/div[1]/table/tbody/tr'.</msg>
<status status="PASS" starttime="20201104 00:05:14.096" endtime="20201104 00:05:17.219"></status>
</kw>
<status status="PASS" starttime="20201104 00:05:05.701" endtime="20201104 00:05:17.219"></status>
</kw>
<kw name="Wait Until Element Is Enabled" library="SeleniumLibrary">
<doc>Waits until the element ``locator`` is enabled.</doc>
<arguments>
<arg>//*[@id="v-Z7_01HA1A42KODT90AR30VLN22003"]/div/div[2]/div/div[2]/div/div/div/div[1]/div/div/div/div[1]/div/div/div/div[3]/div/div/div/div[1]/div/div/div/div[2]/div/div/div/div[1]/div/div/img</arg>
<arg>15s</arg>
</arguments>
<status status="PASS" starttime="20201104 00:05:17.219" endtime="20201104 00:05:18.341"></status>
</kw>
<kw name="Sleep" library="BuiltIn">
<doc>Pauses the test executed for the given time.</doc>
<arguments>
<arg>1s</arg>
</arguments>
<msg timestamp="20201104 00:05:19.552" level="INFO">Slept 1 second</msg>
<status status="PASS" starttime="20201104 00:05:18.341" endtime="20201104 00:05:19.552"></status>
</kw>
<kw name="Capture Element Screenshot" library="SeleniumLibrary">
<doc>Captures a screenshot from the element identified by ``locator`` and embeds it into log file.</doc>
<arguments>
<arg>//*[@id="v-Z7_01HA1A42KODT90AR30VLN22003"]/div/div[2]/div/div[2]/div/div/div/div[1]/div/div/div/div[1]/div/div/div/div[3]/div/div/div/div[1]/div/div/div/div[2]/div/div/div/div[1]/div/div/img</arg>
<arg>${captcha_location}</arg>
</arguments>
<msg timestamp="20201104 00:05:22.227" level="INFO" html="yes">&lt;/td&gt;&lt;/tr&gt;&lt;tr&gt;&lt;td colspan="3"&gt;&lt;a href="Captchas/captcha.png"&gt;&lt;img src="Captchas/captcha.png" width="400px"&gt;&lt;/a&gt;</msg>
<status status="PASS" starttime="20201104 00:05:19.552" endtime="20201104 00:05:22.227"></status>
</kw>
<kw name="Solve Captcha">
<assign>
<var>${captcha_text}</var>
</assign>
<kw name="Get Binary File" library="OperatingSystem">
<doc>Returns the contents of a specified file.</doc>
<arguments>
<arg>${captcha_location}</arg>
</arguments>
<assign>
<var>${file}</var>
</assign>
<msg timestamp="20201104 00:05:22.227" level="INFO" html="yes">Getting file '&lt;a href="file://C:\Users\Daniel\PycharmProjects\Rosreestr\Captchas\captcha.png"&gt;C:\Users\Daniel\PycharmProjects\Rosreestr\Captchas\captcha.png&lt;/a&gt;'.</msg>
<msg timestamp="20201104 00:05:22.544" level="INFO">${file} = \x89PNG

IHDR\xb42\xf5$\xf1\xf7sRGB\xae\xce\xe9\xf8IDATx\x9c\xed]}lS\xd5~\xee\xbd\xed&gt;\xca\xba\xde\xb6\xdb\xban\xeb\xd6n]\xd7\xc9`\x86\x98f\x8a|l\xa3\xd0 b0\xfc\x81\x98...</msg>
<status status="PASS" starttime="20201104 00:05:22.227" endtime="20201104 00:05:22.544"></status>
</kw>
<kw name="Create Session" library="RequestsLibrary">
<doc>Create Session: create a HTTP session to a server</doc>
<arguments>
<arg>xEvil</arg>
<arg>http://127.0.0.1:80</arg>
</arguments>
<msg timestamp="20201104 00:05:22.544" level="INFO">Creating Session using : alias=xEvil, url=http://127.0.0.1:80, headers={},                     cookies={}, auth=None, timeout=None, proxies=None, verify=False,                     debug=0 </msg>
<status status="PASS" starttime="20201104 00:05:22.544" endtime="20201104 00:05:22.544"></status>
</kw>
<kw name="Create Dictionary" library="BuiltIn">
<doc>Creates and returns a dictionary based on the given ``items``.</doc>
<arguments>
<arg>file=${file}</arg>
</arguments>
<assign>
<var>${files}</var>
</assign>
<msg timestamp="20201104 00:05:22.544" level="INFO">${files} = {'file': b'\x89PNG\r\n\x1a\n\x00\x00\x00\rIHDR\x00\x00\x00\xb4\x00\x00\x002\x08\x06\x00\x00\x00\xf5$\xf1\xf7\x00\x00\x00\x01sRGB\x00\xae\xce\x1c\xe9\x00\x00\x11\xf8IDATx\x9c\xed]}lS\xd5\x1b~\xee\xbd\x...</msg>
<status status="PASS" starttime="20201104 00:05:22.544" endtime="20201104 00:05:22.544"></status>
</kw>
<kw name="Post Request" library="RequestsLibrary">
<doc>Send a POST request on the session object found using the
given `alias`</doc>
<arguments>
<arg>xEvil</arg>
<arg>/in.php</arg>
<arg>files=${files}</arg>
</arguments>
<assign>
<var>${response}</var>
</assign>
<msg timestamp="20201104 00:05:33.629" level="INFO">POST Request : url=http://127.0.0.1:80/in.php 
 path_url=/in.php 
 headers={'User-Agent': 'python-requests/2.24.0', 'Accept-Encoding': 'gzip, deflate', 'Accept': '*/*', 'Connection': 'keep-alive', 'Content-Length': '4810', 'Content-Type': 'multipart/form-data; boundary=17ba379b47c2a65cc12ab1fae23219c1'} 
 body=b'--17ba379b47c2a65cc12ab1fae23219c1\r\nContent-Disposition: form-data; name="file"; filename="file"\r\n\r\n\x89PNG\r\n\x1a\n\x00\x00\x00\rIHDR\x00\x00\x00\xb4\x00\x00\x002\x08\x06\x00\x00\x00\xf5$\xf1\xf7\x00\x00\x00\x01sRGB\x00\xae\xce\x1c\xe9\x00\x00\x11\xf8IDATx\x9c\xed]}lS\xd5\x1b~\xee\xbd\xed&gt;\xca\xba\xde\xb6\xdb\xban\xeb\xd6n]\xd7\xc9`\x86\x18\x98f\x8a|l\x06\xa3\x06\xd0 \x11b0\xfc\x81\x98\x18\xfeQAL\x8c\x89!\xc6\x80H4\xc6@4!\xe2\x0f\x0c\x89\x1a \xc4\xf1\xe5\x18\xa2\xe8@\x98\x1b\x83\xad\xdb\xda\xb1/\xc6\xd6mm\xf7\xd9\xb1\xf6\xfe\xfeX\xee\xb5]o\xdb{\xfb\xb1\r\xe4INv\xda{\xcf9\xef{\xees\xdf\xf3\x9e\xf7\x9c\xd3\x11\x00\x18&lt;\xc2#&lt;$\x90\x00\xc0\xb3\xcf&gt;\x0b\x92$\x01\x00\x04A&lt;\xb0\t\x00H\x92\xe4\xf2\x04A\xf8\xe9\x15\x8f\xfc\\\xeb\x18\x8f\xfc\\\xf4\x83\xdb\xed\x86\xddnGnnn\xc4u(\x95\xcaiB\xb3\x8a\xf8\n\xe7\xfb9\x9e\xf9Xb.\xf4\xf0%\xc1l\xf4\xc3l\xea\x14\xaf6zzz\xd0\xdc\xdc\x8c\xe6\xe6f455\xa1\xa9\xa9\t\xed\xed\xed0\x18\x0c\xf8\xf5\xd7_\x03\x95\x16\x01\x89\xef\x87\xb9$D\xb4u\x85\xc2l\xbe\xa0\x0f\xb2A\x98\x89he\x1c\x1f\x1f\x87\xc5bAKK\x0b,\x16\x0bG\xe2\xe1\xe1a\xde\xf6\xda\xdb\xdb111\x81\xe4\xe4\xe4\x88\xdb\xf6#t\xbc\x14\x13\x92\x9fm\xd2\xcd\x06\x1e\xb6~\x0b\x06\x86a\xd0\xd3\xd3\xc3\x11\x97\xfd\xdb\xd9\xd9\t\x86\x116E\xa3(\nz\xbd\x9es;"\x95\x91\xd7\xe5\x88T1\xb1\x18\x1f\x1fGWW\x17z{{\xe1p8\xe0r\xb9\xe0\xf5zA\x10\x04(\x8aBzz:\xd4j5\xf2\xf3\xf3\x91\x95\x95\x15T\xae\xcf?\xff&lt;b\x19&gt;\xfa\xe8#\x00\xc0\xc8\xc8\x08,\x16\x0bl6\x1b\xfa\xfa\xfa088\x08\x8f\xc7\x03\x82  \x91H\xa0\xd3\xe9\x90\x99\x99\x89\xc5\x8b\x17\xc3`0\xf0\xca\xe1\x9b\x1f\x1d\x1dEmm-Z[[\xd1\xdc\xdc\x8c\xc9\xc9I\x00@BB\x02\n\x0b\x0ba2\x99PVV\x06\xb5Z\x1d\xb6\xaepy\x00\xd8\xbd{7n\xdd\xba\xc5\xabcUUU\xd4m\xb0/\xcf\xe8\xe8(\xacV+ZZZ\xb8\xd4\xda\xda\x8a\xb1\xb11\xde\xb6\xf9@\xd34\xccf3\xccf3\x8a\x8b\x8bQ\\\\\x0c\x93\xc9\x14\x95e\xe6&gt;\x03`V\xae\\\t`\xf6&amp;\x12\xfd\xfd\xfd\xa8\xaf\xaf\xc7\xdd\xbbw\x05\xbf\xc1j\xb5\x1a+W\xae\x84F\xa3\xe1:\x97M\x07\x0e\x1c\x10T\x07\x1f\xb6n\xdd\x8a\x9a\x9a\x1aX\xadVx\xbd^Ae\xb4Z-^}\xf5U\xe4\xe5\xe5\x01\x08\xec\x93\xaa\xaa*\x9c9s\x06\xf7\xef\xdf\x0fY\x0fEQ\xa8\xac\xac\xc4\xfa\xf5\xeb\x91\x90\x90\x10\xa0\x97\xd0t\xf0\xe0A\x8e\xb4|\xa8\xaa\xaa\x12]\'\xc30\xe8\xee\xeeF[[\x1b\xda\xda\xda8\xe2\xde\xbd{W`\xcfN\xebg0\x18`6\x9bQTT\xc4\x11\x98}\x86\xb1\x9ex\xd24\xfd/\xa1#\xed\xcc\x99\x89\xef\x01\xcf\xcc\x1f9rDp\xa7\xf8\x82$I\xacY\xb3\x06\xf9\xf9\xf9~\x8aFC\xe8HAQ\x14\xb6l\xd9\x82E\x8b\x16q\xbaONN\xe2\xe0\xc1\x83hii\x11U\x97^\xaf\xc7;\xef\xbc\x03\x85B\x01@\x9cq\xa8\xae\xae\xc6\x17_|\x11\xb2\xfep\x84\x1e\x19\x19\x81\xd5j\x85\xd5j\xe5\x08l\xb3\xd9011!X\x07\x95J\x05\x93\xc9\x04\x93\xc9\xc4\x118??\x1fIII\x11\x1bI\xb1\xc6\x93\xa6ia&gt;\xb4\x18\xc4\xd3e\xf1z\xbd8s\xe6\x0c6m\xda\x04\x9a\xa6cVo$\xf0x&lt;\xf8\xee\xbb\xef\xb0k\xd7.\xa4\xa5\xa5\x01\x00\x0e\x1d:$\x9a\xcc\xc0\xf4dh\xdf\xbe}\xf8\xf0\xc3\x0f!\x95J\x05\x0f\xb5\xad\xad\xad\xf8\xfa\xeb\xaf\x05\xb5\xc1Z\xdd\x8e\x8e\x0e\xd8l6\xd8l6\x8e\xc4}}}\x82e\x95J\xa50\x18\x0c(,,Daa!\x8a\x8a\x8a`2\x99\x90\x96\x96\x16\xd4\xc0\x85\xd3Cl&gt;\x14\xafBF9b\x91\x0f\x85\x8c\x8c\x0c\x18\x0c\x06h4\x1a\xa8\xd5jP\x14\x05\x86a\xd0\xdb\xdb\x8b\xfa\xfaztvv\x06\x94\x99\x9a\x9a\xc2\x8d\x1b7\xb0b\xc5\x8a\x98\x92977\x17%%%\xd0\xeb\xf5\xc8\xca\xca\x02I\x92`\x18\x066\x9b\r\x97.]\x82\xc5b\t(s\xff\xfe}TWWc\xc3\x86\r\xa8\xaa\xaa\xe2\xbdG.\x97c\xfd\xfa\xf5(++\x83D"A__\x1f.\\\xb8\x10\x10\x9ejoo\xc7\xff\xfe\xf7?\xbc\xf1\xc6\x1b\xdcw\xa1\xfa\xd7\xe5ra\xcf\x9e=a\xdd\x1a\x00\xd8\xbf\x7f?\xacV+:::8_^\x08\xd2\xd2\xd2`4\x1a9\xf2\x1a\x8dF\xe4\xe7\xe7C*\x95\x02@\x80;\xc0\'k&lt;\xc1\xd7\xa6$\xd4E1y\xaf\xd7\x8b\xc9\xc9I\xc8d2\xbf\xef\xf9\xca\xe4\xe4\xe4`\xc9\x92%P\xa9T~C\x060=\x94ggg#\'\'\x07\xe7\xcf\x9fG[[[\x80"\xed\xed\xed!\x15}\xef\xbd\xf7\x04\xbbHG\x8f\x1e\xc5\xea\xd5\xab\xa1\xd5j\x03\xae\x91$\xc9M\xe0\xbe\xff\xfe{\xd4\xd7\xd7\x07\xb4u\xeb\xd6-\x8c\x8d\x8d\xe1\xfc\xf9\xf3\x01\xd7\x92\x93\x93\xb1s\xe7Ndddp\xbagffb\xf3\xe6\xcd\xd0h48v\xec\x98\xdf\xfd\x17.\\\xc0\xaaU\xab\xa0\xd7\xebC\xea\xc70\x0c&gt;\xfd\xf4S8\x1c\x0e\xee;\x99L\x16tbv\xf6\xec\xd9\x90\xf5%$$@\xaf\xd7\xc3h4\xfa%\xa5R\x19\xd4\xea\x8a\xb5\xa6\xf1\xb4\xd8\xbe\x88(\xca\xe1\x9b\x9f\x9c\x9c\xc4\x85\x0b\x17\xe0v\xbb\x91\x94\x94\x84\x17_|1\xacb\xabV\xad\x12\xd41O&lt;\xf1\x04/\xa1GFFx\x95\t\xa6d(l\xda\xb4I\xd0\xfd\x15\x15\x15\xbc\x84v:\x9d\xb8z\xf5*\xaf\xe5\xab\xac\xacDzz:\xaf\\\x95\x95\x95\xb8z\xf5*Z[[\xfd\xca\xfc\xf2\xcb/\xd8\xbe};w\xbfo\x19\xa7\xd3\x89;w\xee\xe0\xf8\xf1\xe3hnn\xf6+\'4\xca\x90\x9e\x9e\x8e\x82\x82\x02.\x19\x8dF\xe8t:P\x14\x15\xd4]\x08\x85X\xba\x0c\xb1\xc8\x87\xb5\xd0\xe1\x90\x90\x90\x00\xb7\xdb\r\x86a011\x01\x86ab\xd6\x19*\x95\x8a\xb7\x9c\xef\x04!\\\xfd\xb1\xea0\xadV\x1bT\x96`~siiiH\xf9V\xaf^\x1d@\xe8?\xfe\xf8\x03\xaf\xbf\xfe:\xecv;:::\xd0\xd9\xd9\x89;w\xee\xe0\xce\x9d;p\xb9\\!\xeb\x0b\x86\xb7\xdez\x0bF\xa3\x11\x06\x83\x01\xa9\xa9\xa9\x9c^3\'Zb\xadi\xb4\x88\x07\xb1\xc3Z\xe8p\x95\x10\x04\x81\xc4\xc4D\x8e\xcc\x13\x13\x13\x9c\xdb\x11\xc9\x90\xe1\x8b`!=v\x12\x16\xaa|\xac\xadB0Y\xb2\xb2\xb2xG\x11\xe0\xdf\x97 X\xbdf\xb39\xa0\x8c\xc7\xe3\xc1\xb6m\xdb\x04\x87\x10\x01@\xa3\xd1@\xaf\xd7\xe3\xaf\xbf\xfe\xe2\xbd\xbev\xed\xda\x88\xfb \xdenB,_\x10@\xc4\xa40\xd45\x99L\xc6\x85x\xc6\xc6\xc6 \x93\xc9b\xd2y\xf7\xee\xdd\xe3\x15\xba\xa0\xa0@\x80j\xfc\x88\xb4\xc3;::x\xeb+--\xc5\xe9\xd3\xa7y\xaf\xf9Z\xc0\xe1\xe1a\xb4\xb5\xb5all\x0c\x9d\x9d\x9d\xe8\xea\xea\xe2\x9d\xf4\x02\x08J\xe6\x99/Vnn.&gt;\xf9\xe4\x13\xc8\xe5r\x10\x04\xc1\xb9{\xf1\xc0l\x10;\xa6.\x87P\xf0U\x92\x9c\x9c\xcc}766\x163\xc5n\xdc\xb8\x11\xd0~JJ\nJKK\x05\xbb\x1cb\xf2\xa1\xc0\xb7i\x86\xa6i&lt;\xfd\xf4\xd3A\t}\xe5\xca\x15455\xe1\xda\xb5k\x98\x9a\x9a\x12\xd4\x0e+\x93F\xa3Ann.\xf2\xf2\xf2\xa0\xd7\xeb\xf1\xd3O?\xf9\x8d\x04\n\x85\x02\x1f\x7f\xfc1\xe4ryX=\xe2eM\xe7#\xb1\xa3\x9e\x14\x02\xf0\x8bl\x8c\x8f\x8f#Zx&lt;\x1e\\\xb9r\x056\x9b\xcd\xef\xfb\xe4\xe4d\xac]\xbb\x16\t\t\tAe\x01\x80\xbd{\xf7\x82\xa2(\xc8\xe5rddd@\xab\xd5\xc2d2\xf9E\x1b\xf8t\xe2\xbb655\x85\xd3\xa7O\xa3\xb1\xb1\xd1\xaf\x8d\x94\x94\x14l\xdf\xbe\x1d\x89\x89\x89HNN\xe6&amp;\xaa\xbe8|\xf8\xb0H\xcd\xa7\xa1R\xa9p\xe0\xc0\x01N\xa6o\xbe\xf9\xc6\x8f\xcc$Ib\xf7\xee\xdd\xa2c\xf1\xf3\xd5M\x08\x86Hd\x89:\x0eM\x10D\x80\x85\x16[\x17\xc30p\xbb\xdd\xe8\xef\xefG__\x1f,\x16K\x00A\xb2\xb3\xb3\xf1\xdcs\xcfq\x16\x89O\x19\x16^\xaf\x17^\xaf\x17\x83\x83\x83\x18\x1c\x1cDSS\x13\xaa\xab\xab\x91\x99\x99\x89\x15+V\xa0\xa8\xa8(d\xa7\x8c\x8e\x8e\xa2\xbb\xbb\x1b\x1d\x1d\x1d\xb8v\xed\x1a\x9cN\xa7\xdfu\x83\xc1\x80\xb2\xb22\xd4\xd6\xd6\xc2f\xb3\t\x8e0H\xa5R\x98\xcdf\x98L&amp;\xe8t:\xd4\xd7\xd7\xf3Z~_\xddkjj\x02\xc2n\xdb\xb6mCQQ\x91\xa06Y\xc4\xdb\x9a\xc6\xcae\x10\x9a\x0f\x86\x98\xc4\xa1gZh\xa1\xe5\xbf\xfd\xf6\xdb\xb0\x02\xb21k\xbd^\xef\xd7y\x91\xa0\xb7\xb7\x17\xc7\x8e\x1d\xc3\xa2E\x8b\xb0v\xedZn\x81\x00\x00&gt;\xf8\xe0\x83\xb0\xe5\xe5r9H\x92\xe4V\xda\x84\xa0\xbc\xbc\x1cf\xb3\x19%%%\\\x84\x81 \x08\xdc\xbe}\x1b\x17/^\xe4-355\x05\x82 \xd0\xd6\xd6\x86C\x87\x0e\xf9]\xab\xa8\xa8@ee%\x00\xf1\x0f;\x96\x965\xde\xbep\xa4m\xc4d\xe9\x9b\xcfB\x0b\x15.\x1c\\.\x17:::\xa0P(\xb8\x85\x18\xdfz"yH\r\r\r\x18\x19\x19\xc1\x96-[D\x95\x0f\xb6\x8f\x17\x98v\x03\xf8&amp;s\xd7\xae]\xe3\xe2\xbc\x00\xe0p8\xf0\xdbo\xbf\xe1\xe4\xc9\x93A\'\x7f\x0c\xc3\xc0\xe5ra\xef\xde\xbd~+\x81&amp;\x93\t\xdb\xb6m\x03\x10\x1d\x99\xa3%\x9dP\xcc6\xb1\x81\x18-}\xfb\x12\xda\xe1p\xc4\xd4\xdfr\xb9\\\xa8\xab\xabC]]\x1d\x16.\\\x88g\x9ey\xc6o\xc3\x0b\x00\xbc\xfb\xee\xbb\x9cr\xac\xab\xd1\xdf\xdf\x8f\xe6\xe6fX,\x16\xde\x90\x9b\xcdf\xc3\xb9s\xe7\xb0t\xe9Rtuu\x89\x96K.\x97c\xc9\x92%0\x99L0\x1a\x8d\xe8\xea\xea\xc2\x97_~\x19p\xdf\xc4\xc4\x04\x8e\x1d;\x16\xb0*\x08\x00F\xa31 \x0e\rL\xaf\x96~\xf6\xd9g\x18\x1a\x1a\xe2\xbeS(\x14\xd8\xb5k\x17\xb7\x00\xc2"\x122\xfb\xe6\xe7\x83\x9b\x10\x0b\xb0\xed\x90\xec\x87h\x04\xed\xef\xef\xe7\xf2\x1e\x8f\x07\x7f\xfe\xf9\'\xef\xfd\xd1*\xda\xd8\xd8\x88\xa3G\x8fbtt4\xe8=\x14E!##\x03%%%x\xe5\x95W\xf0\xe6\x9bo"##\x83\xf7\xde\xcb\x97/c\xff\xfe\xfd8~\xfc\xb8hY\x86\x87\x87\xd1\xd8\xd8\x08\xbd^\x8f\x94\x94\x14\x98\xcdfl\xdc\xb8Qp\xf9\xb4\xb44\xec\xd8\xb1\x83\xf7\x1a\xc30hjj\xe2&gt;\x93$\x89\x9d;wr\x93\xc0x`.\xdd\x84X\xbe0\x04\x00\xa6\xb2\xb2\x92k0\xd2\xf4\xe3\x8f?\xc2\xe3\xf1p\x15\x17\x14\x14\xe0\xc9\'\x9f\x0cY\x06\xf87V\xeb\xf5z1::\x8a\xc1\xc1Atvv\xc2j\xb5\x06\xdd\xbe\x98\x91\x91\x81\xcd\x9b7\x87\xddb966\x86\x9e\x9e\x1e\xd8l6\\\xbf~\xddO\xbe` I\x12\x1a\x8d\x06\x99\x99\x99HII\xe16\xfe\x07{\x89rrr\xf0\xfe\xfb\xefs:544\xe0\xc8\x91#!\xdd\x13\x93\xc9\x84\xb7\xdf~\x1b2\x99\x0c[\xb7n\r+S,Q]]\xfd\xd0\x1e\xfe]\xb0`A\xf4K\xdf,^x\xe1\x05\xd4\xd7\xd7s\x93%6\xcc\xf4\xd4SO\x05-\xe3\xdb\x0eEQP(\x14\xa0i\x1a\x05\x05\x05(//\xc7\xef\xbf\xff\x1e\x10.\x03\x80\xbe\xbe&gt;\xdc\xbe}\x1b\x0b\x17.\xe4\xeaa\x18\x06v\xbb\x1d===\xe8\xee\xeeFWW\x97\xdf\x90\x1d\x0c$I\xa2\xa0\xa0\x80\x8b\xf7\xe6\xe5\xe5q\x9b\xed\xd9\x07&lt;99\x89S\xa7N\xe1\xca\x95+\x01\xe5\xbb\xba\xbaP[[\x8be\xcb\x96\x81 \x08,^\xbc\x18{\xf6\xec\xc1\xe5\xcb\x97\xd1\xd0\xd0\x00\x9b\xcd\x86\xc9\xc9IH\xa5R&lt;\xf6\xd8c(++CYY\x19\x08\x82\x08\xd8\x8f1\x1b\x10kMgZ\xd6\xb9\x96+\\^\xf0\xd2w\xb8!#))\t\xcb\x96-\x03I\x92\x1c\x99\xdb\xda\xda\xc00\x0c\xca\xcb\xcbE\x0b&amp;\x95J\xb1b\xc5\n\xb8\xddn^?\xd3b\xb1\x80\xa2(\x0c\r\r\xa1\xa7\xa7\x07===p\xbb\xdd\x01\xf7\x85\x83T*\xe5\xb6l\xce\xdc\xdb\xc0"))\t\x1b6l\xc0\xf8\xf88\xea\xea\xea\x02\xea\xf8\xe7\x9f\x7fPVV\xe6w\x7fEE\x05***x-\x1f\x8b\x81\x81\x01\xd1\xf2\xc6\n\xf3\xd1e\x88\xc5\x8b\x13\xd1\xa40\xd4\xb5e\xcb\x96\x01\xf8\xd7B[\xadVtww\xc3h4"33\x13Z\xad\x16\x89\x89\x89\x82\xda\xf0x&lt;0\x99L\xbc\x84fOV\x84TN"\x81V\xab\x85N\xa7Cnn.~\xf8\xe1\x87\x80{\xd8\x15&lt;!\xba\xafZ\xb5\x8a\x97\xd0\xbe\xfe\xae\x18\x83\xc0W\xd7|G\xbc\x88\xed\xf5z\xe1r\xb9\xa6\x8fQE\xd1FTa\xbb`\x95\x97\x95\x95\xc1\xeb\xf5r\xee\x87\xdb\xedFcc#\x1a\x1b\x1bA\x10\x04\xd4j5\xb4Z-\xb2\xb2\xb2\xa0\xd1h\xe0v\xbb\xe1r\xb9\xe0t:\xb9\xbfN\xa7\x13\xc3\xc3\xc3\x82\xcf\x1c\x02\xd3\xabw999\xc8\xce\xce\x86N\xa7CVV\x96\xdf\xb6\xc8p:\x84\x83N\xa7\xe3\xfd^\xc8&amp;{\xdf\xf6\x08\x82\xe0\x0e*\xcc\x84B\xa1\x08X\xc8\x89%bi5C\x95\xf1x&lt;p:\x9d\x18\x1c\x1c\xc4\xd0\xd0\x10\xb7\xc8\xc5\xa6\x81\x81\x01\x0c\x0c\x0c`pp\x10v\xbb\x1d\x0e\x87\x03J\xa5\xd2\xef\xa0o$\xc4\x8ez\xe9;\x98\xc2%%%\xbcn\x00\xeb\xeb\xda\xedv444\xf0\x96\x15\n\x8a\xa2`6\x9b\x91\x9f\x9f\x8f\xec\xeclnC:\x10\xe8&gt;\x04\xdb\xe8\xe4\xbb\x17"\x9c{\x15,n&lt;s;\xab\x90\xfe9w\xee\x1c\xaf\x8b\xb4|\xf9rl\xde\xbc\x99\x93ALZ\xb3f\ro[\xecj\xa4\xefA\n\xb1\xcf\x96a\x18\x0c\r\rahh\x08\x0e\x87\x83\xcb\xb3\x89%\xea\xd0\xd0\x10\x06\x06\x06\xe0t:E\x19#`:\xe4\xeb\xf1x \x91\x04\xdaY\xa1\xfd\x1b\xd3#X\xbe\x9fi\x9a\xc6\x86\r\x1b\xd0\xd2\xd2\x82\x05\x0b\x16\xe0\xde\xbd{\xe8\xed\xed\xc5\xc0\xc0\x80`EY\xdf\x9co\x7fHzz:\xb70"\xe4M\x0e6\xbc\xe7\xe5\xe5\t\xd6\x89\xcf\xa2\x02\xd3\xa7PB\xb5=3\xefp8p\xe2\xc4\x89\x80z\xd8S\xe0\xf1\xc0LY\xd8!\xde\xe1p\xc0\xe9tr$u8\x1c~y\x96\xac.\x97K4A\xc5\x80$I\xd04\x8d\xe1\xe1a\xbf}\xf0b\rE\xcc\x8e`\xf9\xe6}-\x1d\xbboB\xa7\xd3\x81$ILMM\xe1\xd4\xa9SP(\x14\xe8\xec\xec\x84\xc7\xe3\x01EQ\xd0j\xb5\xa0i\x9aK\xec\t\xe8\x9f\x7f\xfe\x99Wp\xbe\xdf\xc6\x08\x86\xd6\xd6V.6&gt;\x13\xbd\xbd\xbdhnn\xe6\xdd\x9b\xec\x0b\xbb\xdd\xceKB\x00(..\x06\x00|\xf5\xd5WX\xb7n\x1dt:]\xd0\xfe\x19\x19\x19\xc1\xbe}\xfbx\xc3\x80/\xbd\xf4\x12w\xc2%\x12\x0b\x1a\x0c\x07\x0e\x1c\x08 \xaeXwN,H\x92\x84B\xa1\x80Z\xad\x86J\xa5\x82Z\xad\xe6RZZ\x1a\xf7\x97M*\x95\n\x14EE4\x8a\x04\xb8\x1c\xb3\x01\xb6Q\xa9T\xca\rS\x0b\x16,\x80\xc1`\x80J\xa5Bqq1\xb7&lt;l\xb7\xdba\xb1XPWW\xc7\xeb\x9fR\x14\x85\xc7\x1f\x7f\x1c\x04A\xe0\xd0\xa1C\xd0\xe9t0\x18\x0c\xa0i\x1a\x99\x99\x99\xdc\x90\xc5\x1e\xb6\xbdz\xf5*\xafL999\xe8\xea\xea\xc2\xe1\xc3\x87A\xd34JKK\x91\x9f\x9f\x0f\xb3\xd9\xcc\x1d\xd8\xed\xee\xee\xc6\xcd\x9b7q\xf1\xe2E\xdecV\x12\x89\x04\xcb\x97/\x070\xbd\xa4\xde\xd0\xd0\x00\x93\xc9\x84\xa5K\x97\xa2\xb0\xb0\x10999 \x08\x02CCC\xb8~\xfd:N\x9c8\xc1{\xf2$77\x17/\xbf\xfc2\xf7\x80\xbc^/\x86\x87\x871&lt;&lt;\x0c\x97\xcb\xe5\x97f\xce5\xd8\xf9F0\x9c&lt;y2\xcc\xd3\t\x0f\x92$\x91\x9a\x9a\n\x95J\x05\xa5R\t\xb5Z\r\xa5R\xc9\x91u&amp;i\x95J%$\x12\x89h\xb7\x89E\xd4\x93\xc2XU(4\x0fL\xefj\xbby\xf3&amp;\x00\xe0\xd2\xa5K3\xfb0(\x96/_\xceYp\xf6\xe5\xe0;\xef\x17\n2\x99\x0c\x1b7n\xc4\xbe}\xfb\x00L\xbb\x01555\xa8\xa9\xa9\x11U\xcf\xbau\xeb\xb8_?ba\xb1XxO\x80\x07Cbb"\xd4j5\xf6\xec\xd9\xc3\x91vdd$\xee\x16T.\x97C\xa9T\x82\xa6i\x8e\xa8lR\xa9T~\xe4\xa5i\xda\xcf\x82\x12D\xf8\xdf\x0ea?\xf3\xe5\xe3\x859\xf9\xf5\xd1hP^^\x8e%K\x96\x00\x80\xa0\x95?&gt;\xc8d2\x94\x97\x97\xc3j\xb5F%\x8bZ\xad\xc6\xdf\x7f\xff\x8d\xda\xda\xda\x88e\x01\xa6\xa3@\xc1\xfcs\xa1 \x88\xe0\xc7\xc4v\xec\xd8\x01\x9a\xa6\xfd\x08\xcb\x12T\x8c\xe5\x8c\x87[\x1a\xcbz\x01L/}\xafY\xb3F\xf4\xd0\xe0\x9b\xf8\xe2\xbb\x8f\x10\x1d\x08\x82\x80\\.Gjj*\x14\n\x85_\xf2\x9dg\xb0DMMM\xc5\xf3\xcf?\xcf[\x97\xd0\xe5\xee\xb9\\\x06\x07\xa2_\xfaNJJ\x127)|\x84\xe8\x91\x9c\x9c\x0c\x9a\xa6\x91\x9d\x9d\xcd\x91R\xa1P\x04\x10755U\xb4\x05\r\x86\xf90\xb2\x86C\xacd\x14\x15\x87\xf6\x1dz\xe6\x0b\xd1\xa5R)(\x8a\x12\x94$\x12I\xc8\xbco]\x12\x89$ \xb1\xf7\xb0\x9f\xd9\xfb\xd9&lt;\xfb9!!\x81\xbb\x9f\xfd\x99\x07\xb9\\.\x8a\xa0b\xfb\x97 \x08\x9c={6d=\xb1r\x13\xe2\xe52\xc4\xe2E\x8a\xc9\x11\xac\xd7^{\r@\xfc\xfeU\x82o[\x041\xed+\x8a%\xc7\\\xa6\xc4\xc4D\xc1\x8b/sM\x08&gt;\x08!y,\xe5\x8d\xa6\x8d\x7f\xa7\xa3Qb6\x15\x9b\rr\xc4\x12sm\xe9f\xa3\x1f\xe6\x8b\x1ed\xa8\x8b\xf3\x9d\x10\xd1\xca(\xa4\xf3\xfek\x84\x98\x8f\xcf\x7f&amp;B\xb5I\n\xb9q.;/\x14f\xf3\x01\xfd\x17\x08\xf1\xa0\xf6U\x80\x85~\x18\x15\x8b\'\x1e6B\x84\xc2|\x19\xe9\x84\xea\x113\x1f:\x1c\xfe\xab\xd6\xf4A\xd0#\x18\xe9\xe2\x85x\xea\xe4g\xa1g\xf3mz\x18\t1\xf3Z,\xf1_5\x08b\x11vR\xf8\x88\x10\xf3sx\x9d-K\xfa \xbd&lt;\x80\x08\x97\xe3ARl.I\xe0\x8b\x07\x8d\x10\xa1\xfa\xe7A\xd1#\xe2Ia&lt;\xf10X\xd3\xb9\xd4i6\xda\x8b\'\xa2\x91+\xe28\xf4lt\xd8l&gt;\xa0G\x84\x10\x97\x8f\xb7A\x88\xb4\xdf\xa2\x8eC\xcfW\xc5\xa2\xc1\xa3\x97g\xfe\xea\x14\xee\xbe\xb8\x84\xed\xe6\x83b\xb1\xccG\x82\xf9\xa4\x87X\xa3\x13-\xe6\xf4\xf9\x03\x88\xdf\xb1\x88Gx\x84Y\xc6\xff\x01\xc8\xb1\xa0\xab\x94\xaf&lt;\xf7\x00\x00\x00\x00IEND\xaeB`\x82\r\n--17ba379b47c2a65cc12ab1fae23219c1--\r\n' 
 </msg>
<msg timestamp="20201104 00:05:33.629" level="INFO">POST Response : url=http://127.0.0.1:80/in.php 
 status=200, reason=OK 
 body=OK|2 
 </msg>
<msg timestamp="20201104 00:05:33.629" level="INFO">${response} = &lt;Response [200]&gt;</msg>
<status status="PASS" starttime="20201104 00:05:22.544" endtime="20201104 00:05:33.629"></status>
</kw>
<kw name="Strip String" library="String">
<doc>Remove leading and/or trailing whitespaces from the given string.</doc>
<arguments>
<arg>${response.text}</arg>
<arg>characters=OK|*</arg>
</arguments>
<assign>
<var>${strip}</var>
</assign>
<msg timestamp="20201104 00:05:33.629" level="INFO">${strip} = 2</msg>
<status status="PASS" starttime="20201104 00:05:33.629" endtime="20201104 00:05:33.629"></status>
</kw>
<kw name="Get Request" library="RequestsLibrary">
<doc>Send a GET request on the session object found using the
given `alias`</doc>
<arguments>
<arg>xEvil</arg>
<arg>/res.php?id=${strip}&amp;action=get</arg>
</arguments>
<assign>
<var>${response}</var>
</assign>
<msg timestamp="20201104 00:05:34.414" level="INFO">GET Request : url=http://127.0.0.1:80/res.php?id=2&amp;action=get 
 path_url=/res.php?id=2&amp;action=get 
 headers={'User-Agent': 'python-requests/2.24.0', 'Accept-Encoding': 'gzip, deflate', 'Accept': '*/*', 'Connection': 'keep-alive'} 
 body=None 
 </msg>
<msg timestamp="20201104 00:05:34.414" level="INFO">GET Response : url=http://127.0.0.1:80/res.php?id=2&amp;action=get 
 status=200, reason=OK 
 body=OK|*35394 
 </msg>
<msg timestamp="20201104 00:05:34.414" level="INFO">${response} = &lt;Response [200]&gt;</msg>
<status status="PASS" starttime="20201104 00:05:33.629" endtime="20201104 00:05:34.414"></status>
</kw>
<kw name="Strip String" library="String">
<doc>Remove leading and/or trailing whitespaces from the given string.</doc>
<arguments>
<arg>${response.text}</arg>
<arg>characters=OK|*</arg>
</arguments>
<assign>
<var>${strip}</var>
</assign>
<msg timestamp="20201104 00:05:34.414" level="INFO">${strip} = 35394</msg>
<status status="PASS" starttime="20201104 00:05:34.414" endtime="20201104 00:05:34.414"></status>
</kw>
<kw name="Log To Console" library="BuiltIn">
<doc>Logs the given message to the console.</doc>
<arguments>
<arg>${strip}</arg>
</arguments>
<status status="PASS" starttime="20201104 00:05:34.414" endtime="20201104 00:05:34.414"></status>
</kw>
<msg timestamp="20201104 00:05:34.414" level="INFO">${captcha_text} = 35394</msg>
<status status="PASS" starttime="20201104 00:05:22.227" endtime="20201104 00:05:34.414"></status>
</kw>
<kw name="Input Text" library="SeleniumLibrary">
<doc>Types the given ``text`` into the text field identified by ``locator``.</doc>
<arguments>
<arg>//*[@id="v-Z7_01HA1A42KODT90AR30VLN22003"]/div/div[2]/div/div[2]/div/div/div/div[1]/div/div/div/div[1]/div/div/div/div[3]/div/div/div/div[1]/div/div/div/div[3]/div/div/div/div[1]/div/div/div/div[1]/div/input</arg>
<arg>${captcha_text}</arg>
</arguments>
<msg timestamp="20201104 00:05:34.414" level="INFO">Typing text '35394' into text field '//*[@id="v-Z7_01HA1A42KODT90AR30VLN22003"]/div/div[2]/div/div[2]/div/div/div/div[1]/div/div/div/div[1]/div/div/div/div[3]/div/div/div/div[1]/div/div/div/div[3]/div/div/div/div[1]/div/div/div/div[1]/div/input'.</msg>
<status status="PASS" starttime="20201104 00:05:34.414" endtime="20201104 00:05:36.437"></status>
</kw>
<kw name="Input Text" library="SeleniumLibrary">
<doc>Types the given ``text`` into the text field identified by ``locator``.</doc>
<arguments>
<arg>//*[@id="v-Z7_01HA1A42KODT90AR30VLN22003"]/div/div[2]/div/div[2]/div/div/div/div[1]/div/div/div/div[1]/div/div/div/div[3]/div/div/div/div[1]/div/div/div/div[3]/div/div/div/div[1]/div/div/div/div[1]/div/input</arg>
<arg>${captcha_text}</arg>
</arguments>
<msg timestamp="20201104 00:05:36.437" level="INFO">Typing text '35394' into text field '//*[@id="v-Z7_01HA1A42KODT90AR30VLN22003"]/div/div[2]/div/div[2]/div/div/div/div[1]/div/div/div/div[1]/div/div/div/div[3]/div/div/div/div[1]/div/div/div/div[3]/div/div/div/div[1]/div/div/div/div[1]/div/input'.</msg>
<status status="PASS" starttime="20201104 00:05:36.437" endtime="20201104 00:05:38.041"></status>
</kw>
<kw name="Click Element" library="SeleniumLibrary">
<doc>Click the element identified by ``locator``.</doc>
<arguments>
<arg>//*[@id="v-Z7_01HA1A42KODT90AR30VLN22003"]/div/div[2]/div/div[2]/div/div/div/div[1]/div/div/div/div[1]/div/div/div/div[4]/div/div/div/div[1]/div/div/div/div[1]</arg>
</arguments>
<msg timestamp="20201104 00:05:38.041" level="INFO">Clicking element '//*[@id="v-Z7_01HA1A42KODT90AR30VLN22003"]/div/div[2]/div/div[2]/div/div/div/div[1]/div/div/div/div[1]/div/div/div/div[4]/div/div/div/div[1]/div/div/div/div[1]'.</msg>
<status status="PASS" starttime="20201104 00:05:38.041" endtime="20201104 00:05:39.122"></status>
</kw>
<kw name="Sleep" library="BuiltIn">
<doc>Pauses the test executed for the given time.</doc>
<arguments>
<arg>5s</arg>
</arguments>
<msg timestamp="20201104 00:05:44.133" level="INFO">Slept 5 seconds</msg>
<status status="PASS" starttime="20201104 00:05:39.122" endtime="20201104 00:05:44.133"></status>
</kw>
<kw name="Press Keys" library="SeleniumLibrary">
<doc>Simulates the user pressing key(s) to an element or on the active browser.</doc>
<arguments>
<arg>None</arg>
<arg>ESCAPE</arg>
</arguments>
<msg timestamp="20201104 00:05:44.133" level="INFO">Sending key(s) ('ESCAPE',) to page.</msg>
<msg timestamp="20201104 00:05:44.133" level="INFO">Pressing special key ESCAPE to browser.</msg>
<msg timestamp="20201104 00:05:44.133" level="INFO">Releasing special key ESCAPE.</msg>
<status status="PASS" starttime="20201104 00:05:44.133" endtime="20201104 00:05:44.143"></status>
</kw>
<status status="PASS" starttime="20201104 00:04:43.994" endtime="20201104 00:05:44.143"></status>
</kw>
<kw name="Do Full Iteration">
<kw name="Wait And Click">
<arguments>
<arg>//*[@id="v-Z7_01HA1A42KODT90AR30VLN22003"]/div/div[2]/div/div[1]/div/div/div/div[1]/div/div/div/div[1]/div/div/div/div/div[1]/div/div/span/span</arg>
</arguments>
<kw name="Wait Until Element Is Enabled" library="SeleniumLibrary">
<doc>Waits until the element ``locator`` is enabled.</doc>
<arguments>
<arg>${locator}</arg>
<arg>${timeout}</arg>
</arguments>
<status status="PASS" starttime="20201104 00:05:44.143" endtime="20201104 00:05:44.419"></status>
</kw>
<kw name="Click Element" library="SeleniumLibrary">
<doc>Click the element identified by ``locator``.</doc>
<arguments>
<arg>${locator}</arg>
</arguments>
<msg timestamp="20201104 00:05:44.419" level="INFO">Clicking element '//*[@id="v-Z7_01HA1A42KODT90AR30VLN22003"]/div/div[2]/div/div[1]/div/div/div/div[1]/div/div/div/div[1]/div/div/div/div/div[1]/div/div/span/span'.</msg>
<status status="PASS" starttime="20201104 00:05:44.419" endtime="20201104 00:05:48.635"></status>
</kw>
<status status="PASS" starttime="20201104 00:05:44.143" endtime="20201104 00:05:48.635"></status>
</kw>
<kw name="Wait And Input">
<arguments>
<arg>//*[@id="v-Z7_01HA1A42KODT90AR30VLN22003"]/div/div[2]/div/div[2]/div/div/div/div[1]/div/div/div/div[2]/div/div/div[2]/div/div/div/div/div[2]/div/div/div/div[1]/div/div/div/div[1]/div/div/div/div[1]/div/div/div/div[1]/div/input</arg>
<arg>50:15:0000000:33365</arg>
</arguments>
<kw name="Wait Until Element Is Enabled" library="SeleniumLibrary">
<doc>Waits until the element ``locator`` is enabled.</doc>
<arguments>
<arg>${locator}</arg>
<arg>${timeout}</arg>
</arguments>
<status status="PASS" starttime="20201104 00:05:48.635" endtime="20201104 00:05:48.960"></status>
</kw>
<kw name="Input Text" library="SeleniumLibrary">
<doc>Types the given ``text`` into the text field identified by ``locator``.</doc>
<arguments>
<arg>${locator}</arg>
<arg>${text}</arg>
</arguments>
<msg timestamp="20201104 00:05:48.960" level="INFO">Typing text '50:15:0000000:33365' into text field '//*[@id="v-Z7_01HA1A42KODT90AR30VLN22003"]/div/div[2]/div/div[2]/div/div/div/div[1]/div/div/div/div[2]/div/div/div[2]/div/div/div/div/div[2]/div/div/div/div[1]/div/div/div/div[1]/div/div/div/div[1]/div/div/div/div[1]/div/input'.</msg>
<status status="PASS" starttime="20201104 00:05:48.960" endtime="20201104 00:05:51.063"></status>
</kw>
<status status="PASS" starttime="20201104 00:05:48.635" endtime="20201104 00:05:51.063"></status>
</kw>
<kw name="Input Text" library="SeleniumLibrary">
<doc>Types the given ``text`` into the text field identified by ``locator``.</doc>
<arguments>
<arg>//*[@id="v-Z7_01HA1A42KODT90AR30VLN22003"]/div/div[2]/div/div[2]/div/div/div/div[1]/div/div/div/div[2]/div/div/div[2]/div/div/div/div/div[2]/div/div/div/div[3]/div/div/div/div[1]/div/div/div/div[1]/div/div/div/div[1]/div/div/div/div[1]/div[1]/div/input</arg>
<arg>Московская область</arg>
</arguments>
<msg timestamp="20201104 00:05:51.063" level="INFO">Typing text 'Московская область' into text field '//*[@id="v-Z7_01HA1A42KODT90AR30VLN22003"]/div/div[2]/div/div[2]/div/div/div/div[1]/div/div/div/div[2]/div/div/div[2]/div/div/div/div/div[2]/div/div/div/div[3]/div/div/div/div[1]/div/div/div/div[1]/div/div/div/div[1]/div/div/div/div[1]/div[1]/div/input'.</msg>
<status status="PASS" starttime="20201104 00:05:51.063" endtime="20201104 00:05:53.785"></status>
</kw>
<kw name="Wait And Click">
<arguments>
<arg>//*[@id="VAADIN_COMBOBOX_OPTIONLIST"]/div/div[2]/table/tbody/tr/td/span</arg>
</arguments>
<kw name="Wait Until Element Is Enabled" library="SeleniumLibrary">
<doc>Waits until the element ``locator`` is enabled.</doc>
<arguments>
<arg>${locator}</arg>
<arg>${timeout}</arg>
</arguments>
<status status="PASS" starttime="20201104 00:05:53.785" endtime="20201104 00:05:59.399"></status>
</kw>
<kw name="Click Element" library="SeleniumLibrary">
<doc>Click the element identified by ``locator``.</doc>
<arguments>
<arg>${locator}</arg>
</arguments>
<msg timestamp="20201104 00:05:59.399" level="INFO">Clicking element '//*[@id="VAADIN_COMBOBOX_OPTIONLIST"]/div/div[2]/table/tbody/tr/td/span'.</msg>
<status status="PASS" starttime="20201104 00:05:59.399" endtime="20201104 00:05:59.922"></status>
</kw>
<status status="PASS" starttime="20201104 00:05:53.785" endtime="20201104 00:05:59.922"></status>
</kw>
<kw name="Click Element" library="SeleniumLibrary">
<doc>Click the element identified by ``locator``.</doc>
<arguments>
<arg>//*[@id="v-Z7_01HA1A42KODT90AR30VLN22003"]/div/div[2]/div/div[2]/div/div/div/div[1]/div/div/div/div[3]/div/div/div/div[1]/div/div/div/div[1]/div/div</arg>
</arguments>
<msg timestamp="20201104 00:05:59.924" level="INFO">Clicking element '//*[@id="v-Z7_01HA1A42KODT90AR30VLN22003"]/div/div[2]/div/div[2]/div/div/div/div[1]/div/div/div/div[3]/div/div/div/div[1]/div/div/div/div[1]/div/div'.</msg>
<status status="PASS" starttime="20201104 00:05:59.924" endtime="20201104 00:06:00.478"></status>
</kw>
<kw name="Wait And Click">
<arguments>
<arg>//*[@id="v-Z7_01HA1A42KODT90AR30VLN22003"]/div/div[2]/div/div[2]/div/div/div/div[1]/div/div/div/div[5]/div/div/div[2]/div[1]/table/tbody/tr</arg>
</arguments>
<kw name="Wait Until Element Is Enabled" library="SeleniumLibrary">
<doc>Waits until the element ``locator`` is enabled.</doc>
<arguments>
<arg>${locator}</arg>
<arg>${timeout}</arg>
</arguments>
<status status="PASS" starttime="20201104 00:06:00.478" endtime="20201104 00:06:06.357"></status>
</kw>
<kw name="Click Element" library="SeleniumLibrary">
<doc>Click the element identified by ``locator``.</doc>
<arguments>
<arg>${locator}</arg>
</arguments>
<msg timestamp="20201104 00:06:06.357" level="INFO">Clicking element '//*[@id="v-Z7_01HA1A42KODT90AR30VLN22003"]/div/div[2]/div/div[2]/div/div/div/div[1]/div/div/div/div[5]/div/div/div[2]/div[1]/table/tbody/tr'.</msg>
<status status="PASS" starttime="20201104 00:06:06.357" endtime="20201104 00:06:08.236"></status>
</kw>
<status status="PASS" starttime="20201104 00:06:00.478" endtime="20201104 00:06:08.236"></status>
</kw>
<kw name="Wait Until Element Is Enabled" library="SeleniumLibrary">
<doc>Waits until the element ``locator`` is enabled.</doc>
<arguments>
<arg>//*[@id="v-Z7_01HA1A42KODT90AR30VLN22003"]/div/div[2]/div/div[2]/div/div/div/div[1]/div/div/div/div[1]/div/div/div/div[3]/div/div/div/div[1]/div/div/div/div[2]/div/div/div/div[1]/div/div/img</arg>
<arg>15s</arg>
</arguments>
<status status="PASS" starttime="20201104 00:06:08.236" endtime="20201104 00:06:08.434"></status>
</kw>
<kw name="Sleep" library="BuiltIn">
<doc>Pauses the test executed for the given time.</doc>
<arguments>
<arg>1s</arg>
</arguments>
<msg timestamp="20201104 00:06:09.605" level="INFO">Slept 1 second</msg>
<status status="PASS" starttime="20201104 00:06:08.434" endtime="20201104 00:06:09.605"></status>
</kw>
<kw name="Capture Element Screenshot" library="SeleniumLibrary">
<doc>Captures a screenshot from the element identified by ``locator`` and embeds it into log file.</doc>
<arguments>
<arg>//*[@id="v-Z7_01HA1A42KODT90AR30VLN22003"]/div/div[2]/div/div[2]/div/div/div/div[1]/div/div/div/div[1]/div/div/div/div[3]/div/div/div/div[1]/div/div/div/div[2]/div/div/div/div[1]/div/div/img</arg>
<arg>${captcha_location}</arg>
</arguments>
<msg timestamp="20201104 00:06:13.337" level="INFO" html="yes">&lt;/td&gt;&lt;/tr&gt;&lt;tr&gt;&lt;td colspan="3"&gt;&lt;a href="Captchas/captcha.png"&gt;&lt;img src="Captchas/captcha.png" width="400px"&gt;&lt;/a&gt;</msg>
<status status="PASS" starttime="20201104 00:06:09.605" endtime="20201104 00:06:13.337"></status>
</kw>
<kw name="Solve Captcha">
<assign>
<var>${captcha_text}</var>
</assign>
<kw name="Get Binary File" library="OperatingSystem">
<doc>Returns the contents of a specified file.</doc>
<arguments>
<arg>${captcha_location}</arg>
</arguments>
<assign>
<var>${file}</var>
</assign>
<msg timestamp="20201104 00:06:13.337" level="INFO" html="yes">Getting file '&lt;a href="file://C:\Users\Daniel\PycharmProjects\Rosreestr\Captchas\captcha.png"&gt;C:\Users\Daniel\PycharmProjects\Rosreestr\Captchas\captcha.png&lt;/a&gt;'.</msg>
<msg timestamp="20201104 00:06:13.541" level="INFO">${file} = \x89PNG

IHDR\xb42\xf5$\xf1\xf7sRGB\xae\xce\xe9RIDATx\x9c\xed]{LS\xe7~\xcei\xd8\x96RZ
\xac\xd01\x85\x89\\xc4E7\xd9P\xc1\xcb.nF\xe6\x925\xdbb\xb6?\xffp\x8b\xdb\xd4d\xc9...</msg>
<status status="PASS" starttime="20201104 00:06:13.337" endtime="20201104 00:06:13.541"></status>
</kw>
<kw name="Create Session" library="RequestsLibrary">
<doc>Create Session: create a HTTP session to a server</doc>
<arguments>
<arg>xEvil</arg>
<arg>http://127.0.0.1:80</arg>
</arguments>
<msg timestamp="20201104 00:06:13.541" level="INFO">Creating Session using : alias=xEvil, url=http://127.0.0.1:80, headers={},                     cookies={}, auth=None, timeout=None, proxies=None, verify=False,                     debug=0 </msg>
<status status="PASS" starttime="20201104 00:06:13.541" endtime="20201104 00:06:13.541"></status>
</kw>
<kw name="Create Dictionary" library="BuiltIn">
<doc>Creates and returns a dictionary based on the given ``items``.</doc>
<arguments>
<arg>file=${file}</arg>
</arguments>
<assign>
<var>${files}</var>
</assign>
<msg timestamp="20201104 00:06:13.541" level="INFO">${files} = {'file': b'\x89PNG\r\n\x1a\n\x00\x00\x00\rIHDR\x00\x00\x00\xb4\x00\x00\x002\x08\x06\x00\x00\x00\xf5$\xf1\xf7\x00\x00\x00\x01sRGB\x00\xae\xce\x1c\xe9\x00\x00\x12RIDATx\x9c\xed]{LS\xe7\x1b~\xcei\x0b\xd8...</msg>
<status status="PASS" starttime="20201104 00:06:13.541" endtime="20201104 00:06:13.541"></status>
</kw>
<kw name="Post Request" library="RequestsLibrary">
<doc>Send a POST request on the session object found using the
given `alias`</doc>
<arguments>
<arg>xEvil</arg>
<arg>/in.php</arg>
<arg>files=${files}</arg>
</arguments>
<assign>
<var>${response}</var>
</assign>
<msg timestamp="20201104 00:06:18.831" level="INFO">POST Request : url=http://127.0.0.1:80/in.php 
 path_url=/in.php 
 headers={'User-Agent': 'python-requests/2.24.0', 'Accept-Encoding': 'gzip, deflate', 'Accept': '*/*', 'Connection': 'keep-alive', 'Content-Length': '4900', 'Content-Type': 'multipart/form-data; boundary=960430b2b2406a5577fba354abc2ed2f'} 
 body=b'--960430b2b2406a5577fba354abc2ed2f\r\nContent-Disposition: form-data; name="file"; filename="file"\r\n\r\n\x89PNG\r\n\x1a\n\x00\x00\x00\rIHDR\x00\x00\x00\xb4\x00\x00\x002\x08\x06\x00\x00\x00\xf5$\xf1\xf7\x00\x00\x00\x01sRGB\x00\xae\xce\x1c\xe9\x00\x00\x12RIDATx\x9c\xed]{LS\xe7\x1b~\xcei\x0b\xd8\x96RZ\n\x03\xac\x16\xd01\x85\x89\\\xc4\x19E7\xd9P\xc1\xcb.nF\xe6\x92\x195\xdbb\xb6?\x16\xffp\x8b\xdb\xd4d\xc9\x16\xcd6\'\x8b[\x96m\xba\xc58\xb3y\x9b\x8a\xcc\x19\xdc\x04\x83:\x15\xbc\xa2\xa0 x\x01)=\x14J\xb9\xb4\x85\xf3\xfb\x83_\xcfzzN\xdb\xd3+\xb0\xf9$_\xfa\x9e\x9e\xef\xbc\xdf\xf7~\xe79\xefy\xbf[K\x00\xa0\xf1\x08\x8f\xf0/\x81\x18\x00\x9e~\xfai\x90$\t\x00 \x08\xc2\xebTVV\x86\xfe\xfe~\x00@aa!\xa4R\xa9Oz\xfcM\x00@\x92$#\x13\x04\xc1\xb2+\x18\xf2p\xdb\x18\x0cy4\xb4\x03_\x8a\x8e\x8e\x06i\xaf\x90\x1d\x8e\r\xc7w\x8eO\x1e3f\x0c#\xdb\x89-\xf4\xda@\xc2_;|\x91\x1dI\xe0\x8f.\xa1\x08\xa5M\xa1(/\xd0 \x1d\x0f|5,""\x829\xee\xed\xed\xf5\x98\xdf\x972&lt;\xc9\xee\x10\xca\x1b4\xda\t\xe1\x88\xd1\xd8V,B\xbb\x82\'%\x8e\x84\xee\xeb\xeb\x1b\x11\x86\t\x95\x83\x89\xd1H\x08w\xb2;\x8c\x947\x9d\xd8\x97\x8b\x9c\xe1Lh\x7f\x10\xe8\x1bA\xd34v\xef\xde\x8d{\xf7\xee\xf1\x96\xb7q\xe3F\xce5\x83\x83\x83\xa8\xab\xab\xc3\xed\xdb\xb7AQ\x14\x9a\x9b\x9ba\xb5ZA\xd34H\x92\x84F\xa3A||&lt;\xd2\xd2\xd20e\xca\x14\x88\xc5b\x97\xf50\x99L\xb8t\xe9\x12\xea\xeb\xeb\xf1\xe0\xc1\x03\xe8\xf5z\xd8l6\x10\x04\x01\x89D\x82\xa4\xa4$h\xb5Zdgg\xe3\x89\'\x9e\x10d\x93\xd1hDee%n\xde\xbc\x89\xda\xdaZ\x98\xcdf\x0c\x0e\x0eB$\x12!&gt;&gt;\x1eIII\x98&gt;}:\xf2\xf2\xf2\x9887\x10\xed\xe9\x8at\xc1\x82/\xbc$\x00\xd0s\xe7\xce\x05\xe0{G\xa2\xb1\xb1\x11555\x00\x80\xa4\xa4$\xe4\xe4\xe4\xb8\xedH\xfc\xf4\xd3O~\x19\xfa\xf6\xdbo3\x8d\xea)\x1d?~\x1c\xd5\xd5\xd5.um\xdc\xb8\x91\xc9\xdb\xd2\xd2\x82\xb3g\xcf\xe2\xf2\xe5\xcb\xb0\xd9l\x82\xea"\x97\xcb\xb1h\xd1"\xcc\x981\x03\x00\xbbMJKKq\xe3\xc6\r\x0c\x0e\x0e\n\xd2\xa5\xd5j\xb1z\xf5j\xa4\xa4\xa4\xf0\xdab\xb3\xd9\xf0\xf3\xcf?\xa3\xb4\xb4\x14\x03\x03\x03\x1e\xf5\xc5\xc4\xc4`\xed\xda\xb5\x981c\x86\xe0\xf6\xf2%\x01\xfc\xf79\xd0\xb2\xa7\xa4T*\xff\t9\xfcyz\x1d;\x85BC\x0e\x7f!D\xd7\xd5\xabW\xdd\x92\xd9\x19;v\xec\xc0\xc5\x8b\x17\x05\x93\x19\x00\xba\xbb\xbb\xb1g\xcf\x1e\xfc\xf8\xe3\x8f\xac:m\xdd\xba\x15\xd7\xaf_\x17Lf\x00\xb8{\xf7.6o\xde\x8c\x8b\x17/r\xda\xad\xab\xab\x0b\x1b6l\xc0\xe1\xc3\x87\x05\x91\x19\x00\xda\xdb\xdb\xb1i\xd3&amp;\x1c:tHp\x1d|\x81\xbfa\x82\xb7o\x08w\xf9\x04\xc5\xd0\x9e\xc0\xd7)tW\xa8\xbf\x10bXkk+\xca\xca\xca|\xd2\xe9\x0b\xce\x9f?\x8f_~\xf9\xc5/\x1d\x00000\x80\x92\x92\x12\xb4\xb5\xb5\xb1\xea\xf5\xd9g\x9f\xa1\xb1\xb1\xd1\'\x9d;v\xec\xc0\xad[\xb7\x82B4g\x0c\'\xb1\x81\xff\xc7\xd0\xfe\x16$\x16\xff\xa3\xc6d2\x85$\xberW\xaf\xde\xde^\xec\xdb\xb7O\xb0\'s\xaeoTT\x14\xd2\xd2\xd2\x90\x9c\x9c\x8c\xe4\xe4d\xc8d2\x90$\t\xb3\xd9\x8c\x1b7n\xa0\xbc\xbc\x9c!\x9c#N\x9d:\x85\x993gb\xec\xd8\xb1\xccw)))\xc8\xc9\xc9\xc1\xc4\x89\x13\xa1\xd5j!\x12\x89\x98\x18\xbd\xac\xac\x0cW\xaf^\xe5\xe8\xb1X,(--\xc5\xca\x95+\x01\x00\x95\x95\x95\xa8\xad\xad\xe5\xe4[\xbat)\xf2\xf3\xf3\x91\x90\x90\x00\x00\xa8\xaf\xaf\xc7\xc1\x83\x07QYY\xc9\xc9\xbbo\xdf&gt;\xbc\xf7\xde{!\xf3\xa6\xa1\x00/\x17=UH\x88l2\x99\x18y``\x00MMM\x18?~\xbc\xc7\xa7\xc9W8\xebq&gt;&gt;x\xf0 \xccf3s,\x93\xc9X\xc7\xae\xae\xd5\xe9t\x983g\x0eRSSy\xe3D\xb9\\\x8ei\xd3\xa6!##\x03_~\xf9%ZZZ8\xfa\xfe\xfc\xf3O\xacX\xb1\x02\xe9\xe9\xe9X\xb2d\t\xb4Z-g\xd2B,\x16c\xf2\xe4\xc9HOO\xc7W_}\x85\xbf\xff\xfe\x9b\xa3\xa7\xba\xba\x9a!\xf4\xa9S\xa78\xe7W\xadZ\x85\x85\x0b\x17\xb2\xf4\xa6\xa6\xa6b\xfd\xfa\xf5())\xe1\xbc\x9d\xaa\xaa\xaa\xdc\xda\x1elo\x1a\x8a\x07\t\xf0q\x94\xc3YNLL\x84H$b&lt;\xe2\x85\x0b\x17\x10\x1b\x1b\x0b\x99L\xc6k\x983V\xadZ\x05@xG\xd4]\x9dN\x9c8\xc1\x1a\xd1 \x08\x02K\x97.\xc5\xae]\xbb8\xe5:c\xf5\xea\xd5\x82\x1e\xba\xf0\xf0p\xcc\x9f?\x1f?\xfc\xf0\x03\xe7\xdc\xcd\x9b7A\x10\x04\xd6\xae]+\xe8&amp;.Y\xb2\x84\x97\xd0\x14E1\xd7\xd7\xd5\xd5q\xce/X\xb0\xc0\xa5\xde\xe2\xe2b\x0e\xa1\xadV\xab\xdbz\xf8\x8a@\x85\x0c6\x9b\r&amp;\x93\t111&gt;\xeb\x05\x04xh\xa1(((\xc0\xa9S\xa7`6\x9ba\xb5ZQUU\x85\xfc\xfc|\xc1\xba\x02\xf1\x94^\xbbv\x8d\x19m\xb1c\xfe\xfc\xf9HLL\x0cx\xd9iii\xbc\xba:;;\xdd\x96\xe5\x0c\xadV\xcb\xfb\xbdH$bd\xc7\xd9W;\x1c{\xff\xceuT\xab\xd5\x9c\xfc\xd1\xd1\xd1.\xf3\xdbeo\xbd\xa9\x10\xf4\xf5\xf5\xa1\xbd\xbd\x9dIz\xbd\x1ez\xbd\x1emmm\xccg[[\x1b:::\xa0R\xa9PSS\xe3\x17\x17&lt;zh\xa1\ne2\x19\x9ez\xea)\x94\x97\x97\x83\xa6i\xe8\xf5z\\\xbf~\x1d\xe9\xe9\xe9&gt;5\x84P\xd8\xf5\xb6\xb6\xb6\xe2\xf8\xf1\xe3\xacs\x19\x19\x19\xc8\xcc\xcct[\xb6\xaf\x8d\xe7H8&gt;}B\tA\xd3\xfck\xc3\x1c\x89.\x93\xc9Xa\x1d\x00TTT`\xce\x9c9\xbcz\xf9B\xa1\x993g\x06\xcc\x9b\x02C\xa3;v\x92R\x14\x05\xbd^\xcf"\xad\xfd\xd3\xb9\xde\xee@Q\x14\x06\x06\x06X}2o!\xb8S(\xa4\x01\xd4j5\xd2\xd3\xd3q\xe5\xca\x15\x00\xc0\x95+W\x10\x1f\x1f\x0f\x8dF\xc3\x9b\xdf\xb9l_b&amp;`\xa8\x13x\xe0\xc0\x01V\'0!!\x01\xf3\xe7\xcf\xe7-\xcbU\xf9\xde\xc8\xaen\x94R\xa9\xf4\xca\xd3\xdd\xbe}\x9bWOnn.\x93\'++\x0b\x7f\xfd\xf5\x17\xeb\xfc\xf7\xdf\x7f\x8f\xa4\xa4$\xe8t:\xce\xb5G\x8f\x1ee\x1dK$\x12,]\xba\x94\xb7\x1cG\x0c\x0e\x0e\xa2\xb3\xb3\x13\x14E\xc1`0\xc0`00\xb2\x9d\xac\x06\x83\x01z\xbd\x1e\x16\x8b\xc5\xa3&gt;o@\x92$\xd4j5\x8cF#bbb\xfc\x0f9\x84\xc2\x93\xc2I\x93&amp;\xa1\xb5\xb5\x15z\xbd\x1e4M\xa3\xa2\xa2\x02\x8b\x16-BXX\x98[2;\xca\xde\x18@\xd34\x0e\x1d:\xc4\xea\xf4I\xa5R\xbc\xf4\xd2K.\xbd\xa8\xab\xb2\xbd\x01\xdf\xe8\x04\x00\xa4\xa6\xa6z,\xc7Qv&amp;\x1f\x00\xa8T*\xcc\x9b7\x8f9.,,\xe4\x10\xba\xb3\xb3\x13\xeb\xd6\xad\xc3\xca\x95+QTT\xc4\xb4\xdb\xb9s\xe7p\xe0\xc0\x01V\xde7\xdf|\x13\x04A\xa0\xb6\xb6\x16\x1d\x1d\x1d\xa0(\x8a\x95\x1c\xc9\xeb\xcd\xb8\xb9\x10H$\x12h4\x1ah4\x1a\xc4\xc6\xc6rR\\\\\x1c\xe2\xe2\xe2\xa0\xd1h\x98\x19\xd7\xa0\x86\x1c\x9edg\x10\x04\x81\x193f\xa0\xac\xac\x0c\x16\x8b\x05===8r\xe4\x08\x9ey\xe6\x19\xa8T*\xdekv\xee\xdc\x89\xb0\xb00\xc4\xc6\xc6B.\x97#11\x11\xe3\xc6\x8d\x83D"\xf1X~yy9\xee\xdf\xbf\xcf:\xf7\xe2\x8b/B.\x97\x0b\xaa\xafc\x1e\xa1\xb6\xd34\xcd!\x98\x1dyyy\x82\xf4X\xadV\xec\xdd\xbb\x17\x17/^d]\xafP(\xb0~\xfdzfl\x9f \x08$\'\'\xa3\xa8\xa8\x88C~\x8b\xc5\x82o\xbe\xf9\x06\x87\x0f\x1fF~~&gt;\x9a\x9a\x9aPQQ\xc1\xca\x13\x1e\x1e\x8e\xed\xdb\xb7c\xfb\xf6\xed\x1e\xdb\xc0\x1bH\xa5R\xc4\xc4\xc40duNv\xc2FGG3m\xeb)9\xc3\x17.\xfa=\x0e\xcd\xf7z\x95J\xa5\x98&lt;y2\xd3A3\x9b\xcd8r\xe4\x08\xc6\x8d\x1b\x87\xcc\xccLN\xc5m6\x1bl6\x1b\xee\xdc\xb9\x03`\xc8\xfb\x91$\t\x9dN\x87\xac\xac,&lt;\xf6\xd8c\xbc\x95\xaf\xad\xad\xc5\xa5K\x97X\xdf\x15\x14\x14\xb0\xc6\x81\x85\x92\x99\xcf&amp;W\xb6\x97\x97\x97\xe3\xe1\xc3\x87\x1c=\xd3\xa6M\xc3\xf8\xf1\xe3]\x96\xdd\xd5\xd5\x85;w\xee\xa0\xa1\xa1\x01\x95\x95\x95\xa0(\x8au~\xd2\xa4Ix\xeb\xad\xb70f\xcc\x18\xdc\xbd{\x17F\xa3\x91I\xc0\xd0Tv{{;\xa7\xdc\x07\x0f\x1e\xb8\\N\xc0\xd7\xa1t\x05\x82 \xa0P(\xa0V\xab\x11\x13\x13\xc3$\x8dF\xc3\xf9\x94J\xa5\x82\xd6S;\xb7C\xa0dW\x08\xc884\x1f!\xb4Z-\xea\xeb\xebY\xa1@ss3\x9a\x9b\x9b=V\n\x18\x8a\xe7\x1a\x1a\x1a\xd0\xd0\xd0\x80\xe4\xe4d\xcc\x9d;\x975\x0c\xf8\xf0\xe1C\xfc\xf1\xc7\x1f\xack\xa6L\x99\x82\xa9S\xa7\n\xd2/\x04|6666\xe2\xd8\xb1c\x9c\xbcqqqX\xbe|9\'\xff\x9a5k&lt;\x96\x13\x19\x19\t\xb9\\\x8e\xb6\xb66\xbc\xfb\xee\xbb^M\xbd\x0b\x81H$\x82R\xa9\x84Z\xad\xe6$G\xe2\xaaT*&amp;4\xf4\xc6\xa3\xfa\x132\xfa*\xbb\r9\x82\x81\xc8\xc8H\x14\x15\x15\xa1\xa1\xa1\x01mmm\x82\x89\xcc\x87\x86\x86\x06\xb4\xb4\xb4`\xf1\xe2\xc5\x88\x8f\x8fGoo/~\xfb\xed7N\'\xd01\xee\xf4\xf6\xc9v\x8c\xc9m6\x1b,\x16\x0b,\x16\x0b\xacV+#\x1b\x0c\x06\x1c=z\x943\x03\x19\x16\x16\x86\xf8\xf8x\xec\xda\xb5\x0b\x16\x8b\x05\xfd\xfd\xfd\xe8\xef\xef\x17\xdcq2\x99L^\x8d\x06\x08AXX\x18\x16.\\\x88\xe5\xcb\x97#**\n"\x91\xc8\xa37\x15JF\xa1\x085\xb1\x01\x0c\xad\xb6{\xee\xb9\xe78\x86\x05Z6\x1a\x8d\xb8|\xf92\x9a\x9a\x9a8\x86\x93$\t\x89D\x02\x9a\xa6\xdd\x92@"\x91\xa0\xa8\xa8\x08g\xcf\x9ee\rM\x8d\x193\x06\x8b\x17/\x86D"\x81\xc5baB\x18;!\xadV+\xefl\x1b0\xe4Y\xed\xa4\xed\xef\xef\x87\xcdfs9\x94\x16*H\xa5RDGG#::\x1aJ\xa5\x12*\x95\n}}}\xa8\xac\xacDOO\x0f\x93/99\x19\xcd\xcd\xcdn=\xfa\xd4\xa9S\xf1\xd1G\x1fA\xa1Px\xf4\xb6\xdeLl\xf9\xc2\x85`\'\xb9\\&gt;D\xe8\x82\x82\x02\x9f\x0c\xf3E\xee\xe8\xe8@MM\r/\xb1\x1fa\x08qqq\xd8\xb4i\x13T*\x15H\x92DEE\x05\xb6m\xdb\xc6\xca\xf3\xca+\xaf`\xc5\x8a\x15\xd0\xeb\xf5\xd8\xbd{7\xca\xcb\xcb]\xea\x9b0a\x02\xbe\xf8\xe2\x8b\x80\xed\xf5\x04B\xbfgQ\x88\xccK\xe8P\xa5\xb6\xb66\x94\x96\x96\x06|\x98\xc8_\x10\xc4\xd0\xc2\xfb\xb0\xb00\x84\x87\x87\x83\xa6i\x18\x8dFN=\xc7\x8e\x1d\x8b\xf4\xf4t\x10\xc4\xd0\xa8\xc7\xc0\xc0\x00l6\x1b\xacV+\xfa\xfb\xfb\xd1\xd7\xd7\x87\x9e\x9e\x1e\x98\xcdf&lt;|\xf8\x104M\x83 \x08fx\xcaj\xb5\xc2h4\xb2\xa6\xa4\x1d\xa1\xd3\xe9\xb0e\xcb\x16\xd4\xd4\xd4\xe0\xe3\x8f?f\x9d[\xb6l\x19^}\xf5U\xa6\xbe$I\xa2\xb1\xb1\x11_\x7f\xfd\xb5\xcb\xe1\xc4\xd9\xb3g3k\xbfG\x827\r\xf4CB\x92$d2\xd9?\x84\x1e.\xc3(\x8a\x02M\xd3\x08\x0f\x0fg\xc5\x9f\xfd\xfd\xfd\xa8\xab\xab\xe3\x1dM\x08\x166m\xda\x84\xb0\xb00\x98\xcdftww\xe3\xcc\x9938s\xe6\x0c+\x0fA\x10\x88\x8a\x8a\x82\xcdf\x83\xd9l\x0ejx\x12\x1e\x1e\x0e\x9b\xcd\xc6\x8a\xd95\x1a\r^x\xe1\x05(\x95JDEEA\xa9TB\xa9TB\xa1P@,\x16\xa3\xbc\xbc\x1c%%%\xace\xbcv|\xfe\xf9\xe7\xac\x99S_&lt;\xebHN\x0c\xa1\xe7\xcd\x9b\xe7\xb5a\xa1\xd8\x9d@Q\x14\xf6\xec\xd9\xe3+\x1f\xbc\x86L&amp;COO\xcf\xb0\xc7\xd0\xbe\x80 \x08DFFB\xa9T"""\x02\x8d\x8d\x8d\x1c\xef\x9f\x99\x99\x89w\xdey\x87\x89\xcd\xed\x1dEo=i\xa8\xee\xbf/\x84\xf6i\x1cZh&gt;\x7fd\x82 \\N\xc4\x04\x0b\xae\x96\x98\xba\x82\xbd\x11\x15\n\x05\x93\xa2\xa2\xa2\x98O\xc7$\x97\xcb\xd1\xdb\xdb\xcb\x8chtww\xc3d2\xa1\xab\xab\x0b\x0f\x1e&lt;\xc0\xd9\xb3g\xfd\xaa;M\xd3\xe8\xea\xeaBWW\x97\xcb&lt;\x8eKR\tbh\xcc\xd9Nn{\xe7\xd3\xde\x19\xb5\xcb*\x95\x8a\x91\x1d\x1f\x00\xc76\x08\x86\xec\xeb\xf5~\r\xdb\x85\xc2\xb0P\x83 \x08\x8e\x87\x16\x89D\xc8\xcb\xcbCbb"\x8b\xbc\x91\x91\x91^y9;\xd1\x1do\x98\xfd\xcdW\\\\,\xa8~\xcb\x96-c\x88\xdb\xd9\xd9\xc9$\x93\xc9\xe4\xd5\x9b\x85\xa6i\xe6Z\xa1\xed\xa2P(X\x04W\xab\xd5\xcc\xb1]\xb6\x8foGGG\xbb\xdd&lt;\x1c,b\x07d=t\xb0\x10\xa8\xf8\x99\x8f\xa4v\xbc\xfc\xf2\xcb\x90\xcb\xe5P(\x14\xb0Z\xad\xf8\xee\xbb\xef8\xb3k\xaf\xbf\xfe:\xd3\x01\xe4{E\xda\x8f=\xc9|\xf5\x02 xg\r\x00\xe4\xe4\xe4\xf0n@\xa0i\x9a\xf1\xf8\x9d\x9d\x9d0\x1a\x8d\x9c\xce$I\x92\xd0j\xb50\x1a\x8d0\x99L^u\xc8\x1d\x1f\x00![\xc1\x08b\xa8\xafa\'\xb8J\xa5BLL\x0ckB\xc7qbG\xa5R\xb9]e\'\xb4}\x03\xb2\x05\xcb.\x07\xd23\xb7\xb7\xb7\xe3\xf7\xdf\x7f\xe7Z\xe6\x00\x91H\xc4x=\x99L\x06\xb9\\\xce\xfa\xb4\xcf\xc0\xc9\xe5rl\xde\xbc\x99W\x87c\'i\xdb\xb6m\x1c2gff\xf2.\x81\r\xa4\xec\xdc\xf1t\xb4\xcf\x99\xec{\xf7\xee\xc5\x87\x1f~\xc8\xc9K\x92$\x94J%\xb3v\xe2\xf4\xe9\xd3\x9c&lt;iii())a\x1e\x00G\xf2\xdbSGG\x07K\xb6\xa7\xae\xae.\xaf\x1f\x00\xbb\x1eW+\n\x1dA\x10C\xbb\xb6\xab\xaa\xaaX\xa1\xa6\xb7\x8e"hS\xdf\xce\xb2\x90\xeb\xcdf3\xea\xeb\xebQWW\x07\x83\xc1\xc0[a\x82 \x90\x93\x93\x83\xac\xac,(\x14\n\xc1\x1d\tO8q\xe2\x04Z[[9\xdf\xdbg\x1f\xbdm\x87-[\xb6`\xc1\x82\x05\xc8\xc8\xc8p\x9b\xbf\xa5\xa5\x05\xbbw\xef\xe6\xadSBB\x02\xee\xde\xbd\xcb\xfa\xee\xfc\xf9\xf3\xd8\xb9s\'V\xae\\\xe9R\xef\xbd{\xf7x\x17#\xcd\x9a5\x8b\x91I\x92dbd!\xe1\x92\xddC\x1b\x8dFP\x14\xc5\x10\x9e\xa2(\x86\xf4\x8e+\xf8:;;}z\x03(\x14\n\x97m\xe5J\xe6\x84\x1c\xa1\x80\xbd\xd0\xfd\xfb\xf7#11\x11\xf1\xf1\xf1\x88\x8e\x8e\x86L&amp;CSS\x13\xea\xea\xeap\xff\xfe}\x8fq`~~&gt;\xb3^\xc3\x977\x84+\x9c&lt;y\x92\xf7\xfbO&gt;\xf9\xc4\xe3\xb5\xce\xf8\xf6\xdboQWW\x87\xba\xba:\xa8\xd5j\xe4\xe6\xe6"55\x15O&gt;\xf9$H\x92\x04M\xd3hjj\xc2\x85\x0b\x17p\xec\xd81\xde\x05D\x12\x89\x04\xc5\xc5\xc5\xf8\xf4\xd3O9\xe7\xf6\xef\xdf\x8f\xcb\x97/\xe3\xf9\xe7\x9fGNN\x0e\xa2\xa2\xa2@\xd34\xee\xdc\xb9\x83\xd3\xa7O\xe3\xd7_\x7f\xe5\xfc\xe0\x8fJ\xa5\xc2\xa2E\x8b\x00\xf8\xe6tH\x92db\xe4\t\x13&amp;x|\x00\xeck\xab;::`0\x18\x18\xc2\xdb\x97\xa9R\x14\xc5l\x0e0\x18\x0c0\x1a\x8d\xcc\xc8\x8b\xbbzx\x92Y\x1e:X\xafTG\xd9\xfe4\xbb\x9a\x00p\x87\xec\xecldddx,\xc3[2\xdbo@0`0\x18p\xec\xd81\xde\x05M\xee\xf0\xdak\xaf!77\x17\x0b\x17.\xc4\x91#G8\xe7o\xdd\xba\x85\xad[\xb7\n\xd2%\x16\x8b\xf1\xc1\x07\x1f\x0c\x8d\xd3\x86(d\x14\x89DP\xab\xd5\xcc\xe6\x0e\x82p?,788\x88\xee\xeenA\xf6\xb8\xb55\xd8\x869\xca\xae\xc2\x08O I\x12\xb3g\xcfFVV\x96W\xd7\t%\xf3HCqq1\n\x0b\x0b\x01\x0cm \xb6\xd9l^\xfd\xc6\x88#"##\xb1a\xc3\x06\xdee\xbb\xae\x10\n\xc7\xc6\xf7\x008\xee\xf6\xf1E/\xe0!\xe4\x08\x84\x01\xb5\xb5\xb5\xb0\xd9lhhh@GG\x87\xbb\xe2x\x91\x92\x92\x82Y\xb3f1\x1d\x05\x7f\r\x0e\x05\x08\x82\xc0\xfb\xef\xbf\x8f\x83\x07\x0f\xe2\xfa\xf5\xeb\x82\xaf\xd3\xe9tX\xb3f\r\xb3\xeb\xc5^\xf77\xdex\x03\xd9\xd9\xd9\xd8\xb9s\'k3\x83;\x90$\x89\x82\x82\x02\xacZ\xb5\xca\xaf-M\xbe^\xe3+\xb1\xfd\x95\xbd\xea\x14z\x03\x8a\xa2P^^\xceZ\x1d\xe6\x08\xb1X\x0c\xa9T\x8a\xfe\xfe~X\xadV\x0c\x0e\x0e2\xdfi4\x1a$$$`\xe2\xc4\x89\xcc*1\x7f\x8c\xf4\x84`\x90~\xc2\x84\tX\xb7n\x1d(\x8aBuu5\xea\xeb\xeb\xd1\xdc\xdc\x0c\x8a\xa2`\xb3\xd9 \x12\x89 \x91H\x90\x9a\x9a\n\xadV\x8bi\xd3\xa61\xc3q|v\xe4\xe6\xe6b\xfa\xf4\xe9\xb8v\xed\x1a\xaa\xaa\xaap\xef\xde=\xdc\xbcy\x13\x16\x8b\x85\xd9X\x1a\x1b\x1b\x8b\xa4\xa4$L\x9d:\x15yyy~\xff$@\xb0\xda\x86\x0f\x01#6\x00\xba\xb0\xb0\x90\xf92\x10+\xa7\xfa\xfa\xfap\xf2\xe4I\xce\xee\n\xb1X\x0c\x9dN\x87\xc7\x1f\x7f\x1c\x89\x89\x89 Ir\xc4,\x94\xf1\xc5vo\x97[\x8e\xd6\xe4\xed\xfd\x0f\xb4,4EDD\x04n\x0b\x96\xfd\xd8h4\xe2\xe4\xc9\x93\xac\x00_*\x95";;\x1bIII\x08\x0f\x0fg5\x867\xe5\x05\x13\x01\xf3\x10^\xb4U\xa8d\x7f1\xdc6ysM\xc0\x86\xed\x08\x82\xc0\xfd\xfb\xf7QYY\xc9,\x8a!\x08\x02\x19\x19\x19\xc8\xca\xca\n\x88\xf1\xa3\x89\x04\x8epe\xc7H$\x84\xb3,\x14#\xc5\x8e\x80M}\xd7\xd6\xd6\xa2\xba\xba\x9a\x19G\x96H$\x983g\x8e\xcb_\x06\xf2\x06\xc3\xe9\x15\xfek\x84\x18\x89\x0e\xc1\x19\xee\xca\xf4;\xe4\x18\x1c\x1c\xc4\xb9s\xe7\xd0\xd0\xd0\xc0|/\x97\xcb\xf1\xec\xb3\xcfB\xa9T\xfa\xacW\x08B\xfd\n\xff\xb7\x13b\xb4\xb6\x15\xc7C\xfb\xa3\xa4\xb9\xb9\x99E\xe6\xd8\xd8X\xcc\x9d;\x17\x11\x11\x11\xc3jX0\xf1o#\x84;\x8c\x947\x9dP;\xfc\xfe\xc1s\x9dN\x87\x94\x94\x14\x00CCU\x05\x05\x05\x08\x0f\x0f\xe7\xe4\xfb\xafz\xd3\xd1`\x87+\xd2\x05\x0b\xc1\xb4\x89w\xea\xdb\xdb\x86\xcc\xcd\xcde\xfe\xac\xc6\x97\x9b\xe0\x0e\xa3\x89\x10\xce\xe7\x02\x89\xff\xaaC\xf0\x16\xbc\x7f\xbc\xe9(\x0b\xa9\x90H$BRR\x92\xdb&lt;\xff\x05B\x84\xf2\xf5\x1a*O:\x9a\x1e\x1e\xc0\x8b\x90c4\x196\x9c$p\xc4h#\x84\xbb\xf6\x19-v\xf8\xfc/X\xc1\xc4\xbf\xc1\x9b\x0e\xa7M\xa1(/\x98\xf0\xa7^\x1eC\x0eWr(\x1a,\x947\xe8\x11!\xbc\x93\x83\xed\x10|m7\xb7\xff\xf5-D\x1e\xa9\x86\xf9\x83G\x0f\xcf\xc8\xb5\xc9S\xbe\x80\xfcO\xa13F\x82a\x81\x94}\xc1H\xb2\xc3[\xa7\xe3/\x86\xf5\xfe\x03\x18}\xbf\xaa\xf2\x08\x8f\xe0\x02\xff\x03\x1d?\xf6\x87\xee\xf8\xc3;\x00\x00\x00\x00IEND\xaeB`\x82\r\n--960430b2b2406a5577fba354abc2ed2f--\r\n' 
 </msg>
<msg timestamp="20201104 00:06:18.831" level="INFO">POST Response : url=http://127.0.0.1:80/in.php 
 status=200, reason=OK 
 body=OK|3 
 </msg>
<msg timestamp="20201104 00:06:18.831" level="INFO">${response} = &lt;Response [200]&gt;</msg>
<status status="PASS" starttime="20201104 00:06:13.541" endtime="20201104 00:06:18.831"></status>
</kw>
<kw name="Strip String" library="String">
<doc>Remove leading and/or trailing whitespaces from the given string.</doc>
<arguments>
<arg>${response.text}</arg>
<arg>characters=OK|*</arg>
</arguments>
<assign>
<var>${strip}</var>
</assign>
<msg timestamp="20201104 00:06:18.831" level="INFO">${strip} = 3</msg>
<status status="PASS" starttime="20201104 00:06:18.831" endtime="20201104 00:06:18.831"></status>
</kw>
<kw name="Get Request" library="RequestsLibrary">
<doc>Send a GET request on the session object found using the
given `alias`</doc>
<arguments>
<arg>xEvil</arg>
<arg>/res.php?id=${strip}&amp;action=get</arg>
</arguments>
<assign>
<var>${response}</var>
</assign>
<msg timestamp="20201104 00:06:18.831" level="INFO">GET Request : url=http://127.0.0.1:80/res.php?id=3&amp;action=get 
 path_url=/res.php?id=3&amp;action=get 
 headers={'User-Agent': 'python-requests/2.24.0', 'Accept-Encoding': 'gzip, deflate', 'Accept': '*/*', 'Connection': 'keep-alive'} 
 body=None 
 </msg>
<msg timestamp="20201104 00:06:18.831" level="INFO">GET Response : url=http://127.0.0.1:80/res.php?id=3&amp;action=get 
 status=200, reason=OK 
 body=OK|54238 
 </msg>
<msg timestamp="20201104 00:06:18.831" level="INFO">${response} = &lt;Response [200]&gt;</msg>
<status status="PASS" starttime="20201104 00:06:18.831" endtime="20201104 00:06:18.831"></status>
</kw>
<kw name="Strip String" library="String">
<doc>Remove leading and/or trailing whitespaces from the given string.</doc>
<arguments>
<arg>${response.text}</arg>
<arg>characters=OK|*</arg>
</arguments>
<assign>
<var>${strip}</var>
</assign>
<msg timestamp="20201104 00:06:18.846" level="INFO">${strip} = 54238</msg>
<status status="PASS" starttime="20201104 00:06:18.846" endtime="20201104 00:06:18.846"></status>
</kw>
<kw name="Log To Console" library="BuiltIn">
<doc>Logs the given message to the console.</doc>
<arguments>
<arg>${strip}</arg>
</arguments>
<status status="PASS" starttime="20201104 00:06:18.846" endtime="20201104 00:06:18.846"></status>
</kw>
<msg timestamp="20201104 00:06:18.846" level="INFO">${captcha_text} = 54238</msg>
<status status="PASS" starttime="20201104 00:06:13.337" endtime="20201104 00:06:18.846"></status>
</kw>
<kw name="Input Text" library="SeleniumLibrary">
<doc>Types the given ``text`` into the text field identified by ``locator``.</doc>
<arguments>
<arg>//*[@id="v-Z7_01HA1A42KODT90AR30VLN22003"]/div/div[2]/div/div[2]/div/div/div/div[1]/div/div/div/div[1]/div/div/div/div[3]/div/div/div/div[1]/div/div/div/div[3]/div/div/div/div[1]/div/div/div/div[1]/div/input</arg>
<arg>${captcha_text}</arg>
</arguments>
<msg timestamp="20201104 00:06:18.846" level="INFO">Typing text '54238' into text field '//*[@id="v-Z7_01HA1A42KODT90AR30VLN22003"]/div/div[2]/div/div[2]/div/div/div/div[1]/div/div/div/div[1]/div/div/div/div[3]/div/div/div/div[1]/div/div/div/div[3]/div/div/div/div[1]/div/div/div/div[1]/div/input'.</msg>
<status status="PASS" starttime="20201104 00:06:18.846" endtime="20201104 00:06:20.502"></status>
</kw>
<kw name="Input Text" library="SeleniumLibrary">
<doc>Types the given ``text`` into the text field identified by ``locator``.</doc>
<arguments>
<arg>//*[@id="v-Z7_01HA1A42KODT90AR30VLN22003"]/div/div[2]/div/div[2]/div/div/div/div[1]/div/div/div/div[1]/div/div/div/div[3]/div/div/div/div[1]/div/div/div/div[3]/div/div/div/div[1]/div/div/div/div[1]/div/input</arg>
<arg>${captcha_text}</arg>
</arguments>
<msg timestamp="20201104 00:06:20.502" level="INFO">Typing text '54238' into text field '//*[@id="v-Z7_01HA1A42KODT90AR30VLN22003"]/div/div[2]/div/div[2]/div/div/div/div[1]/div/div/div/div[1]/div/div/div/div[3]/div/div/div/div[1]/div/div/div/div[3]/div/div/div/div[1]/div/div/div/div[1]/div/input'.</msg>
<status status="PASS" starttime="20201104 00:06:20.502" endtime="20201104 00:06:21.286"></status>
</kw>
<kw name="Click Element" library="SeleniumLibrary">
<doc>Click the element identified by ``locator``.</doc>
<arguments>
<arg>//*[@id="v-Z7_01HA1A42KODT90AR30VLN22003"]/div/div[2]/div/div[2]/div/div/div/div[1]/div/div/div/div[1]/div/div/div/div[4]/div/div/div/div[1]/div/div/div/div[1]</arg>
</arguments>
<msg timestamp="20201104 00:06:21.286" level="INFO">Clicking element '//*[@id="v-Z7_01HA1A42KODT90AR30VLN22003"]/div/div[2]/div/div[2]/div/div/div/div[1]/div/div/div/div[1]/div/div/div/div[4]/div/div/div/div[1]/div/div/div/div[1]'.</msg>
<status status="PASS" starttime="20201104 00:06:21.286" endtime="20201104 00:06:22.085"></status>
</kw>
<kw name="Sleep" library="BuiltIn">
<doc>Pauses the test executed for the given time.</doc>
<arguments>
<arg>5s</arg>
</arguments>
<msg timestamp="20201104 00:06:27.759" level="INFO">Slept 5 seconds</msg>
<status status="PASS" starttime="20201104 00:06:22.091" endtime="20201104 00:06:27.759"></status>
</kw>
<kw name="Press Keys" library="SeleniumLibrary">
<doc>Simulates the user pressing key(s) to an element or on the active browser.</doc>
<arguments>
<arg>None</arg>
<arg>ESCAPE</arg>
</arguments>
<msg timestamp="20201104 00:06:27.759" level="INFO">Sending key(s) ('ESCAPE',) to page.</msg>
<msg timestamp="20201104 00:06:27.759" level="INFO">Pressing special key ESCAPE to browser.</msg>
<msg timestamp="20201104 00:06:27.759" level="INFO">Releasing special key ESCAPE.</msg>
<status status="PASS" starttime="20201104 00:06:27.759" endtime="20201104 00:06:29.495"></status>
</kw>
<status status="PASS" starttime="20201104 00:05:44.143" endtime="20201104 00:06:29.495"></status>
</kw>
<status status="PASS" starttime="20201104 00:00:25.042" endtime="20201104 00:06:29.495" critical="yes"></status>
</test>
<status status="PASS" starttime="20201104 00:00:22.433" endtime="20201104 00:06:29.509"></status>
</suite>
<statistics>
<total>
<stat pass="1" fail="0">Critical Tests</stat>
<stat pass="1" fail="0">All Tests</stat>
</total>
<tag>
</tag>
<suite>
<stat pass="1" fail="0" id="s1" name="Test">Test</stat>
</suite>
</statistics>
<errors>
</errors>
</robot>
