<?xml version="1.0" encoding="UTF-8"?>
<robot generator="Robot 3.2.2 (Python 3.9.0 on win32)" generated="20210219 19:25:37.011" rpa="false">
<suite id="s1" name="Test" source="C:\Users\ASUS PC\PycharmProjects\robotframework\Launch\test.robot">
<test id="s1-t1" name="Launch Case">
<kw name="Open Browser Max Size" type="setup">
<kw name="Open Browser" library="SeleniumLibrary">
<doc>Opens a new browser instance to the optional ``url``.</doc>
<arguments>
<arg>https://rosreestr.ru/wps/portal/p/cc_present/ir_egrn</arg>
<arg>chrome</arg>
<arg>options=add_argument("--start-fullscreen")</arg>
</arguments>
<msg timestamp="20210219 19:25:37.372" level="INFO">Opening browser 'chrome' to base url 'https://rosreestr.ru/wps/portal/p/cc_present/ir_egrn'.</msg>
<status status="PASS" starttime="20210219 19:25:37.372" endtime="20210219 19:25:40.851"></status>
</kw>
<kw name="Create Session" library="RequestsLibrary">
<doc>Create Session: create a HTTP session to a server</doc>
<arguments>
<arg>xEvil</arg>
<arg>http://127.0.0.1:80</arg>
</arguments>
<msg timestamp="20210219 19:25:40.852" level="INFO">Creating Session using : alias=xEvil, url=http://127.0.0.1:80, headers={},                     cookies={}, auth=None, timeout=None, proxies=None, verify=False,                     debug=0 </msg>
<status status="PASS" starttime="20210219 19:25:40.852" endtime="20210219 19:25:40.853"></status>
</kw>
<status status="PASS" starttime="20210219 19:25:37.371" endtime="20210219 19:25:40.853"></status>
</kw>
<kw name="Wait And Input">
<arguments>
<arg>//*[@id="v-Z7_01HA1A42KODT90AR30VLN22003"]/div/div[2]/div/div[2]/div/div/div/div[1]/div/div/div/div[1]/div/div/div/div/div[2]/div/div/div/div[2]/div/div/div[1]/div/input</arg>
<arg>${egrn_access_key}</arg>
</arguments>
<kw name="Wait Until Element Is Enabled" library="SeleniumLibrary">
<doc>Waits until the element ``locator`` is enabled.</doc>
<arguments>
<arg>${locator}</arg>
<arg>${timeout}</arg>
</arguments>
<status status="PASS" starttime="20210219 19:25:40.855" endtime="20210219 19:25:41.118"></status>
</kw>
<kw name="Input Text" library="SeleniumLibrary">
<doc>Types the given ``text`` into the text field identified by ``locator``.</doc>
<arguments>
<arg>${locator}</arg>
<arg>${text}</arg>
</arguments>
<msg timestamp="20210219 19:25:41.119" level="INFO">Typing text 'a2e63193-4ba0-40b7-8b95-9e0492dbf62c' into text field '//*[@id="v-Z7_01HA1A42KODT90AR30VLN22003"]/div/div[2]/div/div[2]/div/div/div/div[1]/div/div/div/div[1]/div/div/div/div/div[2]/div/div/div/div[2]/div/div/div[1]/div/input'.</msg>
<status status="PASS" starttime="20210219 19:25:41.119" endtime="20210219 19:25:41.309"></status>
</kw>
<status status="PASS" starttime="20210219 19:25:40.854" endtime="20210219 19:25:41.310"></status>
</kw>
<kw name="Click Element" library="SeleniumLibrary">
<doc>Click the element identified by ``locator``.</doc>
<arguments>
<arg>//*[@id="v-Z7_01HA1A42KODT90AR30VLN22003"]/div/div[2]/div/div[2]/div/div/div/div[1]/div/div/div/div[2]/div/div/div/div[1]/div/div/div/div[1]/div/div</arg>
</arguments>
<msg timestamp="20210219 19:25:41.311" level="INFO">Clicking element '//*[@id="v-Z7_01HA1A42KODT90AR30VLN22003"]/div/div[2]/div/div[2]/div/div/div/div[1]/div/div/div/div[2]/div/div/div/div[1]/div/div/div/div[1]/div/div'.</msg>
<status status="PASS" starttime="20210219 19:25:41.310" endtime="20210219 19:25:41.404"></status>
</kw>
<kw name="Get File" library="OperatingSystem">
<doc>Returns the contents of a specified file.</doc>
<arguments>
<arg>inputs.csv</arg>
</arguments>
<assign>
<var>${inputs_file}</var>
</assign>
<msg timestamp="20210219 19:25:41.405" level="INFO" html="yes">Getting file '&lt;a href="file://C:\Users\ASUS PC\PycharmProjects\robotframework\inputs.csv"&gt;C:\Users\ASUS PC\PycharmProjects\robotframework\inputs.csv&lt;/a&gt;'.</msg>
<msg timestamp="20210219 19:25:41.406" level="INFO">${inputs_file} = Московская область,Балашихинский,г. Балашиха,Улица,Свердлова,54
Московская область,Ленинский,г. Видное,Улица,Завидная,1
Московская область,Ленинский,г. Видное,Бульвар,Зеленые аллеи,12
Московская облас...</msg>
<status status="PASS" starttime="20210219 19:25:41.405" endtime="20210219 19:25:41.406"></status>
</kw>
<kw name="Split To Lines" library="String">
<doc>Splits the given string to lines.</doc>
<arguments>
<arg>${inputs_file}</arg>
</arguments>
<assign>
<var>${lines}</var>
</assign>
<msg timestamp="20210219 19:25:41.407" level="INFO">4 lines returned</msg>
<msg timestamp="20210219 19:25:41.407" level="INFO">${lines} = ['Московская область,Балашихинский,г. Балашиха,Улица,Свердлова,54', 'Московская область,Ленинский,г. Видное,Улица,Завидная,1', 'Московская область,Ленинский,г. Видное,Бульвар,Зеленые аллеи,12', 'Моско...</msg>
<status status="PASS" starttime="20210219 19:25:41.406" endtime="20210219 19:25:41.407"></status>
</kw>
<kw name="${line} IN [ @{lines} ]" type="for">
<kw name="${line} = Московская область,Балашихинский,г. Балашиха,Улица,Свердлова,54" type="foritem">
<kw name="Split String" library="String">
<doc>Splits the ``string`` using ``separator`` as a delimiter string.</doc>
<arguments>
<arg>${line}</arg>
<arg>separator=,</arg>
</arguments>
<assign>
<var>${values}</var>
</assign>
<msg timestamp="20210219 19:25:41.408" level="INFO">${values} = ['Московская область', 'Балашихинский', 'г. Балашиха', 'Улица', 'Свердлова', '54']</msg>
<status status="PASS" starttime="20210219 19:25:41.408" endtime="20210219 19:25:41.408"></status>
</kw>
<kw name="Do Full Iteration">
<arguments>
<arg>${values}</arg>
</arguments>
<kw name="Wait And Click">
<arguments>
<arg>//*[@id="v-Z7_01HA1A42KODT90AR30VLN22003"]/div/div[2]/div/div[1]/div/div/div/div[1]/div/div/div/div[1]/div/div/div/div/div[1]/div/div/span/span</arg>
</arguments>
<kw name="Wait Until Element Is Enabled" library="SeleniumLibrary">
<doc>Waits until the element ``locator`` is enabled.</doc>
<arguments>
<arg>${locator}</arg>
<arg>${timeout}</arg>
</arguments>
<status status="PASS" starttime="20210219 19:25:41.409" endtime="20210219 19:25:41.684"></status>
</kw>
<kw name="Click Element" library="SeleniumLibrary">
<doc>Click the element identified by ``locator``.</doc>
<arguments>
<arg>${locator}</arg>
</arguments>
<msg timestamp="20210219 19:25:41.684" level="INFO">Clicking element '//*[@id="v-Z7_01HA1A42KODT90AR30VLN22003"]/div/div[2]/div/div[1]/div/div/div/div[1]/div/div/div/div[1]/div/div/div/div/div[1]/div/div/span/span'.</msg>
<status status="PASS" starttime="20210219 19:25:41.684" endtime="20210219 19:25:41.770"></status>
</kw>
<status status="PASS" starttime="20210219 19:25:41.409" endtime="20210219 19:25:41.770"></status>
</kw>
<kw name="Input Address">
<arguments>
<arg>0</arg>
<arg>${values}</arg>
<arg>//*[@id="v-Z7_01HA1A42KODT90AR30VLN22003"]/div/div[2]/div/div[2]/div/div/div/div[1]/div/div/div/div[2]/div/div/div[2]/div/div/div/div/div[2]/div/div/div/div[3]/div/div/div/div[1]/div/div/div/div[1]/div/div/div/div[1]/div/div/div/div[1]/div[1]/div/input</arg>
</arguments>
<kw name="Wait And Input">
<arguments>
<arg>${locator}</arg>
<arg>${values}[${i}]</arg>
</arguments>
<kw name="Wait Until Element Is Enabled" library="SeleniumLibrary">
<doc>Waits until the element ``locator`` is enabled.</doc>
<arguments>
<arg>${locator}</arg>
<arg>${timeout}</arg>
</arguments>
<status status="PASS" starttime="20210219 19:25:41.774" endtime="20210219 19:25:42.252"></status>
</kw>
<kw name="Input Text" library="SeleniumLibrary">
<doc>Types the given ``text`` into the text field identified by ``locator``.</doc>
<arguments>
<arg>${locator}</arg>
<arg>${text}</arg>
</arguments>
<msg timestamp="20210219 19:25:42.253" level="INFO">Typing text 'Московская область' into text field '//*[@id="v-Z7_01HA1A42KODT90AR30VLN22003"]/div/div[2]/div/div[2]/div/div/div/div[1]/div/div/div/div[2]/div/div/div[2]/div/div/div/div/div[2]/div/div/div/div[3]/div/div/div/div[1]/div/div/div/div[1]/div/div/div/div[1]/div/div/div/div[1]/div[1]/div/input'.</msg>
<status status="PASS" starttime="20210219 19:25:42.252" endtime="20210219 19:25:42.458"></status>
</kw>
<status status="PASS" starttime="20210219 19:25:41.772" endtime="20210219 19:25:42.459"></status>
</kw>
<kw name="Wait Until Element Is Enabled" library="SeleniumLibrary">
<doc>Waits until the element ``locator`` is enabled.</doc>
<arguments>
<arg>//*[@id="VAADIN_COMBOBOX_OPTIONLIST"]/div/div[2]/table/tbody/tr/td/span</arg>
<arg>15s</arg>
</arguments>
<status status="PASS" starttime="20210219 19:25:42.459" endtime="20210219 19:25:43.142"></status>
</kw>
<kw name="Wait Until Element Contains" library="SeleniumLibrary">
<doc>Waits until the element ``locator`` contains ``text``.</doc>
<arguments>
<arg>//*[@id="VAADIN_COMBOBOX_OPTIONLIST"]/div/div[2]/table/tbody/tr/td/span</arg>
<arg>${values}[${i}]</arg>
<arg>15s</arg>
</arguments>
<status status="PASS" starttime="20210219 19:25:43.142" endtime="20210219 19:25:43.168"></status>
</kw>
<kw name="Wait And Click">
<arguments>
<arg>//*[@id="VAADIN_COMBOBOX_OPTIONLIST"]/div/div[2]/table/tbody/tr/td/span</arg>
</arguments>
<kw name="Wait Until Element Is Enabled" library="SeleniumLibrary">
<doc>Waits until the element ``locator`` is enabled.</doc>
<arguments>
<arg>${locator}</arg>
<arg>${timeout}</arg>
</arguments>
<status status="PASS" starttime="20210219 19:25:43.169" endtime="20210219 19:25:43.193"></status>
</kw>
<kw name="Click Element" library="SeleniumLibrary">
<doc>Click the element identified by ``locator``.</doc>
<arguments>
<arg>${locator}</arg>
</arguments>
<msg timestamp="20210219 19:25:43.194" level="INFO">Clicking element '//*[@id="VAADIN_COMBOBOX_OPTIONLIST"]/div/div[2]/table/tbody/tr/td/span'.</msg>
<status status="PASS" starttime="20210219 19:25:43.193" endtime="20210219 19:25:43.274"></status>
</kw>
<status status="PASS" starttime="20210219 19:25:43.168" endtime="20210219 19:25:43.275"></status>
</kw>
<status status="PASS" starttime="20210219 19:25:41.770" endtime="20210219 19:25:43.275"></status>
</kw>
<kw name="Input Address">
<arguments>
<arg>1</arg>
<arg>${values}</arg>
<arg>//*[@id="v-Z7_01HA1A42KODT90AR30VLN22003"]/div/div[2]/div/div[2]/div/div/div/div[1]/div/div/div/div[2]/div/div/div[2]/div/div/div/div/div[2]/div/div/div/div[3]/div/div/div/div[1]/div/div/div/div[2]/div/div/div/div[1]/div/div/div/div[1]/div/div/input</arg>
</arguments>
<kw name="Wait And Input">
<arguments>
<arg>${locator}</arg>
<arg>${values}[${i}]</arg>
</arguments>
<kw name="Wait Until Element Is Enabled" library="SeleniumLibrary">
<doc>Waits until the element ``locator`` is enabled.</doc>
<arguments>
<arg>${locator}</arg>
<arg>${timeout}</arg>
</arguments>
<status status="PASS" starttime="20210219 19:25:43.277" endtime="20210219 19:25:43.772"></status>
</kw>
<kw name="Input Text" library="SeleniumLibrary">
<doc>Types the given ``text`` into the text field identified by ``locator``.</doc>
<arguments>
<arg>${locator}</arg>
<arg>${text}</arg>
</arguments>
<msg timestamp="20210219 19:25:43.772" level="INFO">Typing text 'Балашихинский' into text field '//*[@id="v-Z7_01HA1A42KODT90AR30VLN22003"]/div/div[2]/div/div[2]/div/div/div/div[1]/div/div/div/div[2]/div/div/div[2]/div/div/div/div/div[2]/div/div/div/div[3]/div/div/div/div[1]/div/div/div/div[2]/div/div/div/div[1]/div/div/div/div[1]/div/div/input'.</msg>
<status status="PASS" starttime="20210219 19:25:43.772" endtime="20210219 19:25:43.966"></status>
</kw>
<status status="PASS" starttime="20210219 19:25:43.276" endtime="20210219 19:25:43.967"></status>
</kw>
<kw name="Wait Until Element Is Enabled" library="SeleniumLibrary">
<doc>Waits until the element ``locator`` is enabled.</doc>
<arguments>
<arg>//*[@id="VAADIN_COMBOBOX_OPTIONLIST"]/div/div[2]/table/tbody/tr/td/span</arg>
<arg>15s</arg>
</arguments>
<status status="PASS" starttime="20210219 19:25:43.967" endtime="20210219 19:25:44.425"></status>
</kw>
<kw name="Wait Until Element Contains" library="SeleniumLibrary">
<doc>Waits until the element ``locator`` contains ``text``.</doc>
<arguments>
<arg>//*[@id="VAADIN_COMBOBOX_OPTIONLIST"]/div/div[2]/table/tbody/tr/td/span</arg>
<arg>${values}[${i}]</arg>
<arg>15s</arg>
</arguments>
<status status="PASS" starttime="20210219 19:25:44.425" endtime="20210219 19:25:44.452"></status>
</kw>
<kw name="Wait And Click">
<arguments>
<arg>//*[@id="VAADIN_COMBOBOX_OPTIONLIST"]/div/div[2]/table/tbody/tr/td/span</arg>
</arguments>
<kw name="Wait Until Element Is Enabled" library="SeleniumLibrary">
<doc>Waits until the element ``locator`` is enabled.</doc>
<arguments>
<arg>${locator}</arg>
<arg>${timeout}</arg>
</arguments>
<status status="PASS" starttime="20210219 19:25:44.453" endtime="20210219 19:25:44.478"></status>
</kw>
<kw name="Click Element" library="SeleniumLibrary">
<doc>Click the element identified by ``locator``.</doc>
<arguments>
<arg>${locator}</arg>
</arguments>
<msg timestamp="20210219 19:25:44.479" level="INFO">Clicking element '//*[@id="VAADIN_COMBOBOX_OPTIONLIST"]/div/div[2]/table/tbody/tr/td/span'.</msg>
<status status="PASS" starttime="20210219 19:25:44.479" endtime="20210219 19:25:44.554"></status>
</kw>
<status status="PASS" starttime="20210219 19:25:44.453" endtime="20210219 19:25:44.554"></status>
</kw>
<status status="PASS" starttime="20210219 19:25:43.275" endtime="20210219 19:25:44.555"></status>
</kw>
<kw name="Input Address">
<arguments>
<arg>2</arg>
<arg>${values}</arg>
<arg>//*[@id="v-Z7_01HA1A42KODT90AR30VLN22003"]/div/div[2]/div/div[2]/div/div/div/div[1]/div/div/div/div[2]/div/div/div[2]/div/div/div/div/div[2]/div/div/div/div[3]/div/div/div/div[1]/div/div/div/div[3]/div/div/div/div[1]/div/div/div/div[1]/div/div/input</arg>
</arguments>
<kw name="Wait And Input">
<arguments>
<arg>${locator}</arg>
<arg>${values}[${i}]</arg>
</arguments>
<kw name="Wait Until Element Is Enabled" library="SeleniumLibrary">
<doc>Waits until the element ``locator`` is enabled.</doc>
<arguments>
<arg>${locator}</arg>
<arg>${timeout}</arg>
</arguments>
<status status="PASS" starttime="20210219 19:25:44.557" endtime="20210219 19:25:44.615"></status>
</kw>
<kw name="Input Text" library="SeleniumLibrary">
<doc>Types the given ``text`` into the text field identified by ``locator``.</doc>
<arguments>
<arg>${locator}</arg>
<arg>${text}</arg>
</arguments>
<msg timestamp="20210219 19:25:44.615" level="INFO">Typing text 'г. Балашиха' into text field '//*[@id="v-Z7_01HA1A42KODT90AR30VLN22003"]/div/div[2]/div/div[2]/div/div/div/div[1]/div/div/div/div[2]/div/div/div[2]/div/div/div/div/div[2]/div/div/div/div[3]/div/div/div/div[1]/div/div/div/div[3]/div/div/div/div[1]/div/div/div/div[1]/div/div/input'.</msg>
<status status="PASS" starttime="20210219 19:25:44.615" endtime="20210219 19:25:44.798"></status>
</kw>
<status status="PASS" starttime="20210219 19:25:44.556" endtime="20210219 19:25:44.799"></status>
</kw>
<kw name="Wait Until Element Is Enabled" library="SeleniumLibrary">
<doc>Waits until the element ``locator`` is enabled.</doc>
<arguments>
<arg>//*[@id="VAADIN_COMBOBOX_OPTIONLIST"]/div/div[2]/table/tbody/tr/td/span</arg>
<arg>15s</arg>
</arguments>
<status status="PASS" starttime="20210219 19:25:44.799" endtime="20210219 19:25:45.266"></status>
</kw>
<kw name="Wait Until Element Contains" library="SeleniumLibrary">
<doc>Waits until the element ``locator`` contains ``text``.</doc>
<arguments>
<arg>//*[@id="VAADIN_COMBOBOX_OPTIONLIST"]/div/div[2]/table/tbody/tr/td/span</arg>
<arg>${values}[${i}]</arg>
<arg>15s</arg>
</arguments>
<status status="PASS" starttime="20210219 19:25:45.266" endtime="20210219 19:25:45.296"></status>
</kw>
<kw name="Wait And Click">
<arguments>
<arg>//*[@id="VAADIN_COMBOBOX_OPTIONLIST"]/div/div[2]/table/tbody/tr/td/span</arg>
</arguments>
<kw name="Wait Until Element Is Enabled" library="SeleniumLibrary">
<doc>Waits until the element ``locator`` is enabled.</doc>
<arguments>
<arg>${locator}</arg>
<arg>${timeout}</arg>
</arguments>
<status status="PASS" starttime="20210219 19:25:45.298" endtime="20210219 19:25:45.328"></status>
</kw>
<kw name="Click Element" library="SeleniumLibrary">
<doc>Click the element identified by ``locator``.</doc>
<arguments>
<arg>${locator}</arg>
</arguments>
<msg timestamp="20210219 19:25:45.328" level="INFO">Clicking element '//*[@id="VAADIN_COMBOBOX_OPTIONLIST"]/div/div[2]/table/tbody/tr/td/span'.</msg>
<status status="PASS" starttime="20210219 19:25:45.328" endtime="20210219 19:25:45.400"></status>
</kw>
<status status="PASS" starttime="20210219 19:25:45.296" endtime="20210219 19:25:45.401"></status>
</kw>
<status status="PASS" starttime="20210219 19:25:44.555" endtime="20210219 19:25:45.401"></status>
</kw>
<kw name="Input Address">
<arguments>
<arg>3</arg>
<arg>${values}</arg>
<arg>//*[@id="v-Z7_01HA1A42KODT90AR30VLN22003"]/div/div[2]/div/div[2]/div/div/div/div[1]/div/div/div/div[2]/div/div/div[2]/div/div/div/div/div[2]/div/div/div/div[3]/div/div/div/div[3]/div/div/div/div[1]/div/div/div/div[1]/div/div/div/div[1]/div/div/input</arg>
</arguments>
<kw name="Wait And Input">
<arguments>
<arg>${locator}</arg>
<arg>${values}[${i}]</arg>
</arguments>
<kw name="Wait Until Element Is Enabled" library="SeleniumLibrary">
<doc>Waits until the element ``locator`` is enabled.</doc>
<arguments>
<arg>${locator}</arg>
<arg>${timeout}</arg>
</arguments>
<status status="PASS" starttime="20210219 19:25:45.404" endtime="20210219 19:25:45.451"></status>
</kw>
<kw name="Input Text" library="SeleniumLibrary">
<doc>Types the given ``text`` into the text field identified by ``locator``.</doc>
<arguments>
<arg>${locator}</arg>
<arg>${text}</arg>
</arguments>
<msg timestamp="20210219 19:25:45.452" level="INFO">Typing text 'Улица' into text field '//*[@id="v-Z7_01HA1A42KODT90AR30VLN22003"]/div/div[2]/div/div[2]/div/div/div/div[1]/div/div/div/div[2]/div/div/div[2]/div/div/div/div/div[2]/div/div/div/div[3]/div/div/div/div[3]/div/div/div/div[1]/div/div/div/div[1]/div/div/div/div[1]/div/div/input'.</msg>
<status status="PASS" starttime="20210219 19:25:45.452" endtime="20210219 19:25:45.638"></status>
</kw>
<status status="PASS" starttime="20210219 19:25:45.403" endtime="20210219 19:25:45.638"></status>
</kw>
<kw name="Wait Until Element Is Enabled" library="SeleniumLibrary">
<doc>Waits until the element ``locator`` is enabled.</doc>
<arguments>
<arg>//*[@id="VAADIN_COMBOBOX_OPTIONLIST"]/div/div[2]/table/tbody/tr/td/span</arg>
<arg>15s</arg>
</arguments>
<status status="PASS" starttime="20210219 19:25:45.638" endtime="20210219 19:25:45.887"></status>
</kw>
<kw name="Wait Until Element Contains" library="SeleniumLibrary">
<doc>Waits until the element ``locator`` contains ``text``.</doc>
<arguments>
<arg>//*[@id="VAADIN_COMBOBOX_OPTIONLIST"]/div/div[2]/table/tbody/tr/td/span</arg>
<arg>${values}[${i}]</arg>
<arg>15s</arg>
</arguments>
<status status="PASS" starttime="20210219 19:25:45.887" endtime="20210219 19:25:45.915"></status>
</kw>
<kw name="Wait And Click">
<arguments>
<arg>//*[@id="VAADIN_COMBOBOX_OPTIONLIST"]/div/div[2]/table/tbody/tr/td/span</arg>
</arguments>
<kw name="Wait Until Element Is Enabled" library="SeleniumLibrary">
<doc>Waits until the element ``locator`` is enabled.</doc>
<arguments>
<arg>${locator}</arg>
<arg>${timeout}</arg>
</arguments>
<status status="PASS" starttime="20210219 19:25:45.917" endtime="20210219 19:25:45.941"></status>
</kw>
<kw name="Click Element" library="SeleniumLibrary">
<doc>Click the element identified by ``locator``.</doc>
<arguments>
<arg>${locator}</arg>
</arguments>
<msg timestamp="20210219 19:25:45.941" level="INFO">Clicking element '//*[@id="VAADIN_COMBOBOX_OPTIONLIST"]/div/div[2]/table/tbody/tr/td/span'.</msg>
<status status="PASS" starttime="20210219 19:25:45.941" endtime="20210219 19:25:46.014"></status>
</kw>
<status status="PASS" starttime="20210219 19:25:45.916" endtime="20210219 19:25:46.014"></status>
</kw>
<status status="PASS" starttime="20210219 19:25:45.402" endtime="20210219 19:25:46.015"></status>
</kw>
<kw name="Wait And Input">
<arguments>
<arg>//*[@id="v-Z7_01HA1A42KODT90AR30VLN22003"]/div/div[2]/div/div[2]/div/div/div/div[1]/div/div/div/div[2]/div/div/div[2]/div/div/div/div/div[2]/div/div/div/div[3]/div/div/div/div[3]/div/div/div/div[2]/div/div/div/div[1]/div/div/div/div[1]/div/input</arg>
<arg>${values}[4]</arg>
</arguments>
<kw name="Wait Until Element Is Enabled" library="SeleniumLibrary">
<doc>Waits until the element ``locator`` is enabled.</doc>
<arguments>
<arg>${locator}</arg>
<arg>${timeout}</arg>
</arguments>
<status status="PASS" starttime="20210219 19:25:46.016" endtime="20210219 19:25:46.082"></status>
</kw>
<kw name="Input Text" library="SeleniumLibrary">
<doc>Types the given ``text`` into the text field identified by ``locator``.</doc>
<arguments>
<arg>${locator}</arg>
<arg>${text}</arg>
</arguments>
<msg timestamp="20210219 19:25:46.082" level="INFO">Typing text 'Свердлова' into text field '//*[@id="v-Z7_01HA1A42KODT90AR30VLN22003"]/div/div[2]/div/div[2]/div/div/div/div[1]/div/div/div/div[2]/div/div/div[2]/div/div/div/div/div[2]/div/div/div/div[3]/div/div/div/div[3]/div/div/div/div[2]/div/div/div/div[1]/div/div/div/div[1]/div/input'.</msg>
<status status="PASS" starttime="20210219 19:25:46.082" endtime="20210219 19:25:46.271"></status>
</kw>
<status status="PASS" starttime="20210219 19:25:46.015" endtime="20210219 19:25:46.271"></status>
</kw>
<kw name="Wait And Input">
<arguments>
<arg>//*[@id="v-Z7_01HA1A42KODT90AR30VLN22003"]/div/div[2]/div/div[2]/div/div/div/div[1]/div/div/div/div[2]/div/div/div[2]/div/div/div/div/div[2]/div/div/div/div[3]/div/div/div/div[4]/div/div/div/div[2]/div/div/div/div[2]/div/div/div/div[1]/div/div/div/div[1]/div/input</arg>
<arg>${values}[5]</arg>
</arguments>
<kw name="Wait Until Element Is Enabled" library="SeleniumLibrary">
<doc>Waits until the element ``locator`` is enabled.</doc>
<arguments>
<arg>${locator}</arg>
<arg>${timeout}</arg>
</arguments>
<status status="PASS" starttime="20210219 19:25:46.272" endtime="20210219 19:25:46.320"></status>
</kw>
<kw name="Input Text" library="SeleniumLibrary">
<doc>Types the given ``text`` into the text field identified by ``locator``.</doc>
<arguments>
<arg>${locator}</arg>
<arg>${text}</arg>
</arguments>
<msg timestamp="20210219 19:25:46.320" level="INFO">Typing text '54' into text field '//*[@id="v-Z7_01HA1A42KODT90AR30VLN22003"]/div/div[2]/div/div[2]/div/div/div/div[1]/div/div/div/div[2]/div/div/div[2]/div/div/div/div/div[2]/div/div/div/div[3]/div/div/div/div[4]/div/div/div/div[2]/div/div/div/div[2]/div/div/div/div[1]/div/div/div/div[1]/div/input'.</msg>
<status status="PASS" starttime="20210219 19:25:46.320" endtime="20210219 19:25:46.480"></status>
</kw>
<status status="PASS" starttime="20210219 19:25:46.271" endtime="20210219 19:25:46.480"></status>
</kw>
<kw name="Click Element" library="SeleniumLibrary">
<doc>Click the element identified by ``locator``.</doc>
<arguments>
<arg>//*[@id="v-Z7_01HA1A42KODT90AR30VLN22003"]/div/div[2]/div/div[2]/div/div/div/div[1]/div/div/div/div[3]/div/div/div/div[1]/div/div/div/div[1]/div/div</arg>
</arguments>
<msg timestamp="20210219 19:25:46.480" level="INFO">Clicking element '//*[@id="v-Z7_01HA1A42KODT90AR30VLN22003"]/div/div[2]/div/div[2]/div/div/div/div[1]/div/div/div/div[3]/div/div/div/div[1]/div/div/div/div[1]/div/div'.</msg>
<status status="PASS" starttime="20210219 19:25:46.480" endtime="20210219 19:25:46.580"></status>
</kw>
<kw name="Wait And Click">
<arguments>
<arg>//*[@id="v-Z7_01HA1A42KODT90AR30VLN22003"]/div/div[2]/div/div[2]/div/div/div/div[1]/div/div/div/div[5]/div/div/div[2]/div[1]/table/tbody/tr</arg>
</arguments>
<kw name="Wait Until Element Is Enabled" library="SeleniumLibrary">
<doc>Waits until the element ``locator`` is enabled.</doc>
<arguments>
<arg>${locator}</arg>
<arg>${timeout}</arg>
</arguments>
<kw name="Capture Page Screenshot" library="SeleniumLibrary">
<doc>Takes a screenshot of the current page and embeds it into a log file.</doc>
<msg timestamp="20210219 19:26:02.234" level="INFO" html="yes">&lt;/td&gt;&lt;/tr&gt;&lt;tr&gt;&lt;td colspan="3"&gt;&lt;a href="selenium-screenshot-18.png"&gt;&lt;img src="selenium-screenshot-18.png" width="800px"&gt;&lt;/a&gt;</msg>
<status status="PASS" starttime="20210219 19:26:01.765" endtime="20210219 19:26:02.235"></status>
</kw>
<msg timestamp="20210219 19:26:02.236" level="FAIL">Element with locator '//*[@id="v-Z7_01HA1A42KODT90AR30VLN22003"]/div/div[2]/div/div[2]/div/div/div/div[1]/div/div/div/div[5]/div/div/div[2]/div[1]/table/tbody/tr' not found.</msg>
<status status="FAIL" starttime="20210219 19:25:46.581" endtime="20210219 19:26:02.236"></status>
</kw>
<status status="FAIL" starttime="20210219 19:25:46.580" endtime="20210219 19:26:02.236"></status>
</kw>
<status status="FAIL" starttime="20210219 19:25:41.408" endtime="20210219 19:26:02.237"></status>
</kw>
<status status="FAIL" starttime="20210219 19:25:41.407" endtime="20210219 19:26:02.237"></status>
</kw>
<status status="FAIL" starttime="20210219 19:25:41.407" endtime="20210219 19:26:02.237"></status>
</kw>
<status status="FAIL" starttime="20210219 19:25:37.370" endtime="20210219 19:26:02.237" critical="yes">Element with locator '//*[@id="v-Z7_01HA1A42KODT90AR30VLN22003"]/div/div[2]/div/div[2]/div/div/div/div[1]/div/div/div/div[5]/div/div/div[2]/div[1]/table/tbody/tr' not found.</status>
</test>
<status status="FAIL" starttime="20210219 19:25:37.015" endtime="20210219 19:26:02.240"></status>
</suite>
<statistics>
<total>
<stat pass="0" fail="1">Critical Tests</stat>
<stat pass="0" fail="1">All Tests</stat>
</total>
<tag>
</tag>
<suite>
<stat pass="0" fail="1" id="s1" name="Test">Test</stat>
</suite>
</statistics>
<errors>
</errors>
</robot>
